20 88 48 16 13 75 40 60 56 57 8 36 85 24 14 50 40 99 5 38 43 35 50 25 92 98 21 70 56 31 47 63 29 32 28 52 63 87 74 47 54 59 24 17 2 66 70 26 57 82 33 45 42 58 65 12 10 55 24 65 48 100 24 96 90 41 38 27 59 18 73 44 51 22 85 90 26 79 94 90 41 1 74 31 71 82 96 28 31 32 44 35 73 76 31 63 21 2 47 9 
26 13 73 64 37 22 16 83 0 76 87 65 34 72 63 68 59 7 63 4 26 93 30 36 7 29 81 22 96 75 41 16 8 11 63 49 0 56 91 88 84 49 61 53 70 100 18 51 14 72 28 71 34 90 33 32 38 34 8 74 41 64 94 51 96 85 84 27 23 82 26 18 86 6 70 78 16 37 49 57 36 7 42 37 100 8 5 84 49 77 1 24 24 96 86 6 56 38 96 26 
73 42 71 18 25 91 14 14 11 3 43 84 16 79 14 2 51 87 31 45 53 14 57 53 64 23 90 4 29 37 35 88 38 74 10 13 48 59 27 85 8 90 99 26 40 70 20 86 12 9 37 11 29 73 96 62 35 47 94 14 95 20 62 61 18 50 60 100 10 68 37 61 98 22 50 31 60 27 34 0 77 31 63 77 68 48 78 64 41 74 5 97 23 93 30 54 88 67 39 7 
52 37 18 40 30 86 9 73 84 14 75 42 8 37 0 14 55 54 40 94 55 85 47 26 58 12 86 13 50 29 53 64 85 80 92 84 68 63 78 77 8 50 67 20 26 69 21 4 61 51 88 100 25 33 53 77 68 74 2 63 46 80 39 43 55 84 82 37 73 89 43 71 17 9 55 3 68 78 87 91 31 13 90 72 66 54 57 10 89 61 53 30 13 31 70 55 47 99 7 14 
92 49 12 90 86 39 45 97 6 4 62 4 13 2 47 11 32 97 40 99 33 6 100 19 8 75 42 73 15 5 93 50 35 45 53 87 77 0 38 3 78 70 83 82 2 75 10 36 8 84 44 87 81 68 51 19 33 34 31 15 94 79 5 96 52 82 28 81 1 31 54 20 86 45 13 24 100 52 71 49 18 71 100 44 46 36 7 22 12 5 91 51 7 95 66 80 8 21 28 14 
62 86 26 9 11 83 85 84 17 73 36 64 51 76 96 4 67 35 88 73 26 70 21 22 89 98 1 81 30 57 94 67 11 32 64 18 69 1 24 97 42 23 68 2 38 54 19 60 13 61 74 37 18 85 6 31 48 92 36 42 24 29 96 31 54 18 75 96 50 61 88 40 57 6 4 79 71 34 65 38 37 91 74 42 99 94 33 34 39 80 72 27 26 43 93 27 1 27 40 44 
51 79 7 24 44 74 82 87 15 71 96 17 81 23 36 37 88 91 31 57 66 78 62 71 40 7 12 19 89 36 9 46 48 51 72 46 98 25 5 3 77 53 1 74 45 94 8 62 7 26 97 7 27 28 51 56 56 75 55 20 46 28 84 54 7 5 65 80 50 30 0 66 84 72 74 8 0 96 45 98 22 43 89 23 97 55 32 5 48 23 7 10 5 74 99 61 49 86 85 78 
79 7 87 72 62 34 67 70 76 39 67 32 44 53 18 31 57 20 22 74 24 86 36 47 52 40 25 20 57 35 97 61 95 30 41 51 53 47 54 1 50 77 41 27 35 5 80 50 77 5 72 10 10 7 22 73 52 27 97 56 98 75 93 48 71 78 59 79 41 44 79 80 93 48 5 15 98 33 73 84 7 14 30 18 52 60 71 3 56 18 4 64 68 81 46 8 37 17 76 0 
1 42 12 45 61 19 14 7 90 84 41 4 31 99 54 24 57 31 55 30 14 19 90 48 94 75 77 83 55 59 51 78 61 68 28 31 88 75 26 93 90 98 19 5 26 17 73 63 67 19 56 72 88 28 61 37 51 4 16 20 60 40 20 14 3 50 95 1 43 23 6 85 7 97 37 88 54 82 18 60 66 69 67 58 62 13 39 14 78 38 14 56 68 51 54 2 27 98 30 89 
84 72 94 68 77 98 45 8 96 40 54 57 10 19 73 23 76 76 39 85 84 98 57 67 20 99 26 2 60 70 96 55 21 35 52 97 80 13 62 44 3 54 53 75 9 25 60 11 78 100 96 99 31 71 89 29 15 69 20 51 17 36 27 48 56 98 9 50 53 62 23 100 45 12 34 85 39 63 85 97 72 21 69 47 79 26 63 87 51 56 13 42 78 42 38 11 47 99 14 79 
71 95 56 36 5 33 7 43 33 31 30 49 45 2 85 22 23 1 61 83 78 9 27 0 97 5 49 76 86 40 56 59 30 73 77 61 99 30 70 78 27 54 95 13 49 28 84 88 28 27 91 72 16 17 91 89 43 51 21 31 52 97 21 1 3 97 81 65 16 55 21 22 69 40 76 74 21 98 71 47 36 45 48 52 47 63 76 63 68 37 10 81 86 6 54 60 54 0 57 58 
82 25 80 79 100 52 42 8 18 73 14 61 29 5 4 49 82 54 23 8 71 0 55 5 13 88 23 71 1 66 23 30 98 10 13 32 41 20 65 52 60 66 4 81 48 87 61 19 35 57 48 51 50 66 62 42 87 51 38 71 30 75 30 63 90 34 64 15 69 68 56 45 88 40 57 91 32 30 98 56 66 78 3 25 38 10 83 54 49 18 86 66 4 2 65 44 3 26 58 19 
19 23 78 49 16 24 100 53 49 96 27 2 91 36 51 36 79 97 44 35 52 12 60 31 23 4 85 44 98 13 71 30 66 9 11 39 75 59 81 63 93 61 95 45 100 97 16 18 84 90 24 15 0 61 60 29 41 16 56 100 79 82 98 23 14 100 49 10 34 79 6 74 2 44 44 96 39 53 44 13 29 81 72 93 79 65 74 9 5 97 57 67 6 74 24 23 53 38 59 97 
78 5 85 94 93 38 74 6 95 31 15 75 43 10 16 98 55 77 10 21 46 9 64 32 24 98 91 64 34 52 25 77 8 11 98 59 38 98 34 10 48 92 0 50 66 21 5 13 63 2 72 12 37 14 1 25 54 47 97 7 35 11 40 0 15 62 7 13 8 64 1 40 53 56 49 21 87 22 34 14 20 81 73 69 50 56 66 40 8 7 52 8 88 90 59 50 32 16 41 52 
33 31 43 100 96 75 48 33 83 93 72 14 83 19 19 14 66 31 93 86 55 60 53 4 0 66 63 76 95 54 92 74 20 50 70 32 61 40 52 43 94 49 90 37 100 82 71 89 1 12 72 29 74 11 84 38 62 24 29 40 9 97 20 72 65 38 18 29 4 76 80 11 44 76 55 21 75 82 39 100 71 53 4 23 56 87 48 51 86 41 32 24 97 30 90 71 76 62 51 22 
34 44 44 26 7 29 38 60 99 73 8 88 76 0 54 36 0 47 5 37 82 74 35 18 6 5 46 1 91 67 29 91 30 29 70 19 78 63 87 5 46 41 38 70 49 64 93 40 49 73 3 75 1 37 80 44 98 41 91 95 51 32 40 32 94 62 93 59 78 0 33 35 77 45 59 9 35 88 47 65 32 47 90 16 55 39 92 2 96 15 17 15 15 26 81 86 2 0 25 14 
27 69 67 72 30 81 34 6 93 90 12 14 58 41 75 58 41 32 85 25 49 74 31 22 9 99 1 70 88 45 26 38 74 34 75 48 14 96 81 69 83 92 95 98 42 7 45 25 12 91 10 59 39 50 11 66 26 42 30 41 90 30 71 74 26 61 88 56 47 61 87 79 17 87 16 9 65 20 21 47 73 50 79 29 38 34 79 39 69 28 36 91 92 79 94 47 64 83 35 62 
79 24 68 84 82 66 97 46 55 59 97 78 49 48 39 47 86 45 41 61 59 18 90 69 10 49 23 81 17 53 26 51 89 62 67 25 33 13 18 71 65 52 55 48 15 35 4 27 41 29 27 51 45 83 26 57 50 34 83 61 94 23 98 91 25 36 80 85 1 93 62 11 17 95 20 23 69 7 95 22 5 37 92 56 55 32 14 38 72 42 57 30 63 88 67 52 68 9 65 44 
25 16 55 66 63 63 97 0 23 32 39 68 9 26 78 41 40 40 21 15 68 88 28 74 54 56 25 36 80 47 24 12 67 42 26 43 96 87 13 74 52 63 52 83 76 10 78 47 61 90 85 48 23 51 25 100 40 47 58 93 89 18 32 11 79 98 47 26 95 96 69 56 74 75 48 53 86 40 62 79 31 46 86 76 31 98 16 44 85 96 6 4 41 34 34 1 4 95 39 49 
72 54 33 30 63 37 77 89 19 93 12 20 70 5 16 30 85 17 14 9 94 75 17 100 90 13 62 40 13 76 25 60 59 70 46 14 68 100 36 82 55 80 42 69 17 40 90 81 39 70 81 88 51 15 63 67 14 60 62 14 26 46 92 37 93 86 68 16 12 13 94 96 58 4 93 64 51 77 39 93 19 34 2 31 18 100 87 13 98 70 86 27 37 79 60 91 42 82 2 7 
30 68 4 79 65 32 53 84 95 73 42 75 22 0 31 35 50 53 82 51 15 88 7 89 41 48 0 3 76 97 41 67 16 35 44 28 43 43 86 52 90 37 58 47 77 25 16 39 81 49 73 27 13 43 69 36 3 89 6 78 14 55 60 22 90 64 27 92 58 89 84 35 25 67 27 47 88 98 98 25 84 46 46 24 98 38 23 69 32 19 58 72 15 23 33 89 5 19 87 10 
95 71 1 49 50 17 45 31 69 32 63 30 7 12 36 55 17 25 9 28 2 31 78 12 17 39 8 74 58 87 78 35 49 56 21 98 2 95 22 68 78 84 7 90 77 86 95 1 87 17 70 55 12 94 99 100 0 71 71 58 80 8 33 12 21 26 32 6 71 81 19 63 90 44 32 24 15 16 2 89 80 80 97 51 80 84 92 17 50 9 89 26 11 51 47 46 24 50 39 36 
97 49 75 86 65 48 42 39 59 36 6 61 77 90 4 76 57 38 23 100 9 71 47 11 43 38 85 13 57 95 77 45 41 17 93 27 6 90 7 97 55 8 12 3 1 67 40 58 14 42 97 74 77 2 48 12 27 13 70 4 39 26 41 42 74 46 37 77 73 9 29 39 11 42 16 8 79 31 83 48 27 29 29 43 58 67 75 96 39 60 88 90 61 46 12 46 71 24 63 99 
99 1 94 53 50 85 56 54 70 98 29 49 3 77 37 62 1 48 68 47 3 73 95 82 44 75 80 66 24 50 3 68 39 99 32 9 84 41 29 57 85 79 80 34 53 63 18 98 19 87 81 82 34 57 30 98 11 8 30 93 33 8 5 56 6 69 26 1 49 9 44 31 68 46 58 46 84 86 80 50 9 90 62 99 74 67 53 8 3 77 21 47 3 73 35 40 60 50 56 35 
100 88 69 10 57 72 44 4 55 72 72 54 6 13 41 10 86 100 19 17 8 97 92 63 64 66 6 30 18 49 97 18 44 16 16 45 20 76 46 83 81 30 14 18 10 76 14 53 12 37 24 74 44 96 32 4 68 31 85 41 89 60 88 63 10 26 47 85 97 44 94 76 54 1 76 16 51 44 82 7 33 27 51 16 30 63 23 33 90 36 65 24 2 38 76 78 43 73 25 61 
88 83 48 32 95 26 56 70 4 67 32 82 23 99 40 46 36 94 26 34 5 72 75 92 77 84 62 72 78 9 82 69 20 93 97 57 49 15 42 39 8 23 89 90 62 72 37 70 51 50 56 48 85 96 64 53 20 81 62 35 32 88 78 72 89 49 55 4 34 39 94 34 28 93 14 75 80 54 70 86 87 61 35 59 58 40 95 94 11 98 28 51 18 74 87 76 50 23 4 23 
67 100 19 51 41 16 14 29 73 43 63 43 82 69 3 42 57 70 73 51 90 22 16 76 42 85 10 30 71 58 76 69 89 100 5 27 82 57 29 73 83 69 82 45 94 51 8 45 45 98 19 36 69 72 10 33 11 2 33 56 70 10 14 98 99 95 67 3 66 7 24 93 45 85 41 98 25 47 82 29 75 88 5 44 67 74 27 65 90 21 74 52 21 79 65 63 3 6 45 36 
20 80 98 76 13 67 48 22 14 88 30 48 43 10 16 46 89 46 15 88 70 83 91 27 96 37 71 87 66 90 31 3 87 31 14 28 60 14 83 59 83 35 59 42 21 0 58 72 86 75 16 64 88 25 39 20 70 37 84 63 53 72 78 77 5 42 23 12 49 13 37 60 17 17 57 20 54 71 66 22 73 20 44 42 50 56 78 80 20 30 12 49 53 72 46 79 37 29 92 23 
20 97 10 12 51 65 48 13 90 80 77 47 56 40 77 0 95 43 6 66 34 71 79 47 64 60 3 26 100 3 19 59 20 100 22 11 83 50 27 84 64 63 95 4 67 25 52 11 45 50 46 60 54 72 37 4 49 88 94 92 27 45 16 82 52 1 32 92 44 57 17 88 67 49 64 46 73 92 2 69 0 84 11 19 56 89 12 0 34 89 4 79 30 60 50 10 60 2 94 76 
52 43 1 7 98 99 69 89 59 14 66 38 95 20 63 97 92 70 56 82 81 91 31 31 95 44 34 45 69 100 84 64 3 37 98 51 6 5 8 41 80 25 81 53 22 29 73 9 76 71 86 91 38 35 38 72 69 40 65 91 0 13 77 50 16 82 93 52 34 47 24 9 26 34 37 19 2 32 25 28 72 95 79 53 46 21 62 47 7 76 1 70 59 86 54 62 38 34 14 46 
69 88 57 56 55 61 28 13 78 70 27 97 6 97 63 19 70 70 18 26 96 91 71 59 47 42 92 70 76 40 62 7 1 54 86 76 78 7 15 44 72 10 12 77 48 84 60 7 100 98 58 84 36 94 14 13 86 26 84 21 38 21 10 19 78 19 41 5 97 98 86 34 70 94 38 67 70 25 11 8 73 91 77 73 51 16 73 27 28 65 27 59 2 34 14 89 54 62 41 43 
53 99 16 67 78 100 87 86 7 7 49 35 25 60 87 42 59 22 70 68 86 12 79 51 16 93 23 23 13 26 88 42 49 10 0 16 22 86 41 85 60 5 53 57 77 57 88 2 59 80 97 10 72 72 83 75 87 88 79 70 53 24 38 36 47 69 12 40 12 43 47 76 21 31 67 8 46 13 49 22 6 8 65 18 71 48 31 46 67 33 60 95 79 85 84 16 40 80 9 78 
62 51 53 71 50 51 72 36 24 65 100 90 1 46 71 18 61 4 61 27 25 82 92 16 53 7 12 44 51 35 52 74 51 49 27 31 50 78 39 2 62 39 21 44 23 71 12 17 7 79 26 2 13 0 87 14 94 5 100 77 18 100 93 37 13 7 55 27 96 7 29 7 86 47 65 52 72 73 55 98 45 28 30 84 87 48 40 57 82 55 92 2 52 36 85 86 71 12 35 12 
75 62 83 52 82 94 69 93 74 68 51 53 34 7 72 41 73 27 97 87 17 54 55 79 8 26 73 59 48 87 13 88 74 32 2 97 87 97 74 40 66 47 99 65 76 43 19 94 51 54 46 20 95 33 21 93 86 74 30 31 47 42 80 54 54 49 52 72 28 95 40 85 87 16 2 85 59 27 7 73 71 36 11 47 6 37 56 44 9 6 29 74 40 21 94 90 52 60 91 4 
95 36 51 72 26 67 68 26 10 78 51 66 92 84 90 48 90 73 78 68 25 53 89 39 71 67 92 24 74 11 24 62 48 79 51 28 61 90 37 39 66 3 66 6 70 31 80 84 24 23 44 71 44 70 87 11 18 81 2 54 13 45 27 98 52 8 97 4 17 40 29 64 26 54 49 74 4 55 27 93 98 1 23 3 49 36 96 40 13 62 35 8 19 20 63 51 94 65 8 34 
44 35 93 12 8 3 61 83 35 66 84 53 88 51 98 79 56 3 21 90 89 24 81 24 36 32 83 52 67 22 77 5 43 97 26 50 3 79 23 25 28 75 66 100 36 17 83 64 86 51 13 61 97 68 30 96 48 87 20 29 5 50 67 51 16 60 67 5 34 31 62 99 7 71 71 81 54 12 56 9 3 92 49 49 75 14 58 89 72 76 3 42 49 76 2 92 35 7 89 92 
84 52 52 74 59 38 92 80 90 97 41 30 30 34 71 2 99 84 71 25 92 36 36 57 60 26 45 65 66 61 21 93 57 2 33 97 98 41 60 27 67 9 55 24 95 78 98 95 58 43 64 52 87 88 42 97 33 25 7 69 95 0 80 38 33 94 23 63 32 46 0 6 45 99 74 51 6 83 6 32 81 91 82 93 2 81 15 18 12 61 92 32 53 83 13 36 78 90 99 14 
57 48 87 46 11 86 17 15 57 75 31 61 13 78 2 52 17 96 40 6 26 55 88 90 80 10 71 86 40 41 71 2 26 76 91 31 70 16 71 10 17 54 76 76 78 33 91 5 35 19 95 11 38 77 11 80 15 37 9 89 19 61 5 99 14 55 50 61 68 100 73 1 71 10 83 38 24 66 4 26 58 56 68 46 53 36 57 87 87 3 76 69 43 100 84 69 92 21 24 37 
79 94 72 5 73 100 2 64 25 6 43 38 97 91 89 94 81 2 76 20 6 1 89 90 49 69 99 32 36 40 71 17 33 91 31 51 5 97 60 39 100 62 63 52 67 26 30 83 0 15 6 5 91 82 72 89 96 96 3 47 77 27 62 92 13 85 83 10 1 49 85 7 48 2 80 24 60 75 68 7 35 68 30 15 47 54 55 57 75 94 61 32 49 48 26 90 96 74 26 48 
79 80 48 82 38 39 84 36 96 96 63 86 47 100 29 2 73 96 31 80 62 54 19 86 79 31 69 81 8 55 59 35 89 12 26 0 97 23 56 55 10 87 70 6 92 8 24 92 46 45 46 38 41 82 55 74 67 74 4 70 18 17 87 100 100 14 29 22 84 84 18 35 56 37 65 10 60 49 27 75 70 78 33 92 63 20 94 68 21 44 75 78 52 3 47 2 41 69 51 20 
70 77 19 0 100 31 66 82 30 6 86 60 10 9 20 100 15 49 67 55 74 84 15 34 90 92 60 100 40 74 59 69 90 85 65 59 86 47 99 78 7 12 6 18 33 93 81 86 20 84 25 28 74 5 82 38 93 10 62 43 27 18 19 88 71 99 83 98 13 95 10 64 17 32 69 76 21 39 44 34 37 30 4 40 42 100 9 69 20 61 8 44 7 8 78 63 70 29 37 92 
69 97 56 33 9 98 58 83 18 96 12 67 9 50 27 90 14 6 15 88 70 16 26 46 37 62 17 97 72 74 100 81 13 38 84 77 100 21 35 87 26 14 39 59 6 53 38 8 88 73 68 99 37 27 70 24 43 33 10 31 5 56 95 85 64 84 54 74 72 73 35 71 11 47 58 91 11 46 87 5 76 40 37 58 15 72 75 1 34 4 57 46 75 93 10 84 36 60 48 16 
59 58 58 75 92 12 47 48 53 54 74 71 1 80 98 28 99 98 91 70 54 49 32 7 58 32 31 0 94 38 22 51 72 18 87 66 60 65 20 27 52 91 26 99 48 66 16 7 48 15 35 9 47 68 12 66 32 93 89 79 14 41 48 23 45 66 91 80 33 76 75 47 68 55 10 88 21 48 38 78 47 66 43 25 11 54 97 87 55 55 77 28 73 63 43 8 1 35 58 70 
6 1 11 29 90 79 96 60 97 26 29 35 4 68 28 0 70 9 56 21 97 87 29 72 29 82 43 21 50 48 48 9 25 49 7 32 60 69 15 100 56 41 82 25 50 100 21 15 66 31 67 22 9 9 34 81 93 13 89 92 100 33 82 53 77 100 45 5 50 76 29 62 81 7 100 70 16 22 41 49 39 4 88 41 22 7 67 25 24 46 13 63 7 66 78 39 52 35 50 42 
51 48 29 26 75 19 5 5 28 66 27 96 16 58 18 27 19 82 59 10 73 23 3 88 23 61 77 86 51 50 0 53 33 56 40 8 83 36 60 72 32 48 16 79 93 89 38 8 85 87 93 66 97 87 39 71 58 68 78 99 1 68 90 62 0 69 28 17 52 26 64 17 96 26 25 35 83 95 16 13 30 90 66 64 9 96 7 70 3 65 2 0 39 20 63 32 87 86 3 86 
29 91 75 34 67 28 60 39 93 50 84 66 38 57 23 43 93 7 41 76 88 36 29 69 95 53 7 36 4 0 27 24 67 32 33 78 12 10 3 64 47 95 54 78 16 57 95 99 20 1 80 39 15 63 46 42 84 64 62 99 29 94 55 37 28 62 29 78 19 31 84 13 35 19 35 29 21 1 89 60 1 36 40 79 56 15 63 37 24 52 13 64 34 60 68 8 16 82 19 15 
3 0 63 66 57 5 80 89 25 10 23 61 24 26 59 17 64 56 18 4 29 39 91 97 34 75 76 25 42 10 77 28 89 29 97 90 64 42 48 87 93 50 59 76 99 4 12 11 2 50 70 100 25 52 94 81 90 64 70 46 54 4 18 53 62 54 59 35 99 64 47 45 97 20 84 1 76 13 70 65 5 15 95 17 62 4 51 2 60 2 99 20 67 70 74 3 79 84 39 46 
27 31 60 55 53 48 100 76 0 78 69 60 87 20 13 23 6 40 100 72 63 73 3 28 79 5 87 23 37 86 84 37 59 47 28 31 34 67 76 21 65 47 42 37 92 20 65 81 89 46 77 26 60 49 80 68 29 38 45 34 27 96 43 20 76 0 33 56 97 56 81 43 7 9 81 96 39 72 97 13 67 94 27 42 39 20 98 18 27 10 60 97 18 35 97 27 56 41 91 41 
46 49 3 15 58 77 58 54 74 25 43 34 9 80 96 50 74 28 69 44 84 55 36 75 41 22 21 95 71 50 46 64 43 53 40 54 43 6 52 91 47 12 81 100 76 56 36 5 90 18 68 69 69 24 65 66 79 89 39 24 38 14 95 7 25 25 91 75 43 80 17 57 62 77 46 67 25 52 28 78 85 13 86 82 41 54 37 27 98 69 90 4 49 14 66 50 24 99 67 88 
47 76 8 73 14 13 41 65 87 30 49 71 72 66 72 51 100 70 46 65 43 59 95 66 88 44 38 46 22 22 91 100 97 51 37 66 77 55 87 26 57 26 55 28 19 15 39 68 32 29 63 91 90 20 20 55 58 44 35 88 60 34 62 15 26 59 1 80 89 100 8 54 76 74 11 18 7 43 51 14 74 38 67 36 3 25 53 18 30 26 77 91 58 32 65 69 5 92 5 42 
24 88 21 17 6 100 48 34 58 70 34 24 90 50 87 45 47 96 50 86 83 8 82 94 35 68 12 17 77 86 76 38 31 90 5 61 1 25 77 80 28 57 66 48 54 88 77 39 31 82 38 73 72 77 93 24 93 63 66 60 58 3 19 47 24 19 87 7 41 66 24 22 72 0 6 60 76 34 8 67 66 72 56 96 7 15 89 4 89 48 3 78 40 29 16 100 33 88 87 34 
4 7 11 63 18 77 65 93 12 31 48 59 73 4 5 92 95 28 90 93 19 18 45 76 69 94 24 3 59 62 3 8 35 47 18 35 92 9 86 43 75 78 41 8 56 86 49 96 15 56 11 64 3 62 94 60 32 55 95 73 98 57 14 88 47 26 78 0 87 81 51 68 63 94 33 58 28 33 39 92 7 49 45 63 65 34 9 31 23 98 10 64 38 65 96 72 66 38 8 16 
23 99 54 11 71 4 57 32 90 27 52 33 37 60 74 26 68 42 82 77 65 61 90 57 69 70 7 70 83 29 4 69 68 52 24 70 40 24 69 2 47 87 35 77 81 96 67 44 23 98 7 87 95 74 77 19 35 55 72 71 53 50 55 26 41 68 23 100 18 68 62 34 64 44 77 82 31 2 39 12 77 98 100 60 95 28 18 56 87 77 32 72 35 1 12 19 95 78 83 42 
84 14 98 34 2 4 100 6 93 3 30 6 7 71 32 4 56 32 7 82 71 35 35 54 1 23 76 21 37 41 70 84 64 87 67 30 19 36 88 47 58 49 100 86 78 23 68 32 80 6 8 24 98 24 24 65 60 89 88 70 45 47 6 96 98 9 43 88 78 86 89 21 42 16 18 63 78 21 82 99 21 26 92 22 8 95 78 40 44 15 79 24 24 62 16 76 57 19 20 53 
53 35 78 47 31 17 33 68 59 68 54 49 72 30 17 62 29 55 94 79 12 25 73 91 16 33 40 45 78 2 51 72 62 46 27 92 53 25 94 22 80 93 61 34 98 97 45 53 62 53 81 80 3 17 53 100 13 45 42 91 49 10 68 79 46 99 91 13 63 80 88 63 14 24 76 86 29 44 67 32 23 15 3 45 83 57 10 63 91 87 30 79 58 98 22 72 25 82 55 89 
64 51 21 12 43 99 45 50 50 56 14 34 75 15 32 93 6 31 1 56 39 84 87 98 68 48 40 15 95 86 11 39 29 16 38 22 47 32 73 73 19 45 47 11 62 59 55 57 30 27 12 74 41 57 62 28 72 81 26 95 77 2 30 39 17 23 27 48 21 37 3 22 86 11 48 16 49 62 43 26 33 13 65 66 50 15 43 65 16 70 4 3 52 49 18 24 43 100 27 51 
81 29 94 42 67 99 92 45 38 56 11 71 74 47 12 94 99 5 33 8 99 65 49 92 79 83 3 69 85 33 67 93 38 30 8 57 35 67 44 56 21 68 18 72 65 5 72 76 29 79 76 3 61 36 57 24 63 10 7 64 66 94 5 24 65 17 84 27 38 94 65 76 20 75 88 92 5 42 69 86 87 22 74 46 52 26 36 82 33 61 69 71 90 36 42 99 45 1 96 40 
43 40 86 32 49 17 96 80 48 82 3 68 90 45 74 74 70 15 31 90 72 19 36 39 31 68 99 76 64 70 23 34 92 4 82 39 93 51 44 86 89 82 26 90 44 54 71 13 10 68 68 1 61 51 72 18 1 37 14 88 90 93 35 23 6 32 87 8 89 23 48 2 1 30 39 36 22 56 13 96 49 91 54 36 11 51 81 93 72 19 16 55 90 95 69 51 4 37 24 30 
94 56 86 4 62 91 27 87 14 73 58 74 15 95 95 22 32 28 86 61 79 48 20 83 32 71 24 53 36 17 94 6 85 84 80 24 97 15 69 32 95 66 73 22 95 14 28 90 36 6 2 27 87 90 47 24 51 54 94 38 26 6 57 28 78 61 7 98 66 90 81 40 64 23 64 96 5 23 0 58 39 43 17 25 17 26 45 26 71 25 62 84 38 74 59 49 82 18 0 24 
44 52 98 15 76 16 98 99 78 3 20 83 45 61 57 40 94 6 24 89 9 13 25 52 6 27 78 79 16 51 85 28 88 35 88 67 73 68 99 94 77 24 16 36 54 35 43 67 41 14 54 51 60 30 63 13 16 94 2 35 19 77 31 2 7 53 2 46 57 90 87 37 32 31 95 92 96 31 84 26 46 70 44 67 13 54 58 70 7 48 0 74 58 60 57 56 53 76 69 4 
73 55 82 84 82 74 60 81 32 77 83 64 61 10 45 58 91 0 98 14 92 63 45 95 77 72 27 65 10 49 81 15 6 38 10 17 19 90 64 87 37 18 46 32 24 0 10 30 12 88 42 39 55 85 4 27 61 91 69 24 48 16 33 14 68 88 77 90 71 85 8 26 43 52 7 18 32 4 2 72 77 13 94 84 71 78 9 42 19 73 49 84 80 48 16 0 100 2 78 76 
80 62 6 9 31 42 89 58 84 87 60 8 6 36 52 37 32 89 68 36 21 71 75 10 33 43 1 28 41 10 17 94 63 28 54 27 66 45 18 62 48 92 69 28 90 24 13 81 94 27 58 46 31 43 3 98 29 45 24 38 88 25 24 50 79 55 39 78 37 25 8 91 88 83 36 97 8 71 66 75 39 0 48 29 52 1 76 27 98 6 11 81 87 64 64 63 18 89 89 100 
70 41 83 18 38 11 66 36 85 99 55 3 51 7 70 3 97 83 85 1 75 67 66 30 69 11 8 100 34 80 47 13 34 17 50 56 60 31 83 41 75 27 49 23 73 75 86 1 19 77 38 6 64 32 60 33 41 30 19 8 14 19 24 43 86 86 73 40 55 64 47 19 35 70 38 54 72 31 97 62 72 17 14 24 1 55 89 9 37 17 91 50 94 95 99 79 22 11 72 1 
86 13 27 12 37 61 100 66 45 86 39 38 70 34 33 52 66 80 20 58 78 69 17 66 10 6 25 49 15 53 29 86 79 80 16 4 81 47 14 28 27 48 45 96 35 23 31 10 94 76 81 9 61 35 76 30 31 39 87 45 0 39 91 1 14 40 42 40 87 39 22 73 81 63 3 32 59 29 52 96 55 91 21 40 31 54 7 46 69 91 59 54 24 44 66 69 31 99 61 89 
57 98 51 89 31 33 12 87 69 20 72 67 4 100 78 39 62 90 96 5 1 99 91 8 32 88 55 72 53 6 57 35 8 97 16 68 80 3 96 41 28 67 84 76 27 35 27 69 32 55 20 85 0 41 44 81 89 52 90 1 16 64 51 60 79 71 81 88 20 71 67 28 40 43 98 34 44 77 79 7 83 69 60 30 17 75 36 47 72 49 40 52 57 65 98 43 89 9 30 57 
75 90 75 99 98 47 9 32 99 28 48 38 6 38 89 99 76 19 51 22 9 93 85 5 72 1 66 50 51 17 84 44 99 51 91 59 23 100 85 97 97 22 69 20 0 7 43 26 94 8 73 90 47 57 77 21 2 67 62 0 29 20 47 61 69 66 12 21 42 29 41 62 98 79 12 48 24 87 39 9 77 33 43 24 17 74 90 80 69 34 55 2 79 63 1 30 68 11 11 1 
8 2 67 98 94 73 86 37 77 31 64 87 82 34 92 45 76 86 43 78 66 89 71 8 94 82 44 3 42 48 45 34 3 39 62 44 0 40 52 16 100 38 86 67 87 39 63 11 48 46 29 59 97 9 78 35 93 80 18 94 82 31 18 78 18 71 17 64 89 32 89 5 19 55 12 49 73 40 60 85 28 99 30 79 74 33 44 59 90 88 97 52 69 45 62 60 86 51 41 46 
63 47 74 60 9 84 6 90 86 50 26 26 31 2 61 5 51 74 11 60 18 14 0 20 63 43 12 34 1 93 12 17 10 87 6 12 84 67 40 74 51 83 29 39 7 4 22 23 99 100 55 15 83 76 97 81 4 53 98 93 93 98 86 20 35 93 72 56 27 68 65 6 25 88 1 37 23 98 7 41 79 82 10 75 8 35 29 26 69 25 32 38 57 19 27 14 6 2 87 3 
32 49 46 100 99 76 36 12 24 59 69 97 95 42 35 78 82 40 13 56 93 59 28 38 95 93 81 29 53 18 46 74 12 60 81 26 90 41 5 91 97 11 43 69 37 34 78 28 12 76 18 52 92 46 96 64 16 94 50 23 57 12 55 91 46 78 19 49 60 64 90 45 86 40 96 20 45 21 7 2 0 78 42 16 52 74 13 27 2 31 59 10 54 39 2 25 41 23 81 25 
99 64 83 14 7 55 94 0 91 17 72 85 63 79 29 56 23 19 92 26 20 52 21 12 92 44 68 43 66 86 64 59 28 82 18 86 67 34 86 4 2 22 70 73 38 68 97 70 8 15 2 17 20 16 74 79 31 13 74 98 76 22 1 58 25 38 80 55 61 75 86 60 92 58 82 30 12 78 14 71 2 13 92 81 61 38 10 49 34 32 1 7 90 32 21 53 59 14 72 84 
94 47 62 43 98 4 83 23 68 43 88 69 95 85 48 36 78 35 15 4 98 91 26 58 0 20 2 96 13 5 26 63 96 90 66 12 18 28 17 63 44 60 15 53 80 23 58 8 0 57 17 50 69 50 69 46 6 47 86 49 57 36 58 77 66 34 94 77 21 34 50 66 72 18 4 54 41 78 16 7 34 10 98 0 87 25 32 73 50 16 86 74 98 3 60 62 36 97 55 69 
23 69 40 96 16 82 97 39 10 48 18 3 48 57 65 30 0 49 42 31 38 27 24 19 5 32 24 84 78 33 23 4 40 83 14 82 52 5 10 39 57 99 8 11 77 9 28 89 8 2 6 75 88 83 21 60 85 46 87 68 98 74 28 56 35 33 44 74 23 60 75 21 87 9 95 26 15 85 95 56 73 19 73 4 31 61 52 42 27 89 91 82 28 29 18 17 65 15 20 75 
51 76 41 85 68 4 64 79 82 76 61 10 57 93 79 43 17 96 74 69 73 90 17 76 98 91 83 57 41 25 46 73 34 7 32 94 44 50 17 4 52 14 53 61 93 65 23 36 32 30 4 62 53 18 31 67 71 64 71 50 7 68 20 2 92 18 39 0 6 90 83 13 75 18 97 5 60 98 83 77 0 49 69 69 34 67 85 47 91 63 85 98 34 40 35 73 10 18 85 36 
30 14 100 36 93 8 69 52 28 99 81 34 82 4 87 2 87 57 54 23 32 31 57 29 60 72 15 45 57 59 43 54 62 62 49 61 82 43 21 6 64 27 65 41 66 83 24 11 37 60 79 50 54 93 34 3 72 61 49 20 21 91 59 38 57 41 51 89 28 64 94 66 41 76 28 3 69 34 65 2 45 35 17 20 63 4 30 14 77 10 24 47 77 71 73 80 61 34 43 55 
82 92 28 95 0 37 15 56 64 13 87 8 33 10 84 92 68 21 53 92 2 17 89 50 18 3 12 45 32 63 22 84 66 92 63 70 11 65 59 1 42 34 27 74 44 75 25 6 91 56 22 7 85 19 2 57 5 0 20 41 54 56 80 18 93 55 31 31 41 2 31 87 26 23 46 85 76 23 53 43 31 87 24 65 53 99 67 36 88 55 95 96 93 42 31 40 14 59 33 78 
86 37 31 54 63 48 39 44 64 43 29 53 40 55 77 67 70 28 33 73 52 48 10 4 73 38 69 32 45 24 65 33 54 50 49 25 91 0 24 23 64 1 95 10 18 68 51 4 65 10 57 50 39 81 36 85 17 41 95 23 90 27 70 18 78 18 11 17 5 99 80 23 31 44 93 51 20 23 8 35 75 71 93 7 7 30 68 53 87 64 78 43 82 86 93 21 17 0 100 36 
0 22 54 96 37 100 70 48 29 23 14 62 45 11 86 8 86 52 75 19 20 46 0 12 82 23 54 15 0 74 97 14 91 21 96 10 84 7 78 82 9 58 77 23 33 76 8 98 52 92 82 57 18 89 21 57 74 59 59 45 45 2 8 14 74 3 65 73 98 43 30 6 89 33 43 59 7 5 50 57 48 19 21 3 0 88 12 17 60 99 61 9 37 12 66 67 80 67 27 62 
41 25 38 53 75 0 21 5 96 57 1 37 5 51 38 14 29 5 43 61 30 0 25 28 83 45 32 71 61 82 98 61 66 84 29 73 74 61 51 8 66 14 63 29 71 73 60 57 81 17 100 5 13 71 36 7 57 45 53 96 21 96 73 20 52 53 49 81 5 58 98 12 31 40 7 1 11 72 19 60 67 91 26 14 25 66 28 86 43 21 98 31 42 15 49 38 48 78 25 71 
85 65 94 76 70 62 66 25 73 8 74 95 72 52 22 20 97 62 97 59 47 78 91 21 90 69 33 73 37 81 57 97 1 45 15 43 43 59 83 70 85 84 62 23 100 49 19 59 25 63 68 39 71 9 75 38 38 83 1 82 52 26 7 73 60 12 7 81 88 22 19 12 9 58 60 33 95 77 28 62 74 40 53 77 20 60 45 61 21 27 24 58 19 71 81 91 14 88 59 18 
96 28 96 67 32 53 46 71 30 45 92 1 97 34 81 57 32 38 38 52 82 66 40 86 62 71 41 16 37 94 67 79 18 21 9 87 63 85 37 73 57 83 1 55 5 35 77 86 57 40 10 95 59 84 1 92 16 22 73 50 52 20 31 47 65 99 79 21 16 34 19 64 80 50 18 47 77 100 26 39 88 27 16 22 4 100 56 79 49 49 91 80 75 90 50 74 85 19 18 99 
65 60 52 47 50 44 2 15 59 58 86 71 15 75 37 15 4 69 3 24 29 34 52 87 15 98 20 53 26 10 46 49 78 43 95 66 85 54 64 73 91 82 13 50 67 39 78 75 9 97 76 84 38 88 3 97 17 93 84 83 30 0 39 26 43 22 65 97 34 25 42 33 54 88 60 82 25 6 82 91 4 2 69 59 65 63 43 94 34 51 3 12 43 8 68 88 38 86 3 48 
98 11 83 78 48 38 25 83 68 55 20 63 40 7 97 40 98 4 33 100 55 15 65 33 19 76 93 42 58 0 2 65 66 19 25 38 7 71 95 15 86 67 91 3 31 38 42 2 43 31 75 45 14 26 92 12 33 72 40 52 45 53 62 35 80 7 48 91 70 57 15 30 65 13 76 24 51 31 88 34 74 24 47 82 51 30 1 81 92 78 10 26 35 6 8 38 77 36 52 75 
55 78 23 94 5 27 7 44 94 83 47 10 69 26 38 58 28 65 38 4 28 37 73 95 65 55 49 1 53 1 3 27 21 0 70 61 81 4 3 71 43 82 16 1 18 79 87 4 67 98 13 59 51 29 19 36 86 78 96 100 4 38 6 64 87 82 97 96 73 3 34 90 25 46 28 78 15 26 57 15 82 11 0 24 33 98 10 94 61 88 76 13 5 24 99 32 5 21 54 30 
62 48 36 91 89 99 89 28 24 51 12 91 95 49 60 16 40 8 12 34 74 11 57 61 60 33 55 17 77 99 35 79 46 55 59 54 36 42 46 23 45 48 25 78 53 7 26 38 59 80 80 12 88 6 37 71 15 54 6 16 35 45 52 3 68 75 72 52 6 86 60 22 38 54 95 28 24 72 85 60 6 34 38 47 36 94 9 42 91 51 18 57 75 45 86 28 65 2 77 98 
0 15 38 26 23 36 13 64 45 79 5 85 2 65 28 7 49 89 94 100 53 45 57 59 64 91 61 14 74 43 40 69 76 100 59 66 24 81 82 79 49 89 74 25 1 39 19 81 98 47 83 10 80 11 15 31 28 42 57 68 40 63 36 50 83 79 58 97 86 72 39 22 37 97 72 14 67 29 5 49 62 95 88 7 27 86 23 2 61 30 32 76 34 60 99 99 89 29 67 63 
39 81 7 8 2 28 21 61 74 39 89 99 91 98 93 59 44 82 16 57 73 31 57 73 87 6 48 20 47 35 98 53 89 55 8 37 89 44 6 37 75 38 29 3 58 48 26 32 35 73 7 41 90 31 24 64 10 76 78 5 60 100 46 89 9 77 55 36 22 66 31 1 31 24 35 50 25 42 87 78 2 54 63 2 83 100 26 17 98 71 92 39 59 82 17 81 13 42 28 65 
92 81 8 18 3 78 55 34 12 25 62 85 86 0 56 63 66 55 81 78 73 41 0 19 76 28 39 26 31 75 15 17 85 38 68 40 17 4 39 52 79 49 48 98 94 11 4 40 48 63 60 45 79 59 30 27 72 92 47 23 83 23 68 37 61 85 84 98 75 72 43 5 44 19 60 89 71 30 54 21 67 38 72 24 2 17 79 26 35 22 59 89 35 78 21 0 42 20 8 44 
18 100 50 77 21 95 82 72 23 27 4 84 82 17 91 40 77 74 14 78 17 28 27 24 55 89 22 62 84 88 82 64 50 87 33 21 87 56 1 20 78 11 42 98 76 45 27 27 70 5 79 13 95 9 49 87 36 6 89 6 89 44 0 82 34 8 41 39 28 56 10 42 81 30 66 30 9 78 38 89 73 5 37 81 97 41 63 58 67 49 66 73 13 32 97 55 41 89 12 34 
21 75 71 28 83 34 19 11 91 51 79 83 54 25 46 92 97 56 19 35 57 40 45 39 17 35 35 54 54 57 99 60 1 27 62 98 79 75 60 10 97 65 3 49 24 100 41 25 38 11 34 7 36 14 23 30 1 28 41 84 36 98 44 1 4 6 70 48 68 58 13 36 51 79 81 96 65 1 97 25 73 78 60 12 45 81 75 19 61 4 37 32 39 13 54 24 29 66 27 26 
19 61 73 23 32 80 21 37 54 3 95 43 83 6 23 11 45 0 75 19 57 97 10 17 20 32 62 97 85 76 10 9 94 71 73 41 81 7 64 23 21 13 75 13 60 93 71 89 23 6 88 98 40 98 33 57 15 8 51 15 99 39 56 5 90 24 3 23 24 59 26 14 37 88 43 2 70 77 9 79 52 19 27 72 71 6 40 41 44 12 26 28 52 87 69 66 23 50 0 19 
54 68 73 66 73 11 27 42 62 7 40 64 62 99 98 58 30 65 84 52 6 8 22 87 67 76 81 45 13 95 83 5 61 10 2 17 41 54 58 28 57 8 19 46 46 2 93 40 50 91 53 100 50 90 12 60 3 90 91 59 100 79 14 67 50 89 34 99 69 23 30 40 57 84 36 52 23 39 61 66 64 4 58 53 85 86 89 60 88 87 46 29 56 83 20 27 87 79 68 65 
73 23 65 74 53 87 35 100 22 74 9 37 26 37 40 15 1 47 54 92 52 73 50 56 91 94 32 57 87 27 22 40 22 81 69 13 11 34 84 81 58 100 48 72 67 52 29 5 40 44 22 40 72 11 25 23 55 12 12 38 61 21 50 74 39 80 68 11 94 37 20 30 19 28 60 5 99 64 9 71 26 97 63 16 17 98 2 93 24 92 1 86 29 34 83 86 27 36 88 49 
18 31 79 41 78 22 45 18 75 11 66 99 45 37 9 33 8 62 73 44 69 62 45 86 0 36 44 86 26 90 70 92 54 70 84 100 72 73 62 19 32 86 75 65 10 33 8 26 80 3 78 87 25 61 3 65 75 33 63 83 91 8 31 51 90 6 31 73 88 24 13 22 88 18 22 5 5 100 5 32 67 29 9 38 40 68 57 49 62 59 59 92 34 35 52 85 57 99 31 96 
73 35 64 42 24 7 95 44 86 43 70 22 26 72 37 98 19 57 62 83 19 93 36 5 91 27 17 78 79 65 48 14 86 30 99 34 13 22 67 17 25 76 86 82 71 33 78 36 24 46 0 5 7 21 48 67 65 22 55 98 100 86 9 47 23 5 29 15 21 25 3 4 54 93 98 10 98 96 37 23 50 44 56 59 88 1 53 60 26 32 51 84 33 73 30 61 92 19 41 67 
96 46 65 69 79 11 1 64 27 79 6 37 69 33 28 16 69 61 12 56 10 11 32 1 38 66 47 52 15 58 7 49 99 45 21 62 100 10 7 30 63 19 18 88 24 85 19 68 0 46 99 57 13 24 47 6 72 54 52 66 78 41 38 6 53 94 43 61 46 82 2 62 67 55 99 31 34 65 84 52 27 37 61 73 20 88 95 20 17 36 47 50 72 28 86 83 57 59 50 40 
25 5 60 28 2 12 83 62 31 35 5 5 18 97 96 9 44 6 83 66 99 12 86 94 0 80 74 40 82 57 72 69 66 1 54 50 22 68 40 14 71 71 46 77 53 22 49 69 6 27 16 26 67 53 79 93 10 12 85 73 91 89 25 31 1 60 1 50 57 74 9 73 68 91 78 83 76 2 21 56 66 35 61 55 74 59 19 22 67 67 1 76 12 62 78 35 80 85 28 9 
40 43 6 13 28 49 65 22 10 54 74 64 93 75 97 99 46 5 37 41 93 97 17 63 88 19 48 65 23 88 99 97 70 75 4 23 80 69 20 62 62 76 29 65 83 39 35 24 23 19 4 60 56 48 11 74 54 93 24 28 4 66 70 48 98 78 55 71 80 70 64 19 23 31 19 76 1 72 99 53 2 19 9 42 5 18 42 51 92 73 20 30 97 93 28 6 31 83 72 51 
82 94 83 78 50 34 93 77 96 41 21 29 15 13 31 77 96 42 76 36 16 33 6 85 65 58 50 7 86 66 90 99 16 46 83 89 100 96 54 98 6 27 94 94 97 54 32 54 51 47 27 85 28 98 83 8 81 73 75 59 46 77 42 5 29 66 99 28 64 51 73 46 87 68 7 7 51 43 40 35 3 1 24 80 94 30 24 2 42 81 28 22 65 97 8 58 58 45 48 34 
32 25 87 48 39 42 48 58 15 3 78 52 42 26 1 68 42 2 23 90 15 71 12 0 22 23 59 66 61 15 24 94 79 30 99 48 79 32 39 85 15 17 98 47 33 67 37 15 17 55 63 34 74 85 25 74 95 100 43 14 71 95 32 51 25 58 65 65 23 65 84 41 83 6 23 53 8 0 3 98 93 43 54 5 16 76 10 64 78 95 45 83 88 100 1 30 29 78 36 74 
4 50 74 25 51 47 55 33 18 78 27 11 85 0 56 9 33 52 19 19 87 61 72 48 75 38 23 50 98 65 52 29 51 21 82 10 80 17 75 27 26 51 91 98 68 38 27 6 46 5 43 100 8 85 83 35 27 31 78 8 73 14 54 15 42 31 11 50 3 79 64 12 1 59 47 56 69 19 37 22 72 45 27 92 3 25 51 92 4 94 92 39 0 33 38 57 3 29 38 2 
