65 54 97 25 10 45 36 58 85 47 72 5 81 17 67 81 8 93 86 86 48 1 91 40 54 98 57 26 74 100 79 23 2 56 52 87 88 25 36 90 56 59 15 68 22 21 5 10 23 43 98 58 48 73 19 60 79 58 73 27 25 50 61 37 13 79 6 4 96 23 35 0 87 84 12 78 3 32 51 77 4 19 38 57 63 89 42 52 10 48 59 15 44 47 89 82 95 89 6 22 
68 70 47 98 70 79 45 11 89 11 67 29 63 58 17 100 73 40 58 42 25 24 6 29 15 53 85 62 40 20 47 12 77 43 96 58 60 63 11 32 24 36 86 12 41 44 94 62 36 88 63 0 65 11 25 57 54 69 26 35 93 16 32 6 59 23 56 7 23 67 48 72 9 38 26 34 34 43 17 14 15 3 76 79 41 59 46 11 84 38 84 19 81 9 38 43 100 48 77 50 
23 49 78 9 82 39 21 81 97 26 60 47 15 9 23 6 46 36 47 59 12 35 37 11 92 29 62 46 65 75 77 67 42 48 53 32 56 33 89 95 82 50 46 66 41 88 6 28 13 16 42 67 9 24 68 70 67 9 16 33 53 81 70 73 8 30 17 1 80 6 56 100 63 32 40 64 32 32 3 85 14 23 26 19 9 13 31 53 82 6 77 9 73 30 66 1 40 83 83 70 
31 98 10 2 57 67 19 53 44 45 57 73 75 15 46 66 69 93 71 6 26 83 61 79 5 67 39 65 91 50 53 39 43 3 87 18 69 10 93 54 65 10 38 63 21 86 63 99 54 6 82 9 1 6 28 73 32 8 70 51 54 89 55 49 65 16 72 77 80 3 60 65 80 29 47 77 64 3 47 87 28 55 92 37 35 13 15 36 75 73 17 26 83 67 7 17 66 77 58 84 
90 61 71 34 6 64 23 12 76 1 73 36 35 94 89 9 34 12 26 1 62 55 74 1 27 91 69 56 21 5 68 9 16 0 82 63 74 84 15 48 35 67 75 32 36 89 33 12 42 36 70 11 28 28 51 1 86 62 92 82 95 29 99 36 97 62 47 62 52 29 47 88 18 17 100 75 16 83 98 61 54 88 14 65 76 9 93 55 62 67 98 70 31 80 30 2 86 99 86 78 
8 22 71 59 90 71 62 62 35 57 57 31 88 46 4 76 59 70 91 57 87 53 63 18 10 53 84 89 2 6 20 52 67 98 42 28 71 69 15 36 61 13 40 33 39 58 46 52 1 66 100 52 45 99 26 72 24 12 11 84 55 94 57 96 98 1 13 39 79 71 24 58 89 97 14 20 86 95 48 72 25 64 70 54 61 67 30 47 34 39 92 16 90 68 50 58 17 48 65 96 
60 44 37 43 55 79 8 50 99 42 44 53 17 13 25 31 91 59 66 18 97 30 55 1 14 14 72 100 13 97 44 44 4 1 12 89 54 61 94 90 45 90 22 55 32 9 100 56 48 92 1 37 43 15 80 81 34 10 76 55 47 82 81 0 6 68 52 10 90 45 13 46 5 86 18 70 50 45 87 4 98 20 89 31 23 68 62 54 1 44 42 80 83 72 96 0 90 76 42 61 
98 25 40 97 19 50 57 28 90 31 58 44 81 48 95 29 39 87 99 24 47 54 76 99 53 9 38 56 73 66 68 47 22 65 100 26 72 60 17 29 50 8 100 4 49 15 97 37 65 90 55 28 12 61 80 22 20 14 64 38 38 72 35 71 29 70 96 65 41 14 88 59 26 1 45 59 36 46 30 83 31 36 4 76 63 27 85 100 63 13 63 3 1 55 38 43 21 54 68 7 
81 76 65 69 57 1 98 18 35 26 18 23 4 57 20 36 82 19 47 87 20 69 34 99 3 79 1 59 26 44 50 10 75 66 9 21 51 31 70 5 7 89 36 1 57 8 76 29 16 24 50 53 88 52 57 30 98 6 88 42 34 68 20 38 24 54 45 37 22 4 27 29 20 85 44 91 28 6 69 5 56 19 50 99 93 94 91 82 70 74 12 40 76 98 56 31 17 95 84 94 
62 94 91 26 85 25 90 71 69 4 24 20 72 20 79 16 0 39 88 66 65 67 75 87 41 78 47 41 73 46 49 74 84 19 37 1 57 2 82 35 29 63 40 44 29 90 44 79 88 51 19 97 69 11 35 24 19 58 76 59 5 97 89 38 65 0 19 91 91 7 86 15 90 56 80 51 57 92 66 38 50 71 29 2 31 71 16 62 27 82 13 35 62 66 2 85 97 41 20 29 
30 47 14 80 90 74 5 83 31 29 91 34 14 77 90 92 39 53 79 100 78 9 57 99 19 18 25 7 40 42 84 100 97 94 23 88 78 39 37 28 42 69 26 78 57 33 98 100 17 63 44 0 3 82 95 40 57 73 24 100 46 67 17 14 83 77 83 60 48 8 87 56 66 24 16 19 99 39 96 77 37 43 92 10 24 70 74 29 84 30 21 34 95 52 7 65 30 20 68 73 
2 7 23 7 88 3 90 15 4 98 93 46 67 55 62 92 100 59 85 85 37 9 40 84 39 54 80 88 24 63 97 10 36 26 18 41 13 93 41 72 81 19 75 3 70 79 71 27 37 72 42 88 75 93 33 14 33 66 21 4 31 8 35 86 16 34 100 61 58 81 5 21 54 99 29 36 11 80 33 68 44 75 66 3 35 54 54 28 35 35 72 23 80 11 84 59 79 33 40 94 
39 71 55 58 96 47 72 91 0 35 51 81 86 93 43 60 85 31 51 21 90 22 18 62 84 8 20 70 38 81 49 0 77 50 84 19 44 93 100 33 85 20 34 31 51 74 36 7 28 30 37 84 57 31 53 6 41 85 57 64 2 9 13 3 15 67 30 79 88 30 68 56 27 51 50 43 37 79 52 8 53 62 92 92 92 5 13 13 82 1 19 23 92 65 15 44 75 9 38 88 
89 29 71 7 62 88 37 43 53 20 68 90 44 50 77 61 5 57 5 11 29 10 65 1 85 39 29 24 48 93 96 8 55 58 45 61 34 1 72 2 74 1 2 78 78 36 60 46 10 9 80 38 86 17 26 63 51 86 88 1 7 47 50 88 25 100 66 48 55 20 73 19 79 1 54 66 66 57 35 95 16 92 51 84 8 68 82 31 42 82 15 8 83 33 82 38 79 31 49 95 
24 79 45 100 53 94 6 46 68 85 96 74 47 15 40 39 46 76 5 76 61 7 16 8 65 70 37 49 4 17 97 58 39 66 65 85 56 5 38 21 21 32 13 20 76 49 94 66 35 85 6 9 59 46 96 5 83 42 19 53 72 22 92 71 92 13 36 83 93 97 64 80 14 67 26 18 3 32 64 12 85 87 36 100 90 63 81 52 61 78 85 39 26 46 15 12 70 74 68 81 
78 65 90 50 39 46 38 26 51 46 4 95 40 30 42 97 23 57 20 2 37 31 49 7 84 52 97 42 75 18 65 51 76 79 74 16 96 85 95 9 70 45 49 88 53 26 84 15 91 47 1 99 16 43 46 32 75 17 22 95 77 26 8 87 15 51 74 25 11 44 23 95 44 17 100 75 37 41 99 53 4 6 100 61 24 80 97 72 11 83 56 33 32 86 6 55 92 16 7 93 
63 31 98 40 23 91 87 97 93 73 54 4 4 99 75 46 39 79 77 36 14 73 58 62 12 16 11 31 96 29 77 71 99 53 94 1 38 100 66 11 4 82 97 14 80 27 92 37 75 54 85 9 26 72 14 17 45 81 70 39 100 5 31 44 99 51 32 69 33 70 29 100 99 48 68 23 65 8 91 50 2 89 85 96 23 93 28 74 99 40 51 95 74 50 39 8 73 92 13 98 
10 53 11 35 8 26 90 81 37 9 1 97 75 95 98 87 66 92 56 6 71 67 51 32 46 4 75 30 22 81 17 30 5 65 93 26 4 77 30 81 53 5 12 65 17 67 17 25 21 49 31 20 84 53 100 83 50 88 24 80 30 6 8 98 31 16 48 90 55 2 26 61 21 46 53 42 90 29 14 93 29 31 11 58 92 78 56 87 14 99 20 45 66 41 31 22 73 33 83 84 
56 87 25 17 34 9 32 16 68 15 54 7 24 78 54 58 27 72 49 31 47 34 60 26 89 23 46 13 91 7 35 89 70 6 54 6 43 96 40 94 18 36 82 98 39 34 38 42 58 11 32 30 63 71 80 90 43 43 7 86 55 47 79 56 45 78 73 83 60 60 36 77 25 87 94 97 69 57 70 35 61 69 26 37 19 41 87 83 63 58 30 55 21 54 12 29 58 88 80 99 
23 71 48 69 70 47 45 8 41 14 33 56 75 33 37 34 5 92 52 19 77 97 65 22 39 59 78 41 63 95 16 75 39 85 0 33 67 22 16 6 76 8 34 15 15 18 36 3 43 96 8 51 82 59 38 77 38 77 75 28 30 36 89 50 5 1 44 76 86 7 88 73 81 98 77 65 51 59 41 19 90 5 68 49 32 0 1 22 21 81 70 64 85 89 56 96 39 16 15 44 
14 17 73 39 46 14 73 87 79 23 88 60 87 6 23 96 77 70 12 95 17 7 37 35 97 46 32 96 8 23 75 43 48 21 14 9 2 98 86 60 48 56 13 16 99 64 57 64 79 14 69 78 8 50 22 11 95 86 19 14 73 61 28 6 8 93 76 15 31 9 47 47 46 21 18 17 39 70 10 8 90 66 27 92 78 26 62 60 50 84 11 15 28 53 61 61 50 10 79 33 
49 99 95 52 78 0 92 70 3 48 48 26 42 95 77 35 75 11 58 80 23 66 13 19 23 79 51 85 83 40 92 18 12 52 50 6 41 21 14 53 77 84 98 92 35 38 3 50 98 92 22 21 1 13 24 92 69 0 38 58 80 4 11 20 89 47 93 45 82 37 49 91 67 2 15 61 63 31 33 95 63 32 14 66 51 98 64 15 62 26 35 10 19 2 10 61 80 9 60 60 
28 44 98 29 23 93 29 44 95 64 81 19 97 8 13 10 38 52 54 81 92 13 80 7 64 20 35 91 55 79 19 33 45 11 93 11 99 36 96 76 49 30 6 83 32 61 5 84 55 85 25 48 62 34 75 62 67 26 49 64 0 40 7 8 84 13 30 80 63 51 20 24 13 3 18 48 55 68 68 10 92 17 62 21 8 15 29 31 48 6 70 15 23 88 7 37 8 83 54 76 
52 78 67 14 18 89 96 86 76 66 96 47 19 38 81 74 3 22 7 9 1 99 100 10 22 98 11 93 28 75 60 32 62 23 19 52 22 79 86 8 49 75 78 43 87 66 24 73 66 34 36 45 97 29 52 63 64 61 82 100 36 8 10 20 33 31 71 93 75 90 57 20 7 43 59 1 94 66 17 44 58 67 99 97 43 61 56 6 27 40 98 95 100 49 80 26 13 73 46 15 
96 21 47 9 61 23 99 23 99 10 60 33 69 47 17 67 25 60 63 59 18 29 5 89 32 42 11 60 27 73 21 67 76 45 82 19 82 49 74 49 95 70 44 80 28 89 50 29 17 74 2 11 22 34 15 26 67 87 99 28 95 44 99 75 43 6 33 83 43 2 5 78 97 34 19 60 57 37 23 85 11 96 30 43 60 3 86 84 66 63 61 11 83 15 77 94 73 46 57 7 
83 20 33 96 74 9 92 35 68 36 56 72 96 5 100 44 55 89 30 85 68 20 58 30 46 47 74 77 94 24 78 60 81 97 77 27 35 60 50 46 67 78 76 40 71 57 47 16 2 25 33 54 66 75 19 1 27 52 45 46 14 15 56 45 55 21 92 27 57 100 80 94 28 39 88 80 47 92 98 97 80 41 70 32 41 82 38 73 24 63 72 83 68 53 21 0 10 43 5 33 
84 6 42 75 89 32 100 72 12 65 95 23 75 8 76 12 32 50 86 26 73 66 19 86 22 73 11 77 13 11 12 48 21 38 14 49 46 80 14 37 17 66 40 45 95 29 57 16 99 10 81 45 12 13 49 71 57 96 44 42 30 38 73 26 44 26 72 23 51 95 98 64 89 89 22 44 68 51 55 13 4 37 41 85 77 61 23 16 70 51 80 6 77 86 37 42 5 47 5 96 
66 20 58 49 40 44 8 94 35 66 50 42 63 80 60 73 53 94 35 83 33 44 16 40 97 30 16 64 20 56 71 47 95 18 10 7 10 34 41 82 19 79 56 57 64 36 58 35 81 35 67 59 51 18 90 20 60 5 21 98 29 35 7 93 50 51 70 25 60 37 16 47 57 71 88 10 41 16 85 19 37 35 6 87 17 6 99 60 81 83 52 16 37 96 7 86 25 8 97 87 
41 81 69 79 66 39 48 70 87 74 80 81 77 77 58 95 32 25 79 73 41 21 42 74 15 41 26 94 4 75 47 89 46 31 85 86 27 100 6 29 46 87 29 70 39 82 36 93 97 2 61 3 26 44 67 66 47 39 27 94 3 13 88 61 6 63 14 25 28 39 0 94 53 77 95 88 43 17 20 14 21 75 72 95 46 85 78 10 31 29 15 50 38 21 28 5 32 6 55 8 
49 38 65 10 65 80 24 38 48 24 86 12 66 98 98 98 48 94 55 12 85 7 85 50 11 80 20 19 17 53 19 50 12 94 60 63 5 72 7 60 73 100 81 68 63 83 45 97 84 27 36 68 3 96 84 7 83 41 36 60 44 32 6 100 22 46 63 53 17 65 84 96 71 81 89 46 12 0 43 75 84 53 99 23 78 14 85 64 90 62 94 87 64 19 54 14 73 44 78 49 
32 29 62 95 60 82 9 36 54 26 12 57 4 50 51 45 66 47 95 76 80 64 88 5 76 26 98 21 57 51 94 26 60 90 76 90 73 45 78 23 62 63 38 11 93 26 18 12 79 79 32 76 15 19 18 44 4 83 73 78 12 21 62 54 82 41 70 56 19 9 14 42 11 8 75 53 70 74 10 37 88 57 17 71 63 52 6 58 16 45 83 45 23 40 43 26 42 96 66 28 
8 15 77 51 37 14 57 89 56 34 36 92 81 54 99 42 15 42 71 62 96 85 90 30 79 92 92 53 72 21 75 68 6 43 51 87 69 53 83 0 15 75 54 49 74 76 70 81 3 40 91 0 55 88 1 51 41 73 63 64 81 11 59 1 64 63 41 55 44 26 4 69 80 70 24 20 23 18 70 27 20 35 64 71 49 95 56 7 77 12 9 48 81 79 76 78 18 70 9 0 
72 97 96 37 41 18 52 11 10 60 37 6 3 91 82 97 41 98 38 52 69 14 8 76 4 95 11 53 83 9 30 24 9 32 80 57 84 68 18 63 24 51 84 71 61 60 56 40 86 76 15 71 65 37 29 4 90 75 0 46 13 99 62 74 13 99 14 44 98 90 12 95 12 0 0 84 6 71 87 0 46 46 59 40 60 15 71 7 11 73 31 58 72 22 45 46 39 75 77 98 
58 90 19 96 18 47 78 8 77 10 51 42 98 48 95 25 10 2 62 53 97 40 100 97 63 91 12 26 62 28 50 78 60 46 16 62 12 17 11 71 65 66 9 76 44 28 33 34 9 94 63 84 91 40 56 99 86 32 29 5 36 79 100 40 98 98 98 74 17 39 21 95 87 52 82 37 21 19 2 54 29 86 43 33 15 77 18 71 26 79 11 28 48 25 9 10 86 68 54 89 
85 76 42 8 3 30 54 31 90 98 29 23 31 75 45 17 15 25 66 47 44 54 5 30 9 31 85 74 35 45 63 60 25 54 52 93 75 6 79 38 19 13 81 18 90 22 88 49 92 13 56 18 13 55 55 27 5 23 98 70 79 38 8 66 10 50 38 61 69 86 79 49 19 15 4 49 66 94 97 17 1 19 79 26 15 23 100 18 4 0 37 70 50 21 55 42 61 66 68 65 
77 56 10 77 70 96 66 60 55 16 47 63 77 56 23 100 97 23 92 5 44 55 65 97 41 50 32 41 22 80 10 64 63 11 44 46 24 59 52 14 43 77 40 38 41 17 34 55 50 44 35 47 21 7 88 51 58 20 95 28 6 66 7 37 21 54 71 49 88 26 52 70 8 93 10 5 30 61 67 24 66 66 19 2 76 13 4 10 90 72 25 30 30 26 94 25 79 67 29 47 
41 62 5 59 100 90 89 48 28 42 72 68 6 91 83 8 63 97 50 5 24 88 73 69 70 31 97 64 19 22 67 46 99 51 24 2 0 100 85 99 58 34 62 31 76 2 18 85 12 68 50 78 36 92 60 31 99 59 1 94 4 94 84 72 22 35 85 92 59 97 54 14 90 5 40 35 48 40 29 77 78 38 7 68 76 67 1 98 80 83 12 81 65 74 0 7 98 67 20 56 
23 35 15 98 21 25 23 77 28 23 42 62 31 25 20 78 28 78 44 12 69 45 85 16 72 31 68 10 41 6 61 52 23 53 47 98 55 12 88 7 3 81 76 97 90 2 38 16 23 56 73 65 13 54 42 6 22 33 50 86 67 9 45 27 97 13 32 46 47 18 7 23 32 26 44 89 99 99 36 61 44 19 73 5 92 90 95 0 47 7 31 70 30 95 6 83 46 0 6 33 
62 79 97 40 92 77 11 78 66 78 26 91 32 51 59 40 8 9 47 22 15 1 91 88 21 21 25 83 11 5 72 35 27 95 90 49 15 74 10 98 95 39 24 19 63 33 68 81 55 99 39 77 99 57 14 63 93 63 79 25 5 9 15 56 19 96 16 98 35 81 92 31 41 91 33 3 77 41 58 19 74 4 8 69 31 20 98 28 1 40 87 22 94 4 18 96 18 1 50 39 
73 53 97 43 65 54 98 78 58 20 87 93 86 31 32 97 83 21 100 66 73 78 33 16 1 17 21 66 47 66 97 45 55 13 49 90 38 81 91 81 21 8 8 81 17 45 39 100 95 48 47 74 11 28 48 51 91 25 29 6 59 91 49 62 98 24 85 54 97 39 29 8 15 76 14 92 57 30 47 57 26 60 3 89 1 68 100 34 68 48 91 16 16 87 36 1 62 55 40 27 
9 78 52 47 57 5 95 66 1 93 75 47 60 27 32 40 83 5 48 97 55 99 27 58 2 72 62 71 30 1 87 58 32 60 41 26 55 3 68 48 37 64 4 66 89 14 94 36 16 80 61 61 28 16 3 2 18 75 0 55 18 60 4 96 16 73 74 92 69 55 10 67 41 23 40 84 9 81 9 50 4 79 65 73 91 16 31 22 42 16 6 43 0 69 5 32 50 60 58 7 
68 98 60 5 36 71 35 42 0 73 77 86 15 15 7 17 38 73 81 49 71 98 12 60 5 53 35 93 38 20 2 2 75 85 51 72 57 69 24 68 84 41 7 1 22 15 58 4 54 68 64 97 93 51 100 51 99 98 30 32 79 80 45 75 65 36 82 40 55 49 19 74 72 45 32 68 51 25 24 31 28 35 87 65 44 74 57 19 25 30 62 84 93 33 79 26 89 68 81 90 
1 66 50 37 20 75 20 97 61 30 51 22 32 76 46 58 96 26 33 73 64 66 73 90 24 50 85 58 89 93 65 97 90 45 100 43 0 16 87 78 63 99 2 45 7 76 94 54 34 4 48 36 64 51 0 18 79 12 11 26 43 31 38 86 96 9 40 50 49 43 58 65 53 8 85 24 45 85 40 23 67 0 42 88 44 32 55 19 99 92 100 50 15 31 19 24 15 82 60 2 
85 42 71 67 29 21 10 1 61 35 48 51 32 62 47 36 13 66 69 96 53 24 45 77 35 60 54 96 70 83 4 19 37 81 0 90 42 20 77 73 94 91 67 98 45 93 57 69 11 36 75 24 88 79 90 10 4 33 92 71 29 87 12 72 30 64 79 23 16 20 7 93 40 25 41 79 2 26 48 41 19 55 21 76 31 16 57 41 13 88 21 93 37 62 60 55 15 97 34 94 
86 12 94 15 96 34 13 81 44 78 60 15 99 78 12 16 42 1 66 53 37 58 1 8 92 26 52 28 72 60 94 61 47 22 74 62 34 3 74 82 4 19 45 95 1 1 39 60 2 70 93 75 77 16 59 31 96 17 70 58 89 32 59 12 20 55 73 34 12 81 21 67 57 12 86 28 35 31 57 96 0 41 89 72 29 0 32 78 30 9 34 4 53 27 29 40 69 98 91 29 
72 56 37 78 65 69 12 79 57 74 83 24 63 100 36 14 100 86 16 5 0 54 88 66 70 58 59 69 37 21 2 73 51 92 0 0 38 60 2 22 42 100 68 20 12 62 86 14 44 57 12 76 51 17 59 52 61 64 33 61 38 78 23 53 9 86 55 83 70 93 92 25 66 38 36 52 2 89 93 72 9 18 51 92 36 74 1 61 32 45 99 31 43 94 19 42 29 88 15 53 
85 87 70 24 95 19 66 36 18 69 52 30 46 70 93 69 100 41 76 15 22 87 26 65 87 40 53 52 52 85 78 29 57 18 81 19 23 97 70 67 73 76 33 52 58 30 76 33 20 100 13 79 63 83 68 83 67 8 33 84 10 55 26 77 93 42 12 1 99 4 84 77 69 9 13 67 63 39 1 48 82 26 5 74 51 9 31 45 11 82 57 53 4 29 84 98 92 54 30 48 
94 56 22 37 35 99 30 60 18 81 93 89 46 82 84 34 83 97 89 16 68 11 74 38 55 58 45 73 37 75 69 7 25 66 9 73 1 75 8 8 100 56 54 52 24 49 0 71 8 24 23 6 3 25 66 44 8 44 27 23 40 51 6 54 11 52 48 36 29 35 84 44 70 59 35 73 9 6 37 79 36 52 10 61 57 27 79 40 41 25 74 66 63 63 88 29 47 49 86 99 
7 8 23 38 39 4 93 0 90 53 79 8 56 79 56 95 62 16 73 18 80 20 13 7 0 85 58 39 6 33 56 43 32 44 11 1 80 10 15 71 4 63 60 48 21 30 57 64 28 11 65 50 3 10 94 64 22 88 79 66 32 14 63 28 25 90 47 49 95 45 63 26 98 28 97 42 81 78 13 43 47 100 98 16 62 46 71 32 6 42 62 96 44 66 99 95 11 10 76 80 
55 60 1 73 39 78 30 50 32 91 83 8 84 48 91 61 77 66 14 87 21 3 3 50 34 75 50 61 30 70 87 2 98 66 77 5 96 62 42 63 73 34 95 79 68 67 93 79 56 0 64 86 36 72 12 22 72 32 13 44 68 80 54 3 45 99 8 75 68 97 82 54 60 41 96 58 21 85 66 56 47 58 100 30 95 66 58 3 18 38 40 44 1 65 88 94 67 96 58 42 
30 65 85 20 38 14 85 78 49 63 73 10 63 31 63 25 42 94 89 7 99 43 0 12 52 31 12 100 61 45 42 56 24 18 37 2 25 41 19 11 7 95 3 100 0 19 24 59 98 8 55 56 24 62 52 90 91 34 82 72 68 91 0 4 45 84 77 63 6 95 14 45 53 81 93 66 72 1 41 1 32 100 28 15 46 94 76 35 82 14 30 55 98 75 70 31 56 91 1 10 
53 44 60 97 83 22 7 81 94 91 42 10 46 53 37 92 22 38 23 52 11 5 56 67 33 96 64 53 6 55 52 18 90 50 40 13 52 49 88 93 36 17 76 49 72 57 22 25 7 69 16 98 81 21 15 62 55 57 80 25 40 94 74 32 7 6 64 10 5 9 98 4 44 95 13 57 32 19 77 75 88 40 20 24 13 40 49 38 11 74 24 70 45 58 55 28 78 39 55 47 
25 66 91 96 40 68 73 61 53 89 14 9 8 18 16 18 29 41 27 21 76 58 73 18 73 9 88 39 32 59 68 96 59 14 82 49 37 5 80 31 32 26 55 28 21 28 59 13 9 83 49 48 30 8 14 39 95 95 38 13 53 92 24 66 43 25 4 67 17 43 80 88 87 1 50 98 54 37 88 80 54 27 86 32 6 8 10 4 61 0 82 76 87 73 83 79 62 10 81 37 
99 93 77 6 44 8 65 16 11 29 2 24 50 58 79 36 5 26 5 64 13 74 15 6 63 14 40 76 39 89 66 76 31 2 64 22 67 3 65 87 21 9 91 0 18 69 94 50 43 49 50 58 5 47 17 24 66 100 5 98 11 4 92 36 30 4 58 25 9 77 28 6 67 89 59 76 42 34 55 78 20 70 43 58 69 85 59 87 92 3 34 79 92 16 27 50 0 54 55 66 
87 61 61 25 11 65 46 0 68 10 69 99 29 86 57 3 65 25 4 74 89 30 48 96 89 1 64 28 43 11 77 49 34 28 68 42 71 46 12 52 21 82 2 9 88 97 31 37 35 11 96 1 21 31 96 40 59 57 84 8 24 18 31 90 85 61 98 20 43 74 63 40 87 25 83 75 37 16 10 11 19 86 19 12 44 69 15 65 8 94 13 76 30 10 92 26 58 4 83 58 
20 63 53 16 27 97 47 36 95 39 22 19 71 64 1 99 72 59 1 99 2 84 90 54 0 17 62 87 95 58 41 39 89 71 78 92 0 83 98 51 25 52 17 1 90 0 73 21 100 27 49 93 97 14 15 41 52 9 79 45 28 93 77 82 66 49 15 89 16 76 32 61 52 53 2 43 61 28 29 57 60 22 100 76 78 87 94 26 79 48 78 89 61 53 55 29 42 12 90 43 
42 40 43 61 71 64 73 83 69 32 47 29 86 80 25 1 82 93 44 59 85 43 98 73 100 57 29 52 86 75 46 50 66 86 34 57 68 81 20 100 72 58 69 4 78 94 60 91 43 5 47 24 80 4 42 74 100 33 64 8 89 88 79 2 38 58 49 84 12 90 73 42 19 55 80 68 24 72 21 30 68 72 13 3 14 8 99 16 59 66 57 92 98 100 86 9 2 54 52 5 
32 42 54 41 75 41 64 40 78 73 21 72 44 31 68 32 86 53 9 18 88 40 92 46 10 84 80 99 30 70 100 66 89 22 85 64 31 92 33 92 47 86 71 50 18 10 18 26 84 49 97 96 26 16 72 85 88 3 11 26 42 100 32 32 70 27 59 53 17 97 22 56 51 71 51 77 11 15 55 81 48 0 33 68 24 10 12 56 95 26 93 100 46 5 81 35 26 17 47 92 
52 7 81 83 8 96 3 85 8 55 82 73 98 35 40 48 41 0 45 59 100 65 2 92 29 33 95 100 45 60 60 34 29 67 61 78 56 16 15 67 84 28 30 58 54 2 15 72 53 79 26 73 67 21 26 0 16 64 85 37 25 1 14 29 12 41 48 88 60 97 23 1 67 59 46 46 96 85 85 58 12 38 69 55 69 69 4 5 24 64 9 42 10 90 93 74 98 6 63 87 
30 64 59 49 82 37 61 24 79 87 69 53 44 49 43 13 58 15 27 87 94 22 64 63 1 74 35 22 40 16 0 42 78 33 94 85 10 38 68 49 2 24 98 39 66 51 97 91 26 1 89 53 58 46 38 15 15 79 99 73 44 70 51 14 16 48 9 71 73 64 94 30 22 87 47 78 36 12 18 48 30 58 88 49 23 41 55 37 72 77 98 66 67 85 6 36 82 71 77 78 
21 56 0 58 71 30 22 27 18 73 96 45 92 97 18 80 94 10 11 71 61 15 14 97 76 41 84 84 100 98 63 43 77 72 48 22 87 48 41 76 53 91 55 50 84 50 86 89 60 32 27 34 96 78 90 97 67 69 84 20 55 100 72 34 56 7 32 3 54 74 54 57 37 2 77 60 50 40 26 58 9 45 37 97 20 85 7 34 10 50 61 88 82 31 2 48 34 49 39 12 
97 62 89 49 98 24 6 76 27 26 24 14 33 0 25 92 21 3 80 75 69 30 59 96 69 77 8 90 18 67 18 92 63 83 45 42 55 99 97 55 25 22 2 53 78 98 4 8 8 35 76 78 76 70 98 85 51 51 63 9 53 16 62 23 65 15 7 9 60 90 66 75 50 17 69 87 29 8 58 97 5 88 19 19 72 0 25 55 78 21 35 32 80 99 86 10 39 51 92 21 
66 70 28 36 39 71 27 35 40 99 3 77 73 60 12 56 47 77 86 10 28 21 9 12 90 99 29 93 83 26 97 46 9 31 54 4 38 81 93 11 70 1 18 20 68 6 85 100 62 70 49 60 80 72 38 16 58 56 98 59 7 48 60 59 97 83 97 31 53 9 52 37 98 76 16 60 57 77 27 99 65 51 83 35 69 75 51 2 68 41 3 33 92 85 27 15 13 22 78 37 
80 96 81 23 12 26 28 2 0 100 87 50 68 28 21 8 56 66 36 12 90 9 42 19 100 4 18 26 33 55 13 88 0 2 3 71 35 67 26 3 50 50 5 15 58 25 100 15 69 31 90 20 7 13 77 9 30 17 20 49 97 51 45 60 4 43 34 46 71 17 100 1 7 77 46 25 84 83 22 49 78 21 43 69 28 96 90 77 93 53 10 18 86 77 80 93 31 12 88 18 
74 55 72 10 44 65 87 65 72 31 30 77 37 98 31 59 33 54 83 88 96 14 77 67 39 71 95 98 64 54 75 12 52 95 29 73 91 37 94 4 81 85 81 96 90 88 13 99 72 41 37 16 81 10 74 85 62 64 23 89 78 13 96 46 25 9 55 48 12 60 33 47 71 18 39 74 27 86 35 9 55 21 20 30 83 52 54 55 72 40 77 68 2 64 95 2 49 34 81 79 
49 57 97 0 80 83 7 62 38 58 31 1 63 41 70 59 9 39 42 86 41 75 76 73 17 53 69 25 4 51 53 21 98 59 19 96 78 18 46 47 53 28 26 98 67 28 99 43 50 36 26 22 14 21 61 99 8 70 24 77 88 80 5 35 96 66 63 68 1 4 42 17 63 74 62 18 40 92 62 69 83 57 83 9 21 17 90 16 21 82 17 82 61 26 22 56 26 60 30 63 
43 39 54 16 57 0 16 97 52 14 88 80 77 58 43 97 50 29 9 62 0 32 93 28 15 49 67 93 36 63 20 92 86 93 27 54 98 18 32 24 61 89 44 26 55 44 33 89 72 45 78 54 26 14 92 59 22 41 89 54 76 69 19 3 94 93 97 78 71 41 76 60 83 40 58 59 38 36 23 88 46 50 42 87 52 68 40 30 31 54 22 0 30 1 38 56 29 25 62 52 
99 60 52 71 36 12 46 61 30 40 30 91 7 0 54 46 100 45 97 6 23 95 57 38 75 70 10 74 88 3 85 13 30 91 3 34 42 2 45 60 87 100 28 24 31 51 6 50 56 10 0 94 90 67 58 55 53 97 10 3 2 90 64 85 73 68 11 56 42 44 66 18 27 94 47 96 88 98 53 91 60 21 51 62 8 69 4 77 7 15 64 51 8 77 63 7 56 62 13 84 
8 15 6 98 57 46 64 49 74 65 33 83 72 88 13 19 41 17 24 0 90 47 71 94 23 64 11 29 8 63 19 59 89 76 70 69 12 94 98 10 7 58 60 36 28 62 73 50 35 22 98 16 22 41 11 71 81 2 13 41 93 95 8 88 100 23 54 80 36 10 59 65 0 60 76 92 76 37 84 16 23 21 51 30 50 45 6 78 77 98 23 27 41 98 32 32 54 26 80 5 
56 17 32 52 63 28 57 16 53 94 75 7 67 92 87 26 23 28 58 40 63 18 47 85 91 6 47 7 33 86 94 16 4 4 19 61 72 5 14 85 48 70 100 30 32 68 26 87 89 41 25 71 14 3 90 4 27 79 94 28 44 65 37 95 92 40 4 32 37 96 92 99 97 3 70 47 25 23 1 47 45 42 8 59 53 53 5 43 70 95 92 95 68 28 58 90 19 50 67 71 
4 47 53 36 80 40 72 75 20 83 10 47 99 30 76 41 8 90 28 31 30 27 92 15 76 43 92 37 54 83 94 41 41 25 39 59 30 61 11 18 95 61 5 6 44 7 0 53 17 95 19 81 19 94 7 41 60 0 94 26 32 24 50 92 54 73 94 64 12 10 14 64 56 93 23 88 89 19 21 3 91 58 81 55 95 66 64 89 64 57 6 93 19 11 13 15 19 24 49 92 
78 69 1 27 84 4 64 7 32 80 87 86 11 34 33 61 40 35 89 82 3 52 4 75 92 81 55 6 56 40 27 98 62 65 62 98 74 58 45 56 92 84 95 39 24 38 45 93 94 68 67 65 66 21 52 30 49 7 61 100 57 24 62 51 65 30 28 69 40 95 27 59 61 51 89 79 70 30 92 31 25 4 33 98 26 76 48 67 74 90 22 81 59 66 68 24 47 78 39 35 
4 4 10 69 11 29 83 53 27 70 75 18 70 43 79 6 19 24 65 95 71 34 69 52 71 99 24 16 56 18 44 47 6 93 31 33 35 24 72 18 88 63 1 93 65 94 71 5 12 37 85 86 96 84 80 64 26 1 81 72 11 64 2 4 53 55 23 29 91 63 47 10 23 22 84 45 46 92 59 33 89 75 24 23 25 4 61 84 95 65 99 23 70 71 26 72 78 92 40 33 
47 78 54 97 75 57 12 30 76 74 42 66 53 17 26 87 94 19 34 90 24 29 87 89 89 0 56 93 31 36 12 0 73 19 18 6 98 86 0 30 52 81 50 18 53 38 29 89 98 46 21 31 39 70 13 14 32 49 93 95 32 3 49 93 44 13 49 27 3 74 54 52 72 32 0 51 90 78 53 7 21 45 61 90 78 56 26 16 93 7 12 39 79 76 58 86 7 88 18 97 
34 2 72 29 31 48 63 85 1 95 39 36 98 89 69 19 62 0 95 82 16 37 77 45 52 33 70 85 22 92 79 87 56 33 75 33 63 34 83 94 17 66 89 37 77 12 30 53 39 75 84 4 62 12 23 20 1 32 91 38 63 32 64 19 70 75 88 96 28 21 17 68 74 81 53 42 6 25 22 96 29 50 72 85 52 87 50 70 26 51 72 96 8 72 1 27 74 93 44 73 
93 81 33 99 51 0 75 33 44 98 98 29 94 98 47 37 82 9 51 83 92 40 47 42 69 63 14 6 80 52 18 7 86 83 55 70 14 51 96 61 77 54 44 15 99 55 87 99 6 97 88 95 42 63 7 45 83 77 95 44 42 89 94 34 38 10 67 11 46 71 68 85 21 3 9 60 91 61 60 14 72 9 49 88 6 36 20 36 76 85 86 52 37 100 15 5 100 67 97 92 
33 28 60 21 40 49 40 70 83 90 79 88 13 35 1 46 26 33 64 82 34 23 17 17 94 14 33 44 97 26 79 41 27 100 17 62 95 87 87 66 29 59 91 3 35 1 71 78 70 98 68 84 97 30 63 22 79 14 67 42 73 10 63 0 11 43 14 79 67 27 88 86 23 65 13 59 89 91 63 63 41 28 63 11 82 13 33 78 50 44 3 29 40 90 99 98 61 58 8 69 
60 45 7 21 31 100 84 77 79 81 89 99 5 58 90 98 50 19 41 50 79 80 95 72 29 33 3 77 98 64 52 62 88 22 100 87 2 65 85 95 42 78 97 39 43 41 49 35 24 12 9 48 76 19 87 84 69 23 34 45 82 76 83 21 81 41 4 16 19 99 82 9 8 48 19 100 76 80 87 47 63 22 98 96 95 24 60 55 67 5 88 17 79 85 20 61 91 6 23 25 
53 49 85 88 57 18 11 28 94 45 30 44 44 73 14 3 87 50 44 54 31 53 90 11 6 98 4 23 31 75 45 42 43 59 71 27 20 30 79 88 64 87 71 32 17 10 61 90 21 1 70 51 92 88 97 90 33 50 45 100 25 16 2 33 56 13 25 53 79 73 36 70 57 89 35 33 97 5 20 93 44 19 97 65 92 53 60 57 47 39 100 20 55 13 85 7 78 54 12 28 
48 50 81 67 68 46 67 78 76 3 92 0 5 39 56 36 76 94 55 49 32 67 62 27 92 15 71 8 90 57 75 27 79 55 48 18 48 10 53 2 62 1 37 72 43 49 10 10 34 82 44 5 83 0 46 68 74 22 88 47 42 96 68 15 55 88 82 74 25 43 25 9 50 1 83 97 89 12 54 41 30 65 45 43 88 6 41 93 92 42 63 76 17 35 29 62 15 85 28 91 
28 57 4 35 72 88 16 94 98 9 72 46 44 38 18 6 56 71 16 17 72 62 36 41 79 33 34 26 48 69 48 17 32 83 68 35 12 40 39 83 30 96 28 18 42 16 82 28 55 17 87 53 49 60 20 27 5 19 36 85 36 84 55 100 2 75 19 31 0 22 71 2 47 28 60 10 73 70 84 84 2 24 82 22 21 48 16 15 54 90 94 13 18 79 72 86 34 10 34 55 
24 11 3 81 39 83 76 84 68 62 31 51 79 88 10 40 47 9 100 62 78 97 62 93 71 75 12 62 34 9 60 0 73 81 54 82 74 28 56 53 68 9 59 96 57 14 26 69 62 100 14 40 22 100 54 42 42 62 14 64 5 90 88 80 64 98 78 63 50 92 57 76 30 64 58 2 51 42 86 56 82 91 77 7 95 82 76 90 26 10 19 92 22 89 54 46 66 56 23 41 
42 54 16 20 58 52 3 18 65 24 8 84 57 4 45 54 15 33 74 85 68 7 5 29 20 64 75 64 37 17 71 83 70 24 93 46 71 6 1 79 84 4 98 34 76 25 33 47 1 16 33 0 18 94 48 1 63 56 61 54 58 25 72 50 98 31 75 18 54 2 37 97 98 41 99 9 70 19 76 87 55 57 76 53 28 20 26 44 9 72 37 59 99 62 71 74 3 16 74 61 
85 61 87 39 81 31 36 61 57 93 16 97 89 58 57 16 58 74 70 80 15 84 46 32 48 29 61 70 32 63 32 95 8 24 50 89 13 59 65 46 37 83 4 71 68 64 0 67 22 51 22 29 51 69 96 53 90 45 96 39 24 60 44 53 65 96 76 54 27 79 30 13 68 71 49 27 56 95 98 80 21 39 48 53 3 2 27 79 38 94 56 94 50 95 0 97 69 12 43 81 
50 73 89 21 73 65 37 78 89 79 66 26 69 68 4 44 84 16 59 29 52 23 16 68 27 81 45 33 44 88 13 90 14 35 29 21 80 99 65 92 21 91 75 26 52 40 26 56 27 49 58 15 38 78 95 33 67 49 24 91 2 80 67 80 16 23 79 92 92 83 53 74 38 79 95 62 55 27 35 10 23 33 4 9 23 89 51 39 19 78 10 65 74 35 10 73 100 45 14 64 
60 73 13 25 47 29 95 67 33 78 85 82 98 60 43 73 65 34 90 87 38 1 93 75 37 82 14 75 49 100 8 75 72 98 45 28 57 61 43 68 54 24 71 41 1 78 21 17 81 12 96 13 38 76 84 91 53 77 26 13 12 75 58 24 28 16 39 44 96 19 0 32 23 65 1 47 5 76 58 69 70 3 49 41 76 17 46 80 46 15 23 73 83 73 84 77 43 0 22 36 
4 42 73 70 40 47 9 75 63 82 48 34 16 19 20 98 34 21 6 71 56 29 12 82 25 75 95 29 21 90 52 54 51 72 97 44 12 35 87 75 95 90 8 71 82 26 29 20 51 93 20 37 80 3 78 0 53 64 34 61 34 80 95 54 14 90 33 19 32 11 84 40 74 43 82 37 52 49 71 48 38 4 69 39 97 55 7 41 40 67 9 56 84 86 57 58 60 57 84 8 
48 25 23 14 35 90 12 28 64 94 36 24 56 3 4 71 26 96 75 82 19 34 23 65 50 9 19 19 63 15 29 57 62 4 32 73 59 53 17 18 57 41 32 72 83 74 87 90 15 84 6 46 47 11 83 36 26 30 83 63 34 43 31 83 95 28 89 93 25 40 87 45 6 85 30 52 42 20 100 29 61 28 32 39 75 49 62 92 25 91 41 65 83 82 34 32 8 23 73 78 
61 62 28 27 82 77 8 95 78 13 18 37 19 80 30 60 11 20 76 71 11 56 82 0 78 49 79 83 47 58 72 32 74 82 57 18 28 51 47 40 88 13 27 61 86 2 44 81 99 7 3 15 37 21 94 69 10 33 64 15 95 100 92 32 87 38 48 97 50 18 7 11 72 74 87 94 55 11 79 19 44 3 78 40 30 28 33 69 76 6 25 53 40 77 93 11 73 87 68 81 
41 97 70 7 85 58 85 16 40 75 69 66 61 87 74 98 64 96 63 98 51 15 54 25 77 34 64 85 43 31 55 58 65 35 34 35 94 68 14 27 11 46 16 0 97 87 68 64 78 17 34 95 67 39 25 17 91 12 90 88 74 46 95 81 87 54 23 50 48 32 92 16 67 68 10 84 75 78 39 37 27 93 51 20 3 25 85 8 86 26 82 21 22 17 98 28 98 56 20 91 
94 17 24 12 23 33 68 51 0 0 11 41 89 91 29 53 50 71 8 55 61 9 58 84 97 80 13 34 46 14 8 15 6 82 10 12 49 11 56 71 84 91 4 61 82 44 48 28 45 67 16 92 12 24 35 47 99 18 13 12 44 77 58 69 10 66 22 39 52 30 16 57 97 10 16 42 1 15 57 3 29 81 72 76 61 57 30 21 72 40 56 73 1 45 87 65 4 65 5 92 
47 15 84 69 2 37 45 27 96 36 100 47 52 46 39 72 97 9 90 0 84 17 73 95 12 3 7 92 31 55 10 75 9 86 41 23 36 72 20 26 44 4 70 83 60 40 61 35 67 81 89 53 51 26 41 55 72 57 16 46 8 52 57 11 2 92 31 42 65 55 99 39 52 11 46 60 69 7 72 59 1 68 78 5 37 41 47 0 23 28 91 35 56 12 14 65 52 95 26 51 
8 72 3 15 92 43 14 77 1 97 93 14 84 85 45 70 45 87 83 71 56 7 94 94 40 11 15 87 61 51 75 23 77 64 14 41 95 14 41 1 29 98 93 7 37 94 4 18 28 31 3 36 84 15 32 55 18 47 0 41 73 32 7 30 56 49 94 45 82 100 39 53 73 31 65 31 34 23 36 13 40 85 22 63 79 74 36 49 71 88 74 54 67 72 19 89 81 0 86 36 
0 33 48 84 0 0 35 43 20 65 15 64 29 73 73 13 43 51 44 95 64 17 66 22 47 44 72 75 93 84 98 87 57 4 9 51 89 28 36 76 54 12 55 54 12 73 37 19 48 60 22 36 84 33 15 62 26 61 97 98 38 50 57 83 57 36 53 53 68 55 38 8 59 31 80 20 68 48 61 81 60 70 24 30 36 80 75 75 38 0 93 61 53 66 29 17 40 79 50 72 
28 56 61 50 17 58 34 60 22 16 63 70 24 18 73 34 24 49 51 87 89 0 28 97 60 4 43 55 10 20 0 32 77 80 68 100 86 13 59 82 4 89 92 9 64 45 9 67 41 76 6 5 6 68 86 79 65 93 26 52 53 28 30 56 82 59 94 4 28 98 81 96 77 76 85 33 78 28 0 75 58 0 92 1 63 86 62 97 4 50 85 86 93 70 91 99 89 34 15 97 
3 67 20 53 10 60 49 66 71 29 55 9 72 69 79 47 85 11 7 17 32 57 62 25 65 7 86 93 35 50 43 41 40 4 10 99 24 37 32 81 37 20 40 2 24 51 68 37 25 49 80 49 75 5 44 78 69 93 25 1 85 30 36 77 18 83 89 0 85 77 91 11 34 73 80 34 81 12 23 37 77 19 19 95 0 42 60 69 16 29 11 64 72 58 54 59 20 97 46 17 
6 6 46 6 16 97 81 5 49 92 6 43 98 62 17 80 40 33 50 74 21 22 73 53 45 50 100 81 86 4 65 37 36 20 11 8 79 92 33 47 63 91 93 57 26 38 80 82 82 23 15 53 89 14 75 40 70 94 12 79 74 100 1 34 99 33 40 79 14 93 2 48 29 58 61 76 2 1 90 78 18 74 59 84 55 50 87 35 53 65 66 98 35 77 80 31 61 79 7 27 
97 49 88 56 40 6 8 36 60 74 79 16 88 65 62 87 29 21 69 46 52 53 2 41 56 77 98 17 90 78 24 90 41 85 22 23 65 66 55 64 98 79 42 39 49 84 17 72 29 34 90 44 38 74 42 6 21 100 79 74 6 78 26 3 40 100 4 67 66 40 76 5 100 24 40 20 53 78 89 20 69 45 10 47 52 7 88 6 81 71 92 16 72 94 32 91 20 45 26 44 
80 69 54 23 50 71 95 69 74 48 40 8 83 67 26 21 93 48 64 53 50 63 57 13 58 41 73 80 1 8 74 11 95 9 62 37 36 91 23 2 88 91 73 55 11 8 99 59 97 58 50 0 76 42 96 30 69 97 42 53 34 9 13 82 16 89 54 74 86 40 55 13 33 82 27 90 54 2 67 50 51 48 19 81 31 74 59 0 1 88 88 26 35 85 27 39 19 92 83 40 
30 18 37 21 96 89 50 93 75 65 84 33 29 33 94 83 90 7 12 85 58 86 24 21 40 15 80 81 87 74 56 59 98 75 45 41 97 50 97 93 13 50 61 78 76 83 98 13 52 21 84 90 56 62 48 69 16 80 44 16 50 50 97 75 97 1 96 22 43 21 82 32 90 72 66 72 86 76 36 51 82 61 87 23 0 95 80 0 9 38 83 37 35 4 96 100 40 68 25 100 
