68 39 5 9 31 11 17 29 10 2 5 66 9 12 92 3 98 49 4 36 70 6 33 23 18 78 39 23 18 88 61 34 22 3 97 55 80 0 26 59 36 76 7 98 66 45 55 93 15 69 5 39 49 59 46 65 49 28 43 83 49 62 75 75 86 34 47 24 42 39 92 46 77 93 17 29 41 60 91 83 65 21 0 41 30 62 70 73 5 45 33 76 41 17 62 71 47 75 68 27 
100 81 41 58 46 1 81 72 8 80 56 38 23 61 10 27 19 63 57 80 34 63 69 0 49 71 42 52 52 31 46 50 64 41 47 46 80 92 19 91 80 13 51 12 98 64 30 75 100 62 71 39 93 68 82 57 78 77 83 70 26 48 9 30 12 3 98 77 23 34 12 97 52 83 87 98 55 65 9 33 21 11 99 99 83 38 50 25 21 55 31 1 62 90 34 57 14 6 86 67 
32 15 65 71 25 89 83 25 33 21 9 25 85 18 100 95 11 58 77 62 5 64 68 83 56 36 44 71 81 9 12 15 43 70 28 73 41 30 71 100 77 54 44 83 20 96 9 45 19 61 96 96 8 52 37 56 59 83 69 10 21 52 48 0 27 20 94 92 33 16 36 67 98 22 85 67 33 23 8 8 30 87 100 98 36 32 43 83 11 49 81 13 44 96 33 27 99 63 26 16 
76 9 35 37 18 97 27 18 22 92 67 92 97 32 54 91 75 74 71 58 87 82 39 18 6 2 84 21 50 24 99 13 80 33 85 0 77 77 35 93 86 75 59 99 44 24 81 40 15 14 17 97 1 43 0 61 19 61 1 23 0 47 41 28 51 64 41 79 52 17 87 66 20 63 53 41 23 86 43 18 53 23 10 36 42 6 23 85 78 32 62 4 92 69 39 69 36 84 100 77 
77 10 61 80 15 16 29 67 89 61 74 73 48 84 91 68 7 35 19 70 71 21 28 27 59 6 62 39 62 89 99 20 63 11 34 18 71 96 66 83 8 86 51 82 69 96 49 81 6 59 5 6 66 2 51 0 52 74 62 70 40 32 9 27 8 64 66 69 51 50 75 40 30 22 29 75 26 65 35 31 31 45 14 75 75 2 4 26 3 18 86 18 88 79 5 70 34 88 42 29 
49 29 25 33 62 73 25 67 77 71 37 88 94 18 74 47 75 13 48 3 0 77 85 34 87 93 54 29 2 53 24 81 98 6 90 73 78 71 28 96 91 77 45 49 86 29 54 26 58 51 38 91 11 31 21 20 7 89 56 6 52 86 41 75 72 78 51 69 64 79 11 23 9 72 51 83 95 44 84 87 92 41 62 58 7 31 65 63 14 90 90 81 21 58 75 55 89 72 81 14 
24 73 17 51 86 17 100 44 21 89 47 14 29 78 1 95 41 21 58 39 86 13 68 87 72 8 26 30 95 48 4 42 4 26 5 36 30 44 26 77 99 54 100 47 4 7 11 28 74 83 3 52 32 59 60 94 28 76 91 12 53 3 32 41 53 9 72 89 97 90 12 96 63 73 61 26 43 36 21 95 46 0 9 70 94 30 71 48 43 82 90 80 12 65 77 21 1 76 24 86 
0 89 46 72 67 73 49 98 3 56 39 51 47 25 18 99 58 16 92 59 77 60 40 76 78 52 66 28 27 0 95 83 2 1 18 60 61 46 13 0 6 6 42 2 9 39 38 13 89 23 55 17 52 92 63 5 41 99 53 25 80 8 99 20 81 17 83 93 46 64 14 16 15 87 2 58 16 89 71 55 34 51 18 16 91 19 6 54 51 4 61 9 6 4 57 48 71 85 55 51 
22 18 88 43 27 11 6 12 6 99 17 37 82 72 62 54 20 21 72 29 24 70 79 9 77 34 37 46 79 2 47 13 49 76 77 40 12 83 16 95 0 41 71 89 98 0 97 91 10 76 100 6 50 88 85 68 49 24 36 77 4 27 85 84 87 83 13 8 28 57 56 51 56 12 20 89 49 67 8 80 23 46 84 76 38 42 95 45 81 98 43 22 42 80 87 4 0 15 86 33 
3 17 29 6 76 31 95 99 59 40 61 22 80 33 32 28 33 35 15 55 18 81 44 100 61 29 18 67 98 93 67 76 80 75 74 76 75 100 85 32 8 93 89 28 96 1 85 39 35 76 32 93 70 37 35 54 73 26 39 97 24 45 74 41 36 31 58 49 64 45 49 98 34 45 30 72 97 15 41 71 19 38 91 68 81 28 49 8 51 46 17 99 62 100 76 97 66 46 96 6 
35 73 54 100 61 4 51 15 62 81 71 25 56 72 94 46 75 34 22 65 51 48 72 85 32 27 44 45 70 83 53 17 91 48 18 87 61 2 17 85 37 78 24 31 89 85 1 14 98 76 28 84 60 84 14 59 44 49 22 70 80 48 20 34 17 42 0 66 84 17 69 17 87 90 41 82 90 66 53 53 7 7 22 66 31 18 79 2 77 2 36 10 98 20 36 82 92 86 44 92 
11 18 18 33 34 79 38 2 22 73 50 96 73 89 67 43 32 83 23 33 33 56 38 57 73 81 13 7 10 49 98 99 2 47 24 49 72 49 51 43 69 43 62 93 72 85 4 61 62 55 35 85 81 22 23 43 75 60 67 21 28 40 31 22 73 60 36 67 56 64 11 62 65 6 28 77 100 57 3 10 76 6 40 45 16 50 6 94 46 27 16 87 71 24 79 18 47 5 70 0 
65 13 7 45 48 70 16 10 37 15 31 64 45 94 89 73 49 23 50 59 60 96 58 12 29 7 84 57 42 28 43 73 44 24 81 19 63 57 76 89 73 81 10 54 18 37 53 10 29 97 71 98 32 43 82 79 99 83 95 7 63 80 67 95 47 9 27 71 82 25 96 59 19 37 52 49 98 92 46 66 75 42 20 22 88 50 100 68 10 47 21 74 10 18 40 21 59 21 12 30 
37 29 66 64 22 50 42 5 14 32 89 74 28 17 98 35 82 61 43 65 97 54 72 36 15 37 40 39 74 17 37 19 89 7 99 75 75 65 78 46 30 75 23 13 56 92 91 21 95 49 60 71 26 39 55 44 5 4 9 26 67 9 62 16 99 45 68 49 27 26 30 18 50 96 18 100 38 29 91 47 35 30 95 85 90 95 100 77 11 40 77 17 50 89 39 88 49 79 80 88 
24 83 5 0 37 59 52 5 75 19 60 91 7 37 38 53 68 19 4 33 48 1 55 0 79 29 43 54 95 63 17 0 48 65 74 22 7 44 48 52 80 14 72 33 51 41 34 36 86 8 6 85 81 46 81 34 40 19 37 56 19 83 90 42 55 62 17 16 8 74 66 84 74 80 34 73 55 68 80 83 78 73 57 79 70 73 8 32 98 98 11 70 89 9 7 98 42 96 38 25 
86 64 98 0 34 90 46 10 36 4 61 29 23 63 88 37 95 81 27 24 72 55 76 70 62 29 42 39 42 67 96 19 20 77 3 74 93 18 83 87 46 32 70 54 89 86 97 55 81 39 58 39 20 1 78 42 60 54 32 74 12 48 58 35 0 62 35 46 27 77 37 81 97 68 37 91 51 96 21 27 40 75 56 27 7 62 28 83 41 16 31 63 99 1 11 68 38 43 30 64 
33 94 6 44 86 56 87 85 19 56 23 19 14 92 65 83 50 62 31 9 17 38 36 64 76 15 25 0 96 6 3 43 15 92 50 0 7 90 63 26 13 88 79 1 71 2 26 45 48 83 46 77 40 76 49 100 60 37 76 8 39 43 37 71 90 80 8 77 70 98 97 65 82 20 74 70 6 97 93 25 71 94 76 61 13 8 40 64 7 60 22 58 71 41 98 5 32 58 37 82 
87 52 74 28 59 6 79 63 41 89 47 64 75 66 35 6 4 44 46 91 12 34 65 70 73 19 55 76 3 44 98 97 77 72 52 78 48 33 70 37 50 24 15 55 2 83 93 29 77 44 17 94 18 1 97 49 28 95 64 61 47 80 89 98 70 65 33 81 77 64 83 78 69 72 72 2 89 82 80 30 87 0 83 88 78 20 31 8 28 93 63 82 61 89 35 79 93 27 12 99 
33 96 68 42 29 29 55 76 86 20 92 83 48 56 54 40 2 84 3 97 56 34 85 39 86 44 34 84 95 53 89 38 19 7 21 95 65 93 64 27 31 17 37 13 49 0 78 30 33 65 0 18 19 0 70 65 84 62 58 22 86 65 22 52 19 74 100 73 4 46 59 24 27 9 98 24 45 44 47 31 73 47 84 39 15 83 23 88 24 24 58 56 0 60 96 14 21 60 67 21 
15 30 76 34 53 17 29 2 78 13 73 34 28 86 44 30 98 78 46 82 0 82 65 4 36 56 26 38 74 83 58 0 55 14 60 55 68 4 94 37 31 60 66 12 17 40 67 5 89 34 94 21 47 23 67 43 20 0 21 78 7 53 35 56 66 63 30 11 40 32 46 44 94 3 58 90 11 79 3 29 2 39 45 92 81 14 84 27 64 27 47 13 77 13 22 35 64 46 22 50 
56 29 45 19 20 48 46 63 85 94 36 73 41 15 45 21 9 16 46 66 55 35 5 78 49 33 85 6 10 49 13 34 50 3 2 80 50 15 24 28 27 15 62 30 72 80 62 54 75 88 17 62 11 51 1 68 24 58 79 69 29 37 58 15 66 10 53 5 10 40 12 46 24 74 69 26 79 17 88 66 6 80 24 79 10 90 14 30 88 22 99 70 79 65 76 41 68 83 39 64 
82 59 73 65 61 29 37 27 10 36 26 16 84 55 78 15 53 61 100 75 63 35 21 73 7 48 47 43 73 65 8 92 24 15 66 72 12 73 17 83 83 18 35 17 52 95 85 47 86 100 16 70 61 97 16 64 65 65 70 23 60 52 53 86 48 10 84 5 26 80 85 29 4 10 27 51 94 36 36 88 59 11 26 38 46 21 1 72 75 84 32 83 57 100 33 12 15 1 22 3 
24 9 84 29 100 93 90 38 85 99 88 3 44 95 48 50 50 34 82 34 12 68 21 87 91 62 31 43 71 29 48 63 11 40 55 52 9 21 7 18 11 71 2 8 22 32 25 99 68 54 4 5 95 91 50 14 62 19 42 21 93 69 33 93 55 38 84 88 16 52 67 18 45 38 83 39 73 54 61 46 78 91 35 51 46 44 46 100 33 65 79 41 1 7 61 49 29 16 25 43 
44 66 42 82 0 86 78 80 81 54 87 51 89 78 77 19 44 39 42 13 25 43 39 99 28 45 85 21 12 38 16 81 45 100 24 87 77 4 23 24 92 29 97 78 51 27 84 8 99 36 28 67 23 51 16 41 92 53 71 82 30 79 5 42 18 7 56 69 30 16 42 25 51 95 22 75 22 96 85 13 55 4 4 59 96 83 73 93 33 1 0 30 51 13 94 61 67 38 77 10 
15 98 46 2 94 99 98 90 25 33 74 50 44 77 85 53 56 2 65 91 88 97 82 52 25 46 86 69 63 69 40 26 33 16 36 41 8 1 4 6 57 4 58 46 10 11 64 92 36 23 57 88 13 9 8 52 23 57 55 67 99 65 47 93 93 71 34 97 73 82 78 44 3 65 20 68 21 46 46 18 93 55 32 0 46 12 10 39 12 34 48 92 36 61 22 68 6 24 59 10 
9 19 45 1 27 66 95 14 72 3 22 94 10 61 76 59 76 9 66 21 47 91 81 13 26 75 79 80 85 25 9 74 33 49 86 63 95 20 82 58 39 77 71 60 96 27 92 100 51 90 11 16 63 83 40 70 36 70 18 46 100 48 18 84 9 2 19 34 78 41 21 51 76 51 19 3 92 17 21 81 90 38 74 77 41 78 9 22 96 23 38 2 73 17 55 81 29 25 5 98 
78 37 60 65 28 69 22 90 49 99 74 45 43 52 61 76 95 20 33 4 58 37 99 62 16 70 57 62 54 97 39 43 60 62 19 29 41 75 46 61 27 46 26 25 41 72 48 25 4 8 93 74 35 29 94 63 37 86 36 22 73 63 83 66 67 89 47 36 19 83 48 32 24 83 37 18 97 92 18 85 36 50 68 34 96 84 95 90 1 84 69 58 23 88 36 68 78 64 40 24 
70 61 75 61 65 8 76 100 6 28 32 66 26 65 41 32 72 34 85 52 60 51 35 79 1 44 97 23 69 44 49 31 24 71 71 65 28 68 17 36 51 39 88 9 59 30 92 1 36 68 12 14 10 4 79 33 40 23 97 18 63 68 92 58 36 71 11 94 83 12 56 41 10 96 81 54 10 33 98 39 42 35 92 88 72 95 48 77 35 21 30 11 95 83 20 15 85 79 55 76 
88 44 58 40 67 54 78 66 18 65 93 38 58 13 11 6 30 43 69 71 1 14 93 18 13 60 80 61 48 20 9 85 67 77 9 4 17 26 76 45 87 40 55 74 10 4 84 86 50 71 95 85 22 40 54 86 87 9 88 88 3 69 72 50 81 84 75 62 29 13 77 62 69 81 52 64 69 25 48 20 69 94 66 22 60 36 15 14 96 2 76 56 9 91 36 93 16 61 19 30 
48 30 89 18 19 72 50 41 41 100 53 59 48 54 66 22 33 49 94 34 75 43 97 7 2 43 1 96 48 49 22 41 39 83 34 14 12 62 83 5 17 16 64 80 44 88 96 70 68 80 47 0 54 10 82 10 100 75 49 19 97 18 100 94 84 21 51 70 54 46 32 76 26 12 15 45 2 65 9 77 46 65 74 19 5 62 52 34 20 55 27 67 7 33 97 5 20 37 45 69 
89 92 9 68 57 62 52 12 14 4 52 49 0 19 75 23 42 15 36 20 68 53 0 66 82 89 38 18 56 89 11 75 37 10 69 18 30 52 14 42 47 73 30 98 47 53 53 29 85 80 75 93 9 47 75 56 30 49 76 5 48 15 49 13 72 68 70 14 37 96 95 5 17 82 2 94 2 54 24 93 52 7 36 46 34 100 26 6 42 75 58 33 86 70 39 95 1 70 45 86 
1 82 78 42 90 76 5 6 37 54 9 99 34 38 75 52 49 20 47 28 30 86 69 100 93 69 54 71 79 87 95 33 61 48 74 12 52 79 76 10 72 75 75 81 13 93 36 88 78 60 60 21 4 85 60 40 56 36 71 8 64 99 87 30 91 30 70 31 83 9 18 3 18 37 16 12 69 79 12 39 83 99 48 58 89 85 74 44 96 85 81 17 12 18 89 72 3 53 14 46 
39 53 81 84 17 71 92 11 81 66 74 40 62 95 39 75 61 88 50 4 77 30 53 62 10 71 78 32 9 91 53 24 53 93 41 29 57 30 5 95 71 68 1 55 89 11 94 87 37 23 80 63 92 38 31 70 82 80 56 21 29 80 95 21 41 57 14 90 64 88 19 27 52 39 70 40 96 37 28 1 98 6 57 26 50 88 7 83 10 23 53 69 75 64 29 88 36 35 55 43 
82 34 74 38 76 79 64 69 95 99 84 5 42 83 69 5 81 46 35 16 22 17 57 7 57 82 24 15 56 71 59 42 30 21 58 2 77 31 96 55 1 64 28 3 62 95 35 51 72 50 36 69 83 87 50 16 36 32 56 7 57 87 91 94 36 45 39 67 49 73 67 19 3 22 87 47 61 49 82 77 76 38 2 23 51 1 72 27 25 79 25 49 15 73 91 61 25 43 98 91 
40 57 2 11 5 18 76 8 33 19 14 50 82 51 64 92 41 67 52 79 39 57 6 59 71 20 51 85 58 20 16 46 32 78 19 85 31 69 53 12 48 44 90 37 11 11 41 68 54 89 41 44 77 51 25 97 57 0 22 89 49 34 71 94 23 77 95 4 91 36 94 72 28 21 47 56 9 75 75 51 80 73 15 48 83 9 24 18 82 61 13 19 57 100 98 21 98 53 49 13 
40 82 78 65 70 72 57 63 14 36 3 77 19 63 93 76 93 82 66 44 66 57 74 77 79 46 76 17 14 86 89 74 67 67 0 25 73 63 72 5 33 90 10 8 5 37 29 39 44 10 78 26 36 38 13 89 25 94 47 37 4 76 90 50 14 51 7 60 37 98 39 85 100 64 17 26 47 29 33 48 91 3 28 59 77 91 69 89 48 69 60 62 0 70 33 67 31 6 92 76 
6 97 39 56 70 28 8 37 4 81 68 20 0 76 71 47 58 95 33 88 7 62 17 98 25 69 79 80 34 65 96 36 20 55 88 52 37 35 52 86 41 90 94 22 51 70 85 12 20 30 45 8 95 69 0 74 3 63 69 76 55 79 47 100 74 51 74 36 54 94 40 97 39 75 37 17 86 20 30 44 32 58 61 94 65 15 71 68 54 44 41 30 92 82 32 85 43 94 87 62 
46 38 63 6 11 85 11 6 10 82 56 64 66 56 5 87 89 33 62 61 47 70 65 9 86 84 96 12 40 28 18 78 66 62 57 13 42 97 64 32 15 97 55 5 31 14 38 29 49 54 71 34 58 41 20 46 94 16 67 35 25 56 30 67 0 88 4 95 78 1 56 76 94 75 43 73 72 51 42 38 5 92 82 6 77 42 72 35 54 26 61 9 43 43 84 26 69 87 46 43 
21 21 2 13 0 82 96 96 84 81 17 37 54 79 87 41 53 18 83 2 74 8 59 82 70 16 15 77 9 67 59 45 66 0 36 11 32 35 71 35 67 38 31 45 51 53 53 96 19 96 93 99 21 60 18 68 90 55 93 8 92 34 54 26 97 10 7 54 92 87 10 71 32 72 35 56 39 83 49 27 0 75 68 34 46 58 92 67 8 42 44 24 61 50 82 33 0 38 84 75 
48 71 14 58 78 74 52 78 88 44 69 46 98 84 51 89 39 69 42 32 47 64 73 53 57 55 49 77 51 83 81 67 46 62 55 13 25 55 86 30 20 18 50 62 7 10 10 56 44 9 15 17 76 82 28 60 63 13 44 31 43 58 78 73 0 34 92 55 0 1 4 72 18 76 25 46 67 61 65 3 59 4 3 87 7 61 53 75 43 29 54 50 13 22 54 79 73 45 65 22 
1 24 91 56 13 100 72 18 76 63 28 95 60 33 30 12 87 97 81 84 75 37 18 34 92 93 62 26 67 62 27 81 38 27 80 71 35 96 48 90 30 31 42 73 92 38 50 64 35 43 17 97 86 14 44 89 7 30 19 35 36 43 4 17 48 94 68 16 96 99 37 86 33 6 83 23 79 49 22 51 70 64 76 49 57 32 71 11 69 43 72 39 36 64 68 77 0 45 45 65 
66 92 25 76 40 84 39 40 3 68 9 62 95 75 36 47 100 16 16 6 66 34 86 57 75 39 12 21 46 31 65 49 67 54 58 44 48 29 42 78 32 0 88 97 1 91 61 63 2 78 69 100 14 62 73 94 77 78 77 12 42 59 2 87 11 83 2 6 100 64 52 71 23 79 31 25 25 30 29 0 97 43 92 78 17 83 90 99 75 31 50 1 21 69 77 60 48 40 32 46 
49 92 70 31 35 89 53 62 93 8 12 35 10 86 39 32 68 67 99 37 47 18 98 28 21 61 73 48 0 73 69 50 72 76 4 85 95 33 53 76 38 88 92 58 100 13 75 30 8 53 19 53 10 25 5 22 87 91 55 53 95 68 41 61 89 72 24 27 75 21 94 81 46 41 68 87 90 15 87 6 2 68 96 29 91 14 3 13 74 12 17 91 86 74 40 54 75 13 15 100 
49 85 36 32 89 59 62 66 53 26 63 9 95 66 76 30 62 40 22 46 49 79 80 63 22 81 46 57 66 33 51 59 97 24 0 36 40 3 67 57 47 42 78 15 16 88 67 24 96 70 16 94 83 89 91 18 23 97 13 77 10 51 3 21 11 20 82 79 61 9 7 96 57 100 34 24 10 67 29 54 15 7 43 87 38 77 43 19 45 96 97 6 80 1 36 5 17 19 26 32 
57 92 21 69 2 23 74 61 57 99 8 25 91 24 69 33 93 91 31 72 54 98 85 34 14 79 78 97 4 80 6 93 38 95 59 74 66 80 71 75 65 42 52 39 56 40 100 15 61 15 18 61 61 63 93 56 74 25 100 37 35 98 76 68 35 13 49 86 72 94 100 42 42 41 72 11 86 64 95 13 74 56 69 79 20 64 19 19 91 25 96 45 40 43 41 47 21 2 72 37 
42 17 3 34 72 23 80 30 49 98 69 99 83 97 77 76 100 79 24 94 98 16 30 5 47 71 82 48 82 21 18 72 27 71 40 41 73 13 32 77 89 26 39 52 87 41 57 25 48 17 87 54 98 31 81 0 50 88 60 98 51 13 13 2 51 68 61 5 85 80 81 52 33 27 94 82 23 100 45 77 48 92 57 74 89 33 28 61 73 80 60 36 1 1 17 70 40 47 70 44 
95 94 29 81 20 42 46 58 5 21 98 18 27 7 48 86 51 37 68 1 89 13 20 84 37 76 88 15 84 90 5 26 70 74 35 61 82 78 36 43 36 37 55 98 88 92 39 34 61 85 12 67 53 14 32 100 12 95 65 98 13 29 55 23 100 14 3 47 35 35 9 35 8 4 16 41 49 12 66 47 87 97 79 8 94 31 52 71 91 68 3 60 13 87 77 34 39 34 54 37 
55 52 49 77 13 16 39 21 76 11 0 18 34 69 98 3 72 14 11 33 37 0 33 98 84 16 78 50 65 57 84 78 60 42 61 54 1 87 50 87 27 64 6 46 5 40 32 26 81 9 50 30 33 71 34 58 8 82 9 10 49 14 41 87 36 14 80 6 81 85 62 90 68 67 41 53 68 21 43 47 89 61 61 31 28 10 66 52 21 62 22 79 87 66 49 0 10 48 68 50 
23 23 4 78 48 36 89 96 45 12 97 82 97 43 15 84 1 45 71 48 34 7 53 72 62 35 66 12 16 63 36 94 55 5 24 4 32 52 1 21 87 32 35 25 30 55 48 36 35 3 33 98 5 67 62 4 82 29 15 83 13 30 90 13 41 3 23 10 53 44 24 48 45 45 12 35 73 89 63 32 25 8 18 36 81 26 59 57 7 60 48 31 85 41 2 66 73 50 99 60 
91 22 3 91 26 90 5 39 49 11 45 46 53 17 34 8 79 44 23 66 42 99 46 36 19 84 22 2 98 7 14 41 85 6 60 24 29 78 15 80 65 14 1 52 24 68 60 68 71 78 16 3 87 62 5 100 74 25 7 42 99 0 73 85 36 80 85 80 1 5 44 45 10 7 89 15 62 70 34 41 99 13 67 89 15 55 22 45 93 14 12 64 79 35 47 89 1 11 12 18 
62 63 20 42 95 18 14 13 37 69 81 80 72 46 6 43 100 52 47 93 53 70 9 4 93 68 28 91 11 75 82 93 63 79 34 21 66 84 9 50 59 21 56 66 20 54 24 10 24 87 34 100 76 47 40 76 33 40 44 89 5 92 71 20 44 98 95 21 98 80 2 74 31 99 93 4 53 21 78 38 21 87 28 0 86 81 8 71 17 40 81 41 68 97 21 2 18 74 24 30 
4 40 33 96 90 40 80 20 22 2 74 6 95 34 15 5 20 25 44 0 49 89 32 37 34 50 6 92 45 47 16 9 0 9 38 28 77 20 79 41 82 48 89 97 10 57 36 73 90 74 38 77 56 98 5 52 79 3 97 1 83 4 29 37 89 35 17 67 76 24 30 37 49 73 13 81 63 81 12 27 2 76 25 98 4 48 84 74 96 7 71 0 44 69 96 27 30 57 94 3 
49 53 42 16 22 27 19 30 0 98 91 0 13 37 88 61 2 2 49 53 92 84 68 33 97 81 36 100 14 19 100 68 23 1 22 25 17 64 0 55 17 68 20 2 34 76 17 66 38 1 94 80 50 79 17 98 70 68 30 80 35 69 40 81 65 80 30 42 94 45 73 52 13 9 45 8 89 53 58 48 30 76 22 13 88 28 66 66 56 1 6 4 58 79 14 93 97 66 23 20 
43 88 77 93 84 30 22 31 68 37 80 12 78 88 58 9 96 90 55 43 71 18 21 2 86 0 47 28 11 4 17 59 10 18 89 62 64 85 90 17 80 96 21 41 61 66 91 20 94 28 12 53 4 71 4 0 56 53 57 79 66 12 68 85 74 6 5 43 41 98 56 56 66 60 34 65 98 77 59 35 89 3 0 22 58 51 79 77 14 48 65 72 97 55 100 95 81 8 66 73 
38 59 24 9 53 78 28 24 89 43 81 9 28 35 17 8 90 44 68 78 89 57 67 32 52 70 20 42 53 51 72 85 94 54 37 12 65 65 5 71 95 87 24 42 72 75 92 64 99 17 9 12 43 72 75 53 73 20 24 20 99 60 63 84 31 29 82 15 48 43 85 14 69 90 85 67 83 10 63 75 85 19 30 66 84 6 11 10 100 36 49 6 26 35 35 19 28 27 66 98 
36 74 73 32 67 78 21 88 49 24 56 53 7 55 45 42 76 97 11 25 57 7 47 46 0 33 79 30 70 89 45 19 49 49 8 11 82 59 35 25 24 2 1 69 66 78 64 88 10 11 81 46 30 77 90 100 86 66 6 62 52 91 18 88 50 87 77 34 11 54 37 63 28 36 10 41 3 17 58 26 8 53 68 17 71 47 27 48 75 48 40 13 21 40 86 45 75 1 3 69 
27 12 12 32 29 85 73 59 58 42 4 87 74 63 65 64 82 7 91 73 99 55 47 48 0 15 52 44 40 50 87 13 1 68 1 64 9 5 71 100 49 78 99 90 36 16 16 58 23 67 90 37 39 78 73 35 96 26 41 57 54 45 19 87 50 84 63 82 3 19 86 8 8 51 11 12 30 52 58 21 61 5 5 31 50 3 83 11 92 50 51 89 55 76 52 50 71 69 71 73 
78 33 40 99 5 86 45 46 2 89 67 81 9 79 75 54 24 70 6 7 62 17 40 57 73 17 93 23 98 51 26 67 15 29 46 55 28 25 50 24 22 87 38 54 26 84 49 82 54 9 43 30 98 68 65 61 21 32 70 18 55 61 86 65 22 71 30 22 86 55 37 99 62 41 16 28 40 1 45 62 79 53 93 22 15 90 86 51 59 63 45 28 99 21 69 94 48 62 7 28 
79 83 77 31 6 99 45 13 67 97 100 0 35 100 63 68 7 19 17 49 86 33 69 84 17 28 13 5 86 2 29 97 64 21 49 79 6 27 36 45 36 60 49 72 89 39 98 5 83 71 91 31 1 73 77 75 10 41 80 88 57 57 53 70 65 26 24 5 39 42 30 16 22 41 1 41 58 39 2 0 0 25 14 55 67 26 58 90 17 65 100 18 48 31 75 85 2 27 88 21 
71 1 47 81 11 32 64 55 51 90 13 16 32 2 59 32 55 24 48 62 28 88 41 19 94 81 100 88 91 17 90 62 37 11 80 42 25 25 13 0 71 64 79 42 85 13 38 9 70 51 11 67 34 20 59 47 79 36 30 51 55 22 17 94 59 6 34 77 18 74 13 65 72 87 69 51 65 11 6 27 25 80 48 31 95 63 12 1 42 27 49 27 10 68 7 72 74 92 1 12 
71 61 44 15 74 25 12 31 67 52 18 60 54 41 38 50 69 97 29 39 59 52 32 77 76 51 89 3 5 24 2 92 8 74 34 94 89 24 26 53 70 42 25 10 62 66 49 89 88 64 5 99 29 22 54 19 14 64 43 65 47 0 49 81 40 57 28 6 13 80 67 43 10 75 93 77 47 86 65 90 65 80 20 79 52 92 69 98 11 53 90 31 98 14 55 56 96 65 6 28 
14 13 30 0 83 77 52 40 82 89 60 20 17 84 22 39 37 78 95 57 15 87 45 45 11 42 75 50 88 23 97 90 26 68 80 8 58 38 47 51 63 0 57 22 18 21 23 86 27 19 69 85 76 57 21 10 37 10 2 79 75 16 18 90 39 3 14 95 16 34 51 78 1 66 74 53 71 22 78 66 52 11 32 25 90 97 86 4 100 57 53 29 83 19 73 35 22 13 27 30 
90 40 40 53 64 32 16 1 63 86 19 43 85 65 64 4 61 100 91 54 100 90 48 64 35 49 84 97 49 50 48 20 85 100 63 67 92 5 68 9 1 15 84 17 40 85 4 44 14 19 39 0 95 73 45 89 30 19 56 54 80 70 71 95 60 7 11 71 26 34 98 41 96 61 61 60 100 6 76 66 19 72 7 86 100 71 94 19 7 89 78 41 63 40 99 21 14 73 17 62 
45 59 47 0 6 13 9 57 53 51 61 11 25 27 17 73 5 78 71 14 16 32 61 52 10 60 93 80 24 41 10 67 58 87 10 38 84 10 74 93 73 40 12 20 11 56 97 74 17 71 99 73 59 52 59 1 22 33 63 0 2 89 66 39 21 95 34 55 11 100 59 94 64 69 22 0 23 48 61 88 43 86 4 74 36 27 29 46 24 88 21 45 48 62 3 9 19 20 66 67 
61 59 10 71 72 38 54 41 76 12 18 89 100 95 16 8 61 48 76 0 65 83 69 22 65 71 38 82 46 95 31 43 8 33 61 45 84 78 0 69 5 3 6 72 75 17 88 20 70 14 24 11 95 67 50 43 19 53 36 7 3 17 51 54 18 59 0 15 26 28 10 4 91 10 32 72 29 41 83 27 6 9 94 96 43 6 95 70 39 29 6 84 28 85 6 14 9 78 39 36 
41 57 30 17 36 29 96 83 8 11 30 86 63 86 39 17 47 41 8 41 80 50 91 57 58 83 79 21 54 77 65 44 48 45 14 59 73 29 37 77 58 18 80 99 44 9 4 35 32 49 86 43 36 21 36 25 63 8 81 90 7 6 26 52 19 97 70 35 67 63 25 17 90 66 96 2 10 57 77 79 96 54 3 39 85 97 74 63 6 67 16 64 83 29 41 22 83 79 33 51 
65 6 59 43 43 57 91 27 31 24 74 40 71 75 0 94 42 52 94 7 34 41 18 92 67 6 45 56 1 90 76 43 47 85 51 16 72 35 48 17 81 44 10 97 42 97 51 62 22 51 88 86 96 27 47 75 54 35 94 33 44 62 64 31 17 4 80 98 11 25 49 57 63 1 98 12 81 49 58 11 61 75 99 66 4 73 66 35 46 40 32 6 4 12 13 16 16 17 78 74 
51 26 100 10 86 95 61 71 42 89 48 87 64 79 94 23 28 77 34 90 74 12 25 100 75 88 100 53 83 68 88 57 32 96 86 71 84 81 90 47 38 12 95 94 29 96 69 43 33 31 28 75 62 95 6 12 87 36 61 83 49 54 100 47 11 23 12 90 65 14 3 74 81 38 62 33 36 58 77 57 67 64 1 92 40 10 91 86 74 50 83 78 79 70 64 84 93 37 3 70 
74 3 49 7 24 46 99 92 55 60 57 87 0 8 11 27 98 46 36 3 100 92 91 98 25 10 10 10 58 71 20 94 4 17 41 6 10 28 83 80 9 5 71 37 44 89 69 95 23 46 11 65 84 40 65 39 57 98 40 26 95 13 68 30 46 65 31 91 95 2 2 59 17 59 27 13 40 89 28 93 57 3 93 88 56 70 74 85 41 0 77 88 17 21 50 96 62 24 51 69 
68 65 21 96 97 94 17 34 71 57 97 48 76 17 39 77 20 48 45 56 70 94 63 21 87 57 48 21 38 12 94 56 65 9 21 36 100 77 48 31 50 34 96 83 95 27 71 78 76 95 73 50 36 6 19 70 32 45 65 58 62 95 73 45 47 43 22 90 66 72 86 18 50 39 98 62 68 56 78 8 52 30 81 83 25 68 38 69 77 61 75 19 41 76 40 12 30 67 38 64 
81 77 70 18 25 82 18 43 53 13 56 88 82 46 56 46 85 38 19 16 98 34 19 75 14 52 87 2 37 74 83 36 71 12 62 60 38 65 83 49 20 4 43 15 62 22 34 48 76 15 19 52 6 60 43 67 88 1 58 81 17 20 97 81 84 90 33 15 18 2 42 8 42 6 40 36 40 31 93 38 19 6 23 39 78 78 10 74 32 46 65 35 33 95 95 31 9 51 92 47 
26 30 86 25 18 98 47 82 6 54 90 96 4 65 78 66 5 53 29 10 4 84 46 15 31 84 29 18 6 40 82 59 96 34 51 70 66 37 35 24 22 5 94 31 89 77 38 58 72 17 34 12 2 80 29 6 55 76 44 53 74 23 43 73 92 16 6 80 47 28 78 22 53 74 8 92 4 34 100 32 31 90 49 77 8 93 53 71 2 58 34 8 2 59 33 32 78 93 35 91 
88 4 100 18 54 68 83 30 6 40 61 63 67 63 42 69 40 25 50 83 98 8 39 51 44 33 12 64 39 33 93 97 95 65 97 44 34 62 81 91 84 100 98 73 25 16 29 2 63 42 70 81 59 87 7 70 74 66 15 67 72 41 91 65 61 82 80 24 74 33 13 89 72 25 72 58 49 82 54 7 57 13 43 98 57 74 98 69 71 19 8 67 46 50 15 4 55 64 25 46 
26 62 95 9 26 1 37 85 92 54 76 0 20 59 43 70 69 80 4 67 97 87 78 7 77 91 92 99 19 86 88 12 37 80 22 54 12 25 82 42 63 52 57 61 77 91 75 82 57 82 67 60 20 45 31 54 28 11 50 29 95 24 59 25 77 11 26 5 1 18 61 0 90 64 78 7 33 59 27 53 20 77 64 94 15 30 55 14 40 27 61 36 50 45 87 54 37 62 22 47 
39 75 6 79 98 47 83 57 65 86 73 34 48 69 38 54 73 94 16 59 14 50 49 25 72 90 13 45 70 90 77 51 56 69 8 94 70 10 39 22 19 92 18 53 3 83 36 4 69 24 59 21 41 11 71 57 39 26 62 78 25 96 1 89 67 79 85 45 98 69 15 30 1 67 85 18 72 100 11 3 18 57 91 5 18 62 48 36 52 5 3 39 33 98 52 81 37 6 20 45 
97 34 56 0 83 71 36 84 61 64 84 45 70 53 79 80 59 54 97 91 100 19 38 87 37 54 32 62 86 29 66 61 19 63 0 48 29 39 73 41 55 34 11 93 16 26 83 0 41 28 91 0 23 19 23 50 87 72 23 31 83 12 66 24 64 39 82 52 43 94 67 52 41 19 80 38 69 63 15 84 6 4 8 29 55 37 16 8 3 100 84 5 25 89 44 93 66 13 72 82 
10 93 25 10 14 91 39 22 70 68 98 82 11 96 30 23 19 44 65 71 86 90 26 27 18 50 9 20 71 67 64 97 48 72 4 19 43 95 1 50 59 29 52 50 40 16 11 41 83 17 63 64 42 18 13 96 90 18 42 47 39 37 42 86 59 74 9 45 17 9 100 74 10 75 63 7 58 76 39 38 19 12 39 84 66 36 23 3 21 25 43 16 17 24 87 42 42 11 92 19 
39 34 30 35 12 72 62 51 5 78 78 53 79 7 42 44 58 68 90 62 38 20 5 4 42 55 27 34 21 5 39 25 43 80 68 45 82 62 65 6 28 29 70 61 0 9 20 37 36 85 3 96 30 31 68 57 74 27 11 53 32 10 39 36 74 76 14 43 40 11 22 53 81 96 93 54 25 44 43 86 11 56 95 30 2 82 43 36 4 60 7 13 82 72 29 25 71 60 17 89 
74 11 77 32 56 41 83 65 5 46 75 14 45 99 24 5 69 57 91 10 34 30 77 83 76 27 65 97 97 85 23 87 76 83 89 79 12 48 63 23 97 45 47 48 26 40 6 67 70 11 100 65 90 18 25 38 65 34 3 33 88 43 56 96 28 35 2 99 43 44 98 44 0 39 38 36 70 51 30 14 25 9 26 63 60 35 65 94 71 97 77 51 69 54 67 41 39 35 49 32 
59 40 30 82 76 23 69 38 66 73 80 40 45 42 89 2 60 36 13 59 18 50 73 54 48 17 67 54 38 10 72 9 75 72 57 85 95 3 80 30 19 46 35 27 56 65 63 47 86 100 47 70 75 81 21 97 28 64 6 50 81 2 49 84 10 61 18 62 42 89 8 48 46 25 12 69 62 97 97 55 73 51 12 84 24 56 61 73 22 91 20 76 38 42 61 28 92 56 63 27 
89 84 55 9 99 77 56 7 2 86 50 20 51 56 32 59 67 77 12 29 2 0 6 85 82 23 53 50 36 94 12 85 60 83 1 8 29 0 17 24 96 24 33 24 14 8 49 63 52 1 71 87 75 76 35 31 96 33 6 6 6 42 10 69 29 33 57 23 26 82 52 10 25 27 64 10 96 85 44 72 91 22 6 13 37 75 70 24 35 50 64 99 3 92 19 33 40 80 31 17 
58 9 68 87 84 80 87 49 37 99 16 20 73 92 27 61 20 2 84 5 20 14 88 60 31 48 51 3 87 76 26 97 84 87 21 88 53 41 60 36 8 72 13 70 74 76 100 70 14 52 27 17 25 39 43 98 0 72 19 26 43 80 39 7 29 20 27 58 100 54 39 84 50 83 48 46 70 1 16 5 50 26 12 36 64 6 73 54 75 46 14 11 52 18 79 92 7 93 66 58 
32 92 63 28 52 42 99 65 27 14 0 41 79 49 28 13 90 68 98 57 28 98 39 38 72 4 39 86 25 39 21 41 95 96 9 11 33 81 67 5 38 21 78 29 59 89 96 64 64 66 100 96 95 10 84 27 23 51 28 87 31 41 20 54 94 77 48 90 19 10 67 84 78 47 82 52 48 29 97 60 69 2 54 43 94 99 42 47 98 64 5 39 60 26 49 6 85 43 99 94 
99 20 65 23 63 7 66 72 50 73 30 30 87 94 50 66 29 35 18 2 94 45 17 77 57 46 63 16 19 46 94 96 0 47 87 77 32 72 11 47 100 35 99 76 73 22 15 85 37 71 23 34 38 34 10 5 12 23 45 6 73 82 1 22 84 13 92 29 91 74 9 38 66 70 19 29 8 31 13 50 77 88 30 61 45 25 39 23 50 13 42 57 48 18 38 58 63 45 17 85 
32 25 42 12 65 65 91 7 60 70 64 85 46 21 27 76 66 4 44 69 55 49 75 41 75 39 11 31 56 62 79 81 46 61 32 86 6 46 80 46 36 73 51 5 35 66 74 75 0 69 27 54 49 99 38 69 86 12 14 54 81 71 88 60 67 48 32 31 89 69 5 23 85 32 69 59 53 22 56 71 61 72 9 10 38 11 16 99 58 29 48 65 89 16 55 68 91 4 17 4 
34 85 46 45 63 96 100 17 43 77 34 13 63 19 32 78 91 83 22 65 5 64 53 26 99 58 78 43 5 5 43 95 17 4 93 26 2 1 8 21 63 2 43 8 79 24 23 89 10 93 4 65 14 27 34 74 73 5 78 14 55 20 53 54 76 65 2 83 49 51 64 30 70 54 4 86 39 13 19 79 7 78 63 73 24 93 54 7 92 1 56 13 72 34 1 59 69 37 44 51 
83 18 69 16 57 100 88 56 37 58 88 34 16 11 4 66 90 20 64 11 4 31 53 21 74 32 56 51 68 86 15 32 79 2 33 24 16 40 61 78 50 40 83 31 82 62 23 50 31 83 86 59 87 45 88 13 27 10 29 77 4 25 15 89 6 45 22 13 86 40 76 9 17 95 65 66 75 40 1 24 43 52 50 91 6 45 91 53 71 10 52 56 97 78 58 15 55 89 1 2 
36 51 89 87 27 82 62 8 41 26 97 85 13 22 100 37 44 75 97 72 27 74 88 19 42 23 80 17 20 78 98 60 54 5 6 37 35 69 34 98 49 67 28 62 55 50 41 43 64 13 34 69 40 15 97 51 73 50 24 4 20 41 47 48 42 88 5 62 29 81 32 64 47 63 6 6 25 29 29 85 73 43 38 3 92 12 37 56 25 27 46 21 1 28 93 69 93 14 13 44 
78 54 58 74 22 60 2 56 34 28 11 48 27 30 38 44 79 59 0 96 94 14 98 58 14 32 63 20 59 42 5 5 43 86 84 64 50 90 64 36 74 26 51 80 23 5 3 20 28 96 69 46 86 3 76 57 5 50 75 36 0 92 17 23 80 70 66 32 92 49 86 66 12 30 86 0 16 64 10 69 69 72 94 76 92 32 68 28 74 6 26 84 94 49 82 34 42 27 94 66 
91 9 9 58 44 10 37 93 100 100 52 27 45 66 60 42 27 7 56 85 17 26 43 60 91 8 64 50 23 47 27 36 98 50 27 69 73 7 57 17 59 89 71 89 79 59 68 31 35 9 54 7 91 19 99 21 78 22 26 23 61 76 69 97 70 93 43 59 20 43 55 95 13 71 94 9 16 92 27 8 91 73 27 35 30 29 45 25 27 30 28 69 94 67 18 35 57 100 71 68 
55 5 39 3 14 34 29 48 89 16 40 3 89 50 37 53 85 43 67 52 69 30 100 39 83 72 31 33 89 44 71 95 21 55 74 53 51 98 7 99 24 36 78 8 72 75 35 81 2 8 11 91 83 7 5 93 49 89 43 37 27 21 59 90 15 98 10 54 21 20 78 51 69 91 9 6 81 56 28 5 86 4 7 41 47 60 75 29 62 22 85 38 64 13 14 64 1 21 34 72 
11 67 5 16 17 82 56 7 57 8 89 21 52 23 42 83 1 53 78 80 2 11 68 65 87 38 25 71 3 96 74 53 71 70 70 96 23 6 57 53 99 4 67 80 99 55 85 36 46 7 28 100 73 90 14 11 90 51 25 53 11 81 75 69 50 19 32 76 17 36 98 32 77 44 92 27 5 58 14 10 8 82 39 61 51 13 29 100 11 26 23 8 98 20 49 11 42 6 63 84 
23 2 85 72 38 25 65 50 64 43 50 23 4 83 16 48 40 46 48 91 85 73 27 71 58 67 0 39 1 47 59 29 1 51 64 10 49 57 38 65 83 48 6 89 69 3 89 8 94 20 37 8 46 91 89 52 52 68 74 48 73 22 68 17 98 90 29 2 40 9 65 15 42 4 85 12 90 5 91 63 44 17 90 68 31 27 3 77 8 84 44 59 43 79 74 21 0 28 48 80 
5 86 46 65 29 79 30 14 51 87 92 85 86 55 50 29 11 58 93 48 75 14 40 69 33 48 34 17 13 7 52 5 60 42 92 89 90 63 63 59 37 26 31 36 74 69 75 40 33 21 92 94 32 94 49 94 42 10 22 0 32 8 82 83 73 54 45 74 37 32 15 4 59 16 3 34 36 31 99 34 3 8 58 50 90 5 13 77 21 91 91 68 96 4 90 58 69 1 11 6 
37 85 54 15 68 5 58 90 14 54 77 36 95 54 45 60 84 28 69 88 44 59 27 77 18 62 57 25 9 26 14 82 3 38 2 51 93 91 19 63 85 87 1 93 12 55 36 30 29 72 56 34 100 25 50 44 98 51 93 31 1 76 37 43 57 63 25 54 31 98 10 82 93 47 66 73 51 47 20 16 31 24 13 40 73 30 17 73 99 52 4 68 74 34 24 46 5 35 12 68 
88 8 14 2 4 79 62 27 71 71 97 93 55 41 74 17 68 47 23 86 92 95 33 13 40 42 51 27 34 70 76 63 43 10 27 22 58 10 19 38 98 31 37 89 32 6 47 49 19 75 46 3 74 20 49 71 1 81 0 91 56 71 39 99 21 92 82 43 55 67 12 13 91 52 97 0 75 46 99 25 100 79 42 74 41 46 53 34 79 76 100 77 27 64 78 9 36 32 28 23 
19 50 18 33 22 100 75 96 4 67 86 48 12 84 57 9 46 28 37 1 77 79 36 41 5 74 25 34 94 42 17 71 22 52 83 65 75 74 83 47 49 94 55 28 62 21 30 12 31 98 93 5 14 4 4 65 30 0 90 81 67 20 53 84 95 64 90 85 57 95 83 42 80 74 95 7 9 18 92 69 97 86 10 30 56 78 21 31 50 2 43 3 85 13 89 62 58 73 35 59 
99 23 68 32 57 21 78 37 47 93 42 72 7 19 45 85 20 75 76 62 78 98 57 24 32 72 49 88 93 83 82 4 74 81 9 74 67 3 69 58 26 29 74 43 5 83 24 27 78 52 40 17 77 87 4 24 3 29 10 0 80 20 43 89 86 23 61 65 51 0 91 28 40 18 47 99 43 72 19 64 30 61 41 11 86 47 74 98 23 76 23 99 72 96 22 90 64 0 17 97 
43 23 21 97 57 44 74 28 61 70 14 60 54 8 56 35 89 66 99 16 90 6 91 23 71 25 60 43 95 16 14 81 68 97 0 55 12 15 5 4 96 78 91 13 46 66 73 8 99 91 16 4 10 4 20 74 78 61 76 30 93 32 99 32 34 94 26 48 79 71 70 59 10 85 95 32 40 92 69 1 92 23 20 79 92 47 99 64 79 79 58 78 30 77 65 75 54 24 21 66 
67 1 50 20 59 54 99 54 29 80 15 11 89 98 100 63 2 81 0 91 53 41 59 89 37 7 76 11 61 64 13 55 2 88 14 52 24 99 16 51 24 42 93 41 26 99 77 60 28 16 43 16 97 100 66 59 2 91 27 66 78 84 55 47 47 27 84 58 15 4 29 92 53 23 33 86 27 94 77 22 94 13 43 33 18 75 44 81 32 100 39 10 9 97 37 100 47 34 6 75 
