55 85 15 57 89 99 89 41 55 55 85 15 57 89 99 89 41 13 61 85 15 57 89 99 89 55 85 15 57 89 99 89 41 13 61 41 13 61 55 85 15 57 89 99 89 41 13 61 13 61 
67 48 15 57 89 5 99 41 67 67 48 15 57 89 5 99 41 13 25 48 15 57 89 5 99 67 48 15 57 89 5 99 41 13 25 41 13 25 67 48 15 57 89 5 99 41 13 25 13 25 
90 85 79 57 37 70 99 33 90 90 85 79 57 37 70 99 33 26 45 85 79 57 37 70 99 90 85 79 57 37 70 99 33 26 45 33 26 45 90 85 79 57 37 70 99 33 26 45 26 45 
55 48 73 37 87 65 5 49 55 55 48 73 37 87 65 5 49 77 34 48 73 37 87 65 5 55 48 73 37 87 65 5 49 77 34 49 77 34 55 48 73 37 87 65 5 49 77 34 77 34 
67 74 42 29 57 89 70 41 67 67 74 42 29 57 89 70 41 53 21 74 42 29 57 89 70 67 74 42 29 57 89 70 41 53 21 41 53 21 67 74 42 29 57 89 70 41 53 21 53 21 
90 17 15 73 9 89 65 33 90 90 17 15 73 9 89 65 33 13 73 17 15 73 9 89 65 90 17 15 73 9 89 65 33 13 73 33 13 73 90 17 15 73 9 89 65 33 13 73 13 73 
5 9 79 25 47 37 85 49 5 5 9 79 25 47 37 85 49 26 25 9 79 25 47 37 85 5 9 79 25 47 37 85 49 26 25 49 26 25 5 9 79 25 47 37 85 49 26 25 26 25 
53 33 73 53 93 87 53 77 53 53 33 73 53 93 87 53 77 77 45 33 73 53 93 87 53 53 33 73 53 93 87 53 77 77 45 77 77 45 53 33 73 53 93 87 53 77 77 45 77 45 
85 69 42 29 98 57 49 89 85 85 69 42 29 98 57 49 89 53 25 69 42 29 98 57 49 85 69 42 29 98 57 49 89 53 25 89 53 25 85 69 42 29 98 57 49 89 53 25 53 25 
45 73 1 29 96 9 91 49 45 45 73 1 29 96 9 91 49 1 45 73 1 29 96 9 91 45 73 1 29 96 9 91 49 1 45 49 1 45 45 73 1 29 96 9 91 49 1 45 1 45 
36 9 53 81 57 47 31 98 36 36 9 53 81 57 47 31 98 41 34 9 53 81 57 47 31 36 9 53 81 57 47 31 98 41 34 98 41 34 36 9 53 81 57 47 31 98 41 34 41 34 
78 9 13 57 89 93 45 31 78 78 9 13 57 89 93 45 31 89 21 9 13 57 89 93 45 78 9 13 57 89 93 45 31 89 21 31 89 21 78 9 13 57 89 93 45 31 89 21 89 21 
55 74 40 37 37 98 5 81 55 55 74 40 37 37 98 5 81 37 73 74 40 37 37 98 5 55 74 40 37 37 98 5 81 37 73 81 37 73 55 74 40 37 37 98 5 81 37 73 37 73 
67 85 7 29 87 96 99 91 67 67 85 7 29 87 96 99 91 77 45 85 7 29 87 96 99 67 85 7 29 87 96 99 91 77 45 91 77 45 67 85 7 29 87 96 99 91 77 45 77 45 
90 48 89 73 57 57 5 41 90 90 48 89 73 57 57 5 41 80 25 48 89 73 57 57 5 90 48 89 73 57 57 5 41 80 25 41 80 25 90 48 89 73 57 57 5 41 80 25 80 25 
5 74 1 57 89 37 70 33 5 5 74 1 57 89 37 70 33 13 87 74 1 57 89 37 70 5 74 1 57 89 37 70 33 13 87 33 13 87 5 74 1 57 89 37 70 33 13 87 13 87 
53 17 53 37 37 87 65 49 53 53 17 53 37 37 87 65 49 26 45 17 53 37 37 87 65 53 17 53 37 37 87 65 49 26 45 49 26 45 53 17 53 37 37 87 65 49 26 45 26 45 
85 9 15 29 87 57 85 77 85 85 9 15 29 87 57 85 77 77 73 9 15 29 87 57 85 85 9 15 29 87 57 85 77 77 73 77 77 73 85 9 15 29 87 57 85 77 77 73 77 73 
45 33 79 73 57 9 99 89 45 45 33 79 73 57 9 99 89 53 34 33 79 73 57 9 99 45 33 79 73 57 9 99 89 53 34 89 53 34 45 33 79 73 57 9 99 89 53 34 53 34 
36 69 73 25 9 47 5 49 36 36 69 73 25 9 47 5 49 1 21 69 73 25 9 47 5 36 69 73 25 9 47 5 49 1 21 49 1 21 36 69 73 25 9 47 5 49 1 21 1 21 
78 73 42 53 47 93 70 98 78 78 73 42 53 47 93 70 98 41 73 73 42 53 47 93 70 78 73 42 53 47 93 70 98 41 73 98 41 73 78 73 42 53 47 93 70 98 41 73 41 73 
7 9 1 29 93 98 65 31 7 7 9 1 29 93 98 65 31 89 76 9 1 29 93 98 65 7 9 1 29 93 98 65 31 89 76 31 89 76 7 9 1 29 93 98 65 31 89 76 89 76 
7 9 53 29 98 96 85 81 7 7 9 53 29 98 96 85 81 37 77 9 53 29 98 96 85 7 9 53 29 98 96 85 81 37 77 81 37 77 7 9 53 29 98 96 85 81 37 77 37 77 
55 17 13 81 96 89 53 91 55 55 17 13 81 96 89 53 91 77 73 17 13 81 96 89 53 55 17 13 81 96 89 53 91 77 73 91 77 73 55 17 13 81 96 89 53 91 77 73 77 73 
67 85 40 57 57 89 49 77 67 67 85 40 57 57 89 49 77 80 45 85 40 57 57 89 49 67 85 40 57 57 89 49 77 80 45 77 80 45 67 85 40 57 57 89 49 77 80 45 80 45 
90 48 7 57 9 37 91 41 90 90 48 7 57 9 37 91 41 1 25 48 7 57 9 37 91 90 48 7 57 9 37 91 41 1 25 41 1 25 90 48 7 57 9 37 91 41 1 25 1 25 
5 74 89 37 47 87 31 33 5 5 74 89 37 47 87 31 33 41 87 74 89 37 47 87 31 5 74 89 37 47 87 31 33 41 87 33 41 87 5 74 89 37 47 87 31 33 41 87 41 87 
53 17 13 29 93 57 45 49 53 53 17 13 29 93 57 45 49 89 45 17 13 29 93 57 45 53 17 13 29 93 57 45 49 89 45 49 89 45 53 17 13 29 93 57 45 49 89 45 89 45 
85 9 40 73 98 9 53 77 85 85 9 40 73 98 9 53 77 37 81 9 40 73 98 9 53 85 9 40 73 98 9 53 77 37 81 77 37 81 85 9 40 73 98 9 53 77 37 81 37 81 
45 33 7 25 96 47 49 89 45 45 33 7 25 96 47 49 89 77 89 33 7 25 96 47 49 45 33 7 25 96 47 49 89 77 89 89 77 89 45 33 7 25 96 47 49 89 77 89 77 89 
36 69 89 53 57 93 91 49 36 36 69 89 53 57 93 91 49 80 10 69 89 53 57 93 91 36 69 89 53 57 93 91 49 80 10 49 80 10 36 69 89 53 57 93 91 49 80 10 80 10 
78 73 79 29 37 98 31 98 78 78 73 79 29 37 98 31 98 26 58 73 79 29 37 98 31 78 73 79 29 37 98 31 98 26 58 98 26 58 78 73 79 29 37 98 31 98 26 58 26 58 
7 9 15 29 89 96 45 31 7 7 9 15 29 89 96 45 31 77 6 9 15 29 89 96 45 7 9 15 29 89 96 45 31 77 6 31 77 6 7 9 15 29 89 96 45 31 77 6 77 6 
55 9 79 81 37 57 70 81 55 55 9 79 81 37 57 70 81 53 9 9 79 81 37 57 70 55 9 79 81 37 57 70 81 53 9 81 53 9 55 9 79 81 37 57 70 81 53 9 53 9 
67 85 73 57 87 37 65 91 67 67 85 73 57 87 37 65 91 1 74 85 73 57 87 37 65 67 85 73 57 87 37 65 91 1 74 91 1 74 67 85 73 57 87 37 65 91 1 74 1 74 
90 48 42 25 57 87 85 89 90 90 48 42 25 57 87 85 89 41 8 48 42 25 57 87 85 90 48 42 25 57 87 85 89 41 8 89 41 8 90 48 42 25 57 87 85 89 41 8 41 8 
5 74 1 53 9 57 53 49 5 5 74 1 53 9 57 53 49 89 25 74 1 53 9 57 53 5 74 1 53 9 57 53 49 89 25 49 89 25 5 74 1 53 9 57 53 49 89 25 89 25 
53 17 53 29 47 9 49 98 53 53 17 53 29 47 9 49 98 37 45 17 53 29 47 9 49 53 17 53 29 47 9 49 98 37 45 98 37 45 53 17 53 29 47 9 49 98 37 45 37 45 
85 9 13 29 93 47 91 31 85 85 9 13 29 93 47 91 31 77 34 9 13 29 93 47 91 85 9 13 29 93 47 91 31 77 34 31 77 34 85 9 13 29 93 47 91 31 77 34 77 34 
45 33 40 81 98 93 31 81 45 45 33 40 81 98 93 31 81 80 21 33 40 81 98 93 31 45 33 40 81 98 93 31 81 80 21 81 80 21 45 33 40 81 98 93 31 81 80 21 80 21 
36 69 7 57 96 98 45 91 36 36 69 7 57 96 98 45 91 13 73 69 7 57 96 98 45 36 69 7 57 96 98 45 91 13 73 91 13 73 36 69 7 57 96 98 45 91 13 73 13 73 
78 73 89 37 57 96 49 33 78 78 73 89 37 57 96 49 33 26 45 73 89 37 57 96 49 78 73 89 37 57 96 49 33 26 45 33 26 45 78 73 89 37 57 96 49 33 26 45 26 45 
7 9 73 29 87 57 75 49 7 7 9 73 29 87 57 75 49 77 25 9 73 29 87 57 75 7 9 73 29 87 57 75 49 77 25 49 77 25 7 9 73 29 87 57 75 49 77 25 77 25 
5 9 42 73 57 57 57 77 5 5 9 42 73 57 57 57 77 53 87 9 42 73 57 57 57 5 9 42 73 57 57 57 77 53 87 77 53 87 5 9 42 73 57 57 57 77 53 87 53 87 
53 9 1 25 9 85 23 89 53 53 9 1 25 9 85 23 89 1 45 9 1 25 9 85 23 53 9 1 25 9 85 23 89 1 45 89 1 45 53 9 1 25 9 85 23 89 1 45 1 45 
85 33 53 53 47 53 49 49 85 85 33 53 53 47 53 49 49 41 73 33 53 53 47 53 49 85 33 53 53 47 53 49 49 41 73 49 41 73 85 33 53 53 47 53 49 49 41 73 41 73 
45 69 13 29 93 49 92 98 45 45 69 13 29 93 49 92 98 89 45 69 13 29 93 49 92 45 69 13 29 93 49 92 98 89 45 98 89 45 45 69 13 29 93 49 92 98 89 45 89 45 
36 73 40 29 98 91 69 31 36 36 73 40 29 98 91 69 31 37 25 73 40 29 98 91 69 36 73 40 29 98 91 69 31 37 25 31 37 25 36 73 40 29 98 91 69 31 37 25 37 25 
78 9 7 81 96 31 53 81 78 78 9 7 81 96 31 53 81 77 87 9 7 81 96 31 53 78 9 7 81 96 31 53 81 77 87 81 77 87 78 9 7 81 96 31 53 81 77 87 77 87 
7 9 89 57 57 45 89 91 7 7 9 89 57 57 45 89 91 80 45 9 89 57 57 45 89 7 9 89 57 57 45 89 91 80 45 91 80 45 7 9 89 57 57 45 89 91 80 45 80 45 
