Abcalsusifnsnsaisa423dmiasdi
123abcasdasdfgsgsdg45tgsafsd
5634csdfsdtsdrthjihuiasdfbui
Abcalsusifnsnsaisa423dmiasdi
123abcasdasdfgsgsdg45tgsafsd
5634csdfsdtsdrthjihuiasdfbui
Abcasdj45645hjuyweqyuasdfhda
Abchnasduyyuaytybnuhuhinmiog
Abcniujoi4345fybnjkmkuikkmj
Abcjuift3432342uyihgjoihiugy
Abcjihu8ih243klhuio123iiougy
Abcalsusifnsnsaisa423dmiasdi
123abcasdasdfgsgsdg45tgsafsd
5634csdfsdtsdrthjihuiasdfbui
Abcasdj45645hjuyweqyuasdfhda
Abchnasduyyuaytybnuhuhinmiog
5634csdfsdtsdrthjihuiasdfbui
Abcasdj45645hjuyweqyuasdfhda
Abchnasduyyuaytybnuhuhinmio
Abcniujoi4345fybnjkmkuikkmj
Abcjuift3432342uyihgjoihiugy
Abcjihu8ih243klhuio123iiougy
Abchnasduyyuaytybnuhuhinmiog
8abcniujoi4345fybnjkmkuikkm
Abcjuift3432342uyihgjoihiugy
Abcjihu8ih243klhuio123iiougy
Abcniujoi4345fybnjkmkuikkmj
Abcjuift3432342uyihgjoihiugy
Abcjihu8ih243klhuio123iiougy
5634csdfsdtsdrthjihuiasdfbui
Abcasdj45645hjuyweqyuasdfhda
Abchnasduyyuaytybnuhuhinmio
Abcniujoi4345fybnjkmkuikkmj
Abcjuift3432342uyihgjoihiugy
Abcjihu8ih243klhuio123iiougy
Abchnasduyyuaytybnuhuhinmiog
8abcniujoi4345fybnjkmkuikkm
Abcjuift3432342uyihgjoihiugy
Abcjihu8ih243klhuio123iiougy
Abcasdj45645hjuyweqyuasdfhda
Abcalsusifnsnsaisa423dmiasdi
Abcalsusifnsnsaisa423dmiasdi
123abcasdasdfgsgsdg45tgsafsd
5634csdfsdtsdrthjihuiasdfbui
Abcasdj45645hjuyweqyuasdfhda
Abchnasduyyuaytybnuhuhinmio
Abcniujoi4345fybnjkmkuikkmj
Abcjuift3432342uyihgjoihiugy
Abcjihu8ih243klhuio123iiougy
Abchnasduyyuaytybnuhuhinmiog
8abcniujoi4345fybnjkmkuikkm
Abcjuift3432342uyihgjoihiugy
Abcjihu8ih243klhuio123iiougy
123abcasdasdfgsgsdg45tgsafsd
5634csdfsdtsdrthjihuiasdfbui
Abcasdj45645hjuyweqyuasdfhda
Abchnasduyyuaytybnuhuhinmio
Abcniujoi4345fybnjkmkuikkmj
Abcjuift3432342uyihgjoihiugy
Abcjihu8ih243klhuio123iiougy
Abchnasduyyuaytybnuhuhinmiog
8abcniujoi4345fybnjkmkuikkm
Abcjuift3432342uyihgjoihiugy
Abcjihu8ih243klhuio123iiougy
