A-bcalsusifnsnsaisa4miasd
1-23abcasdasdfgsgsdg45tgsafs
5634csdfsdtsdrthjiuifbu-i
A-bcalsusifnsnsaisa4miasd
1-23abcasdasdfgsgsdg45tgsafs
5634csdfsdtsdrthjiuifbu-i
Abcalsusinsai-a423dmiasdi
1-3abcasdasgsgsdg45tgsafsd
5634csdfsdtsdrthjihuia-dfbui
A-casdj45645hjuyweqyuasdfhda
Abchnasduyyuaytybuhinmiog
Abcniujoi4345fybnjkmkui-kmj
Abcjuift34323-2uyihgjoihiug
Abcalsusinsai-a423dmiasdi
1-3abcasdasgsgsdg45tgsafsd
A-bcalsusifnsnsaisa4miasd
1-23abcasdasdfgsgsdg45tgsafs
5634csdfsdtsdrthjiuifbu-i
Abcalsusinsai-a423dmiasdi
1-3abcasdasgsgsdg45tgsafsd
5634csdfsdtsdrthjihuia-dfbui
A-casdj45645hjuyweqyuasdfhda
A-bcalsusifnsnsaisa4miasd
1-23abcasdasdfgsgsdg45tgsafs
5634csdfsdtsdrthjiuifbu-i
Abcalsusinsai-a423dmiasdi
1-3abcasdasgsgsdg45tgsafsd
5634csdfsdtsdrthjihuia-dfbui
A-casdj45645hjuyweqyuasdfhda
Abchnasduyyuaytybuhinmiog
Abcniujoi4345fybnjkmkui-kmj
Abcjuift34323-2uyihgjoihiug
Abchnasduyyuaytybuhinmiog
Abcniujoi4345fybnjkmkui-kmj
A-bcalsusifnsnsaisa4miasd
1-23abcasdasdfgsgsdg45tgsafs
5634csdfsdtsdrthjiuifbu-i
Abcalsusinsai-a423dmiasdi
1-3abcasdasgsgsdg45tgsafsd
5634csdfsdtsdrthjihuia-dfbui
A-casdj45645hjuyweqyuasdfhda
Abchnasduyyuaytybuhinmiog
Abcniujoi4345fybnjkmkui-kmj
Abcjuift34323-2uyihgjoihiug
Abcjuift34323-2uyihgjoihiug
5634csdfsdtsdrthjihuia-dfbui
A-casdj45645hjuyweqyuasdfhda
A-bcalsusifnsnsaisa4miasd
1-23abcasdasdfgsgsdg45tgsafs
5634csdfsdtsdrthjiuifbu-i
Abcalsusinsai-a423dmiasdi
A-bcalsusifnsnsaisa4miasd
1-23abcasdasdfgsgsdg45tgsafs
5634csdfsdtsdrthjiuifbu-i
Abcalsusinsai-a423dmiasdi
1-3abcasdasgsgsdg45tgsafsd
5634csdfsdtsdrthjihuia-dfbui
A-casdj45645hjuyweqyuasdfhda
Abchnasduyyuaytybuhinmiog
Abcniujoi4345fybnjkmkui-kmj
Abcjuift34323-2uyihgjoihiug
1-3abcasdasgsgsdg45tgsafsd
5634csdfsdtsdrthjihuia-dfbui
A-casdj45645hjuyweqyuasdfhda
Abchnasduyyuaytybuhinmiog
Abcniujoi4345fybnjkmkui-kmj
Abcjuift34323-2uyihgjoihiug
Abchnasduyyuaytybuhinmiog
Abcniujoi4345fybnjkmkui-kmj
Abcjuift34323-2uyihgjoihiug
