37.00 16.00 19.00 47.00 6.00 20.00 0.00 5.00 10.00 36.00 7.00 42.00 49.00 19.00 49.00 7.00 43.00 23.00 33.00 8.00 
39.00 22.60 18.00 23.60 20.80 23.00 18.60 21.20 18.00 21.80 20.40 24.00 26.60 11.60 22.20 18.40 27.80 21.40 24.60 33.00 
40.00 31.40 17.60 20.80 24.00 17.60 15.60 19.00 20.40 24.80 26.80 35.60 18.80 19.60 21.40 21.00 25.40 17.40 20.60 48.00 
42.00 27.20 22.20 14.80 26.80 23.00 20.60 17.20 25.20 26.20 27.00 24.40 21.20 11.20 12.40 24.60 14.40 14.40 12.60 27.00 
21.00 22.60 11.60 20.60 26.00 32.80 32.60 35.80 36.60 29.20 30.60 28.80 21.80 11.20 21.00 18.80 20.20 12.00 12.00 17.00 
21.00 14.00 25.40 25.20 34.20 35.60 35.80 39.80 34.60 26.40 13.80 25.00 21.60 27.20 31.20 31.20 27.40 17.60 21.80 47.00 
3.00 13.40 19.80 34.20 33.80 29.40 33.20 28.80 32.40 24.20 16.40 16.20 25.80 27.00 25.00 26.80 25.80 19.60 14.40 13.00 
39.00 23.80 23.20 23.20 29.60 23.00 13.00 21.60 20.20 26.20 29.40 33.80 31.20 25.20 23.40 19.60 20.60 22.60 9.00 1.00 
49.00 34.40 23.60 24.20 14.80 15.80 21.40 10.40 17.80 24.60 28.20 30.20 24.00 18.40 11.20 13.40 28.00 10.20 20.00 26.00 
48.00 32.60 31.40 11.00 26.40 20.80 21.80 32.80 20.00 28.40 28.80 23.60 14.20 17.40 11.40 18.20 23.80 26.20 11.00 5.00 
18.00 31.40 16.00 22.20 14.40 21.40 29.80 20.80 31.00 29.60 32.00 18.00 26.40 17.00 20.40 17.00 29.20 21.20 22.60 44.00 
41.00 21.60 24.00 11.60 16.80 16.80 18.80 27.60 18.00 25.00 18.20 21.40 17.40 31.20 22.00 28.80 28.80 20.40 16.00 24.00 
20.00 22.40 23.00 25.20 16.60 14.20 22.00 29.00 22.00 16.00 18.80 9.00 20.60 24.40 28.60 32.00 28.80 24.20 15.80 10.00 
36.00 29.00 27.40 27.40 16.00 10.40 26.60 21.20 29.20 18.20 20.20 21.00 24.80 22.20 37.00 31.60 33.00 34.40 30.20 22.00 
0.00 14.60 26.00 16.60 9.40 22.20 22.80 38.00 18.20 32.20 35.80 28.00 29.20 31.20 23.80 31.80 30.20 28.80 31.20 3.00 
28.00 24.40 14.80 22.00 16.40 27.60 33.00 29.20 37.00 31.60 30.00 35.80 27.60 17.40 20.80 17.80 22.00 26.20 24.00 20.00 
48.00 24.00 27.00 19.60 25.80 19.40 26.40 29.80 32.00 34.40 34.20 24.20 27.20 18.80 7.20 15.20 18.00 24.40 20.20 12.00 
39.00 34.00 24.00 28.00 18.80 22.00 17.00 25.60 28.80 32.80 26.00 30.00 23.20 10.40 7.80 6.00 22.60 17.80 28.40 45.00 
1.00 21.80 27.80 14.20 19.20 23.60 22.60 29.60 20.20 21.20 33.20 28.60 28.60 22.40 11.80 12.00 11.20 24.40 20.40 26.00 
22.00 18.00 34.00 4.00 2.00 20.00 7.00 31.00 15.00 7.00 48.00 32.00 46.00 46.00 34.00 29.00 15.00 36.00 47.00 28.00 
