32271
32664
32732
32699
32732
30319
32503
32643
32664
27211
32664
31088
32664
31154
32732
32732
32664
32732
32699
32567
32732
32732
2061
29141
32503
32567
32701
32732
32732
31307
32334
32271
32664
32632
32664
32701
32664
32732
32699
32567
32334
32732
32643
30413
32567
32732
23981
32271
32732
32732
32664
32664
32664
32732
30976
32699
32701
32594
32567
28329
32334
28104
32594
32732
32701
30976
31170
32503
32643
32732
32732
32062
30319
32664
30976
32732
32503
32701
32732
32567
32732
32732
31483
32732
32271
32271
32664
32732
30976
32664
30476
32664
32732
32567
30976
32701
32062
32664
32664
32664
32701
32701
32567
32664
32594
31772
32503
32732
32664
32732
32664
32664
32732
30928
32664
32503
32732
32732
28104
30976
32732
32664
32701
17348
29103
32567
30976
26065
32701
32732
32701
32732
32732
32664
30854
32567
32664
32732
32701
28711
32701
32334
32271
32523
32732
32732
32503
32701
32701
32699
32732
32271
13976
32732
32701
32732
30976
32701
32732
32503
32664
32701
32701
32732
32664
32701
32701
28711
32664
32664
32732
32664
32701
32594
32664
32732
32062
31088
32732
32330
32732
31483
32664
32271
27817
32271
32732
32701
32701
32732
32699
32732
32664
32643
32567
32567
32664
32732
32732
32271
32664
32567
32732
32632
32567
32503
32732
32699
32664
32732
32701
32664
32732
32664
32732
32503
31483
32732
32701
30362
32271
32271
32271
32632
32334
32732
31088
32567
32701
32701
32732
32732
32567
27211
32062
31453
32732
32732
32732
30976
31772
32732
32701
31157
32185
32732
32567
32018
32567
32732
32664
32701
32664
30976
32062
32643
