32753
32763
32731
32749
32763
32753
32753
32753
32753
32766
32750
32763
32763
32753
32753
32766
32763
32750
32766
32753
32753
32753
32763
32738
32712
32763
32763
32763
32766
32707
32749
32667
32763
32761
32763
32766
32766
32766
32753
32766
32743
32750
32763
32741
32308
32709
32761
32761
32766
32707
32763
32766
32766
32750
32732
32753
32753
32750
32761
32766
32766
32763
32763
32763
32761
32753
32766
32734
32763
32766
32763
32714
32763
32753
32763
32763
32766
32707
32763
32761
32766
32680
29583
32754
32766
32702
32761
32763
32763
32766
32753
32763
32763
32761
32638
32766
32766
32766
32763
32707
32763
32766
32763
32763
32763
32763
32766
32753
32766
32766
32753
32761
32763
28749
32763
32763
32753
32690
32750
32763
32442
32766
32754
32763
32761
32766
32731
32753
32763
32750
32750
32761
32761
32763
32763
32754
32766
32766
32761
32766
32761
32766
32763
32763
32763
32763
32766
32761
32766
32763
32603
32763
32763
32766
32744
32763
32763
32761
32761
32763
32766
32668
32667
32753
32766
32763
32766
32714
32766
31057
32763
32753
32761
32750
32763
32743
32766
32639
32763
32763
32761
32763
32766
32763
32748
32763
32707
32750
32766
32766
32763
32763
32766
32763
32750
32743
32766
32763
32667
32761
32763
32748
32753
32753
32750
32766
32234
32748
32766
32763
32766
32763
32763
32753
32766
32761
32754
32763
32763
32766
32763
32766
32738
32766
32766
32730
32761
32743
32763
32766
32712
32707
32761
32766
32763
32722
32761
32763
32763
32766
32753
32753
32766
32766
32749
32763
32763
32763
32763
32738
32667
32763
32753
32489
32714
32766
32753
32763
32766
32766
32744
32763
32505
32748
32766
32766
32763
32761
32750
32753
32583
32766
32766
32763
32763
32750
32753
32763
32766
32743
32763
32761
32766
32763
32761
32694
32761
32766
32761
32763
32763
32638
32766
32763
32753
32766
32339
32021
32763
32766
32753
32707
32750
32766
32766
32766
31428
32734
32763
32743
32763
32753
32753
32763
32763
32766
32753
32763
32766
32722
32763
32766
32763
32766
32761
32761
32557
32727
32766
32763
32766
32763
32763
32722
32761
32763
32091
32753
32761
32763
32766
32707
32761
32766
32763
32750
32766
32761
32766
32753
32761
32763
32763
32763
32766
32763
32763
32743
32763
32763
32766
32750
32766
32748
32750
32761
32754
32766
32766
32763
32731
32753
32761
32766
32766
32753
32766
32761
32763
32766
32753
32766
32763
32207
32766
32763
32753
32753
32766
32714
32734
32707
32763
32761
32707
32753
32763
32763
32753
32763
32763
32722
32707
32763
32655
32761
32763
32738
32766
32761
32766
32761
32761
32766
32763
32753
32766
32761
32766
32766
32766
31723
32763
32427
32753
32766
32761
32763
32763
32766
31961
32694
32730
32763
32766
32639
32753
32766
32766
32742
32763
32761
32766
32763
32697
32763
32766
32727
32766
32766
32766
32763
32753
32766
32748
32763
32761
32753
32719
32748
32766
32766
32766
32766
32766
32763
32763
32761
32766
32763
32750
32761
32763
32763
32766
32763
32753
32753
32753
32766
32763
32729
32763
32763
32766
27994
32753
32763
32714
32763
32753
32748
32763
32766
32707
32766
32763
32763
32722
32753
32753
32761
32766
32766
32730
32763
32761
32763
32763
32753
32763
32763
32750
32761
32763
32535
32766
32712
32763
32766
32750
32750
32763
32763
32763
32763
32763
32763
32748
32763
32638
32748
32535
32668
32761
32766
32763
32763
32763
32763
32753
32763
32461
32748
32753
32748
32766
32753
32766
28772
32761
32761
32763
32753
32738
32763
32763
32761
32763
32766
32750
32766
32766
32753
32753
32763
32753
32750
32734
32738
32750
32722
32763
32766
32763
32750
32763
32753
32748
32763
32761
32761
32763
32753
32766
32766
32763
32754
32766
32730
32763
32722
32763
32766
32750
32754
32748
32766
32763
32763
32763
32766
32761
32766
32749
32761
32763
32712
32766
32763
32763
32766
32761
32753
32763
32750
32766
32766
32753
32753
32754
32730
32763
32763
32754
32750
32763
19197
32741
32761
32738
32766
32761
32753
32753
32766
32753
32766
32763
32722
32761
32766
32753
32761
32750
32763
32754
32761
32639
32763
32761
32766
32750
32766
32761
32763
32763
32763
32761
32766
32766
32761
32761
32748
32754
32753
32738
32763
32750
32766
32277
32743
32667
32667
32763
32674
32743
32597
32753
32763
32753
32766
32761
32748
32753
32766
32753
32753
32766
32750
32750
32754
32753
32763
32763
32722
32753
32743
32763
32761
32763
32753
32761
32666
32748
32750
32763
32763
32761
32766
32766
32766
32766
32753
32766
32766
32766
32766
32753
32763
32763
32766
32707
32753
32727
32766
32729
32763
32766
32766
32722
32731
32766
32761
32766
32763
32766
32763
32761
32583
32766
32763
32707
32698
32748
32766
32763
32763
32753
32707
32753
32738
32748
32655
32763
32763
32763
32761
32763
32761
32763
32743
32766
32766
32607
32707
32766
32766
32763
32763
32766
32763
32731
32763
32761
32763
32763
32748
32750
32712
32766
32753
32748
32763
32754
32753
32753
32750
32761
32763
32761
32766
32763
32645
32707
32749
32766
32750
32763
32763
32763
32763
32753
32754
32763
32750
32667
32750
32712
32750
32766
32766
32694
32763
32761
32766
32761
32712
32749
32763
32763
32523
32750
32763
32763
32766
32761
32763
32761
32766
32763
32766
32753
32702
32750
32743
32513
32703
32766
32763
32674
32763
32761
32763
32753
32754
32658
32763
32766
32761
32668
32763
32395
32761
32738
32743
32732
32734
32766
32763
32750
32763
32766
32722
32753
32763
32763
32766
32763
32761
32753
32763
32763
32707
32690
32766
32722
32750
32761
32766
32766
32753
32753
32748
32761
32761
32686
32763
32707
32766
32753
32761
32763
32749
32478
32753
32753
32743
32761
32763
32738
32712
32753
32761
32754
32763
32766
32707
32766
32766
32766
32761
32748
32766
32761
32766
32763
32763
32766
32766
32763
32763
32719
32688
32763
32766
32750
32766
32766
32766
32668
32763
32763
32753
32763
32722
32763
32766
32763
32763
32731
32697
32766
32761
32763
32766
32645
32748
30496
32761
32763
32766
32753
32433
32763
32763
32753
32753
32763
32763
32763
32766
32766
32753
32763
32766
32731
32753
32754
32763
32743
32766
32761
32763
32068
32763
32750
32761
32766
32712
32763
32427
32690
32763
32763
32753
32763
32748
32763
32491
32734
32766
32741
32750
32766
32763
32763
32763
32668
32707
32743
30958
32766
32743
32766
32639
32761
32763
29328
32761
32763
32763
32766
32763
32763
32761
32750
32753
32712
32763
32748
32761
32750
32748
32753
32638
32763
32763
32766
32763
32678
32743
32761
32766
32753
32763
32766
32766
32766
32763
32761
32763
32754
32766
32763
32766
32667
32667
32763
32763
32763
32766
32761
32753
32722
32761
32766
32766
32753
32766
32763
31606
32004
32753
32738
32667
32763
32763
32763
32761
32754
32763
32667
32761
32763
32763
32761
32766
32694
32766
32750
32732
32712
32712
32750
32763
32761
32763
32763
32753
31961
32761
32766
32763
32763
32763
32753
32763
32766
32761
32658
32727
32766
32763
32282
32763
32722
32761
32627
32712
32763
32763
32761
32753
32763
32766
32766
32731
32766
32766
32766
32763
32763
32604
32763
32750
32681
32763
29536
32763
32763
32766
32761
32766
32753
32763
32722
32763
32766
32761
32763
32753
32753
32753
32763
32766
32743
32753
32763
32763
32766
32766
32668
32763
32766
32743
32722
32763
32766
32766
32766
32753
32763
32763
32763
32763
32761
32763
32749
32766
32763
32761
32763
32702
32347
32763
32763
32763
32763
32761
32753
32763
32766
32753
32763
32763
32748
32761
32766
32763
32753
32763
32638
32597
32748
32753
32638
32766
32761
32763
32761
32754
32766
31961
32766
32743
32753
32748
32727
32753
32763
32763
32766
32763
32750
32645
32753
32753
32766
32750
32761
32766
32753
32750
32761
32763
32763
32763
32722
32753
32761
32763
32694
32667
32761
32738
32727
32766
32761
32761
32766
32763
32763
32753
32766
32667
32766
32743
32761
32763
32766
32707
32763
32754
32766
32667
32763
32766
32766
32766
32761
32732
32766
32609
32722
32748
32753
32766
32748
32761
32761
32753
32761
32763
32766
32763
32763
32763
32587
32727
32748
32748
32753
32761
32763
32763
32761
32766
32750
32763
32748
32738
32753
32734
32763
32639
32763
32766
32658
32753
32748
32766
32763
32763
32763
32722
32753
32763
32766
32731
32763
32763
32753
32753
32766
32761
32766
32572
32517
32761
32766
32761
32754
32766
32667
32763
32761
32763
32761
32753
32603
32766
32753
32694
32753
32707
32763
32763
32753
32754
32766
32667
32763
32763
32761
32761
32763
32738
32753
32712
32761
32763
32763
32766
32748
32761
32743
32766
32753
32750
32634
32763
32680
32766
32743
32766
32763
32763
32763
32763
32766
32766
32763
32766
32763
32766
32761
32763
32731
32753
32763
32766
32763
32766
32763
32766
32667
32761
32719
32766
32766
32750
32753
32722
32730
32766
32761
32753
32753
32763
32750
32753
32763
32750
32763
32766
32753
32761
32727
32766
32766
32761
32763
32763
32761
32763
32761
32761
32750
32734
32763
32763
32766
32750
32756
32766
32461
32727
32734
32753
32766
32761
32753
32753
32763
32766
32731
32761
32766
32763
32761
32749
32753
32754
32766
32763
32763
32763
32761
32761
32639
32763
32763
32763
32766
32722
32688
32763
32766
32763
32763
32750
32763
32766
32763
32748
32722
32763
32753
32766
32688
32763
32763
32763
32753
32763
32667
32749
32763
32753
32763
32748
32763
32753
32667
32763
32766
32753
32763
32763
32766
32763
32707
32761
32719
32707
32766
32763
32763
32667
32676
32763
32707
32707
32763
32763
32763
32761
32754
32761
32750
32761
32763
32766
32761
32699
32761
32761
32750
32763
32719
32753
32763
32766
32763
32680
32750
32727
32750
32763
32750
32753
30809
32766
32722
32766
32766
32748
32750
32748
32763
32766
32763
32761
32766
32763
32766
32743
32766
28061
32761
32761
32638
32763
32763
32766
31256
32750
32753
32761
32490
32694
32763
32763
32753
32748
32761
32763
32761
32761
32766
32714
32753
32763
32763
32763
32761
32761
32750
32766
32763
32761
32749
32766
32748
32763
32766
32766
32766
32750
32766
32766
32744
32750
32763
32697
32766
32761
32753
32766
32763
32712
32753
32763
32761
32763
32761
32766
32694
32761
32761
32766
32750
32766
32605
32712
32587
32766
32753
32763
32753
32761
32680
32754
32766
32766
32766
32763
32766
32761
32754
32714
32763
32766
32753
32766
32750
32766
32761
32750
32749
32753
32761
32750
32766
32748
32763
32750
32761
32763
32766
32766
32763
32763
32707
32763
32766
32766
32658
32761
32763
32697
32766
32766
32763
32766
32763
32763
32761
32748
32766
32761
32763
32766
32761
32753
32667
32761
32722
32763
32766
32645
32738
32763
32763
32680
32763
32608
32766
29699
32763
32753
32766
32763
32763
32766
32748
32766
32753
32766
32766
32753
32748
32766
32761
32761
32753
32763
32766
32761
32668
32763
32734
32761
32766
32763
32766
32761
32743
32763
32639
32753
32668
32766
32753
31961
32763
32763
32766
32761
32763
32748
32748
32753
32761
32750
32763
32754
32753
32406
32763
32763
32766
32763
32638
32766
32766
32763
32761
32753
32727
32639
32766
32763
32761
32753
32761
32753
32763
32766
32727
32766
32753
32749
32712
32763
32761
32766
32763
32763
32748
32753
32753
32667
32763
32763
32630
32763
32766
32766
32761
32766
32763
32763
32761
32744
32763
32750
32766
32750
32763
32753
32749
32686
32766
32763
32761
32766
32750
32761
31123
32763
32731
32753
32753
32763
32655
32766
32766
32753
32766
32741
32731
32753
32503
32763
32599
32763
32763
32763
32766
32763
32761
32667
32763
32763
32763
32754
32761
32753
32766
32382
32761
32753
32766
32351
32753
32000
32766
32744
32763
32666
32766
32748
32763
32766
32750
32750
32766
32761
32761
32766
32743
32763
32750
32763
32750
32750
32603
32761
32761
32763
32750
32754
32753
32748
32761
32763
32766
32766
32761
32763
32766
32753
32753
32747
32766
32763
32766
32766
32753
32763
32766
32753
32763
32753
32766
32722
32766
32761
32766
29901
32763
32763
32761
32754
32753
32658
32744
32749
32761
32753
32763
32763
32707
32766
32722
32731
32646
32763
32766
32766
32763
31531
32763
32763
32766
32763
32761
32763
32732
32766
32743
32763
32766
32763
32667
32766
32766
32766
32763
32766
32766
32722
32763
32753
32763
32753
32766
32766
32763
32763
32753
32766
32763
32763
32738
32763
32766
32753
32707
32763
32753
32763
32753
32743
32761
32722
32750
32753
32766
32750
32766
32766
32761
32766
32753
32763
32766
32766
32748
32766
32761
32731
32766
32707
32766
32761
32722
32722
32766
32763
32707
32763
32763
32763
32763
32766
32763
32766
32763
32766
32763
32766
32553
32766
32753
32763
32763
32761
32763
32753
32748
32763
32722
32748
32753
32761
32766
32763
32763
32763
32766
32763
32763
32761
32734
32761
32466
32753
32639
32766
32763
32667
32750
32763
32722
32763
32761
32763
32754
32761
32753
32766
32763
32763
32766
32763
32761
32763
32753
32753
32730
32766
32766
32748
32766
32743
32761
32743
32766
32753
32763
32750
32763
32763
32761
32753
32763
32750
32763
32766
32763
32761
32763
32763
32763
32763
32761
32763
32766
32743
32761
32766
32754
32749
32763
32763
32763
32406
32763
32763
32763
32763
32712
32753
32754
32763
32763
32750
32763
32763
32763
32763
32766
32707
32753
32750
32693
32761
32763
32761
32761
32761
32766
32712
32603
32750
32535
32763
32766
32766
32766
32738
32763
32763
32585
32766
32753
32753
32763
32763
32763
32766
32763
32761
32753
32707
32766
32754
32763
32753
32766
32766
32608
32753
32766
32763
32748
32766
32763
32753
32766
32761
32753
32763
32763
32763
32707
32766
32750
32766
32763
32763
32750
32766
32766
32749
32743
32761
32680
32707
32766
32763
32763
32766
32763
32750
32763
32763
32707
32753
32763
32766
32766
32707
32766
32763
32763
32744
32766
32744
32763
32753
32761
32572
32766
32763
32753
32766
32763
32753
32753
32763
32753
32763
32686
32707
32749
32750
32766
32766
32766
32732
32753
32761
32766
32351
32766
32763
32761
32750
32766
32599
32761
32766
32766
32750
32763
32763
32753
32750
32749
32694
32761
32766
32761
32761
32750
32766
32763
32761
32766
32753
32761
32763
32763
32753
32727
32766
32763
32763
32722
32763
32763
32763
32763
32766
32753
32734
32763
32730
32753
32766
32763
32763
32763
32678
32748
32763
32761
32761
32763
32763
32761
32763
32722
32763
32753
32750
32766
32763
32315
32761
32694
32761
32761
32750
32753
32763
30510
32763
32766
32763
32761
32750
32741
32766
32766
32763
32763
32748
32763
32763
32753
32753
32325
32766
32732
32743
32766
32753
32754
32763
32763
32766
32748
32750
32763
32583
32761
32766
32750
32763
32766
32637
32754
32753
32722
32766
32766
32743
32766
32753
32667
32753
32702
31579
32727
32738
32742
32766
32763
32766
32754
32763
32732
32766
32667
32750
32748
32753
32763
32763
32546
32763
32763
32750
32727
32688
32763
32766
32763
32761
32766
32766
32766
32763
32754
32750
32753
32766
32766
32750
32766
32753
32763
32637
32763
32766
32766
32766
32763
32763
32766
32763
32766
32763
32763
32761
32766
32761
32766
32766
32761
32753
32766
32766
32766
32707
32763
32587
32668
32722
32763
32651
32763
32763
32766
32763
32761
32761
32763
32750
32734
32761
32766
32761
32763
32763
32763
32766
32753
32753
32766
32763
32713
32761
32763
32766
32763
32766
32763
32754
32761
32722
32766
32763
32766
32753
32763
32647
32763
32766
32761
32766
32719
32763
32763
32750
32766
32766
32763
32761
32763
32763
32753
32719
32763
32766
32763
32763
32763
32651
32763
32738
32763
32766
32761
32763
32722
32761
32753
32761
32766
32480
32761
32667
32667
32761
32754
32753
32750
32707
32754
32761
32753
32766
32753
32763
32763
32763
32763
32753
32750
32763
32637
32763
32761
32763
32680
32766
32748
32763
32666
32763
32738
32753
32707
32766
32763
32753
32753
32763
32763
32655
32707
32761
32405
32722
32761
32763
32763
32766
32753
32763
32021
32761
32766
32750
32763
32763
32748
32763
32750
32766
32763
32761
32753
32763
32761
32742
32749
32707
32766
32639
32766
32761
32766
32763
32763
32766
32707
32763
32763
32753
32451
32750
32753
32766
32750
32763
32753
32766
32763
32763
32766
32753
32722
32766
32763
32748
32763
32748
32583
32763
32766
32748
32761
29831
32750
32763
32753
32738
32743
32763
32761
32766
32763
32763
32761
32761
32763
32678
32766
32766
32761
32761
32766
32766
32744
32766
32743
32694
32761
32763
32763
32750
32722
32748
32753
32748
32763
32763
32750
32766
32763
32722
32753
32761
32748
32766
32766
32750
32750
32763
32707
32748
32750
32766
32761
32763
32763
32741
32707
32748
32766
32766
32667
32722
32730
32750
32766
32753
32763
32763
32763
32763
32766
32766
32766
32753
32748
32761
32743
32753
32707
32763
32766
32750
32667
32753
32766
32753
32763
32750
32761
32763
32722
32761
32667
32753
32753
32694
32753
32763
32763
32763
32766
32694
32707
32753
32761
32761
32761
32766
32750
32753
32761
32766
32380
32763
32766
32738
32658
32734
32196
32763
32750
32763
32766
32766
32763
32754
32766
32761
32686
32753
32748
32763
32750
32763
32761
32750
32753
32763
32761
32766
32766
32753
32722
32738
32766
32763
32766
32761
32763
32741
32712
32763
32766
32763
32763
32639
32638
32667
32763
32666
32761
32763
32754
32766
32766
32763
32748
32753
32766
32766
32766
32763
32753
32761
32766
32763
32750
32763
32763
32761
32766
32763
32761
32763
32608
32763
32763
32535
32734
32763
32229
32766
32763
32761
32761
32754
32766
32763
32694
32753
32658
32763
32763
32741
32763
32766
32763
32766
32766
32754
32753
32748
32766
32763
32763
32753
32763
32763
32761
32750
32698
32766
32766
32763
32517
32766
32750
32763
32766
32761
32763
32763
32761
32763
32651
32763
32763
32761
32763
32763
32766
32753
32766
32763
32763
32766
32766
32761
32727
32638
32766
32763
32763
32763
32738
32638
32766
32738
32753
32763
32753
32753
32766
32763
32766
32763
32761
32753
32405
32750
32766
32761
32753
32753
32763
32753
32761
32750
32763
32761
32766
32753
32766
32763
32761
32707
32766
32766
32763
32763
32763
32750
32766
32753
32753
32731
32766
32553
32761
32766
32766
32766
32766
32753
32766
32727
32766
32763
32753
32703
32750
32766
32753
32763
32753
32766
32763
32748
32766
32763
32639
32753
32766
32766
32763
32763
32763
32747
32750
32766
32766
32761
32766
32766
32667
32763
32707
32766
32766
32754
32761
32763
32766
32763
32761
32753
32763
32766
32761
32702
32766
32763
32763
32763
32766
32753
32766
32763
32763
32766
32707
32753
32140
32766
32738
32753
32742
32766
32763
32707
32763
32763
32763
32649
32753
32761
32753
15574
32738
32763
32761
32667
32741
32763
32761
32722
32754
32750
32766
32399
32766
32667
32763
32761
32763
32763
32763
32761
32761
32753
32766
32766
32748
32763
31487
32766
32766
32766
32763
32761
32763
32766
32754
32763
32743
32763
32699
32763
32655
32763
32763
32667
32750
32763
32763
32766
32766
32707
32763
32668
32766
32595
32694
32731
32766
32694
32722
32731
32750
32763
32743
32753
32667
32753
32766
32763
32763
32766
32738
32766
32754
32753
32766
32763
32766
32766
32750
32763
32763
32753
32763
32763
32753
32763
32763
32766
32748
32761
32766
32763
32761
32750
32766
32761
32763
32763
32666
32707
32766
32668
32766
32763
32766
32763
32707
32763
32753
32748
32761
32714
32766
32667
32750
32750
32763
32766
32753
32763
32763
32667
32763
32535
32761
32761
32763
32766
32750
32702
32753
32750
32761
32766
32766
32750
32754
32763
32667
32766
32763
32763
32750
32763
32766
32753
32761
32766
32763
32694
32753
32761
32750
32749
32750
32763
32743
32763
32680
32763
32753
32748
32761
32763
32761
32766
32763
32707
32732
32763
32766
32750
32707
32753
32603
32750
32763
32761
32763
32763
32766
32763
32763
32763
32753
32766
32748
32750
32766
32743
32753
32702
32761
32766
32753
32761
32734
32750
32766
32750
32743
32667
32761
32761
32722
32763
32763
32763
32115
32753
32750
32668
32761
32761
32750
32748
32766
32763
32763
32761
32763
32761
32763
32750
32667
32763
32766
32744
32763
32763
32763
32694
32766
32763
32666
32766
32761
32761
32753
32753
32766
32666
32753
32766
32748
32761
32678
32694
31256
32761
32766
32753
32750
32763
32761
32766
32694
32761
32763
32750
32743
32763
32763
32766
32750
32761
32763
32753
32753
32763
32766
32753
32753
32690
32763
32766
32743
32763
32766
32753
32707
32763
32750
32749
32763
32766
32766
32763
32738
32638
32763
32766
32763
32727
32763
32763
32766
32766
32753
32753
32763
32763
32766
32750
32766
32761
32766
32727
32763
32766
32753
32763
32766
32763
32748
32753
32748
32763
32763
32766
32763
32754
32761
32766
32753
32712
32722
32763
32753
32727
32750
32766
32761
32753
32707
32763
32750
32763
32761
32707
32583
32766
32763
32763
32766
32731
32766
32766
32766
32603
32763
32750
32763
32734
32707
32753
32763
32738
32750
32763
32763
32763
32761
32763
32761
32766
32763
32761
32763
32753
32748
32753
32766
32030
32766
32763
32748
32761
32753
31596
32763
32763
32766
32753
32766
32750
32766
32761
32753
32722
32603
32766
32748
32753
30105
32748
32763
32766
32766
32766
32766
32753
32599
32707
32763
32761
32750
32754
32763
32761
32766
32763
32750
32763
32766
32719
32753
32766
32761
32763
32750
32694
32766
32753
32753
32763
32766
32707
32702
32743
32763
32763
32676
32763
32763
32766
32753
32750
32753
32766
32763
32761
32763
32763
32727
32763
32763
32763
29276
32763
32761
32763
32668
32697
32763
32727
32750
32730
32761
32763
32766
32738
32727
32707
32743
32766
32761
32763
32753
32748
32761
32753
32763
32766
32763
32649
32766
32747
32766
32761
32583
32761
32763
32761
32722
32763
32766
32763
32748
32750
32763
32766
32707
32763
32753
32766
32766
32753
32738
32763
32763
32753
32763
32753
32766
32753
32761
32638
32748
32761
32763
32753
32753
32750
32761
32734
32761
32730
32763
32763
32763
32766
32763
32753
32766
32763
32546
32763
32766
32754
32763
32722
32753
32763
32707
32743
32749
32766
32658
32753
32748
32763
32668
32763
32763
32766
32763
32766
32707
32282
32753
32763
32766
32761
32422
32766
32738
32750
32763
32763
32766
32766
32750
29609
32753
32763
32766
32763
32761
32766
32763
32748
32748
32766
32763
32750
32748
32763
32750
32707
32763
32766
32761
32763
32690
32748
32748
32753
32763
32763
32766
32766
32744
32753
32763
32761
32731
32766
32763
32748
32753
32763
32707
32754
32730
32761
32750
32763
31961
32766
32763
32766
32766
32766
32703
32763
32748
32761
32763
32763
32753
32766
32766
32763
32753
32754
32763
32753
32763
32763
32761
32763
32766
32682
32766
32722
32761
32763
32550
32763
32766
32766
32750
32753
32645
32690
32766
32651
32763
32763
32763
32763
32753
32766
32753
32763
32763
32667
32761
32763
32766
32748
32766
32763
32766
32712
32750
32763
32766
32766
32754
32766
32763
32761
32750
32766
32603
32766
32712
32753
32753
32761
32766
32766
32761
32727
32750
32763
32707
32753
32753
32658
32763
32753
32743
32743
32694
32763
32763
32766
32763
32761
32763
32766
32761
32766
32766
32766
32763
32766
32763
32761
32753
31961
32766
32763
32753
32753
32766
32766
32753
32707
32639
32753
32753
32730
32753
32763
32763
32766
32743
32694
32753
32763
32753
32748
32761
32763
32761
32730
32668
32761
32763
32761
32722
32766
32763
32766
32766
32766
32766
32761
32753
32703
32763
32753
32763
32731
32766
32707
32763
32763
32763
32750
32761
32766
32597
32707
32748
32753
32763
32560
32761
32753
32761
32754
32761
32766
32608
32763
32750
32763
32729
32763
32753
32749
32766
32766
32766
32763
32766
32748
32761
32761
32763
32766
32761
32763
32753
32722
32750
32743
32763
32753
32734
32753
32766
32748
32748
32763
32753
32761
32731
32513
32707
32658
32750
32763
32731
32748
32747
32763
32753
32766
32763
32766
32761
32734
32766
29583
32731
32763
32766
32763
32766
32763
32754
32763
32763
32707
32761
32766
32766
32763
32763
32766
32763
32766
32766
32763
32722
32602
32763
32766
32761
32727
32750
32750
32749
32753
32763
32761
32763
32763
32763
32763
32763
32734
32707
32763
30348
32761
32754
32753
32766
32560
32766
32766
32753
32750
32743
32634
32763
32753
32763
32766
32761
32750
32761
32761
32766
32731
32732
32585
32722
32763
32763
32753
32727
32763
32651
32753
32722
32754
32743
32712
32761
32753
32753
32761
32763
32750
32763
32196
32761
32583
32763
32763
32766
32753
32761
32763
32754
32761
32763
32766
32753
32707
32750
32753
32766
32763
32489
32761
32761
32748
32763
32722
32754
32763
32766
32763
32766
32763
32753
32763
32766
32763
32766
32750
32766
32754
32750
32608
32753
32754
32763
32707
32766
32766
32753
32763
32638
32658
32766
32748
32766
32763
32763
32738
32707
32753
32763
32763
32750
32763
32766
32766
32761
32761
32750
32651
32763
32750
32748
32761
32738
32761
32763
32766
32766
32753
32729
32722
32763
32753
32766
32766
32666
32707
32604
32766
32763
32722
32753
32754
32761
32766
32667
32741
32763
32766
32753
32761
32763
32763
32766
32761
32763
32754
32766
32753
32763
32753
32667
32604
32766
32766
32766
32743
32761
32766
32560
32766
32766
32763
31908
32763
32750
32766
32743
32750
32761
32763
32763
32748
32766
32763
32763
32604
32761
32734
32750
32697
32761
32763
32761
32750
32763
32750
32761
32750
32761
32763
32763
32712
32763
32763
32766
32753
32766
32722
32668
32743
32766
32754
32609
32753
32766
32750
32766
32753
32766
32750
32427
32763
32750
32763
32753
32753
32766
32763
32766
32731
32750
32763
32731
32763
32763
32753
32763
32761
32761
32761
32761
32763
32750
32694
32645
32748
32748
32761
32766
32763
32747
32690
32766
32766
32744
32707
32763
32727
32763
32731
32707
32750
32753
32761
32761
32763
27288
32763
32750
32749
32766
32761
32763
32743
32763
32666
32766
32763
32753
32761
32763
32766
32761
32763
32766
32712
32743
32753
32766
32763
32761
32766
32766
32763
32766
32763
32754
32766
32766
32731
32658
32753
32763
32763
32761
32753
32719
32761
32747
32761
32766
32763
32763
32761
32763
32763
32763
32763
32753
32604
32743
32722
32722
32766
32763
32763
32727
32719
32763
32766
32766
32753
32766
32766
32763
32761
32763
32766
32763
32750
32766
32766
32763
32667
32738
32763
32766
32748
32763
32766
32766
32761
32686
32766
32766
32766
32766
32763
32753
32763
32763
32766
32678
32763
32766
32766
32766
32748
29722
32763
32763
32763
32748
32730
32738
32766
32753
32753
32712
32763
32763
32763
32766
32753
32753
32766
32763
32766
32761
32761
32763
32766
32667
32761
32766
32763
32763
32766
32766
32750
32672
32753
32748
32763
32766
32753
32761
32763
32766
32750
26025
32763
32763
32766
32766
32750
32766
32766
32763
32651
32738
32753
32763
32546
32763
32741
32750
32753
32766
32707
32753
32763
32405
32753
32753
32766
32763
32763
32766
32761
32754
32599
32707
32763
32763
32766
32761
32766
32763
32766
32766
30793
32763
32763
32761
32763
32750
32748
32753
32667
32444
32753
32763
32761
32761
32763
32763
32763
32766
32763
32766
32707
32753
32731
32749
32766
32763
32766
32761
32763
32763
32766
32763
32763
32763
32761
32761
32763
32763
32753
32763
32761
32763
32763
32763
32748
32753
32707
32667
32750
32763
32763
32766
32761
32766
32766
32766
32731
32761
32731
32766
32763
32761
32766
32766
32761
32766
32763
32763
32738
32766
32763
32763
32697
32680
32750
32750
26382
32763
32763
32748
32707
32763
32734
32753
32763
32754
32766
32766
32753
32625
32766
32763
32761
32753
32750
32761
32763
32763
32766
32766
32766
32753
32722
32756
32766
32761
32753
32766
32666
32761
32766
32766
32750
32763
32763
32766
32763
32750
32766
32753
32761
32763
32719
32734
32763
32750
32753
32750
32763
32761
32763
32763
32763
32753
32763
32754
32587
32763
32766
32761
32766
32766
32750
32761
32766
32763
32761
32763
32763
32766
32722
32753
32763
32766
32766
32761
32727
32750
32761
32763
32763
32763
32750
32763
32763
32761
32748
32766
32753
32766
32761
32753
32766
32763
32763
32763
32761
32766
32754
32748
32707
32763
32753
32766
32763
32761
32602
32763
32766
32754
32761
32763
32766
32748
32766
32748
32766
32761
32707
32763
32753
32761
32748
32766
32763
32753
32763
32763
31256
32748
32763
32761
32766
32766
32763
32753
32763
32766
32766
32748
32608
32738
32761
32722
32753
32655
32766
32750
32763
32766
32761
32766
32731
32658
32766
32766
32763
32763
32766
32766
32753
32766
32763
32766
32763
32761
32763
32766
32761
32763
32766
32766
32707
32763
32761
32750
32766
32766
32722
32750
32766
32668
32766
32763
32763
32763
32667
32761
32753
32763
32639
32766
32766
32766
32763
32766
32766
32761
32748
32763
32763
32763
32763
32753
32763
32766
32761
32666
32763
32761
32750
32750
32761
32763
32766
32766
32748
32763
32761
32753
32766
32753
32753
32766
32763
32766
32763
32766
32761
32738
32766
32766
32707
32763
32766
32766
32667
32666
32766
32761
32761
32763
32763
32086
32763
32763
32761
32766
32766
32742
32763
32719
32763
32763
32763
32753
32763
32766
32753
32761
32766
32753
32727
32763
32763
32763
32753
32761
32766
32668
32753
32754
32753
32731
32707
32749
32766
32763
32761
32763
32763
32761
31380
32750
32730
32738
32763
32754
32766
32438
32763
32763
32766
32763
32766
32763
32761
32766
32766
32749
31961
32766
32766
32763
32761
32761
32761
32750
32753
32766
32763
32753
32763
32563
32763
32763
32763
32763
32761
32750
32140
32761
32763
32763
32766
32405
32763
32753
32753
32763
32754
32603
32753
32763
32743
32753
32749
32603
32766
32722
32763
32766
32763
32763
32766
32667
32741
32763
32766
32576
32763
32761
32766
32763
32753
32763
32666
32763
32694
32761
32766
32546
32761
32741
32754
32649
32766
32734
32766
32761
32766
32753
32761
32763
32748
32668
32763
32761
32741
32763
32763
32712
32763
32766
32761
32766
32712
14972
32763
32761
32686
32587
32766
32766
32766
32380
32766
32761
32727
32743
32750
32672
32766
32690
32766
32763
32763
32754
32763
32763
32712
32763
32763
32761
32753
32763
32766
32753
32753
32766
32756
32750
32766
32766
32753
32763
32763
32763
31736
32763
32753
32766
32761
32748
32766
32766
32707
32753
32766
32763
32761
32763
32738
32753
32761
32748
32753
32766
32766
32763
32753
32763
32761
32753
32649
32750
32730
32754
32763
32763
32753
32763
32753
32766
32766
32763
32766
32766
32766
32766
32766
32766
32667
32761
32763
32766
32766
32763
32608
32766
32707
32667
32761
32722
32763
32753
32753
32707
32763
32763
32707
32750
32744
32722
32766
32763
32694
32763
32763
32763
32766
32761
32734
32761
32763
32754
32754
32763
32761
32761
32763
32722
32763
32763
32766
32763
32585
32750
32763
32761
32763
32763
30206
32766
32763
32761
32766
32766
32753
32766
32763
32763
32743
32766
32763
32761
32766
32761
32763
32766
32761
32763
32748
32753
32722
32753
32763
32750
32761
32766
32732
32766
32763
32761
32761
32734
32766
32766
32766
32753
32766
32763
32753
32766
32763
32763
32766
32761
32766
32763
32763
32763
32763
32753
32766
32761
32694
32754
32766
32761
32766
32763
32741
32727
32766
32753
32761
32738
32694
32766
32766
32763
32766
32766
32753
32763
32766
32766
32766
32750
32761
32763
32655
32763
32722
32763
32763
32763
32763
32766
32753
32753
32646
32766
32761
32763
32766
32763
32763
32734
32753
32748
32753
32766
32766
32766
32763
32766
32763
32763
32766
32753
32763
32763
32734
32766
32763
32734
32750
32763
32750
32763
32763
32763
32766
32763
32766
32753
32743
32753
32763
32766
32748
32749
32753
32766
32763
32766
32763
32750
32766
32766
32605
32763
32436
32763
32766
32730
32761
32763
32753
32766
32761
32763
32766
32766
32761
32763
32753
32753
32722
32763
32707
32766
32603
32763
32763
32753
32766
32763
32766
32743
32763
32753
32763
32763
32766
32753
32766
32766
32749
32763
32753
32766
32763
32766
32763
32694
32761
32732
32763
32570
32763
32761
32763
32763
32763
32763
32667
32766
32763
32761
32753
32651
32763
32763
32748
32750
32766
32743
32686
32748
32761
32754
32763
32750
32750
32766
32761
32754
32712
32763
32750
32763
32603
32766
32766
32761
32753
32766
32766
32753
32763
32766
32753
32750
32753
32761
32753
32763
32766
32667
32763
32753
32741
32766
32722
32707
32753
32634
32763
32761
32754
32763
32730
32763
32753
32712
32763
32763
32753
32761
32763
32766
32754
32753
32734
32753
32761
32763
32666
32766
32712
32753
32763
29583
32608
32763
32749
32763
32766
32763
32748
32753
32766
32766
32753
32753
32763
32766
32750
32766
32766
32761
32766
32763
32763
32763
32761
32763
32750
32766
32763
32766
32646
32761
32761
32766
32741
32763
32748
32761
32754
32766
32734
32763
32741
32734
32763
32645
32763
32748
32623
32763
32763
32766
32766
32750
32763
32766
32763
32766
32763
32761
32731
32766
32761
32753
32753
32753
32766
32766
32763
32763
32766
32761
32748
32766
32766
32694
32722
32766
32763
32763
32766
32766
32766
32766
32748
32763
32766
32766
32666
32753
32763
32738
32766
32763
32761
32763
32766
32761
32761
32753
32766
32727
32766
32667
32763
32763
32761
32012
32748
32753
32730
32763
32761
32761
32766
32766
32743
32742
32694
32763
32753
32766
32750
32766
32727
32489
32763
32763
32766
32766
32763
32734
32761
32763
32766
32753
32763
32753
32761
32761
32766
32766
32763
12056
32766
32753
32761
32766
32763
32763
32707
32761
32763
32722
32734
32766
32763
32761
32766
32763
32722
32766
32753
32707
32761
32763
32743
32763
32761
32597
32763
32766
32732
32766
32763
32763
32753
32741
32473
32761
32597
32763
32722
32753
32707
32763
31640
32748
32766
32498
32763
32763
32638
32763
32763
32672
32766
32766
32761
32763
32753
32766
32763
32748
32754
32763
32763
32763
32766
32763
32766
32761
32763
32763
32763
32750
32727
32763
32761
32763
32763
32763
32722
32766
32763
32766
32766
32761
32763
32748
32722
32763
32694
32763
32743
32763
32761
32748
30496
32766
32498
32766
32766
32722
32743
32583
32763
32583
32753
32753
32763
32712
32763
32750
32761
32766
32750
32763
32761
32766
32761
32766
32763
32750
32766
32766
32763
32694
32761
32763
32766
32750
32761
32761
32766
32743
32761
32766
32748
32748
32763
32763
32753
32766
32761
32761
32748
32705
32753
32763
32763
32748
32748
32766
32754
32763
32763
32667
32763
32766
32678
32761
32766
32761
32763
32763
32763
32766
32766
32748
32748
32766
32761
32763
32754
32750
32766
32761
32763
32750
32753
32722
32668
32761
32766
32761
32763
32761
32763
32761
32748
32766
32743
32753
32761
32766
32766
32763
32763
32761
32763
32766
32750
32766
32763
32763
32766
32763
32743
32753
32496
32766
32750
32763
32753
32750
32766
32750
32763
32766
32546
32712
32763
32763
32766
32667
32043
32763
32761
32763
32743
32763
32722
32766
32743
32766
32753
32763
32750
32651
32761
32763
32763
32753
32766
32763
32766
32766
32750
32753
32763
32766
32727
32766
32698
32766
32750
32766
32766
32738
32763
32761
32763
32763
32766
32763
32761
32722
32763
32560
32753
32753
32672
32761
32763
32761
32761
32763
32605
32763
32750
32766
32766
32766
32766
32753
32766
32766
32753
32639
32753
32763
32707
32766
32750
32766
32604
32761
32766
32763
32761
32763
32761
32753
32763
32761
32754
32731
32761
32602
32763
32766
32750
32743
32761
32763
32761
32763
32763
32748
32753
32766
32761
32766
32753
32766
32761
32761
29496
32753
32753
32763
32766
32766
32668
32763
32750
32766
32761
32763
32763
32763
32766
32766
32761
32750
32754
32766
32753
32707
32766
32763
32763
32763
32763
32753
32731
32766
32763
32766
32634
32753
32763
32634
32761
32763
32763
32766
32766
32761
32761
32766
32753
32645
32750
31469
32766
32763
32753
32761
32766
32750
32753
32763
32753
32766
32761
32750
32761
32738
30316
32748
32753
32763
32766
32753
32763
32753
32703
32766
32763
32748
32766
32763
32742
32754
30049
32753
32731
32753
32766
32761
32763
32761
32722
32763
32761
32763
32761
32761
32763
32753
32763
32727
32753
32734
32727
32738
32763
32763
32753
32761
32766
32761
32761
32496
32761
32766
32763
32763
32763
32753
32754
32763
32766
32766
32766
32707
32667
32729
32753
32727
32115
32766
32750
32763
32763
32766
32480
32753
32763
32766
32753
32761
32738
32763
32766
32766
32750
32761
32587
32763
32754
32750
32744
32763
32738
32766
32754
32761
32678
32763
32763
32766
32761
32763
32761
32766
32763
32763
32761
32683
32743
32667
32763
32763
32761
32750
32638
32761
32766
32766
32748
32761
32750
32761
32748
32763
32763
32658
32763
32753
32766
32763
32727
32753
32763
32763
32761
32634
32766
32754
32766
32766
32748
32513
32761
32722
32766
32668
32754
32766
32763
32761
32763
32738
32546
32750
32766
32753
32748
32753
32763
32753
32766
32761
32694
32707
32707
32763
32766
32761
32763
32763
32766
32761
32763
32753
32753
32766
32753
32763
32763
32750
32763
32761
32753
32766
32763
32743
32763
32727
32766
32761
32763
32763
32763
32763
32722
32761
22977
32766
32753
32763
32750
32763
32766
32535
32749
32763
32766
32748
32763
32763
32763
32763
32761
32766
32753
32761
32766
32763
32753
32754
32761
32694
32707
32750
32763
32766
32546
32763
32761
32766
32761
32743
32712
32763
32732
32753
32766
32748
32753
32761
32763
32763
32748
32763
32750
32763
32753
32667
32729
32763
32750
32763
32763
32743
32763
32753
32766
32763
32714
32754
32753
32761
32761
32766
32763
32761
28726
32763
32750
32763
32753
32763
32763
32766
32731
32763
32753
32763
32761
32748
32750
32761
32753
32766
32766
32763
32761
32766
32722
32766
32766
32753
32763
32766
32753
32753
32761
32753
32753
32753
32754
32639
32645
32763
32763
32766
32766
32686
32742
32766
32763
32734
32766
32761
32763
32761
32753
32753
32763
32763
32753
32753
32748
32766
32763
32766
32667
32750
32753
32766
32750
32763
32763
32766
32748
32763
32754
32686
32766
32763
32766
32766
32639
32763
32766
32766
32763
32750
32707
32766
32763
32761
32734
32749
32712
32707
32674
32766
32763
32761
32763
32753
32748
32753
32763
32750
32667
32766
32763
32766
32753
32667
32753
32763
32763
32761
32731
32748
32753
32763
32727
32763
32761
32753
32763
32753
32763
32766
32750
32761
32634
32763
32761
32763
32639
32743
32763
32750
31684
32678
32753
32761
32766
32753
32763
32748
32761
32761
32667
32763
32753
32667
32753
32694
32766
32766
32766
32763
32731
32743
32766
32766
32763
32754
32750
32690
32766
32753
32766
32753
32763
32754
32399
32722
32761
32639
32761
32766
32763
32763
32766
32763
32731
32763
32702
32753
32763
32646
32766
32753
32761
32553
32766
32763
32766
32763
32766
32748
32743
32743
32763
32766
32763
32761
32750
32763
32761
32667
32753
32766
32743
32738
32766
32738
32766
32761
32722
32766
32750
32750
32753
32763
32766
32750
32766
32703
32750
32761
32763
32763
32753
32766
32766
32763
32666
32763
32748
32763
32766
32285
32750
32761
32763
32639
32766
32743
32766
32761
32766
32761
32750
32766
32761
32645
32763
32753
32753
32766
32478
32630
32753
32763
32766
32761
32761
32738
32766
32766
32763
32766
32763
32766
32766
32761
32761
32766
32766
32668
32766
32766
32753
32763
32753
32763
32763
32761
32712
32763
32766
32761
32761
32766
32754
32707
32722
32627
32753
32748
32761
32763
32761
32763
32763
32748
32753
32763
32763
32766
32763
32694
32727
32763
32731
32750
32763
32666
32766
32766
32761
32583
32750
32763
32750
32688
32761
32766
32763
32766
32743
32714
32766
32761
32763
32763
32753
32763
32766
30793
32766
32667
3641
32763
32763
32763
32763
32753
32761
31961
32763
32750
32761
32761
32766
32761
32750
32750
32766
32639
32766
32763
32763
32766
32763
32763
32761
32763
32730
32676
32667
32766
32753
32763
32753
32750
32761
32694
32763
32766
32761
32763
32766
32763
32761
32750
32754
32754
32763
32761
32761
32766
32753
32766
32667
32763
32763
32750
32763
32763
32766
32753
32763
32743
32748
32766
32766
32722
32707
32763
32753
32763
32763
32719
32753
32753
32750
32763
32763
32763
32761
32748
32766
32766
32766
32727
32766
32741
32766
32763
32754
32763
32513
32763
32766
32763
32719
32766
32763
32667
32766
32763
32753
32761
32753
32753
32749
32761
32423
32761
32748
32741
32766
32713
32651
32763
32753
32766
32763
32763
32766
32763
32763
32766
32702
32761
32763
32763
32750
32761
32763
30190
32761
32743
32766
32750
32763
32730
32750
32763
32763
32451
8605
32766
32753
32638
32766
32766
32763
32743
32753
32766
32750
32750
32761
32712
32753
32766
32517
32753
32489
32766
32763
32707
32763
32763
32766
32766
32766
32763
32754
32727
32766
32766
32763
32753
32753
32763
32766
32694
32766
32750
32722
32753
32749
32761
32763
32766
32763
32304
32750
32763
32761
32761
32750
32753
32763
32667
32766
32743
32766
32763
32766
32753
32761
32763
32766
32766
32766
32763
32207
32750
32727
32761
32766
32763
32753
32753
32766
32766
32761
32667
32748
30496
32766
32743
32761
32763
32763
32753
32753
32763
32748
32748
32750
32766
32763
32763
32750
32763
32761
32667
32748
32763
32761
32707
32766
32761
32506
32766
32763
32763
32748
32763
32703
32763
32766
32763
27455
32766
32753
32763
32761
32753
32761
32761
32766
32761
32761
32763
32766
32639
32763
32766
32766
32763
32766
32763
32753
32763
32761
32738
32761
32750
32761
32763
32753
32766
32766
32766
32553
32624
32707
32753
32712
32753
32750
32753
32763
32763
32753
32750
32766
32753
32763
32761
32766
32766
32763
32763
32702
32748
32766
32738
32766
32731
32763
32761
32763
32766
32763
32761
32750
32748
32763
32766
32763
32763
32766
32753
32763
32763
32766
32722
32763
32763
32748
32766
32761
32753
32734
32763
32763
32766
32750
32766
32690
32743
32763
32763
32763
32741
32668
32750
32763
32766
32763
32766
32727
32748
32766
32763
32761
32766
32763
32761
32707
32753
32753
32766
32766
32608
32763
32761
32761
32690
32694
32753
32750
32753
32761
32766
32766
32754
32753
32639
32766
32763
32753
32763
32744
32694
32753
32763
32750
32743
32753
32750
32722
32761
32766
32639
32763
32763
32753
32766
32766
32761
32763
32763
32761
32750
32722
32605
32763
32761
32766
32763
32763
32753
32763
32750
32761
32763
32766
32753
32763
32763
32753
32730
32766
32763
32763
32753
32753
32743
32763
32753
32766
32753
32763
32763
32754
32734
32763
32763
32624
32763
32766
32766
32763
32766
32753
32766
32753
32766
32761
32763
32753
32754
32763
32766
32734
32732
32676
32763
32753
32750
32722
32766
32763
32748
32727
32761
32761
32686
32761
32753
32763
32766
32766
32766
32722
32761
32722
32761
32763
32763
32761
32666
32741
32748
32763
32763
32750
32750
32763
32753
32731
32766
32750
32763
32763
32763
32766
32750
32722
32761
32763
32766
32763
32753
32761
32766
32761
32761
32763
32727
32761
32763
32763
32763
32750
32766
32766
32766
32761
32686
32639
32761
32742
32750
32766
32766
32763
32667
32766
32761
32761
32743
32763
32750
32750
32766
32761
32766
32761
32766
32763
32763
32748
32766
32686
32763
32707
31835
32766
32763
32766
32753
32753
32738
32763
32763
32761
32763
32753
32763
32753
32707
32763
32639
32766
32738
32761
32766
32738
32750
32766
32763
32761
32667
32766
32766
32763
32766
32753
32763
32763
32763
32766
32761
32763
32763
32732
32658
32667
32748
32766
32763
32754
32766
32750
32550
32731
32766
32750
32766
32750
32761
32676
32707
32753
32738
32763
32763
32763
32766
32749
32763
32766
32761
32763
32517
32753
32489
32763
32761
32750
32766
32763
32766
32639
32763
32761
32763
32750
32766
32753
32763
32763
32731
32763
32750
32766
32763
32734
32165
32766
32667
32727
32763
32761
32676
32761
32743
32766
32753
32761
32761
32763
32766
32761
32763
32763
32763
32753
32766
32748
27455
32763
32680
32766
32707
32750
32763
32763
32766
32766
32753
32587
32763
32766
32766
32753
32712
32763
32766
32763
32763
32763
32321
32763
32761
32761
32763
32750
32766
32753
32753
24002
32763
32731
32722
32763
32748
32743
32766
32766
32753
32766
32763
32748
32766
32766
32763
32753
32753
32753
32753
32761
32748
32738
32763
32743
32761
32603
32761
32763
32763
32603
32766
32750
32763
32754
32761
32763
32763
32766
32761
32761
32763
32754
32763
32763
32753
32766
32667
32766
32763
32763
32761
32761
32763
32748
32763
32753
32753
32763
32763
32748
32738
32763
32712
32763
32763
32753
32763
32753
32753
32763
32763
32761
32667
32731
32750
32750
32763
32750
32763
32763
32753
32748
32763
32766
32763
32766
32763
32753
32727
32748
32761
32766
32763
32766
32722
32761
32761
32707
32763
32666
32763
32753
32763
32761
32766
32761
32750
32763
32766
31997
32763
32686
32766
32763
32766
32766
32678
32763
32753
32766
32766
32766
32766
32763
32766
32766
32719
32722
32763
32722
32766
32753
32761
32748
32731
32766
32763
32763
32763
32766
32763
32727
32766
32766
32753
32766
32766
32761
32761
32749
32738
32763
32750
32714
32766
32734
32761
32763
32763
32763
32753
32766
32748
32761
32694
32694
32750
32753
32763
32750
32753
32766
32763
32761
32761
32738
32766
32763
32763
32742
32761
32741
32727
32738
32763
32748
32754
32753
32766
32766
32753
32763
32750
32763
32766
32750
32763
32763
32763
32763
32763
32761
32766
32749
32761
32738
32763
32761
32694
32639
32754
32761
32639
32761
32427
32734
32761
32763
32766
32761
32763
32766
32761
30435
32766
32750
32753
32750
32766
32766
32708
32734
32748
32766
32766
32763
32744
32753
32763
32738
32761
32753
32719
32754
32763
32734
32766
32766
32753
32743
32756
32763
32766
32667
32749
32741
32766
32766
32753
32761
32766
32763
32734
32569
32676
32738
32766
32763
32761
32742
32766
32763
32763
32766
32686
32750
32646
32750
32766
32763
32766
32763
32766
32766
31256
32763
32753
32763
32750
29078
32766
32766
31963
32763
32754
32722
32761
32749
32766
32766
32763
32754
32753
32763
32604
32766
32766
32763
32763
32753
32738
32753
32763
32763
32732
32766
32603
32763
32753
32753
32763
32763
32753
32761
32754
32763
32738
32763
32761
32766
32761
32763
32766
32766
32766
32754
32753
32722
32763
32766
32761
32763
32763
32658
32766
32763
32763
32738
32766
32754
32766
32763
32766
32763
32763
32766
32763
32753
32761
32763
32667
32763
32761
32763
32763
32763
32766
32763
32763
32707
32753
32761
32766
32766
32754
32763
32766
32761
32763
32766
32667
32727
32761
32743
32753
32761
32766
32763
32748
32763
32761
32750
32750
32667
32763
32763
32763
32763
32766
32753
32763
32743
32763
32763
32753
32763
32761
32766
32766
32748
32763
32766
32763
32763
32763
32766
32766
32766
32763
32763
32734
32763
32753
32750
32761
32753
32743
32766
32763
32763
32766
32763
32761
32749
32753
32761
32748
32763
32743
32754
32766
32753
32707
32763
32761
32766
32602
32761
32763
32753
32753
32351
32754
32766
32753
32749
32763
32763
32766
32763
32766
32763
32766
32712
32748
32586
32763
32753
32763
32753
32766
32763
32763
32763
32761
32763
32766
32766
32766
32763
32763
32750
32766
32761
32763
32763
32763
32489
32766
32753
32766
32763
32761
32763
32763
32766
32750
32766
32744
32602
32761
32753
32754
32748
32707
32754
32750
32754
32732
32763
32763
32722
32748
32753
32763
32766
32763
32763
32738
32766
32766
32761
32763
32763
32766
32761
32766
32763
29564
32766
32712
32761
32608
32651
32763
32766
32763
32763
32763
32750
32707
32763
32749
32763
32766
32753
32761
32753
32738
32743
32738
32761
32754
32694
32712
32766
32753
32763
32766
32766
32761
32761
32766
32766
32761
32738
32763
32761
32766
32750
32766
32734
32743
32763
32763
32763
32766
32766
32763
32763
32763
32753
32763
32761
32761
32766
31428
32766
32763
32686
32750
32766
32763
32763
32763
32750
32766
32763
32766
32730
32766
32763
32766
32761
32766
32763
32763
32766
32766
32766
32763
32748
32763
32666
32761
32680
32763
32763
32763
32763
32761
32748
32655
32763
32766
32730
32761
32763
32766
32763
32763
32766
32763
32763
30985
32763
32753
32727
32753
32766
32753
32763
32766
32753
32763
32639
32753
32761
32761
32766
32766
32766
32763
32727
32766
32763
32763
32753
32763
32763
32753
32761
32763
32766
32761
32766
32763
32763
32763
32766
32603
32667
32761
32761
32766
32766
32763
32753
32761
32750
32750
32750
32763
32766
32748
32766
32750
32763
32763
32766
32763
32766
32763
32763
32748
32763
32763
32763
32753
32763
32753
32680
32763
32766
32753
32763
32761
32738
32766
32707
32766
32761
32754
32763
32766
32750
32639
32766
32761
32761
32766
32763
32707
32763
32766
32763
32761
32707
32753
32766
32666
32761
32761
32743
32763
32707
32743
32766
32750
32753
32750
32766
32763
32763
32667
32766
32763
32761
32766
32744
32763
32713
32761
32748
32763
32750
32761
32763
32748
32763
32753
32766
32766
32761
32749
32761
32766
32748
32763
32761
32753
32763
32766
32753
32727
32753
32763
32766
32761
32754
32761
32763
32766
32604
32763
32753
32763
32766
32748
32753
32603
32763
32734
32763
32766
32763
32766
32766
32763
32761
32761
32766
32748
32763
32761
32766
32763
32763
32766
32750
32763
32748
32649
32727
32763
32766
32766
32743
32761
32766
32753
32761
32761
32763
32741
32763
32763
32766
32763
32743
32761
32761
32766
32748
32763
32707
32763
32750
32694
32766
32766
32750
32766
32766
32623
32763
32763
32761
32763
32766
32766
32763
32766
32766
32730
32750
32763
32763
32748
32658
32680
32763
32753
32766
32766
32766
32750
32750
32731
32761
26825
32731
32766
32748
32674
32748
32498
32763
32741
32727
32750
32694
32766
32763
32761
32763
32766
32766
32763
32766
32651
32748
32763
32766
32766
32766
32667
32766
32761
32750
32748
32748
32761
32763
32750
32761
32743
32763
32763
32750
32763
32763
32763
32646
32761
32321
32766
32761
32667
32763
32766
32763
32761
32753
32766
32766
32753
32763
32753
32763
32766
32750
32766
32763
32734
32766
32753
32761
32729
32754
32763
32763
32766
32766
32750
32761
32753
32753
32761
32763
32761
32753
32743
32763
32391
32766
32761
32761
32766
32763
32763
32519
32645
32763
32763
32761
32763
32750
32766
32761
32743
32763
32766
32707
32731
32750
32766
32761
32766
32750
32763
32753
32763
32761
32638
32763
32763
32766
32763
32763
32766
32766
32750
32763
32707
32763
32763
32761
32753
32722
32750
32761
32763
32766
32730
32761
32766
32714
32753
32763
32734
32763
32763
32763
32667
32744
32730
32743
32766
32766
32766
32763
32766
32743
32748
32763
32766
32763
32583
32753
32766
32766
32766
32761
32750
32766
32763
32766
32674
32651
32424
32766
32753
32766
32761
32766
32763
32763
32763
32763
32763
32753
32763
32666
32605
32766
32750
32763
32763
32763
32761
32766
32761
32753
32747
32763
32763
32766
32763
32754
32748
32761
32750
32761
32730
32766
32707
32734
32763
32763
32750
32763
32763
32763
32763
32763
32766
32763
32667
32734
32750
32766
32750
32753
32766
32763
32712
32763
32763
32763
32761
32753
32763
32763
32766
32738
32763
32753
32603
32748
32753
32761
32766
32753
32707
32766
32766
32753
32754
32763
32754
32763
32766
32766
32741
32753
32766
32766
32748
32763
32712
32766
32731
32763
32753
32753
32763
32753
32766
32763
32753
32766
32763
32761
32766
32732
32766
32763
32763
32766
32766
32763
32766
32748
32766
32753
32763
32753
32763
32694
32763
32766
32761
32763
32766
32761
32763
32763
32712
32707
32763
32766
32766
32766
32763
32761
32605
32753
32754
32766
32761
32766
32763
32750
32763
32763
32763
32750
32763
32743
32766
32668
32761
32753
32761
32750
32766
32763
32766
32076
32766
32750
32738
32750
32763
32748
32766
32763
32754
32766
32763
32763
32712
32766
32753
32761
32766
32763
32763
32763
32753
32672
32750
32763
32686
32766
32763
32732
32763
32722
32763
32727
32763
32763
32766
32763
32763
32766
32753
32763
32763
32719
32750
32750
32608
32763
32763
32754
32761
32763
32753
32750
32766
32766
32763
32753
32763
32754
32753
32763
32761
32743
32766
32761
32761
32766
32761
32763
32703
32763
32763
32763
32761
32753
32766
32763
32766
32766
32763
32750
32719
32766
32754
32766
32766
32763
32731
32763
32763
32766
32763
32639
32766
32766
32750
32766
32763
32763
32754
32763
32766
32763
32763
32362
32763
32750
32647
32690
32753
32741
32304
32763
32763
32750
32763
32753
32763
32753
32763
32753
32583
32763
32763
32750
32738
32761
32766
32766
32754
32766
32753
32707
32748
32753
32763
32761
32748
32587
32761
32750
32763
32763
32763
32766
32763
32766
31952
32753
32761
32750
32707
32763
32585
32763
32766
32766
32750
32763
32766
32707
32761
32748
32766
32763
32766
32763
32753
32763
32761
32763
32766
32597
32763
32766
32753
32766
32763
30299
32766
32763
32707
32753
32750
32750
32763
32753
32763
32766
32763
32763
32766
32763
32734
32761
32722
32722
32753
32763
32753
32766
32763
32712
32766
32763
32694
32750
32763
32748
32766
32766
32703
32763
32766
32694
32761
32761
32763
32702
32766
32748
32763
32743
32766
32766
32763
32722
32763
32753
32722
32763
32676
31726
32766
32750
32753
32763
32763
32763
31835
32763
32766
32763
32729
32763
32750
32743
32707
32753
32766
32753
32761
32763
32761
32722
32753
32741
32738
32763
32750
32761
32761
32766
32766
32678
32763
32750
32761
32753
32719
32753
32761
32748
32766
32743
32766
32763
32766
32753
32766
32748
32763
32753
32763
32761
32153
32763
32750
32546
32763
32763
32766
32748
32597
32753
32766
32763
32761
32761
32761
32753
32766
32766
32753
32750
32766
32763
32763
32763
32766
32753
32761
32668
32750
32649
32766
32766
32766
32763
32753
32754
32753
32761
32766
32766
32667
32761
32766
32766
32749
32743
32763
32763
32753
32707
32763
32766
32763
32753
32730
32707
32766
32753
32766
32519
32753
32766
32731
32761
32766
32763
32766
32763
32763
32750
32766
32753
32727
32750
32763
32753
32763
32753
32763
32766
32763
32761
32763
32763
32763
31961
32753
32763
32766
32750
32763
32766
32766
32727
32763
32734
32753
32761
32753
32742
32730
32766
32763
32761
32753
32766
32722
32750
32731
32763
31891
32761
32753
32748
32750
32763
32766
32763
32766
29971
32763
32698
32753
32761
32743
32766
32766
32763
32763
32738
32761
32766
32707
32763
32761
32753
32766
32761
32722
32753
32763
32766
32763
32763
32753
32761
32766
32763
32753
32738
32763
32766
32753
32761
32763
32763
32766
32761
32766
32753
32766
32761
32766
32753
32766
32761
32763
32666
32763
32766
32766
32763
32761
32763
32761
32753
32748
32753
32763
32763
32750
32763
32763
32493
32763
32766
32766
32761
32702
32763
32766
32763
32753
32761
32766
32763
32753
32766
32763
32766
32761
32763
32753
32766
32753
32763
32763
32766
32712
32766
32461
32763
32766
32763
32763
32763
32763
32763
32639
32658
32753
32667
32761
32763
32763
32754
32753
32766
32763
32763
32766
32712
32667
32766
32748
32763
32763
32761
32766
32761
32754
32766
32666
32763
32766
32753
32761
32766
32753
32743
32761
32722
32753
32731
32712
32766
32766
32761
32761
32491
32753
32750
32766
32761
32753
32532
32753
32734
32744
32753
32761
32766
32761
32748
32763
32766
32763
32763
32763
32763
32763
32753
32761
32761
32766
32766
32734
32766
32750
32763
32766
32763
32763
32763
32766
32727
32667
32766
32748
32763
32738
32763
32761
32741
32763
32754
32766
32766
32753
32744
32707
32753
32658
32623
32761
32763
32753
32750
32766
32690
32763
32766
32763
32763
32766
32763
32766
32761
32766
32766
32722
32750
32753
32722
32761
32766
32763
32680
32766
32753
32694
32763
32761
32763
32766
32763
32763
32766
32748
32761
32750
32763
32753
32753
32763
32763
32763
32603
32761
32753
32763
32761
32766
32753
32748
32672
32753
32763
32766
32707
32749
32734
32766
32761
32766
32766
32750
32753
32763
32638
32763
32763
32712
32761
32604
32763
32763
32763
32766
32200
32763
32603
32763
32766
32753
32750
32766
32750
32666
32753
32763
32766
32766
32707
32766
32750
32766
32495
32761
32763
32766
32766
32753
32498
32761
32763
32763
32763
32761
32763
32738
32734
32763
32763
32753
32766
32761
32570
32707
32763
32766
32763
32766
32763
32750
32587
32763
32753
32763
32763
32748
32761
32766
32766
32763
32766
32761
32763
32753
32763
32743
32743
32763
32738
32766
32763
32680
32763
32763
32743
32667
32748
32763
32639
32748
32694
32766
32766
32763
32750
32761
32763
32763
32763
32738
32761
32750
32748
32766
32766
32748
32766
32761
32761
32763
32753
32763
32763
32763
32766
32750
32766
32750
32766
32761
32766
32753
32750
32646
32722
32763
32763
32753
32750
32763
32766
32763
32750
32754
32766
32738
32753
32766
32763
32712
32766
32754
32639
32763
32763
32763
32761
32766
32763
32761
32763
32763
32763
32730
32761
32761
32753
32763
32761
32766
32766
32761
32763
32753
32763
32753
32766
32756
32763
32766
32761
32766
32753
32727
32763
32667
32753
32761
32753
32766
32766
32766
32744
32763
32761
32766
32761
32753
32763
32727
32761
32761
32753
32763
32763
32678
32753
32763
32750
32763
32753
32763
32517
32766
32748
32763
32750
32763
32750
32766
32766
32748
32763
32763
32766
32766
32750
32761
32766
32763
32766
32766
32766
32753
32694
32707
32766
32766
32712
32734
32738
32763
32753
32763
32738
32753
32763
32766
32763
32763
32557
32763
32766
32766
32763
32763
32763
32748
32753
32763
32761
32763
32761
32761
32754
32766
32763
32766
32763
32753
32750
32734
32713
32761
32761
32761
32761
32732
32763
32707
32763
32763
32763
32761
32743
32763
32754
32763
32763
32766
32761
32763
32763
32766
32763
32638
32766
32750
32766
32766
32766
32761
32753
32694
32763
32753
32766
32766
32750
32766
32763
32748
32766
32763
32766
32761
32763
32753
32750
32761
32689
32763
32748
32753
32754
32763
32748
32763
32753
32763
32763
32766
32763
32761
32738
32766
32730
32766
32761
32763
32766
32763
32766
32763
32766
32707
32766
32766
32003
32766
32753
32667
32766
32750
32763
32761
32761
32680
32761
32753
32666
32763
32731
32763
32761
32763
32750
32761
32766
32750
32742
32750
32766
32763
32763
32753
32761
32719
32753
32761
32753
32750
32754
32761
32763
32763
32761
32761
32766
32766
32763
32766
32753
32750
32766
32763
32763
32731
32766
32282
32753
32763
32750
32748
32763
32748
32738
32763
32763
32763
32750
32763
32763
32766
32753
32753
32738
32763
32766
32763
32763
32703
32766
32763
32196
32766
32766
32763
32761
6077
32763
32763
32712
32694
32763
32761
32763
32753
32763
32763
32748
32763
32761
32738
32766
32766
32766
32754
32707
32285
32753
32766
32763
32763
32763
32763
32750
32763
32753
32763
32761
32766
32761
32639
32766
32763
32763
32763
32722
32766
32748
32763
32753
32763
32750
32748
32753
32761
32763
32766
32763
32763
32766
32763
32753
32763
32763
32649
32763
32753
32763
32763
32761
32763
32766
32748
32763
32766
32763
32761
32766
32766
32754
32753
32753
32667
32763
32766
32766
32750
32766
32766
32744
32763
32730
32766
32766
32763
32761
32461
32750
32766
32763
32763
32766
32761
32763
32766
32741
32763
32750
32766
32748
32763
32694
32753
32763
32753
32763
32763
32753
32763
32754
32743
32763
32749
32763
32761
32763
32766
32763
32766
32761
32722
32766
32766
32763
32748
32707
32763
32763
32748
32766
32766
32761
32763
32763
32763
32727
32747
32753
32753
32753
32761
32753
32753
32738
32766
32761
32763
32753
32761
32763
32763
32763
32766
32766
32707
32766
32763
32766
32766
32766
32761
32753
32761
32766
32638
32753
32766
32761
32763
32694
32082
32753
32761
32763
32761
32557
32697
32763
32605
32763
32748
32753
32763
32763
32766
32761
32766
32743
32667
32763
32705
32763
32646
32753
32763
32761
32658
32763
32753
32763
32712
32753
32750
32754
32731
32761
32763
32766
32707
32766
32678
32766
32766
32763
32761
32763
32748
32766
31736
32763
32753
32761
32766
32680
32766
32750
32763
32638
32766
32750
32766
32763
32761
32750
32766
32761
32753
32748
32766
32763
32763
32761
32753
32761
32761
32763
32763
32763
32763
32744
32763
32694
32750
32766
32763
32754
32667
32763
32750
32763
32763
32753
32761
32729
32707
32754
32761
32766
32761
32763
32763
32753
32766
32763
32750
32763
32763
32639
32763
32761
32766
32763
32761
32599
32766
32766
32754
32766
32763
32766
32763
32763
32763
32750
32766
32753
32766
32583
32763
32750
32766
32753
32603
32763
32766
32707
32753
32754
32750
32763
32763
32766
32766
32761
32763
32763
32763
32763
32668
32763
32761
32766
32763
32763
32727
32766
32753
32766
32766
32763
32748
32750
32763
32667
26778
32763
32638
31523
32743
32766
32750
32766
32763
32712
32766
32634
32750
32748
32766
32761
32714
32763
32763
32753
32750
32761
32766
32753
32766
32750
32734
32766
32750
32513
32482
32731
32761
32761
32750
32766
32763
32743
32753
32766
32766
32766
32763
32763
32707
32761
32766
32761
32766
32761
32761
32763
32763
32667
32766
32763
32732
32763
32763
32761
32763
32761
32753
32738
32763
32763
32729
32763
32734
32707
32766
32639
32763
32731
32753
32763
32763
32753
32763
32761
32766
32707
32761
32753
32766
32766
32763
32750
32761
32754
32750
32761
32761
32766
32638
32761
32761
32655
32766
32766
32763
32763
32761
32753
32766
32423
32761
32766
32763
32763
32763
32753
32763
32763
32753
32763
32763
32639
32761
32761
32763
32753
32763
32750
32763
32761
32753
32763
32763
32743
32583
32763
32763
32738
32766
32743
32763
32763
32763
32480
32766
32766
32763
32753
32766
32763
24002
32727
32763
32750
32763
32763
32763
32763
32763
32734
32753
32763
32763
32748
32734
32766
32761
32753
32763
32761
32763
32763
32763
32741
32282
31975
32761
32753
32345
32753
32750
32694
32763
32748
32753
32763
32763
32766
32766
32763
32761
32763
32763
32761
32766
32761
32763
32763
32763
32748
32763
32761
32766
32766
32763
32753
32763
32763
32766
32766
32763
32766
32763
32750
32712
32753
32761
32754
32766
32748
32750
32763
32763
32763
32763
32753
32763
32763
32766
32766
32734
32750
32763
32763
32753
32743
32754
32761
32763
32763
32761
32753
32731
32748
32766
32766
32766
32763
32761
32766
32766
32761
32766
32763
32763
32766
32763
32707
32763
32766
32753
29948
32712
32766
32734
32761
32753
32763
32761
32748
32748
32763
32753
32753
32753
32763
32763
32730
32480
32753
32766
32766
32750
32763
32753
32763
32763
32766
32753
32738
32763
32761
32763
32763
29948
32763
32670
32753
32766
32766
32766
32763
32763
32763
32766
32763
32763
32763
32763
32763
32761
32763
32763
32763
32753
32763
32753
32766
32761
32732
32707
32734
32763
32753
32753
32734
32761
32631
32761
32761
32639
32748
32761
32763
32753
32753
32763
32753
32766
32766
32712
32763
32763
32763
32763
32763
32732
32766
32753
32707
32761
32750
32766
32753
32766
32761
32766
32761
30443
32761
32743
32766
32734
32763
32753
32763
32766
32766
32766
32766
32761
32763
32766
32763
32750
32763
32766
32748
32763
32763
32667
32748
32750
32763
32763
32766
32668
32753
32763
32763
32763
32763
32750
32694
32667
32766
32753
32761
32761
32667
32750
32763
32763
32766
32763
32766
32763
32722
32761
32753
31961
32668
32753
32766
32761
32766
32766
32763
32761
32743
32750
32731
32667
32753
32766
32763
32753
32761
32766
32763
