32750
32752
32753
32753
32752
32749
32753
32736
32753
32736
32753
32736
16993
32753
32752
32710
32753
32742
32750
32753
32750
32753
32750
32752
32753
32726
32669
32752
32698
32750
32753
32753
32735
32647
27840
28471
32750
32690
32753
32753
32735
32753
32752
32681
32753
32753
32750
32551
32752
32708
31475
32753
32736
32753
32713
32750
32750
32753
32753
32752
32698
32753
32753
32753
32388
32753
32736
32752
32753
32753
32753
32752
32753
32752
32753
32737
32753
32753
32752
32713
32753
32752
32753
32753
32753
32750
32752
32753
32750
32752
32752
32752
32353
32753
32753
32753
32750
32234
31275
32735
32752
32750
32753
32753
32750
32750
32753
32471
32704
32736
32752
32749
32753
32478
32753
32753
32752
32753
32753
32752
32753
31331
32753
32752
32752
32735
32753
32753
32753
32752
32752
32753
32750
32753
32752
32753
32552
32735
32752
32704
32753
32737
32753
32750
32753
32750
32750
32753
32737
32719
32752
32753
32750
32704
32753
32750
32753
32641
32735
32752
32753
32742
32752
32752
32753
32752
32704
32753
32618
32752
32698
32750
32753
32750
32752
32753
32753
32752
32752
32753
32750
32750
32735
32752
32752
32752
32752
32752
32704
32657
32710
32753
32753
32753
32752
32753
32753
32753
32750
32750
32668
32752
32753
32742
32752
32750
32752
32752
32753
32753
32752
32750
32753
32753
32750
32753
32726
32753
32704
32735
32753
32698
32749
32749
32753
32749
32753
32750
32750
32752
32752
32752
32736
32750
32727
32750
32752
32753
32753
32753
32699
32550
32753
32752
32753
32736
32753
32750
32750
32752
32753
32704
32698
32750
32736
32704
32662
32750
32753
32752
32713
32753
32753
32752
32753
32356
32753
32736
32704
32750
32750
32736
32752
32752
32750
32752
32753
32753
32752
32704
32752
32753
32753
32736
32750
32753
32753
32736
32750
32752
32662
32753
32637
32736
32753
32637
32736
32737
32713
32753
