42662396
10665599
42662396
10665599
10665599
10665599
21331198
10665599
10665599
42662396
31996797
10665599
10665599
10665599
10665599
10665599
42662396
10665599
10665599
10665599
10665599
21331198
21331198
10665599
42662396
10665599
21331198
21331198
10665599
10665599
10665599
10665599
10665599
10665599
10665599
31996797
10665599
10665599
10665599
10665599
10665599
42662396
21331198
42662396
10665599
10665599
10665599
10665599
10665599
10665599
21331198
10665599
10665599
10665599
10665599
10665599
10665599
42662396
21331198
10665599
10665599
42662396
10665599
10665599
42662396
21331198
21331198
31996797
21331198
10665599
21331198
10665599
10665599
10665599
10665599
21331198
10665599
10665599
42662396
31996797
31996797
10665599
21331198
21331198
63993594
10665599
21331198
10665599
10665599
10665599
10665599
10665599
10665599
10665599
10665599
10665599
10665599
31996797
10665599
85324792
