57 55 14 11 91 2 2 27 69 18 36 66 91 68 32 84 89 3 4 73 86 44 87 44 2 0 66 37 79 26 35 26 16 41 67 19 51 66 94 48 12 66 3 64 44 40 38 22 23 31 65 84 33 96 66 61 82 75 85 61 100 3 37 61 1 91 31 34 58 94 12 28 56 10 92 94 27 33 77 98 9 25 74 15 74 90 75 72 73 48 2 73 98 24 41 22 51 64 23 38 
81 0 43 34 32 19 68 73 91 71 93 38 84 82 29 78 21 4 69 17 24 60 85 48 15 22 15 15 0 26 4 31 98 64 18 54 34 47 62 82 25 33 36 5 15 79 99 88 53 29 53 19 35 72 72 62 35 7 53 96 98 68 51 34 70 83 35 68 91 74 21 100 9 38 71 51 92 72 80 47 93 16 84 63 60 55 39 69 74 29 30 60 55 20 25 25 33 57 5 73 
80 71 98 36 0 66 99 43 49 53 47 55 71 25 66 35 36 77 64 86 22 84 81 5 33 64 91 55 96 96 87 25 1 36 29 14 65 44 88 82 96 44 41 96 17 43 0 65 38 15 31 81 56 92 32 33 56 16 33 74 43 22 75 26 32 91 71 47 28 94 94 31 66 23 81 36 90 54 99 3 45 17 15 29 65 80 30 36 43 30 74 21 79 82 100 57 64 84 24 76 
97 90 43 100 83 77 49 82 77 80 26 56 41 63 20 89 58 27 0 92 84 47 42 8 96 26 79 22 71 17 26 33 60 4 1 14 91 66 96 58 56 18 34 5 12 31 57 95 14 58 20 54 27 11 83 29 91 60 76 4 55 7 40 67 21 33 94 19 36 10 9 72 11 20 52 37 53 72 49 96 92 67 51 96 53 87 45 40 84 35 60 13 53 69 20 20 24 18 28 34 
67 52 36 90 56 71 99 56 89 23 51 55 91 66 0 97 36 71 30 55 85 99 38 89 43 15 75 67 83 78 48 32 68 23 10 14 1 15 92 18 38 99 66 56 36 74 86 29 51 1 61 67 98 59 76 7 85 88 17 87 52 58 86 29 19 100 98 74 61 30 42 64 73 29 17 34 85 57 9 40 63 18 62 48 24 23 8 21 2 40 0 5 36 17 85 61 60 85 14 97 
1 89 72 81 62 20 49 32 87 30 56 70 77 70 94 62 59 4 61 77 69 87 44 63 98 28 30 4 79 36 82 23 3 46 41 84 94 25 25 47 95 15 65 3 25 63 41 64 44 50 50 66 45 27 30 3 41 36 52 42 93 66 87 23 56 16 3 6 11 15 28 26 93 59 75 14 80 10 33 54 49 91 84 68 13 26 59 35 57 40 26 51 62 54 97 40 55 18 48 92 
46 73 53 17 36 27 0 79 10 42 26 24 17 7 89 42 4 83 99 77 24 26 16 57 83 52 45 13 71 78 13 20 6 51 6 14 96 55 0 55 60 66 74 78 28 55 26 30 49 16 63 44 67 30 86 18 77 48 24 40 59 65 30 17 23 53 90 56 64 74 59 72 50 83 28 47 1 86 65 85 56 58 87 19 4 1 9 62 75 90 40 34 39 11 88 22 9 60 64 69 
55 34 2 5 54 42 84 90 90 36 69 12 94 97 42 15 80 56 64 65 64 83 11 56 14 14 12 41 37 26 24 32 26 54 7 0 66 47 13 42 65 46 80 14 28 64 14 100 13 84 16 4 94 90 69 9 14 41 52 4 65 18 62 45 70 20 23 30 30 57 83 51 72 1 29 63 100 47 67 63 72 78 56 68 8 58 22 86 68 80 50 48 16 27 78 93 62 19 48 59 
0 39 34 44 9 25 96 51 97 53 7 42 78 1 77 12 78 54 65 75 7 46 49 37 29 72 89 71 4 58 8 15 13 75 21 9 56 4 45 49 97 31 96 72 7 68 81 65 93 35 50 77 86 11 41 49 62 62 1 43 74 11 14 22 58 1 68 28 49 12 53 21 24 100 73 89 35 88 25 95 52 97 20 34 34 76 94 72 36 90 71 5 78 31 7 99 63 44 80 47 
5 50 44 41 27 85 37 74 18 18 54 50 7 13 97 31 63 3 43 20 85 49 34 9 46 81 16 57 95 82 60 100 88 60 3 37 99 96 56 27 33 99 37 38 15 81 16 12 30 48 6 62 19 36 38 8 42 95 39 16 73 21 43 63 98 2 52 44 78 33 25 57 1 86 34 66 8 46 21 66 41 51 97 53 68 41 97 100 62 40 57 10 42 78 29 59 80 29 99 37 
48 89 87 31 37 34 38 43 80 72 83 81 18 95 66 15 44 20 40 67 1 78 39 79 0 100 79 39 4 72 45 51 21 30 66 38 1 56 56 40 26 40 94 84 67 34 62 22 3 79 47 33 37 4 51 81 34 77 81 68 61 86 45 64 25 59 93 63 91 51 78 1 84 15 56 59 79 22 46 17 66 30 44 91 6 89 43 13 54 25 30 86 88 47 95 16 17 87 6 40 
88 63 86 62 26 24 39 18 0 6 55 27 21 100 63 32 51 87 73 74 31 6 23 65 40 77 22 36 40 62 37 89 6 22 24 80 86 12 61 80 71 88 55 89 58 68 2 14 6 66 29 37 42 95 37 76 84 43 40 12 35 93 24 90 98 49 8 83 15 37 89 45 65 87 23 85 42 34 37 17 31 79 9 62 56 6 59 45 64 80 60 89 53 67 8 10 68 31 96 11 
1 11 48 1 53 16 41 1 51 96 24 53 43 92 28 77 90 89 49 18 26 45 7 46 92 38 19 11 43 91 74 69 30 51 88 96 12 46 37 7 17 100 18 79 69 33 89 61 7 86 74 60 15 95 76 45 9 76 12 0 94 5 41 38 85 11 21 83 32 46 14 94 54 99 56 93 10 16 19 45 32 16 98 76 66 5 95 70 33 66 40 58 61 53 47 97 12 64 46 12 
1 47 32 54 38 92 93 68 58 67 81 85 5 43 18 76 23 59 32 59 8 76 90 33 4 59 82 9 96 10 19 81 2 30 93 85 63 27 45 75 39 38 32 5 72 76 95 98 43 4 90 89 3 75 46 75 77 78 73 39 3 45 99 60 40 75 45 4 24 36 58 65 11 62 26 59 39 94 7 71 29 27 78 90 28 96 25 15 57 76 91 86 49 73 20 52 4 68 98 77 
93 29 38 96 8 76 49 46 60 65 78 9 71 9 74 35 64 11 99 21 22 51 75 11 27 95 98 58 53 94 25 82 65 36 36 8 91 7 48 69 57 78 73 17 41 32 78 85 81 16 0 90 36 67 53 70 47 97 35 86 55 70 37 52 35 31 74 16 45 56 62 44 18 84 6 14 47 43 63 35 48 39 4 6 39 8 44 43 71 20 16 44 65 98 60 42 98 75 76 12 
96 9 10 5 56 93 30 16 66 32 85 61 41 71 59 100 30 54 70 53 64 33 14 10 12 7 24 97 87 55 41 12 69 95 76 65 75 67 40 40 75 42 58 9 53 47 18 66 50 58 81 64 36 77 16 27 59 31 84 87 55 40 0 60 72 6 94 61 74 24 61 96 74 79 44 52 17 51 16 73 40 11 11 34 67 80 17 76 37 81 79 35 53 85 30 49 0 67 42 95 
39 34 58 82 69 84 49 71 38 9 50 39 1 82 64 59 14 80 0 35 15 93 55 7 55 57 99 95 100 7 99 24 7 12 44 80 93 87 0 13 53 10 69 8 77 75 31 64 67 62 23 84 15 28 94 77 24 56 5 4 45 15 96 79 95 10 76 68 33 33 21 8 93 99 72 83 31 0 76 89 84 32 35 57 46 52 37 10 64 22 54 53 49 47 4 65 94 21 10 86 
44 83 57 14 45 9 8 6 17 36 10 79 63 86 10 3 100 21 79 81 32 100 79 36 60 45 85 56 17 94 66 0 17 14 10 78 99 74 26 100 56 61 6 19 11 54 97 70 32 53 83 25 77 24 70 86 5 19 62 100 14 83 55 56 57 10 80 25 3 78 61 37 88 14 43 63 49 5 91 23 94 22 18 39 12 84 27 86 3 50 37 42 26 37 45 2 55 4 51 11 
65 30 99 4 70 1 72 33 88 15 90 33 53 12 56 33 72 44 19 87 18 89 71 89 86 81 76 33 14 8 34 16 48 68 34 79 80 28 5 11 30 19 55 67 69 39 33 50 23 65 89 18 49 73 12 1 61 78 42 39 34 25 77 73 49 35 95 22 67 0 95 80 97 52 72 33 19 11 90 90 12 67 55 84 97 21 17 47 21 43 45 54 43 61 64 37 64 48 39 62 
71 96 88 35 83 43 81 29 48 82 71 16 16 32 10 83 83 56 97 16 59 96 22 94 34 25 3 36 18 93 98 46 31 47 15 2 44 73 99 41 85 35 77 20 64 4 56 57 27 95 61 67 17 56 82 0 76 45 19 9 28 30 13 69 14 100 73 75 11 45 67 93 53 27 79 23 82 24 86 89 93 45 66 89 48 35 82 48 50 16 85 48 88 94 45 81 63 20 25 72 
94 90 10 19 61 5 5 90 87 82 58 14 96 21 81 76 61 39 63 20 5 67 45 3 37 81 21 78 68 5 99 37 61 60 13 75 86 51 45 1 93 46 47 3 30 4 23 43 17 32 83 46 45 61 30 81 33 71 67 21 96 31 3 0 63 49 55 65 63 35 77 4 1 14 17 87 97 79 70 42 22 92 21 6 27 76 11 84 45 12 75 75 45 15 15 76 27 52 24 2 
79 35 40 75 51 96 72 61 44 14 54 74 54 50 85 31 78 62 38 90 42 66 92 59 92 97 18 76 17 86 70 11 4 91 42 32 46 74 52 45 15 6 50 98 14 98 87 11 14 15 77 54 73 52 91 38 83 21 89 56 66 32 28 5 83 37 2 83 42 2 11 22 80 22 2 3 72 56 77 44 64 77 89 25 75 72 51 4 73 88 87 1 52 71 68 0 79 37 53 11 
40 38 56 61 56 30 32 47 11 93 35 48 18 24 35 69 65 35 90 36 3 88 38 20 23 88 56 32 23 9 16 85 31 87 21 78 71 60 70 30 27 15 97 39 17 46 64 12 75 70 30 77 85 44 58 2 85 50 93 60 5 87 62 74 80 25 92 78 6 69 38 59 76 99 29 18 94 29 56 16 83 13 73 29 64 32 97 83 19 91 84 60 29 79 45 20 56 33 60 76 
40 73 50 36 29 65 17 82 2 70 17 30 57 14 93 7 5 65 100 66 94 88 26 82 88 24 48 48 91 71 49 95 74 65 16 75 63 31 23 71 52 93 5 43 69 5 58 17 97 30 73 58 57 52 49 8 58 88 13 33 7 27 100 46 17 25 47 55 75 83 81 23 60 85 75 100 74 81 89 91 30 63 9 59 22 79 45 77 76 51 14 60 41 89 5 7 91 9 97 98 
4 44 92 87 76 21 61 79 16 84 19 17 80 39 37 21 22 50 81 11 59 70 27 86 85 16 26 21 86 44 71 73 30 71 27 37 23 18 98 36 14 26 75 92 83 61 88 14 4 8 91 58 65 12 65 13 37 69 47 79 33 35 91 99 30 85 6 6 15 7 41 13 61 45 34 21 69 32 61 75 41 10 33 18 29 37 20 65 73 66 63 71 22 8 58 37 21 9 64 12 
42 99 59 83 19 21 19 53 8 41 62 17 30 93 56 24 10 25 83 10 6 36 58 53 60 29 71 11 77 91 65 44 2 12 74 94 83 1 3 50 22 37 82 48 82 82 86 74 3 47 57 3 87 4 22 83 2 76 18 95 39 65 53 51 31 38 67 34 94 65 16 87 16 8 94 70 48 84 23 35 13 29 14 100 85 38 53 90 75 47 74 99 0 35 88 65 69 30 2 36 
72 81 49 58 27 76 63 46 15 93 70 2 1 99 27 57 79 19 98 67 54 69 83 98 64 11 76 30 88 86 40 15 74 13 79 67 8 26 66 83 27 95 22 16 92 62 43 21 1 2 56 56 16 76 98 21 19 79 86 56 5 99 31 77 76 46 46 11 67 42 86 82 10 49 5 52 85 56 79 46 32 26 58 89 28 55 14 38 100 41 0 13 54 4 82 30 39 4 76 53 
79 29 77 69 17 37 45 87 66 57 19 31 0 93 65 95 30 99 57 30 27 36 95 67 56 19 47 58 93 32 39 91 65 45 87 66 44 9 31 69 44 1 84 83 11 39 25 95 66 64 98 66 49 67 2 64 23 67 29 6 49 88 22 76 38 32 0 12 60 69 72 77 10 1 62 79 78 66 62 70 21 46 29 50 70 37 85 7 10 57 70 100 15 91 1 1 65 69 6 62 
78 90 74 74 68 59 94 58 69 49 72 66 41 96 95 70 61 79 100 97 1 64 17 3 26 47 30 34 54 56 90 30 59 69 46 85 16 53 8 11 12 62 58 98 0 100 39 32 78 25 45 29 52 27 75 50 90 14 12 26 77 93 77 57 33 79 20 70 14 37 19 93 39 1 70 0 98 11 15 30 33 82 61 97 31 83 20 6 82 100 32 36 73 52 88 89 48 79 35 35 
10 26 15 87 54 1 18 19 41 63 0 29 15 76 67 16 83 55 83 29 63 68 40 52 100 77 36 37 41 78 30 72 6 18 86 60 47 38 93 59 78 35 46 76 38 78 3 87 43 89 57 78 53 54 20 53 93 21 18 72 20 70 16 28 95 20 96 20 6 54 77 26 23 99 17 58 81 61 90 87 77 27 77 76 24 35 37 21 44 5 74 47 34 2 80 98 5 76 99 34 
70 48 46 11 66 18 92 64 24 71 90 10 2 14 57 32 83 44 4 83 15 0 19 63 55 89 73 79 41 90 9 73 76 6 24 95 25 51 89 51 4 34 13 42 51 23 16 74 4 59 31 33 26 82 60 46 95 10 50 53 63 26 95 19 43 91 77 73 85 17 3 57 12 17 44 39 65 59 80 73 61 96 18 99 89 71 82 46 24 2 20 10 45 31 3 63 34 18 19 84 
50 75 95 92 29 62 13 78 95 87 38 80 68 76 86 52 21 96 47 44 0 77 74 94 24 48 85 79 16 50 73 13 75 41 61 28 95 22 78 20 19 71 1 49 77 41 75 76 35 84 22 23 48 83 66 92 73 38 99 68 98 89 43 82 15 75 96 27 17 96 59 7 8 56 38 58 59 8 53 43 41 29 55 51 51 0 40 0 64 63 75 39 51 83 12 3 71 98 19 63 
40 69 44 77 88 48 1 84 43 17 3 53 2 91 34 1 83 21 34 66 98 1 37 96 0 6 22 39 4 83 20 47 32 51 71 11 58 5 98 6 13 75 3 33 43 66 29 80 4 53 50 37 19 75 70 13 38 86 44 68 8 24 61 66 25 89 95 99 82 6 95 65 24 100 29 68 42 8 21 7 97 85 100 30 40 16 60 59 40 22 70 65 32 1 99 69 100 16 43 76 
81 24 65 82 38 37 68 96 38 95 24 40 22 67 100 91 25 67 96 75 62 19 1 32 59 71 94 13 82 66 8 91 85 74 27 90 34 38 24 61 48 47 40 15 72 77 9 16 7 84 22 50 17 86 96 34 36 26 92 78 93 47 30 85 35 54 66 86 7 34 14 62 5 81 45 99 68 57 21 64 17 11 18 18 52 18 96 10 0 1 73 55 98 56 24 28 54 28 79 36 
41 5 21 42 79 97 95 48 22 62 31 16 85 79 64 90 4 2 25 33 34 45 30 94 10 55 65 15 74 37 22 72 22 98 84 23 63 0 63 33 92 87 71 99 33 46 100 64 4 48 22 74 49 82 26 76 28 10 30 50 3 94 53 15 67 17 19 21 46 46 90 23 6 2 44 6 61 88 18 8 64 95 45 15 27 14 11 70 88 31 93 97 45 75 54 92 12 0 89 7 
63 90 61 85 18 58 93 39 49 55 76 46 52 51 80 25 51 8 65 15 30 87 39 94 33 72 50 100 38 38 35 77 86 29 92 48 70 41 54 14 7 99 61 30 58 21 66 90 7 23 13 59 47 4 9 32 94 72 26 38 76 80 45 47 8 81 2 88 51 22 75 57 23 81 83 29 48 27 21 14 88 72 77 65 36 20 36 5 76 75 16 79 97 0 80 32 77 42 61 34 
90 1 10 65 83 2 71 60 60 17 71 52 65 41 29 41 23 32 56 47 3 24 83 10 89 7 32 11 21 17 99 53 21 95 31 10 97 73 91 58 68 8 13 100 90 50 51 4 2 95 7 28 30 29 88 21 11 93 54 2 4 20 90 27 94 44 35 9 93 99 15 45 30 85 73 96 20 42 80 76 15 37 87 98 51 35 22 36 24 31 52 32 61 53 23 24 91 87 12 90 
98 23 3 8 55 82 13 57 30 51 27 19 35 93 87 93 49 44 24 11 40 17 89 43 87 7 21 18 19 56 42 88 98 4 64 93 3 33 73 45 84 68 6 96 55 90 91 23 27 30 7 49 87 22 49 70 73 9 63 100 92 85 39 61 74 66 2 53 66 71 77 44 88 89 50 27 30 8 34 10 66 23 64 100 97 16 25 77 95 41 50 28 24 51 37 76 38 59 95 75 
85 40 3 40 42 81 42 5 47 63 25 63 45 12 1 79 41 32 68 40 73 35 99 100 86 91 3 96 4 61 16 49 24 27 38 28 75 27 85 28 63 3 16 37 66 2 5 34 6 67 60 65 42 30 68 84 7 97 62 86 89 54 46 36 12 59 76 16 44 30 35 67 80 91 8 91 55 21 81 67 15 88 74 42 76 45 97 71 6 92 97 64 26 36 88 30 64 16 52 65 
44 80 64 98 98 29 39 80 31 76 18 13 30 12 73 100 26 52 45 61 51 94 32 48 15 36 22 14 63 64 91 8 63 37 62 55 60 36 68 32 2 76 35 73 49 8 87 52 4 67 16 87 31 100 60 25 55 37 70 50 6 13 73 91 27 7 90 28 95 19 1 11 14 67 31 71 89 69 66 20 96 17 38 62 14 37 48 85 0 52 88 55 15 27 77 100 28 49 0 72 
81 1 42 33 53 23 51 24 18 36 68 37 94 2 44 40 86 38 79 81 59 63 85 49 83 70 11 26 29 78 67 16 38 93 5 74 45 80 8 94 5 9 81 67 94 13 88 29 82 76 16 31 86 18 26 41 27 89 70 17 61 77 43 100 36 44 59 92 24 11 88 63 94 19 35 42 98 0 70 99 32 7 13 16 80 61 36 56 44 80 83 56 33 66 93 43 89 23 39 1 
34 23 18 28 78 60 65 25 56 1 25 23 77 75 43 37 15 54 95 90 74 0 85 51 51 9 49 76 78 40 31 55 57 31 38 9 69 17 26 72 100 17 10 52 43 63 41 17 45 16 46 31 5 42 47 1 42 10 34 80 81 55 54 8 42 76 67 50 46 96 49 77 8 23 64 5 7 35 70 32 20 99 58 70 73 52 44 25 25 41 82 45 76 58 69 12 87 81 40 84 
72 22 15 79 64 94 87 22 84 49 37 69 1 5 67 19 51 23 97 44 10 21 92 33 65 50 58 4 80 80 36 88 73 73 63 57 59 13 89 44 22 70 79 61 10 93 84 32 80 31 32 39 100 8 27 41 23 9 96 70 6 49 72 19 22 25 57 78 1 68 83 59 15 78 62 29 81 10 41 81 44 3 56 52 43 16 75 39 22 77 60 72 91 36 68 26 94 50 81 48 
30 15 25 38 50 29 29 93 51 20 50 46 61 98 11 5 50 40 78 60 52 25 1 19 48 33 10 42 42 0 53 51 91 30 9 4 62 71 57 4 51 96 84 2 67 30 73 56 81 40 99 8 50 76 86 62 100 91 12 85 30 95 59 92 68 77 99 96 92 2 40 62 68 62 65 69 47 80 45 36 38 83 45 16 100 49 11 50 81 6 41 57 68 95 18 61 40 76 37 24 
25 39 64 87 70 45 22 97 35 72 62 93 88 96 0 61 71 36 60 62 31 67 96 67 56 77 74 52 3 14 24 17 96 31 5 77 45 56 15 15 98 24 68 75 9 40 80 1 4 45 57 44 19 22 40 32 31 57 67 30 22 48 79 86 4 30 47 13 81 54 69 43 77 81 72 77 82 24 43 48 56 62 88 97 25 2 2 8 3 40 50 96 94 100 73 49 11 50 56 88 
36 31 87 39 63 8 93 71 38 18 15 36 27 62 75 42 48 77 18 24 97 33 79 85 13 17 91 71 60 5 60 14 76 66 90 56 54 91 96 6 10 19 80 3 6 69 80 17 100 18 5 22 82 67 18 94 46 99 15 33 38 94 77 20 47 29 23 59 8 58 45 70 91 62 5 95 36 40 16 11 56 4 6 1 83 36 52 91 3 36 27 0 60 96 30 4 40 51 54 27 
42 38 68 78 4 44 76 45 58 41 60 73 20 18 45 87 64 26 40 58 99 28 52 59 33 47 58 37 36 26 22 15 78 16 28 84 59 14 76 39 87 47 16 62 36 19 10 43 46 68 12 4 97 72 62 27 64 98 40 6 27 46 2 20 26 37 65 63 88 1 16 97 73 78 13 25 68 74 4 33 95 26 23 64 43 84 11 33 47 2 40 48 66 83 99 34 51 60 4 51 
56 83 31 33 4 25 28 40 21 84 73 82 96 90 47 44 47 82 73 69 4 21 33 80 100 63 29 60 50 33 71 77 23 37 60 4 72 88 95 19 76 53 26 7 79 5 96 58 8 68 81 65 30 42 11 83 28 81 91 45 28 92 29 79 49 11 73 37 38 91 36 57 28 52 0 28 69 97 80 6 83 29 25 0 32 50 54 75 9 95 84 34 90 1 56 15 44 14 46 88 
37 49 86 66 58 45 36 96 12 44 86 34 13 68 93 35 64 70 13 50 36 4 92 32 63 60 89 13 69 11 77 56 57 4 11 50 78 13 82 32 11 75 95 41 46 74 33 69 99 57 32 52 88 11 5 30 81 62 35 16 13 17 16 62 80 13 32 81 34 4 81 24 99 60 62 29 8 14 13 2 84 79 5 92 31 88 64 95 89 100 52 36 57 59 31 80 0 37 65 98 
35 41 37 87 42 59 46 6 32 92 59 22 66 7 76 52 64 20 31 26 26 7 32 11 78 84 96 18 66 14 87 37 64 76 53 94 36 14 95 13 28 95 29 56 64 91 42 31 59 3 53 57 18 16 98 18 31 72 79 42 52 44 45 80 4 49 17 91 74 17 81 14 97 76 95 32 7 86 60 25 38 40 52 61 92 66 6 24 17 55 40 91 21 22 60 87 47 81 29 0 
13 83 24 2 74 12 59 96 41 88 12 12 6 8 78 9 61 12 13 79 60 12 31 65 16 61 88 66 58 65 37 75 41 0 11 2 27 32 16 43 10 95 50 69 50 2 5 12 30 14 98 55 14 14 41 90 66 53 48 60 34 17 19 92 55 98 43 87 11 24 39 88 35 46 93 9 7 0 69 7 47 3 69 80 99 5 23 96 90 40 88 44 20 49 32 43 34 77 91 84 
85 65 93 30 86 79 39 53 19 82 9 38 70 78 57 92 54 34 59 83 54 57 30 39 58 4 90 3 12 19 93 37 69 3 31 59 57 1 12 58 59 63 38 54 24 100 43 80 29 30 2 37 63 69 60 84 90 13 28 20 15 12 50 95 0 64 1 1 93 20 41 57 81 26 43 99 31 1 39 46 40 4 89 72 2 11 76 53 45 59 99 76 94 49 95 62 12 44 81 34 
13 27 72 25 45 65 63 58 60 55 15 7 55 69 58 36 35 26 66 38 62 36 46 27 65 0 40 69 19 72 3 93 73 44 97 72 36 74 96 88 82 41 90 82 62 87 85 11 40 52 59 24 1 59 43 13 21 1 56 70 86 74 100 90 13 30 71 25 71 17 80 27 29 73 36 16 69 12 8 3 95 95 83 30 20 41 36 1 74 81 81 30 44 64 95 95 17 37 55 13 
25 62 51 61 39 16 79 0 12 1 10 29 12 2 34 55 50 15 100 16 60 75 25 5 50 12 84 8 68 91 3 10 40 71 9 37 69 49 21 88 3 82 27 46 33 92 56 64 84 96 53 8 21 76 34 99 15 88 66 50 75 85 74 34 58 80 22 59 82 1 71 55 17 31 16 48 68 24 71 3 37 92 77 31 50 36 0 22 51 49 93 91 23 3 74 36 87 22 20 84 
89 58 16 85 8 77 48 32 5 40 92 85 88 72 20 55 5 44 44 17 59 22 28 71 65 66 63 8 17 61 85 50 94 61 44 87 78 64 56 35 84 10 95 93 7 93 3 56 92 74 72 74 82 41 9 72 40 35 99 30 41 76 21 85 61 98 93 25 20 63 11 15 21 51 6 21 21 29 45 85 26 42 17 54 40 14 25 13 17 5 39 2 64 4 77 54 4 94 67 62 
12 74 86 10 21 97 13 17 1 92 83 11 77 28 56 9 23 42 58 95 82 23 75 58 59 58 46 14 32 31 60 73 20 50 45 32 14 73 1 31 23 13 27 11 74 60 37 61 43 98 51 6 59 4 7 33 2 60 96 98 78 11 100 80 24 98 56 33 60 70 16 35 81 62 74 56 74 78 95 24 3 25 50 7 68 73 87 31 68 32 32 80 94 58 92 87 55 48 71 90 
46 69 19 39 31 85 39 55 43 28 82 72 86 15 33 74 57 17 4 33 58 51 54 90 91 31 66 6 4 42 95 21 11 20 50 21 32 7 72 44 6 17 75 55 4 24 49 59 50 67 62 88 53 64 6 35 10 42 68 68 38 98 45 57 15 25 52 25 86 79 73 47 57 84 24 62 37 73 41 68 60 40 82 32 14 16 52 39 67 42 72 76 100 27 85 20 71 66 19 57 
82 35 9 10 48 71 100 29 58 4 52 60 44 20 26 92 28 57 43 71 58 31 33 99 80 13 77 6 24 99 22 52 77 55 19 33 73 8 98 3 78 15 23 86 23 81 89 52 44 4 39 45 77 32 38 18 6 40 61 100 37 54 4 74 39 3 96 46 77 1 1 23 58 53 65 99 84 95 15 9 34 41 18 38 59 60 44 21 86 42 62 97 60 45 45 86 68 3 58 93 
97 43 17 29 9 69 5 49 14 72 87 68 8 78 64 45 87 41 0 8 65 14 4 74 47 68 62 27 13 44 22 35 42 94 90 51 32 41 60 10 52 95 74 28 85 71 72 31 86 72 95 1 24 83 31 82 51 20 89 25 4 16 55 9 75 69 9 14 7 81 73 30 71 18 23 39 62 32 77 38 36 13 43 77 9 39 58 21 45 71 97 70 82 76 24 35 12 41 58 55 
11 51 31 8 32 50 10 75 69 25 21 44 74 86 63 47 39 74 45 46 46 78 68 86 38 6 56 50 38 62 27 65 84 90 29 38 17 68 50 72 28 23 66 80 67 38 85 88 6 83 92 7 16 63 91 36 78 74 26 66 55 79 79 61 13 63 45 81 49 82 45 93 35 19 61 91 6 58 64 21 21 72 56 38 44 53 91 87 41 70 47 56 17 72 52 72 22 4 22 92 
76 74 99 8 58 47 4 71 19 51 99 43 28 5 100 26 33 13 3 79 7 30 66 64 64 56 48 25 32 43 94 41 71 50 80 29 86 79 13 62 70 98 85 40 86 23 55 65 15 38 5 99 9 81 74 93 74 27 53 36 15 30 95 22 83 99 22 44 74 31 68 34 4 32 20 94 27 44 12 14 14 15 23 2 97 64 62 70 13 22 76 49 62 92 75 24 71 21 7 46 
77 47 39 31 68 20 54 68 60 41 65 10 6 97 51 9 91 29 88 83 64 65 22 73 100 61 38 4 12 4 13 48 41 0 79 73 58 63 19 11 77 25 22 84 0 3 72 37 55 69 18 50 88 45 24 29 53 6 50 50 32 22 47 90 48 87 95 24 67 96 79 50 99 56 77 82 32 25 5 84 100 3 87 88 89 88 48 64 6 47 21 80 61 84 77 77 27 4 11 8 
32 23 71 55 25 55 41 49 20 22 21 64 72 87 67 48 100 67 96 30 2 79 53 1 64 40 38 22 6 42 36 13 13 98 34 78 69 64 78 91 60 41 91 84 96 60 87 97 19 86 49 84 0 46 40 68 20 5 92 34 38 55 22 28 38 20 22 41 41 6 70 17 76 22 93 35 34 49 26 46 71 60 12 38 67 33 3 15 83 29 7 85 25 56 48 83 68 96 60 25 
89 7 23 33 15 72 29 48 65 13 28 84 66 26 32 37 7 99 86 27 66 32 89 71 98 44 89 37 35 97 78 83 94 84 3 7 97 8 70 31 26 36 71 4 19 13 48 43 16 11 7 28 32 61 90 83 89 75 60 51 11 2 27 40 68 76 38 23 77 83 57 84 85 42 7 78 67 15 49 40 16 27 27 15 54 93 47 87 97 66 0 62 23 79 40 66 9 4 60 81 
61 52 58 85 74 84 29 70 87 59 78 34 91 92 22 81 3 16 4 7 43 2 43 87 98 100 94 94 2 53 11 34 42 21 5 94 47 19 72 35 17 6 34 34 89 76 38 74 81 52 92 10 100 39 36 15 94 20 53 32 43 21 19 68 20 46 70 91 60 90 22 94 62 45 13 90 9 40 23 7 66 90 29 59 41 34 96 84 27 78 70 84 96 49 12 34 32 32 78 47 
88 91 26 96 61 39 7 57 74 18 65 72 75 87 86 23 91 100 1 28 5 35 48 57 30 61 48 1 66 9 90 12 57 80 67 22 56 25 2 25 35 10 98 43 61 33 11 34 54 1 17 77 21 34 80 15 65 49 63 4 50 6 71 67 85 71 83 10 15 22 64 3 34 35 41 73 1 45 6 51 59 0 59 34 62 16 62 99 20 6 39 57 6 84 94 9 35 96 31 25 
7 21 48 90 57 32 87 24 32 85 79 82 78 60 89 78 22 32 35 93 73 50 14 24 32 1 9 10 74 51 71 42 29 77 66 49 59 59 21 91 27 58 25 56 91 98 89 53 11 32 99 64 78 24 98 6 13 28 82 80 29 79 89 50 34 8 1 52 70 79 2 21 66 4 70 6 27 36 40 48 83 82 32 6 99 87 59 16 36 60 60 53 71 3 32 29 62 20 14 12 
5 80 67 45 74 34 31 98 89 100 19 81 46 74 3 19 6 73 89 82 86 38 61 72 29 42 3 39 84 31 87 89 12 89 77 3 0 17 76 24 64 59 1 59 75 6 7 5 100 28 40 62 16 27 26 6 47 62 33 60 29 39 72 58 2 85 93 57 13 5 39 71 100 55 68 94 80 63 17 41 53 3 31 83 91 22 64 83 90 51 23 24 94 13 62 29 17 21 69 82 
28 24 11 22 62 48 4 74 7 14 78 7 17 15 13 93 94 95 67 85 32 17 94 61 58 67 61 59 35 4 49 51 44 39 70 35 37 40 70 92 17 9 5 13 4 100 24 5 59 54 27 94 32 29 40 18 18 21 42 56 37 70 12 91 26 85 79 100 96 36 65 73 16 74 7 98 21 6 43 34 70 12 97 31 27 5 96 9 58 14 87 69 24 93 8 3 90 97 9 72 
2 73 74 27 51 78 54 62 36 76 67 93 35 57 95 19 27 26 44 94 63 34 42 98 46 48 85 42 81 54 32 25 57 34 31 5 13 47 30 9 61 80 79 23 80 86 100 77 81 7 96 48 89 28 91 49 12 97 62 89 30 75 79 37 6 39 74 83 41 69 45 35 19 100 39 67 52 80 62 79 55 86 69 94 28 36 80 5 97 0 24 97 57 79 43 66 49 80 32 100 
62 90 87 43 57 49 57 33 92 72 52 29 39 40 6 20 56 24 65 14 73 57 7 85 83 7 60 97 65 39 39 99 81 98 41 63 70 100 85 34 97 30 2 27 67 95 52 20 42 41 79 80 29 40 87 48 36 82 69 66 51 10 12 8 8 50 23 92 68 96 91 18 96 13 14 49 90 86 7 31 43 42 96 18 68 30 39 12 92 22 14 23 75 38 47 57 16 27 83 88 
42 51 59 90 6 61 63 17 76 73 43 16 23 80 32 42 64 97 36 8 68 22 80 11 8 89 91 5 59 74 50 61 71 36 2 38 88 70 64 4 18 66 88 63 51 14 15 97 62 2 48 17 20 93 62 3 73 35 93 95 53 58 74 14 56 95 87 95 40 1 55 56 89 77 43 74 63 26 72 26 38 3 20 67 31 30 91 58 75 20 83 36 89 20 25 97 72 70 7 25 
13 76 17 99 91 63 63 57 31 66 64 76 76 92 6 54 22 7 36 2 6 29 79 76 53 70 54 74 60 89 5 83 71 34 0 83 20 34 12 17 80 22 36 7 59 30 62 89 78 68 82 92 41 22 66 64 53 17 92 96 34 71 36 7 40 86 71 58 100 4 67 23 37 86 68 19 86 91 65 14 3 57 82 74 5 83 62 80 18 50 58 99 45 89 4 2 51 13 19 70 
19 46 51 82 7 79 13 59 82 76 11 82 67 48 70 95 37 51 39 20 2 6 24 70 42 98 89 88 13 94 23 83 23 89 40 20 99 47 99 99 63 63 7 36 26 35 97 30 49 22 99 43 24 77 51 82 61 2 24 87 89 71 47 51 12 7 52 2 75 51 3 13 42 13 18 21 7 55 77 95 16 8 31 48 81 45 13 41 48 85 1 98 34 30 42 63 16 69 62 5 
7 12 60 14 73 52 33 33 63 61 55 50 58 95 61 40 80 84 14 77 49 78 69 2 77 9 64 4 80 39 63 40 77 18 89 33 27 33 49 10 14 44 30 34 31 67 5 78 44 55 47 83 30 0 57 2 3 85 41 64 36 60 53 9 50 7 30 57 17 18 24 88 9 45 91 21 76 77 80 10 98 72 45 10 55 13 79 99 2 28 99 43 28 1 36 82 56 63 33 32 
72 85 30 50 61 74 25 25 95 65 86 17 76 90 71 60 37 18 56 97 9 16 40 17 42 91 97 24 74 28 97 42 7 40 31 97 22 60 81 83 25 76 78 12 61 33 75 31 100 36 23 75 59 33 70 99 16 49 20 87 75 45 52 28 97 59 18 44 71 0 62 37 76 30 79 59 66 37 81 16 27 84 41 87 73 93 68 33 33 18 74 33 73 8 52 86 17 62 79 61 
44 7 81 19 38 26 16 92 25 22 11 15 82 76 5 36 2 18 40 39 19 47 42 42 18 68 89 55 42 62 5 94 31 6 37 52 41 9 0 51 91 57 3 79 45 95 88 95 93 36 62 17 42 57 11 11 13 20 25 0 99 40 85 32 58 6 49 4 84 65 90 82 40 10 30 12 16 72 21 88 47 26 31 28 62 76 56 56 30 5 87 29 64 55 29 53 73 37 43 70 
66 52 33 54 100 16 22 62 11 61 14 54 53 9 18 66 8 18 57 1 82 93 71 55 14 69 94 79 41 81 19 7 11 57 95 31 52 48 20 87 41 53 7 70 38 94 83 55 13 86 43 21 77 32 35 3 41 87 77 71 6 34 27 66 62 22 47 29 74 87 59 61 73 66 1 7 59 42 7 63 39 87 4 45 80 72 0 63 30 96 89 82 44 2 0 4 50 49 46 25 
85 14 79 34 92 24 94 7 96 80 8 58 74 15 6 68 95 34 35 90 5 36 7 56 20 19 17 18 81 71 1 40 81 64 22 36 31 50 46 35 31 12 25 50 26 32 5 85 52 25 67 70 12 79 11 76 4 5 82 18 78 95 46 100 40 76 72 66 28 57 44 72 95 68 33 52 11 2 60 1 69 7 53 19 8 55 3 9 69 45 87 69 82 80 32 77 69 78 84 61 
58 95 91 15 3 84 40 69 82 63 90 17 80 77 68 38 25 75 62 17 51 54 39 47 74 25 18 33 51 3 13 33 12 31 36 23 74 41 66 3 43 4 75 11 3 94 75 43 89 12 74 47 40 39 65 34 13 16 44 61 74 65 52 1 46 46 74 8 41 43 65 30 88 12 68 26 7 11 39 8 86 38 88 19 59 1 97 2 91 40 89 30 98 60 79 73 0 60 25 57 
74 11 57 34 5 57 60 39 44 99 51 43 60 33 11 27 3 0 0 55 50 62 10 73 77 13 25 89 90 75 41 96 39 61 6 34 12 59 24 53 100 9 14 50 73 43 84 5 27 77 27 7 85 65 91 48 82 37 40 60 12 34 95 35 16 33 82 29 95 86 17 46 28 80 88 52 33 67 92 85 8 57 81 90 77 94 79 71 6 87 78 16 51 66 18 90 53 89 98 45 
32 76 15 11 62 10 70 70 83 84 12 20 38 98 60 8 87 28 31 30 31 66 87 86 67 19 76 26 11 78 96 74 32 4 79 88 53 19 4 0 20 9 41 72 42 13 75 9 81 64 67 84 93 87 63 12 22 78 28 66 65 31 59 81 23 54 57 38 42 59 34 54 75 30 54 84 80 47 76 19 27 92 90 50 35 77 83 68 56 48 37 92 79 97 0 2 83 12 95 84 
59 75 0 40 82 64 68 46 80 40 11 25 40 10 58 24 46 61 100 99 39 33 93 33 33 51 2 50 33 13 51 93 18 59 14 88 80 23 99 60 82 71 43 17 93 63 31 30 73 10 11 9 89 67 87 77 89 23 79 99 57 4 22 54 95 49 83 15 30 16 81 97 50 95 11 98 57 46 4 90 36 61 9 63 89 6 40 27 85 40 78 98 33 45 46 98 83 37 23 92 
8 62 10 0 55 49 52 37 39 3 49 89 46 58 43 42 62 98 2 54 90 93 97 58 8 26 82 36 66 71 79 44 25 59 82 65 96 87 11 60 94 41 79 89 24 64 54 82 77 92 58 100 20 46 91 63 51 62 90 81 77 7 30 29 27 21 79 75 71 96 51 97 44 25 100 84 58 47 79 40 20 50 94 100 6 48 41 69 31 44 100 75 21 98 16 77 56 46 65 5 
15 24 56 91 64 51 17 37 97 47 42 76 53 29 69 71 87 18 34 85 7 60 77 13 2 38 24 56 1 4 26 57 4 13 64 59 8 45 1 9 4 28 99 57 97 81 28 57 57 70 74 86 91 44 98 46 57 19 17 89 41 5 16 14 11 58 69 86 54 4 16 33 40 4 96 71 32 49 85 80 0 81 33 1 21 6 6 78 9 43 87 12 5 91 63 86 49 7 30 42 
94 15 67 89 86 78 69 89 93 98 62 71 6 53 20 68 99 10 60 81 48 72 52 33 60 80 68 9 49 83 66 18 62 59 40 77 41 87 58 0 82 60 55 2 91 61 1 55 60 64 54 19 99 35 77 30 30 8 40 88 73 11 99 73 4 60 27 13 87 50 60 86 86 71 15 28 74 24 3 15 14 35 77 33 35 33 9 93 21 2 97 76 78 79 89 63 88 82 72 86 
58 23 39 99 94 81 78 50 19 63 74 78 60 40 61 9 24 83 89 59 20 21 16 62 14 51 39 87 49 44 67 9 40 68 17 18 99 72 60 10 43 32 84 27 46 85 93 96 62 91 2 89 76 5 30 42 0 59 6 81 24 90 29 40 98 56 9 51 35 76 27 26 32 60 29 94 64 22 87 52 18 5 83 18 26 43 61 41 35 87 50 35 37 68 85 48 15 12 77 70 
71 81 71 62 37 12 43 18 7 88 1 59 37 24 16 1 63 23 52 53 65 42 24 96 34 25 45 90 78 81 98 89 34 60 6 70 18 67 57 7 6 85 8 33 16 22 71 46 14 12 71 41 52 21 20 38 64 53 83 83 62 35 36 69 68 82 57 15 29 3 39 35 83 100 92 44 87 44 77 28 25 32 60 77 80 47 61 95 58 100 95 11 1 36 48 18 49 77 34 75 
97 82 27 25 7 12 14 42 27 2 38 84 38 91 97 6 65 18 4 38 42 1 100 46 43 17 92 25 74 26 47 87 39 83 81 60 37 36 9 22 68 9 75 16 26 97 91 76 60 7 49 5 26 72 1 22 67 68 91 98 25 68 97 79 3 95 12 28 49 100 24 17 72 17 8 62 36 98 23 92 68 21 19 88 94 74 93 14 34 90 76 7 0 53 8 20 17 45 72 93 
97 1 33 19 27 75 22 87 42 20 94 3 78 9 2 22 89 79 95 68 64 67 15 93 29 7 49 41 21 83 24 22 16 59 85 20 88 39 65 45 27 46 45 2 13 69 42 0 42 6 39 13 62 70 61 78 54 68 39 79 25 0 11 31 38 52 26 62 95 43 83 19 72 71 10 63 20 87 23 38 34 17 91 60 35 38 63 17 87 75 48 48 28 59 91 37 4 34 33 77 
94 98 62 94 47 50 29 54 70 50 97 52 82 8 77 85 30 41 21 41 32 49 87 9 80 28 43 3 65 61 76 81 42 60 52 60 45 97 13 46 28 22 14 25 55 77 1 18 31 69 39 25 77 0 72 61 37 3 95 49 8 5 29 61 45 52 78 38 94 63 92 43 10 21 60 42 4 28 67 10 95 12 98 18 0 79 34 48 28 4 93 35 58 96 76 75 73 45 63 22 
45 14 53 23 84 94 100 52 81 74 71 53 57 3 81 30 81 7 52 18 81 4 4 1 11 9 57 27 19 64 82 25 67 20 83 90 39 65 27 77 96 97 39 34 54 24 69 21 10 28 58 77 78 18 46 27 7 66 25 81 31 71 5 66 94 16 22 70 34 62 49 99 84 80 72 11 0 22 60 15 78 15 74 92 69 25 2 27 54 26 0 29 47 64 10 18 47 79 59 47 
53 73 83 48 88 20 1 65 90 13 16 92 40 37 31 31 25 8 20 68 83 55 87 67 57 10 49 74 61 62 77 14 64 28 12 6 32 23 83 63 37 96 62 3 80 8 10 48 39 5 14 2 43 34 34 100 13 54 2 76 100 7 0 47 60 62 27 45 41 86 21 14 48 6 15 35 29 70 24 15 41 72 5 62 34 42 31 10 36 63 77 31 71 57 50 10 34 44 51 100 
79 3 17 64 84 39 12 26 2 22 37 34 64 24 40 29 94 67 70 57 40 70 61 87 54 5 40 79 38 29 63 50 17 32 67 56 17 72 94 40 29 87 59 61 75 33 26 81 35 49 63 37 99 52 78 64 9 87 15 28 68 95 93 54 82 93 34 3 87 39 31 71 10 32 85 92 75 68 20 6 41 70 23 33 63 85 20 53 13 42 88 85 89 12 58 72 4 99 62 27 
79 89 49 74 52 96 21 52 55 93 79 40 44 46 94 17 56 16 99 70 30 32 91 66 85 75 63 76 51 70 2 20 38 42 95 14 58 47 54 29 92 61 23 45 96 96 7 88 1 24 31 55 46 19 93 94 18 21 20 21 14 69 90 27 58 30 34 47 84 6 57 90 30 2 36 69 91 58 79 23 82 18 55 52 80 1 30 14 84 4 45 5 3 66 11 96 86 57 51 10 
65 92 15 66 15 12 53 29 95 42 41 87 18 9 43 72 14 70 89 79 8 81 5 39 20 6 36 78 80 100 79 31 28 8 22 31 96 4 44 56 84 0 44 24 13 19 15 19 8 45 92 67 91 90 100 92 99 29 99 94 44 29 16 15 80 65 15 8 84 5 46 68 67 33 84 63 32 25 3 96 11 50 58 10 91 3 60 39 47 16 86 99 89 67 36 38 29 85 60 40 
43 72 97 62 45 30 35 0 43 64 4 90 86 64 51 21 15 37 97 21 28 97 92 4 74 86 53 65 44 71 4 59 48 85 92 28 96 41 88 18 46 38 33 70 93 88 29 29 79 90 90 94 4 2 20 19 51 94 76 28 68 63 46 32 11 34 44 85 92 55 22 77 59 2 91 29 63 81 85 91 82 36 75 57 73 36 46 66 62 95 20 85 47 4 67 93 38 22 23 45 
19 52 7 78 8 24 8 87 25 12 13 1 63 28 49 50 42 92 17 90 85 70 23 2 50 70 28 10 52 25 57 96 76 65 61 45 52 64 48 18 14 86 42 100 32 35 9 50 20 31 24 86 65 80 23 20 29 85 6 81 82 29 28 80 24 73 70 22 26 53 22 86 98 17 96 73 58 67 85 17 29 61 36 98 48 11 85 58 86 9 2 87 84 75 29 14 28 77 31 21 
25 27 55 13 82 3 86 80 79 61 77 47 5 21 46 27 99 37 90 48 57 35 38 69 13 59 30 55 99 2 13 80 21 95 35 79 65 75 53 72 24 63 57 33 67 82 67 95 23 7 37 88 13 78 99 62 95 6 46 74 32 11 30 42 1 77 55 92 77 9 21 78 90 100 35 64 19 36 60 84 85 9 20 61 75 24 91 78 38 18 12 37 62 10 48 47 58 64 60 68 
48 72 13 38 80 32 87 56 63 0 51 85 42 37 44 32 32 63 49 77 96 60 0 27 80 42 92 49 41 49 61 90 68 95 53 83 0 9 73 31 37 20 36 59 24 83 21 50 100 69 66 9 41 26 30 64 91 49 93 66 93 41 89 78 28 57 92 20 14 35 0 12 52 8 76 10 10 15 20 69 30 49 70 67 9 39 69 17 8 44 80 46 78 19 35 32 61 59 49 26 
