Python|肖江|1016|2|1000|65536|1&2&3&4&5&6&7&8&9&10
运行ID:41  用户:肖江  题号:1016 语言:Python
SQLException in c:\users\dell\desktop\newjudger\sejudger\sejudger\function_mysql.cpp (mysql_set_oj_allRun) on line 86
 (MySQL error code: 0 , SQLState: 00000 )
评测机文件路径：D:\OpenJudge\Judge\SEJudger.exe
评测机：SEJudger

SQLException in c:\users\dell\desktop\newjudger\sejudger\sejudger\function_mysql.cpp (mysql_set_judgeStatus) on line 136
 (MySQL error code: 0 , SQLState: 00000 )
Compiling[41]...
Compilation successful
SQLException in c:\users\dell\desktop\newjudger\sejudger\sejudger\function_mysql.cpp (mysql_set_judgeStatus) on line 136
 (MySQL error code: 0 , SQLState: 00000 )
Finish[41][01]: timeUsed:  46 ms  memoryUsed:13936 kb  status:4 [Correct], exitcode:0
Finish[41][02]: timeUsed:  15 ms  memoryUsed:14008 kb  status:4 [Correct], exitcode:0
Finish[41][03]: timeUsed:  15 ms  memoryUsed:14040 kb  status:4 [Correct], exitcode:0
Finish[41][04]: timeUsed:  31 ms  memoryUsed:14036 kb  status:4 [Correct], exitcode:0
Finish[41][05]: timeUsed:  46 ms  memoryUsed:13948 kb  status:4 [Correct], exitcode:0
Finish[41][06]: timeUsed:  46 ms  memoryUsed:13948 kb  status:4 [Correct], exitcode:0
Finish[41][07]: timeUsed:  15 ms  memoryUsed:14024 kb  status:4 [Correct], exitcode:0
Finish[41][08]: timeUsed: 125 ms  memoryUsed:14016 kb  status:4 [Correct], exitcode:0
Finish[41][09]: timeUsed: 140 ms  memoryUsed:14084 kb  status:4 [Correct], exitcode:0
Finish[41][10]: timeUsed: 140 ms  memoryUsed:14020 kb  status:4 [Correct], exitcode:0
SQLException in c:\users\dell\desktop\newjudger\sejudger\sejudger\function_mysql.cpp (mysql_set_judgeData) on line 161
 (MySQL error code: 0 , SQLState: 00000 )
