Python|肖江|1037|2|1000|65536|1&2&3&4&5&6&7&8&9&10
运行ID:95  用户:肖江  题号:1037 语言:Python
SQLException in c:\users\dell\desktop\newjudger\sejudger\sejudger\function_mysql.cpp (mysql_connect) on line 32
Too many connections (MySQL error code: 1040 , SQLState: HY000 )
SQLException in c:\users\dell\desktop\newjudger\sejudger\sejudger\function_mysql.cpp (mysql_connect) on line 32
Too many connections (MySQL error code: 1040 , SQLState: HY000 )
SQLException in c:\users\dell\desktop\newjudger\sejudger\sejudger\function_mysql.cpp (mysql_set_oj_allRun) on line 86
 (MySQL error code: 0 , SQLState: 00000 )
评测机文件路径：D:\OpenJudge\Judge\SEJudger.exe
评测机：SEJudger

SQLException in c:\users\dell\desktop\newjudger\sejudger\sejudger\function_mysql.cpp (mysql_connect) on line 32
Too many connections (MySQL error code: 1040 , SQLState: HY000 )
SQLException in c:\users\dell\desktop\newjudger\sejudger\sejudger\function_mysql.cpp (mysql_set_judgeStatus) on line 136
 (MySQL error code: 0 , SQLState: 00000 )
Compiling[95]...
Compilation successful
SQLException in c:\users\dell\desktop\newjudger\sejudger\sejudger\function_mysql.cpp (mysql_connect) on line 32
Too many connections (MySQL error code: 1040 , SQLState: HY000 )
SQLException in c:\users\dell\desktop\newjudger\sejudger\sejudger\function_mysql.cpp (mysql_set_judgeStatus) on line 136
 (MySQL error code: 0 , SQLState: 00000 )
Finish[95][01]: timeUsed:  46 ms  memoryUsed:13768 kb  status:8 [Wrong Answer], exitcode:0
Finish[95][02]: timeUsed:  15 ms  memoryUsed:13668 kb  status:8 [Wrong Answer], exitcode:0
Finish[95][03]: timeUsed:  31 ms  memoryUsed:13700 kb  status:8 [Wrong Answer], exitcode:0
Finish[95][04]: timeUsed:  15 ms  memoryUsed:13652 kb  status:8 [Wrong Answer], exitcode:0
Finish[95][05]: timeUsed:   0 ms  memoryUsed:13636 kb  status:8 [Wrong Answer], exitcode:0
Finish[95][06]: timeUsed:   0 ms  memoryUsed:13720 kb  status:8 [Wrong Answer], exitcode:0
Finish[95][07]: timeUsed:  15 ms  memoryUsed:13660 kb  status:8 [Wrong Answer], exitcode:0
Finish[95][08]: timeUsed:  46 ms  memoryUsed:13708 kb  status:8 [Wrong Answer], exitcode:0
Finish[95][09]: timeUsed:  15 ms  memoryUsed:13756 kb  status:8 [Wrong Answer], exitcode:0
Finish[95][10]: timeUsed:  46 ms  memoryUsed:13680 kb  status:8 [Wrong Answer], exitcode:0
SQLException in c:\users\dell\desktop\newjudger\sejudger\sejudger\function_mysql.cpp (mysql_connect) on line 32
Too many connections (MySQL error code: 1040 , SQLState: HY000 )
SQLException in c:\users\dell\desktop\newjudger\sejudger\sejudger\function_mysql.cpp (mysql_set_judgeData) on line 161
 (MySQL error code: 0 , SQLState: 00000 )
