C++|Setiuo|1000|2|1000|65536|1&2&3&4&5&6&7&8&9&10
运行ID:668 用户:Setiuo 题号:1000 语言:C++
评测机文件路径：D:\OpenJudge\Judge\SEJudger.exe
评测机：SEJudger

Compiling[668]...
Compilation successful

InjectAPIHookDll OK, dwProcessId[10232]
suspendCount: 0
--------------------------------
PeakWorkingSetSize				3800
WorkingSetSize					20
QuotaPeakPagedPoolUsage			46
QuotaPagedPoolUsage				0
QuotaPeakNonPagedPoolUsage		8
QuotaNonPagedPoolUsage			0
PagefileUsage					64
PeakPagefileUsage				1184
--------------------------------
Special Judge UsedTime: 15 ms
Finish[668][01]: timeUsed:  15 ms  memoryUsed: 1184 kb  status:4 [Correct], exitcode:0
Judge Used Time:76 ms

InjectAPIHookDll OK, dwProcessId[2156]
suspendCount: 0
--------------------------------
PeakWorkingSetSize				3456
WorkingSetSize					20
QuotaPeakPagedPoolUsage			45
QuotaPagedPoolUsage				0
QuotaPeakNonPagedPoolUsage		6
QuotaNonPagedPoolUsage			0
PagefileUsage					64
PeakPagefileUsage				1116
--------------------------------
Special Judge UsedTime: 15 ms
Finish[668][02]: timeUsed:   0 ms  memoryUsed: 1116 kb  status:4 [Correct], exitcode:0
Judge Used Time:32 ms

InjectAPIHookDll OK, dwProcessId[26912]
suspendCount: 0
--------------------------------
PeakWorkingSetSize				3468
WorkingSetSize					20
QuotaPeakPagedPoolUsage			45
QuotaPagedPoolUsage				0
QuotaPeakNonPagedPoolUsage		6
QuotaNonPagedPoolUsage			0
PagefileUsage					64
PeakPagefileUsage				1132
--------------------------------
Special Judge UsedTime: 16 ms
Finish[668][03]: timeUsed:   0 ms  memoryUsed: 1132 kb  status:4 [Correct], exitcode:0
Judge Used Time:39 ms

InjectAPIHookDll OK, dwProcessId[30740]
suspendCount: 0
--------------------------------
PeakWorkingSetSize				3464
WorkingSetSize					20
QuotaPeakPagedPoolUsage			45
QuotaPagedPoolUsage				0
QuotaPeakNonPagedPoolUsage		6
QuotaNonPagedPoolUsage			0
PagefileUsage					64
PeakPagefileUsage				1124
--------------------------------
Special Judge UsedTime: 16 ms
Finish[668][04]: timeUsed:   0 ms  memoryUsed: 1124 kb  status:4 [Correct], exitcode:0
Judge Used Time:37 ms

InjectAPIHookDll OK, dwProcessId[7524]
suspendCount: 0
--------------------------------
PeakWorkingSetSize				3468
WorkingSetSize					20
QuotaPeakPagedPoolUsage			45
QuotaPagedPoolUsage				0
QuotaPeakNonPagedPoolUsage		6
QuotaNonPagedPoolUsage			0
PagefileUsage					64
PeakPagefileUsage				1124
--------------------------------
Special Judge UsedTime: 22 ms
Finish[668][05]: timeUsed:   0 ms  memoryUsed: 1124 kb  status:4 [Correct], exitcode:0
Judge Used Time:39 ms

InjectAPIHookDll OK, dwProcessId[29308]
suspendCount: 0
--------------------------------
PeakWorkingSetSize				3456
WorkingSetSize					20
QuotaPeakPagedPoolUsage			45
QuotaPagedPoolUsage				0
QuotaPeakNonPagedPoolUsage		6
QuotaNonPagedPoolUsage			0
PagefileUsage					64
PeakPagefileUsage				1120
--------------------------------
Special Judge UsedTime: 17 ms
Finish[668][06]: timeUsed:   0 ms  memoryUsed: 1120 kb  status:4 [Correct], exitcode:0
Judge Used Time:37 ms

InjectAPIHookDll OK, dwProcessId[19848]
suspendCount: 0
--------------------------------
PeakWorkingSetSize				3468
WorkingSetSize					20
QuotaPeakPagedPoolUsage			45
QuotaPagedPoolUsage				0
QuotaPeakNonPagedPoolUsage		6
QuotaNonPagedPoolUsage			0
PagefileUsage					64
PeakPagefileUsage				1124
--------------------------------
Special Judge UsedTime: 16 ms
Finish[668][07]: timeUsed:   0 ms  memoryUsed: 1124 kb  status:4 [Correct], exitcode:0
Judge Used Time:35 ms

InjectAPIHookDll OK, dwProcessId[7956]
suspendCount: 0
--------------------------------
PeakWorkingSetSize				3472
WorkingSetSize					20
QuotaPeakPagedPoolUsage			45
QuotaPagedPoolUsage				0
QuotaPeakNonPagedPoolUsage		6
QuotaNonPagedPoolUsage			0
PagefileUsage					64
PeakPagefileUsage				1132
--------------------------------
Special Judge UsedTime: 13 ms
Finish[668][08]: timeUsed:  15 ms  memoryUsed: 1132 kb  status:4 [Correct], exitcode:0
Judge Used Time:29 ms

InjectAPIHookDll OK, dwProcessId[17896]
suspendCount: 0
--------------------------------
PeakWorkingSetSize				3464
WorkingSetSize					20
QuotaPeakPagedPoolUsage			45
QuotaPagedPoolUsage				0
QuotaPeakNonPagedPoolUsage		6
QuotaNonPagedPoolUsage			0
PagefileUsage					64
PeakPagefileUsage				1124
--------------------------------
Special Judge UsedTime: 13 ms
Finish[668][09]: timeUsed:   0 ms  memoryUsed: 1124 kb  status:4 [Correct], exitcode:0
Judge Used Time:28 ms

InjectAPIHookDll OK, dwProcessId[27400]
suspendCount: 0
--------------------------------
PeakWorkingSetSize				3456
WorkingSetSize					20
QuotaPeakPagedPoolUsage			45
QuotaPagedPoolUsage				0
QuotaPeakNonPagedPoolUsage		6
QuotaNonPagedPoolUsage			0
PagefileUsage					64
PeakPagefileUsage				1120
--------------------------------
Special Judge UsedTime: 14 ms
Finish[668][10]: timeUsed:   0 ms  memoryUsed: 1120 kb  status:4 [Correct], exitcode:0
Judge Used Time:30 ms

