C++|肖江|1000|2|1000|65536|1&2&3&4&5&6&7&8&9&10
运行ID:24  用户:肖江  题号:1000 语言:C++
评测机文件路径：D:\OpenJudge\Judge\SEJudger_Contest.exe
评测机：SEJudger_Contest

Compiling[24]...
Compilation successful
InjectAPIHookDll OK, dwProcessId[3232]
--------------------------------
PeakWorkingSetSize				3468
WorkingSetSize					20
QuotaPeakPagedPoolUsage			61
QuotaPagedPoolUsage				0
QuotaPeakNonPagedPoolUsage		9
QuotaNonPagedPoolUsage			0
PagefileUsage					64
PeakPagefileUsage				1120
--------------------------------
Special Judge UsedTime: 17
Finish[24][01]: timeUsed:   0 ms  memoryUsed: 1120 kb  status:4 [Correct], exitcode:0
InjectAPIHookDll OK, dwProcessId[3032]
--------------------------------
PeakWorkingSetSize				3456
WorkingSetSize					20
QuotaPeakPagedPoolUsage			61
QuotaPagedPoolUsage				0
QuotaPeakNonPagedPoolUsage		6
QuotaNonPagedPoolUsage			0
PagefileUsage					64
PeakPagefileUsage				1116
--------------------------------
Special Judge UsedTime: 19
Finish[24][02]: timeUsed:  15 ms  memoryUsed: 1116 kb  status:4 [Correct], exitcode:0
InjectAPIHookDll OK, dwProcessId[9104]
--------------------------------
PeakWorkingSetSize				3464
WorkingSetSize					20
QuotaPeakPagedPoolUsage			61
QuotaPagedPoolUsage				0
QuotaPeakNonPagedPoolUsage		6
QuotaNonPagedPoolUsage			0
PagefileUsage					64
PeakPagefileUsage				1132
--------------------------------
Special Judge UsedTime: 17
Finish[24][03]: timeUsed:  15 ms  memoryUsed: 1132 kb  status:4 [Correct], exitcode:0
InjectAPIHookDll OK, dwProcessId[19900]
--------------------------------
PeakWorkingSetSize				3468
WorkingSetSize					20
QuotaPeakPagedPoolUsage			61
QuotaPagedPoolUsage				0
QuotaPeakNonPagedPoolUsage		6
QuotaNonPagedPoolUsage			0
PagefileUsage					64
PeakPagefileUsage				1120
--------------------------------
Special Judge UsedTime: 17
Finish[24][04]: timeUsed:   0 ms  memoryUsed: 1120 kb  status:4 [Correct], exitcode:0
InjectAPIHookDll OK, dwProcessId[12964]
--------------------------------
PeakWorkingSetSize				3464
WorkingSetSize					20
QuotaPeakPagedPoolUsage			61
QuotaPagedPoolUsage				0
QuotaPeakNonPagedPoolUsage		6
QuotaNonPagedPoolUsage			0
PagefileUsage					64
PeakPagefileUsage				1132
--------------------------------
Special Judge UsedTime: 20
Finish[24][05]: timeUsed:   0 ms  memoryUsed: 1132 kb  status:4 [Correct], exitcode:0
InjectAPIHookDll OK, dwProcessId[19116]
--------------------------------
PeakWorkingSetSize				3456
WorkingSetSize					20
QuotaPeakPagedPoolUsage			61
QuotaPagedPoolUsage				0
QuotaPeakNonPagedPoolUsage		6
QuotaNonPagedPoolUsage			0
PagefileUsage					64
PeakPagefileUsage				1116
--------------------------------
Special Judge UsedTime: 18
Finish[24][06]: timeUsed:  15 ms  memoryUsed: 1116 kb  status:4 [Correct], exitcode:0
InjectAPIHookDll OK, dwProcessId[11188]
--------------------------------
PeakWorkingSetSize				3468
WorkingSetSize					20
QuotaPeakPagedPoolUsage			61
QuotaPagedPoolUsage				0
QuotaPeakNonPagedPoolUsage		6
QuotaNonPagedPoolUsage			0
PagefileUsage					64
PeakPagefileUsage				1124
--------------------------------
Special Judge UsedTime: 14
Finish[24][07]: timeUsed:   0 ms  memoryUsed: 1124 kb  status:4 [Correct], exitcode:0
InjectAPIHookDll OK, dwProcessId[15336]
--------------------------------
PeakWorkingSetSize				3468
WorkingSetSize					20
QuotaPeakPagedPoolUsage			61
QuotaPagedPoolUsage				0
QuotaPeakNonPagedPoolUsage		6
QuotaNonPagedPoolUsage			0
PagefileUsage					64
PeakPagefileUsage				1144
--------------------------------
Special Judge UsedTime: 15
Finish[24][08]: timeUsed:   0 ms  memoryUsed: 1144 kb  status:4 [Correct], exitcode:0
InjectAPIHookDll OK, dwProcessId[8648]
--------------------------------
PeakWorkingSetSize				3468
WorkingSetSize					20
QuotaPeakPagedPoolUsage			61
QuotaPagedPoolUsage				0
QuotaPeakNonPagedPoolUsage		6
QuotaNonPagedPoolUsage			0
PagefileUsage					64
PeakPagefileUsage				1128
--------------------------------
Special Judge UsedTime: 14
Finish[24][09]: timeUsed:   0 ms  memoryUsed: 1128 kb  status:4 [Correct], exitcode:0
InjectAPIHookDll OK, dwProcessId[4876]
--------------------------------
PeakWorkingSetSize				3464
WorkingSetSize					20
QuotaPeakPagedPoolUsage			61
QuotaPagedPoolUsage				0
QuotaPeakNonPagedPoolUsage		6
QuotaNonPagedPoolUsage			0
PagefileUsage					64
PeakPagefileUsage				1124
--------------------------------
Special Judge UsedTime: 16
Finish[24][10]: timeUsed:   0 ms  memoryUsed: 1124 kb  status:4 [Correct], exitcode:0
