Java|肖江|1022|2|1000|65536|1&2&3&4&5&6&7&8&9&10
运行ID:67  用户:肖江  题号:1022 语言:Java
SQLException in c:\users\dell\desktop\newjudger\sejudger\sejudger\function_mysql.cpp (mysql_set_oj_allRun) on line 86
 (MySQL error code: 0 , SQLState: 00000 )
评测机文件路径：D:\OpenJudge\Judge\SEJudger.exe
评测机：SEJudger

SQLException in c:\users\dell\desktop\newjudger\sejudger\sejudger\function_mysql.cpp (mysql_set_judgeStatus) on line 136
 (MySQL error code: 0 , SQLState: 00000 )
Compiling[67]...
Compilation successful
SQLException in c:\users\dell\desktop\newjudger\sejudger\sejudger\function_mysql.cpp (mysql_set_judgeStatus) on line 136
 (MySQL error code: 0 , SQLState: 00000 )
Finish[67][01]: timeUsed: 203 ms  memoryUsed:264612 kb  status:4 [Correct], exitcode:0
Finish[67][02]: timeUsed: 156 ms  memoryUsed:264548 kb  status:4 [Correct], exitcode:0
Finish[67][03]: timeUsed: 125 ms  memoryUsed:264524 kb  status:4 [Correct], exitcode:0
Finish[67][04]: timeUsed: 156 ms  memoryUsed:264500 kb  status:4 [Correct], exitcode:0
Finish[67][05]: timeUsed: 156 ms  memoryUsed:264768 kb  status:4 [Correct], exitcode:0
Finish[67][06]: timeUsed: 125 ms  memoryUsed:264560 kb  status:4 [Correct], exitcode:0
Finish[67][07]: timeUsed: 187 ms  memoryUsed:264580 kb  status:4 [Correct], exitcode:0
Finish[67][08]: timeUsed: 203 ms  memoryUsed:264964 kb  status:4 [Correct], exitcode:0
Finish[67][09]: timeUsed: 250 ms  memoryUsed:264572 kb  status:4 [Correct], exitcode:0
Finish[67][10]: timeUsed: 234 ms  memoryUsed:264768 kb  status:4 [Correct], exitcode:0
SQLException in c:\users\dell\desktop\newjudger\sejudger\sejudger\function_mysql.cpp (mysql_set_judgeData) on line 161
 (MySQL error code: 0 , SQLState: 00000 )
