Python|肖江|1000|2|1000|65536|1&2&3&4&5&6&7&8&9&10
运行ID:249 用户:肖江  题号:1000 语言:Python
评测机文件路径：D:\OpenJudge\Judge\SEJudger_Contest.exe
评测机：SEJudger_Contest

Compiling[249]...
Compilation successful
CreateRemoteThread error 87
InjectAPIHookDll Error, dwProcessId[16740]
--------------------------------
PeakWorkingSetSize				9556
WorkingSetSize					32
QuotaPeakPagedPoolUsage			132
QuotaPagedPoolUsage				0
QuotaPeakNonPagedPoolUsage		9
QuotaNonPagedPoolUsage			0
PagefileUsage					76
PeakPagefileUsage				4144
--------------------------------
Special Judge UsedTime: 14
Finish[249][01]: timeUsed:  31 ms  memoryUsed: 4144 kb  status:4 [Correct], exitcode:0
CreateRemoteThread error 87
InjectAPIHookDll Error, dwProcessId[20420]
--------------------------------
PeakWorkingSetSize				9560
WorkingSetSize					32
QuotaPeakPagedPoolUsage			132
QuotaPagedPoolUsage				0
QuotaPeakNonPagedPoolUsage		9
QuotaNonPagedPoolUsage			0
PagefileUsage					76
PeakPagefileUsage				4152
--------------------------------
Special Judge UsedTime: 14
Finish[249][02]: timeUsed:  15 ms  memoryUsed: 4152 kb  status:4 [Correct], exitcode:0
CreateRemoteThread error 87
InjectAPIHookDll Error, dwProcessId[13016]
--------------------------------
PeakWorkingSetSize				9596
WorkingSetSize					32
QuotaPeakPagedPoolUsage			132
QuotaPagedPoolUsage				0
QuotaPeakNonPagedPoolUsage		9
QuotaNonPagedPoolUsage			0
PagefileUsage					76
PeakPagefileUsage				4200
--------------------------------
Special Judge UsedTime: 14
Finish[249][03]: timeUsed:  31 ms  memoryUsed: 4200 kb  status:4 [Correct], exitcode:0
CreateRemoteThread error 87
InjectAPIHookDll Error, dwProcessId[18756]
--------------------------------
PeakWorkingSetSize				9532
WorkingSetSize					32
QuotaPeakPagedPoolUsage			132
QuotaPagedPoolUsage				0
QuotaPeakNonPagedPoolUsage		9
QuotaNonPagedPoolUsage			0
PagefileUsage					76
PeakPagefileUsage				4152
--------------------------------
Special Judge UsedTime: 15
Finish[249][04]: timeUsed:  15 ms  memoryUsed: 4152 kb  status:4 [Correct], exitcode:0
CreateRemoteThread error 87
InjectAPIHookDll Error, dwProcessId[1804]
--------------------------------
PeakWorkingSetSize				9556
WorkingSetSize					32
QuotaPeakPagedPoolUsage			132
QuotaPagedPoolUsage				0
QuotaPeakNonPagedPoolUsage		9
QuotaNonPagedPoolUsage			0
PagefileUsage					76
PeakPagefileUsage				4140
--------------------------------
Special Judge UsedTime: 18
Finish[249][05]: timeUsed:  15 ms  memoryUsed: 4140 kb  status:4 [Correct], exitcode:0
CreateRemoteThread error 87
InjectAPIHookDll Error, dwProcessId[13332]
--------------------------------
PeakWorkingSetSize				9588
WorkingSetSize					32
QuotaPeakPagedPoolUsage			132
QuotaPagedPoolUsage				0
QuotaPeakNonPagedPoolUsage		9
QuotaNonPagedPoolUsage			0
PagefileUsage					76
PeakPagefileUsage				4164
--------------------------------
Special Judge UsedTime: 15
Finish[249][06]: timeUsed:   0 ms  memoryUsed: 4164 kb  status:4 [Correct], exitcode:0
CreateRemoteThread error 87
InjectAPIHookDll Error, dwProcessId[21732]
--------------------------------
PeakWorkingSetSize				9576
WorkingSetSize					32
QuotaPeakPagedPoolUsage			132
QuotaPagedPoolUsage				0
QuotaPeakNonPagedPoolUsage		9
QuotaNonPagedPoolUsage			0
PagefileUsage					76
PeakPagefileUsage				4168
--------------------------------
Special Judge UsedTime: 15
Finish[249][07]: timeUsed:  15 ms  memoryUsed: 4168 kb  status:4 [Correct], exitcode:0
CreateRemoteThread error 87
InjectAPIHookDll Error, dwProcessId[7696]
--------------------------------
PeakWorkingSetSize				9596
WorkingSetSize					32
QuotaPeakPagedPoolUsage			132
QuotaPagedPoolUsage				0
QuotaPeakNonPagedPoolUsage		9
QuotaNonPagedPoolUsage			0
PagefileUsage					76
PeakPagefileUsage				4216
--------------------------------
Special Judge UsedTime: 14
Finish[249][08]: timeUsed:  15 ms  memoryUsed: 4216 kb  status:4 [Correct], exitcode:0
CreateRemoteThread error 87
InjectAPIHookDll Error, dwProcessId[5992]
--------------------------------
PeakWorkingSetSize				9532
WorkingSetSize					32
QuotaPeakPagedPoolUsage			132
QuotaPagedPoolUsage				0
QuotaPeakNonPagedPoolUsage		9
QuotaNonPagedPoolUsage			0
PagefileUsage					76
PeakPagefileUsage				4156
--------------------------------
Special Judge UsedTime: 20
Finish[249][09]: timeUsed:  15 ms  memoryUsed: 4156 kb  status:4 [Correct], exitcode:0
CreateRemoteThread error 87
InjectAPIHookDll Error, dwProcessId[20284]
--------------------------------
PeakWorkingSetSize				9540
WorkingSetSize					32
QuotaPeakPagedPoolUsage			132
QuotaPagedPoolUsage				0
QuotaPeakNonPagedPoolUsage		9
QuotaNonPagedPoolUsage			0
PagefileUsage					76
PeakPagefileUsage				4164
--------------------------------
Special Judge UsedTime: 14
Finish[249][10]: timeUsed:  15 ms  memoryUsed: 4164 kb  status:4 [Correct], exitcode:0
