C++|肖江|1000|2|1000|65536|1&2&3&4&5&6&7&8&9&10
运行ID:149 用户:肖江  题号:1000 语言:C++
评测机文件路径：D:\OpenJudge\Judge\SEJudger_Contest.exe
评测机：SEJudger_Contest

Compiling[149]...
Compilation successful
InjectAPIHookDll OK, dwProcessId[19708]
--------------------------------
PeakWorkingSetSize				3456
WorkingSetSize					20
QuotaPeakPagedPoolUsage			65
QuotaPagedPoolUsage				0
QuotaPeakNonPagedPoolUsage		11
QuotaNonPagedPoolUsage			0
PagefileUsage					64
PeakPagefileUsage				1116
--------------------------------
Special Judge UsedTime: 16
Finish[149][01]: timeUsed:  15 ms  memoryUsed: 1116 kb  status:4 [Correct], exitcode:0
InjectAPIHookDll OK, dwProcessId[19796]
--------------------------------
PeakWorkingSetSize				3464
WorkingSetSize					20
QuotaPeakPagedPoolUsage			65
QuotaPagedPoolUsage				0
QuotaPeakNonPagedPoolUsage		6
QuotaNonPagedPoolUsage			0
PagefileUsage					64
PeakPagefileUsage				1132
--------------------------------
Special Judge UsedTime: 16
Finish[149][02]: timeUsed:   0 ms  memoryUsed: 1132 kb  status:8 [Wrong Answer], exitcode:0
InjectAPIHookDll OK, dwProcessId[19976]
--------------------------------
PeakWorkingSetSize				3468
WorkingSetSize					20
QuotaPeakPagedPoolUsage			65
QuotaPagedPoolUsage				0
QuotaPeakNonPagedPoolUsage		6
QuotaNonPagedPoolUsage			0
PagefileUsage					64
PeakPagefileUsage				1128
--------------------------------
Special Judge UsedTime: 14
Finish[149][03]: timeUsed:  15 ms  memoryUsed: 1128 kb  status:8 [Wrong Answer], exitcode:0
InjectAPIHookDll OK, dwProcessId[10764]
--------------------------------
PeakWorkingSetSize				3456
WorkingSetSize					20
QuotaPeakPagedPoolUsage			65
QuotaPagedPoolUsage				0
QuotaPeakNonPagedPoolUsage		6
QuotaNonPagedPoolUsage			0
PagefileUsage					64
PeakPagefileUsage				1120
--------------------------------
Special Judge UsedTime: 14
Finish[149][04]: timeUsed:   0 ms  memoryUsed: 1120 kb  status:8 [Wrong Answer], exitcode:0
InjectAPIHookDll OK, dwProcessId[1180]
--------------------------------
PeakWorkingSetSize				3456
WorkingSetSize					20
QuotaPeakPagedPoolUsage			65
QuotaPagedPoolUsage				0
QuotaPeakNonPagedPoolUsage		6
QuotaNonPagedPoolUsage			0
PagefileUsage					64
PeakPagefileUsage				1120
--------------------------------
Special Judge UsedTime: 13
Finish[149][05]: timeUsed:   0 ms  memoryUsed: 1120 kb  status:8 [Wrong Answer], exitcode:0
InjectAPIHookDll OK, dwProcessId[22360]
--------------------------------
PeakWorkingSetSize				3456
WorkingSetSize					20
QuotaPeakPagedPoolUsage			65
QuotaPagedPoolUsage				0
QuotaPeakNonPagedPoolUsage		6
QuotaNonPagedPoolUsage			0
PagefileUsage					64
PeakPagefileUsage				1112
--------------------------------
Special Judge UsedTime: 14
Finish[149][06]: timeUsed:   0 ms  memoryUsed: 1112 kb  status:8 [Wrong Answer], exitcode:0
InjectAPIHookDll OK, dwProcessId[21968]
--------------------------------
PeakWorkingSetSize				3456
WorkingSetSize					20
QuotaPeakPagedPoolUsage			65
QuotaPagedPoolUsage				0
QuotaPeakNonPagedPoolUsage		6
QuotaNonPagedPoolUsage			0
PagefileUsage					64
PeakPagefileUsage				1120
--------------------------------
Special Judge UsedTime: 13
Finish[149][07]: timeUsed:   0 ms  memoryUsed: 1120 kb  status:8 [Wrong Answer], exitcode:0
InjectAPIHookDll OK, dwProcessId[13608]
--------------------------------
PeakWorkingSetSize				3456
WorkingSetSize					20
QuotaPeakPagedPoolUsage			65
QuotaPagedPoolUsage				0
QuotaPeakNonPagedPoolUsage		6
QuotaNonPagedPoolUsage			0
PagefileUsage					64
PeakPagefileUsage				1120
--------------------------------
Special Judge UsedTime: 15
Finish[149][08]: timeUsed:  15 ms  memoryUsed: 1120 kb  status:8 [Wrong Answer], exitcode:0
InjectAPIHookDll OK, dwProcessId[19548]
--------------------------------
PeakWorkingSetSize				3468
WorkingSetSize					20
QuotaPeakPagedPoolUsage			65
QuotaPagedPoolUsage				0
QuotaPeakNonPagedPoolUsage		6
QuotaNonPagedPoolUsage			0
PagefileUsage					64
PeakPagefileUsage				1132
--------------------------------
Special Judge UsedTime: 14
Finish[149][09]: timeUsed:   0 ms  memoryUsed: 1132 kb  status:8 [Wrong Answer], exitcode:0
InjectAPIHookDll OK, dwProcessId[1868]
--------------------------------
PeakWorkingSetSize				3456
WorkingSetSize					20
QuotaPeakPagedPoolUsage			65
QuotaPagedPoolUsage				0
QuotaPeakNonPagedPoolUsage		6
QuotaNonPagedPoolUsage			0
PagefileUsage					64
PeakPagefileUsage				1116
--------------------------------
Special Judge UsedTime: 15
Finish[149][10]: timeUsed:   0 ms  memoryUsed: 1116 kb  status:8 [Wrong Answer], exitcode:0
