C++|肖江|1029|2|1000|65536|1&2&3&4&5&6&7&8&9&10
运行ID:81  用户:肖江  题号:1029 语言:C++
SQLException in c:\users\dell\desktop\newjudger\sejudger\sejudger\function_mysql.cpp (mysql_connect) on line 32
Too many connections (MySQL error code: 1040 , SQLState: HY000 )
SQLException in c:\users\dell\desktop\newjudger\sejudger\sejudger\function_mysql.cpp (mysql_connect) on line 32
Too many connections (MySQL error code: 1040 , SQLState: HY000 )
SQLException in c:\users\dell\desktop\newjudger\sejudger\sejudger\function_mysql.cpp (mysql_set_oj_allRun) on line 86
 (MySQL error code: 0 , SQLState: 00000 )
评测机文件路径：D:\OpenJudge\Judge\SEJudger.exe
评测机：SEJudger

SQLException in c:\users\dell\desktop\newjudger\sejudger\sejudger\function_mysql.cpp (mysql_connect) on line 32
Too many connections (MySQL error code: 1040 , SQLState: HY000 )
SQLException in c:\users\dell\desktop\newjudger\sejudger\sejudger\function_mysql.cpp (mysql_set_judgeStatus) on line 136
 (MySQL error code: 0 , SQLState: 00000 )
Compiling[81]...
Compilation successful
SQLException in c:\users\dell\desktop\newjudger\sejudger\sejudger\function_mysql.cpp (mysql_connect) on line 32
Too many connections (MySQL error code: 1040 , SQLState: HY000 )
SQLException in c:\users\dell\desktop\newjudger\sejudger\sejudger\function_mysql.cpp (mysql_set_judgeStatus) on line 136
 (MySQL error code: 0 , SQLState: 00000 )
Finish[81][01]: timeUsed:   0 ms  memoryUsed: 3844 kb  status:4 [Correct], exitcode:0
Finish[81][02]: timeUsed:   0 ms  memoryUsed: 3396 kb  status:4 [Correct], exitcode:0
Finish[81][03]: timeUsed:  15 ms  memoryUsed: 3392 kb  status:4 [Correct], exitcode:0
Finish[81][04]: timeUsed:   0 ms  memoryUsed: 3392 kb  status:4 [Correct], exitcode:0
Finish[81][05]: timeUsed:   0 ms  memoryUsed: 3396 kb  status:4 [Correct], exitcode:0
Finish[81][06]: timeUsed:   0 ms  memoryUsed: 3396 kb  status:4 [Correct], exitcode:0
Finish[81][07]: timeUsed:   0 ms  memoryUsed: 3396 kb  status:4 [Correct], exitcode:0
Finish[81][08]: timeUsed:  15 ms  memoryUsed: 3392 kb  status:4 [Correct], exitcode:0
Finish[81][09]: timeUsed:  15 ms  memoryUsed: 3400 kb  status:4 [Correct], exitcode:0
Finish[81][10]: timeUsed:   0 ms  memoryUsed: 3392 kb  status:4 [Correct], exitcode:0
SQLException in c:\users\dell\desktop\newjudger\sejudger\sejudger\function_mysql.cpp (mysql_connect) on line 32
Too many connections (MySQL error code: 1040 , SQLState: HY000 )
SQLException in c:\users\dell\desktop\newjudger\sejudger\sejudger\function_mysql.cpp (mysql_set_judgeData) on line 161
 (MySQL error code: 0 , SQLState: 00000 )
