C++|肖江|1004|2|1000|65536|1&2&3&4&5&6&7&8&9&10&11
运行ID:26  用户:肖江  题号:1004 语言:C++
评测机文件路径：D:\OpenJudge\Judge\SEJudger_Contest.exe
评测机：SEJudger_Contest

Compiling[26]...
Compilation successful
InjectAPIHookDll OK, dwProcessId[17016]
--------------------------------
PeakWorkingSetSize				3532
WorkingSetSize					20
QuotaPeakPagedPoolUsage			63
QuotaPagedPoolUsage				0
QuotaPeakNonPagedPoolUsage		6
QuotaNonPagedPoolUsage			0
PagefileUsage					64
PeakPagefileUsage				1128
--------------------------------
Finish[26][01]: timeUsed:  15 ms  memoryUsed: 1128 kb  status:9 [Runtime Error], exitcode:3
InjectAPIHookDll OK, dwProcessId[15860]
--------------------------------
PeakWorkingSetSize				3536
WorkingSetSize					20
QuotaPeakPagedPoolUsage			63
QuotaPagedPoolUsage				0
QuotaPeakNonPagedPoolUsage		6
QuotaNonPagedPoolUsage			0
PagefileUsage					64
PeakPagefileUsage				1152
--------------------------------
Finish[26][02]: timeUsed:   0 ms  memoryUsed: 1152 kb  status:9 [Runtime Error], exitcode:3
InjectAPIHookDll OK, dwProcessId[15884]
--------------------------------
PeakWorkingSetSize				3532
WorkingSetSize					20
QuotaPeakPagedPoolUsage			63
QuotaPagedPoolUsage				0
QuotaPeakNonPagedPoolUsage		6
QuotaNonPagedPoolUsage			0
PagefileUsage					64
PeakPagefileUsage				1124
--------------------------------
Finish[26][03]: timeUsed:   0 ms  memoryUsed: 1124 kb  status:9 [Runtime Error], exitcode:3
InjectAPIHookDll OK, dwProcessId[2200]
--------------------------------
PeakWorkingSetSize				3524
WorkingSetSize					20
QuotaPeakPagedPoolUsage			63
QuotaPagedPoolUsage				0
QuotaPeakNonPagedPoolUsage		6
QuotaNonPagedPoolUsage			0
PagefileUsage					64
PeakPagefileUsage				1128
--------------------------------
Finish[26][04]: timeUsed:   0 ms  memoryUsed: 1128 kb  status:9 [Runtime Error], exitcode:3
InjectAPIHookDll OK, dwProcessId[8148]
--------------------------------
PeakWorkingSetSize				3524
WorkingSetSize					20
QuotaPeakPagedPoolUsage			63
QuotaPagedPoolUsage				0
QuotaPeakNonPagedPoolUsage		6
QuotaNonPagedPoolUsage			0
PagefileUsage					64
PeakPagefileUsage				1128
--------------------------------
Finish[26][05]: timeUsed:   0 ms  memoryUsed: 1128 kb  status:9 [Runtime Error], exitcode:3
InjectAPIHookDll OK, dwProcessId[12984]
--------------------------------
PeakWorkingSetSize				3536
WorkingSetSize					20
QuotaPeakPagedPoolUsage			63
QuotaPagedPoolUsage				0
QuotaPeakNonPagedPoolUsage		6
QuotaNonPagedPoolUsage			0
PagefileUsage					64
PeakPagefileUsage				1140
--------------------------------
Finish[26][06]: timeUsed:   0 ms  memoryUsed: 1140 kb  status:9 [Runtime Error], exitcode:3
InjectAPIHookDll OK, dwProcessId[11492]
--------------------------------
PeakWorkingSetSize				3524
WorkingSetSize					20
QuotaPeakPagedPoolUsage			63
QuotaPagedPoolUsage				0
QuotaPeakNonPagedPoolUsage		6
QuotaNonPagedPoolUsage			0
PagefileUsage					64
PeakPagefileUsage				1132
--------------------------------
Finish[26][07]: timeUsed:   0 ms  memoryUsed: 1132 kb  status:9 [Runtime Error], exitcode:3
InjectAPIHookDll OK, dwProcessId[9348]
--------------------------------
PeakWorkingSetSize				3524
WorkingSetSize					20
QuotaPeakPagedPoolUsage			63
QuotaPagedPoolUsage				0
QuotaPeakNonPagedPoolUsage		6
QuotaNonPagedPoolUsage			0
PagefileUsage					64
PeakPagefileUsage				1132
--------------------------------
Finish[26][08]: timeUsed:  15 ms  memoryUsed: 1132 kb  status:9 [Runtime Error], exitcode:3
InjectAPIHookDll OK, dwProcessId[17536]
--------------------------------
PeakWorkingSetSize				3544
WorkingSetSize					20
QuotaPeakPagedPoolUsage			63
QuotaPagedPoolUsage				0
QuotaPeakNonPagedPoolUsage		6
QuotaNonPagedPoolUsage			0
PagefileUsage					64
PeakPagefileUsage				1132
--------------------------------
Finish[26][09]: timeUsed:  15 ms  memoryUsed: 1132 kb  status:9 [Runtime Error], exitcode:3
InjectAPIHookDll OK, dwProcessId[18760]
--------------------------------
PeakWorkingSetSize				3532
WorkingSetSize					20
QuotaPeakPagedPoolUsage			63
QuotaPagedPoolUsage				0
QuotaPeakNonPagedPoolUsage		6
QuotaNonPagedPoolUsage			0
PagefileUsage					64
PeakPagefileUsage				1128
--------------------------------
Finish[26][10]: timeUsed:   0 ms  memoryUsed: 1128 kb  status:9 [Runtime Error], exitcode:3
InjectAPIHookDll OK, dwProcessId[4952]
--------------------------------
PeakWorkingSetSize				3524
WorkingSetSize					20
QuotaPeakPagedPoolUsage			63
QuotaPagedPoolUsage				0
QuotaPeakNonPagedPoolUsage		6
QuotaNonPagedPoolUsage			0
PagefileUsage					64
PeakPagefileUsage				1132
--------------------------------
Finish[26][11]: timeUsed:   0 ms  memoryUsed: 1132 kb  status:9 [Runtime Error], exitcode:3
