Python|肖江|1000|2|1000|65536|1&2&3&4&5&6&7&8&9&10
运行ID:265 用户:肖江  题号:1000 语言:Python
评测机文件路径：D:\OpenJudge\Judge\SEJudger.exe
评测机：SEJudger

Compiling[265]...
Compilation successful
CreateRemoteThread error 87
InjectAPIHookDll Error, dwProcessId[8488]
--------------------------------
PeakWorkingSetSize				9552
WorkingSetSize					32
QuotaPeakPagedPoolUsage			112
QuotaPagedPoolUsage				0
QuotaPeakNonPagedPoolUsage		9
QuotaNonPagedPoolUsage			0
PagefileUsage					76
PeakPagefileUsage				4128
--------------------------------
Special Judge UsedTime: 19 ms
Finish[265][01]: timeUsed:  46 ms  memoryUsed: 4128 kb  status:4 [Correct], exitcode:0
Judge Used Time:92 ms
CreateRemoteThread error 87
InjectAPIHookDll Error, dwProcessId[22672]
--------------------------------
PeakWorkingSetSize				9568
WorkingSetSize					32
QuotaPeakPagedPoolUsage			112
QuotaPagedPoolUsage				0
QuotaPeakNonPagedPoolUsage		9
QuotaNonPagedPoolUsage			0
PagefileUsage					76
PeakPagefileUsage				4140
--------------------------------
Special Judge UsedTime: 17 ms
Finish[265][02]: timeUsed:  15 ms  memoryUsed: 4140 kb  status:4 [Correct], exitcode:0
Judge Used Time:91 ms
CreateRemoteThread error 87
InjectAPIHookDll Error, dwProcessId[17780]
--------------------------------
PeakWorkingSetSize				9564
WorkingSetSize					32
QuotaPeakPagedPoolUsage			112
QuotaPagedPoolUsage				0
QuotaPeakNonPagedPoolUsage		9
QuotaNonPagedPoolUsage			0
PagefileUsage					76
PeakPagefileUsage				4188
--------------------------------
Special Judge UsedTime: 17 ms
Finish[265][03]: timeUsed:  15 ms  memoryUsed: 4188 kb  status:4 [Correct], exitcode:0
Judge Used Time:93 ms
CreateRemoteThread error 87
InjectAPIHookDll Error, dwProcessId[10624]
--------------------------------
PeakWorkingSetSize				9536
WorkingSetSize					32
QuotaPeakPagedPoolUsage			112
QuotaPagedPoolUsage				0
QuotaPeakNonPagedPoolUsage		9
QuotaNonPagedPoolUsage			0
PagefileUsage					76
PeakPagefileUsage				4112
--------------------------------
Special Judge UsedTime: 17 ms
Finish[265][04]: timeUsed:  15 ms  memoryUsed: 4112 kb  status:4 [Correct], exitcode:0
Judge Used Time:84 ms
CreateRemoteThread error 87
InjectAPIHookDll Error, dwProcessId[5292]
--------------------------------
PeakWorkingSetSize				9512
WorkingSetSize					32
QuotaPeakPagedPoolUsage			112
QuotaPagedPoolUsage				0
QuotaPeakNonPagedPoolUsage		9
QuotaNonPagedPoolUsage			0
PagefileUsage					76
PeakPagefileUsage				4136
--------------------------------
Special Judge UsedTime: 16 ms
Finish[265][05]: timeUsed:  15 ms  memoryUsed: 4136 kb  status:4 [Correct], exitcode:0
Judge Used Time:82 ms
CreateRemoteThread error 87
InjectAPIHookDll Error, dwProcessId[7056]
--------------------------------
PeakWorkingSetSize				9556
WorkingSetSize					32
QuotaPeakPagedPoolUsage			112
QuotaPagedPoolUsage				0
QuotaPeakNonPagedPoolUsage		9
QuotaNonPagedPoolUsage			0
PagefileUsage					76
PeakPagefileUsage				4168
--------------------------------
Special Judge UsedTime: 20 ms
Finish[265][06]: timeUsed:  31 ms  memoryUsed: 4168 kb  status:4 [Correct], exitcode:0
Judge Used Time:87 ms
CreateRemoteThread error 87
InjectAPIHookDll Error, dwProcessId[8300]
--------------------------------
PeakWorkingSetSize				9544
WorkingSetSize					32
QuotaPeakPagedPoolUsage			112
QuotaPagedPoolUsage				0
QuotaPeakNonPagedPoolUsage		9
QuotaNonPagedPoolUsage			0
PagefileUsage					76
PeakPagefileUsage				4164
--------------------------------
Special Judge UsedTime: 21 ms
Finish[265][07]: timeUsed:  46 ms  memoryUsed: 4164 kb  status:4 [Correct], exitcode:0
Judge Used Time:88 ms
CreateRemoteThread error 87
InjectAPIHookDll Error, dwProcessId[20084]
--------------------------------
PeakWorkingSetSize				9568
WorkingSetSize					32
QuotaPeakPagedPoolUsage			112
QuotaPagedPoolUsage				0
QuotaPeakNonPagedPoolUsage		9
QuotaNonPagedPoolUsage			0
PagefileUsage					76
PeakPagefileUsage				4136
--------------------------------
Special Judge UsedTime: 19 ms
Finish[265][08]: timeUsed:  46 ms  memoryUsed: 4136 kb  status:4 [Correct], exitcode:0
Judge Used Time:93 ms
CreateRemoteThread error 87
InjectAPIHookDll Error, dwProcessId[5900]
--------------------------------
PeakWorkingSetSize				9484
WorkingSetSize					32
QuotaPeakPagedPoolUsage			112
QuotaPagedPoolUsage				0
QuotaPeakNonPagedPoolUsage		9
QuotaNonPagedPoolUsage			0
PagefileUsage					76
PeakPagefileUsage				4112
--------------------------------
Special Judge UsedTime: 18 ms
Finish[265][09]: timeUsed:  31 ms  memoryUsed: 4112 kb  status:4 [Correct], exitcode:0
Judge Used Time:86 ms
CreateRemoteThread error 87
InjectAPIHookDll Error, dwProcessId[5132]
--------------------------------
PeakWorkingSetSize				9516
WorkingSetSize					32
QuotaPeakPagedPoolUsage			112
QuotaPagedPoolUsage				0
QuotaPeakNonPagedPoolUsage		9
QuotaNonPagedPoolUsage			0
PagefileUsage					76
PeakPagefileUsage				4132
--------------------------------
Special Judge UsedTime: 16 ms
Finish[265][10]: timeUsed:  15 ms  memoryUsed: 4132 kb  status:4 [Correct], exitcode:0
Judge Used Time:78 ms
