C++|肖江|1000|2|1000|65536|1&2&3&4&5&6&7&8&9&10
运行ID:216 用户:肖江  题号:1000 语言:C++
评测机文件路径：D:\OpenJudge\Judge\SEJudger_Contest.exe
评测机：SEJudger_Contest

Compiling[216]...
Compilation successful
InjectAPIHookDll OK, dwProcessId[24644]
--------------------------------
PeakWorkingSetSize				3848
WorkingSetSize					20
QuotaPeakPagedPoolUsage			56
QuotaPagedPoolUsage				0
QuotaPeakNonPagedPoolUsage		8
QuotaNonPagedPoolUsage			0
PagefileUsage					64
PeakPagefileUsage				1176
--------------------------------
Finish[216][01]: timeUsed:   0 ms  memoryUsed: 1176 kb  status:9 [Runtime Error], exitcode:3
InjectAPIHookDll OK, dwProcessId[23364]
--------------------------------
PeakWorkingSetSize				3840
WorkingSetSize					20
QuotaPeakPagedPoolUsage			56
QuotaPagedPoolUsage				0
QuotaPeakNonPagedPoolUsage		8
QuotaNonPagedPoolUsage			0
PagefileUsage					64
PeakPagefileUsage				1168
--------------------------------
Finish[216][02]: timeUsed:   0 ms  memoryUsed: 1168 kb  status:9 [Runtime Error], exitcode:3
InjectAPIHookDll OK, dwProcessId[17680]
--------------------------------
PeakWorkingSetSize				3848
WorkingSetSize					20
QuotaPeakPagedPoolUsage			56
QuotaPagedPoolUsage				0
QuotaPeakNonPagedPoolUsage		8
QuotaNonPagedPoolUsage			0
PagefileUsage					64
PeakPagefileUsage				1172
--------------------------------
Finish[216][03]: timeUsed:   0 ms  memoryUsed: 1172 kb  status:9 [Runtime Error], exitcode:3
InjectAPIHookDll OK, dwProcessId[22876]
--------------------------------
PeakWorkingSetSize				3840
WorkingSetSize					20
QuotaPeakPagedPoolUsage			56
QuotaPagedPoolUsage				0
QuotaPeakNonPagedPoolUsage		8
QuotaNonPagedPoolUsage			0
PagefileUsage					64
PeakPagefileUsage				1192
--------------------------------
Finish[216][04]: timeUsed:   0 ms  memoryUsed: 1192 kb  status:9 [Runtime Error], exitcode:3
InjectAPIHookDll OK, dwProcessId[4576]
--------------------------------
PeakWorkingSetSize				3836
WorkingSetSize					20
QuotaPeakPagedPoolUsage			56
QuotaPagedPoolUsage				0
QuotaPeakNonPagedPoolUsage		8
QuotaNonPagedPoolUsage			0
PagefileUsage					64
PeakPagefileUsage				1164
--------------------------------
Finish[216][05]: timeUsed:   0 ms  memoryUsed: 1164 kb  status:9 [Runtime Error], exitcode:3
InjectAPIHookDll OK, dwProcessId[9592]
--------------------------------
PeakWorkingSetSize				3848
WorkingSetSize					20
QuotaPeakPagedPoolUsage			56
QuotaPagedPoolUsage				0
QuotaPeakNonPagedPoolUsage		8
QuotaNonPagedPoolUsage			0
PagefileUsage					64
PeakPagefileUsage				1180
--------------------------------
Finish[216][06]: timeUsed:  31 ms  memoryUsed: 1180 kb  status:9 [Runtime Error], exitcode:3
InjectAPIHookDll OK, dwProcessId[20852]
--------------------------------
PeakWorkingSetSize				3836
WorkingSetSize					20
QuotaPeakPagedPoolUsage			56
QuotaPagedPoolUsage				0
QuotaPeakNonPagedPoolUsage		8
QuotaNonPagedPoolUsage			0
PagefileUsage					64
PeakPagefileUsage				1168
--------------------------------
Finish[216][07]: timeUsed:   0 ms  memoryUsed: 1168 kb  status:9 [Runtime Error], exitcode:3
InjectAPIHookDll OK, dwProcessId[24568]
--------------------------------
PeakWorkingSetSize				3840
WorkingSetSize					20
QuotaPeakPagedPoolUsage			56
QuotaPagedPoolUsage				0
QuotaPeakNonPagedPoolUsage		8
QuotaNonPagedPoolUsage			0
PagefileUsage					64
PeakPagefileUsage				1168
--------------------------------
Finish[216][08]: timeUsed:   0 ms  memoryUsed: 1168 kb  status:9 [Runtime Error], exitcode:3
InjectAPIHookDll OK, dwProcessId[24636]
--------------------------------
PeakWorkingSetSize				3832
WorkingSetSize					20
QuotaPeakPagedPoolUsage			56
QuotaPagedPoolUsage				0
QuotaPeakNonPagedPoolUsage		8
QuotaNonPagedPoolUsage			0
PagefileUsage					64
PeakPagefileUsage				1172
--------------------------------
Finish[216][09]: timeUsed:   0 ms  memoryUsed: 1172 kb  status:9 [Runtime Error], exitcode:3
InjectAPIHookDll OK, dwProcessId[10856]
--------------------------------
PeakWorkingSetSize				3840
WorkingSetSize					20
QuotaPeakPagedPoolUsage			56
QuotaPagedPoolUsage				0
QuotaPeakNonPagedPoolUsage		8
QuotaNonPagedPoolUsage			0
PagefileUsage					64
PeakPagefileUsage				1192
--------------------------------
Finish[216][10]: timeUsed:  15 ms  memoryUsed: 1192 kb  status:9 [Runtime Error], exitcode:3
