Python|肖江|1006|1|1000|66536|1&2&6&7&8
运行ID:289 用户:肖江  题号:1006 语言:Python
评测机文件路径：D:\OpenJudge\Judge\SEJudger_Contest.exe
评测机：SEJudger_Contest

Compiling[289]...
Compilation successful
CreateRemoteThread error 87
InjectAPIHookDll Error, dwProcessId[18528]
--------------------------------
PeakWorkingSetSize				9340
WorkingSetSize					28
QuotaPeakPagedPoolUsage			112
QuotaPagedPoolUsage				0
QuotaPeakNonPagedPoolUsage		9
QuotaNonPagedPoolUsage			0
PagefileUsage					72
PeakPagefileUsage				4124
--------------------------------
Special Judge UsedTime: 66
Finish[289][01]: timeUsed:  31 ms  memoryUsed: 4124 kb  status:8 [Wrong Answer], exitcode:0
