Java|肖江|1011|2|1000|65536|1&2&3&4&5&6&7&8
运行ID:119 用户:肖江  题号:1011 语言:Java
评测机文件路径：D:\OpenJudge\Judge\SEJudger.exe
评测机：SEJudger

Compiling[119]...
Compilation successful

CreateRemoteThread error 87
InjectAPIHookDll Error, dwProcessId[8684]
--------------------------------
PeakWorkingSetSize				23288
WorkingSetSize					20
QuotaPeakPagedPoolUsage			169
QuotaPagedPoolUsage				0
QuotaPeakNonPagedPoolUsage		19
QuotaNonPagedPoolUsage			0
PagefileUsage					60
PeakPagefileUsage				241936
--------------------------------
Special Judge UsedTime: 18 ms
Finish[119][01]: timeUsed: 125 ms  memoryUsed:241936 kb  status:4 [Correct], exitcode:0
Judge Used Time:578 ms

CreateRemoteThread error 87
InjectAPIHookDll Error, dwProcessId[17280]
--------------------------------
PeakWorkingSetSize				23356
WorkingSetSize					20
QuotaPeakPagedPoolUsage			169
QuotaPagedPoolUsage				0
QuotaPeakNonPagedPoolUsage		19
QuotaNonPagedPoolUsage			0
PagefileUsage					60
PeakPagefileUsage				241992
--------------------------------
Special Judge UsedTime: 18 ms
Finish[119][02]: timeUsed:  62 ms  memoryUsed:241992 kb  status:4 [Correct], exitcode:0
Judge Used Time:197 ms

CreateRemoteThread error 87
InjectAPIHookDll Error, dwProcessId[4676]
--------------------------------
PeakWorkingSetSize				23260
WorkingSetSize					20
QuotaPeakPagedPoolUsage			169
QuotaPagedPoolUsage				0
QuotaPeakNonPagedPoolUsage		19
QuotaNonPagedPoolUsage			0
PagefileUsage					60
PeakPagefileUsage				241940
--------------------------------
Special Judge UsedTime: 16 ms
Finish[119][03]: timeUsed: 109 ms  memoryUsed:241940 kb  status:4 [Correct], exitcode:0
Judge Used Time:193 ms

CreateRemoteThread error 87
InjectAPIHookDll Error, dwProcessId[1708]
--------------------------------
PeakWorkingSetSize				23252
WorkingSetSize					20
QuotaPeakPagedPoolUsage			169
QuotaPagedPoolUsage				0
QuotaPeakNonPagedPoolUsage		19
QuotaNonPagedPoolUsage			0
PagefileUsage					60
PeakPagefileUsage				241904
--------------------------------
Special Judge UsedTime: 17 ms
Finish[119][04]: timeUsed: 109 ms  memoryUsed:241904 kb  status:4 [Correct], exitcode:0
Judge Used Time:186 ms

CreateRemoteThread error 87
InjectAPIHookDll Error, dwProcessId[7992]
--------------------------------
PeakWorkingSetSize				23420
WorkingSetSize					20
QuotaPeakPagedPoolUsage			169
QuotaPagedPoolUsage				0
QuotaPeakNonPagedPoolUsage		19
QuotaNonPagedPoolUsage			0
PagefileUsage					60
PeakPagefileUsage				242100
--------------------------------
Special Judge UsedTime: 16 ms
Finish[119][05]: timeUsed:  78 ms  memoryUsed:242100 kb  status:4 [Correct], exitcode:0
Judge Used Time:184 ms

CreateRemoteThread error 87
InjectAPIHookDll Error, dwProcessId[17524]
--------------------------------
PeakWorkingSetSize				23424
WorkingSetSize					20
QuotaPeakPagedPoolUsage			169
QuotaPagedPoolUsage				0
QuotaPeakNonPagedPoolUsage		19
QuotaNonPagedPoolUsage			0
PagefileUsage					60
PeakPagefileUsage				241968
--------------------------------
Special Judge UsedTime: 15 ms
Finish[119][06]: timeUsed: 140 ms  memoryUsed:241968 kb  status:4 [Correct], exitcode:0
Judge Used Time:198 ms

CreateRemoteThread error 87
InjectAPIHookDll Error, dwProcessId[15696]
--------------------------------
PeakWorkingSetSize				27304
WorkingSetSize					20
QuotaPeakPagedPoolUsage			169
QuotaPagedPoolUsage				0
QuotaPeakNonPagedPoolUsage		19
QuotaNonPagedPoolUsage			0
PagefileUsage					60
PeakPagefileUsage				244812
--------------------------------
Special Judge UsedTime: 17 ms
Finish[119][07]: timeUsed: 218 ms  memoryUsed:244812 kb  status:4 [Correct], exitcode:0
Judge Used Time:233 ms

CreateRemoteThread error 87
InjectAPIHookDll Error, dwProcessId[20832]
--------------------------------
PeakWorkingSetSize				36708
WorkingSetSize					20
QuotaPeakPagedPoolUsage			169
QuotaPagedPoolUsage				0
QuotaPeakNonPagedPoolUsage		19
QuotaNonPagedPoolUsage			0
PagefileUsage					60
PeakPagefileUsage				248056
--------------------------------
Special Judge UsedTime: 16 ms
Finish[119][08]: timeUsed: 281 ms  memoryUsed:248056 kb  status:4 [Correct], exitcode:0
Judge Used Time:269 ms

