G++|肖江|1000|2|1000|65536|1&2&3&4&5&6&7&8&9&10
运行ID:242 用户:肖江  题号:1000 语言:G++
评测机文件路径：D:\OpenJudge\Judge\SEJudger.exe
评测机：SEJudger

Compiling[242]...
Compilation successful
InjectAPIHookDll OK, dwProcessId[14184]
--------------------------------
PeakWorkingSetSize				3456
WorkingSetSize					20
QuotaPeakPagedPoolUsage			45
QuotaPagedPoolUsage				0
QuotaPeakNonPagedPoolUsage		8
QuotaNonPagedPoolUsage			0
PagefileUsage					64
PeakPagefileUsage				1108
--------------------------------
Special Judge UsedTime: 15
Finish[242][01]: timeUsed:   0 ms  memoryUsed: 1108 kb  status:4 [Correct], exitcode:0
InjectAPIHookDll OK, dwProcessId[32140]
--------------------------------
PeakWorkingSetSize				3456
WorkingSetSize					20
QuotaPeakPagedPoolUsage			45
QuotaPagedPoolUsage				0
QuotaPeakNonPagedPoolUsage		6
QuotaNonPagedPoolUsage			0
PagefileUsage					64
PeakPagefileUsage				1116
--------------------------------
Special Judge UsedTime: 14
Finish[242][02]: timeUsed:   0 ms  memoryUsed: 1116 kb  status:4 [Correct], exitcode:0
InjectAPIHookDll OK, dwProcessId[25996]
--------------------------------
PeakWorkingSetSize				3456
WorkingSetSize					20
QuotaPeakPagedPoolUsage			45
QuotaPagedPoolUsage				0
QuotaPeakNonPagedPoolUsage		6
QuotaNonPagedPoolUsage			0
PagefileUsage					64
PeakPagefileUsage				1112
--------------------------------
Special Judge UsedTime: 14
Finish[242][03]: timeUsed:  15 ms  memoryUsed: 1112 kb  status:4 [Correct], exitcode:0
InjectAPIHookDll OK, dwProcessId[25888]
--------------------------------
PeakWorkingSetSize				3456
WorkingSetSize					20
QuotaPeakPagedPoolUsage			45
QuotaPagedPoolUsage				0
QuotaPeakNonPagedPoolUsage		6
QuotaNonPagedPoolUsage			0
PagefileUsage					64
PeakPagefileUsage				1112
--------------------------------
Special Judge UsedTime: 31
Finish[242][04]: timeUsed:   0 ms  memoryUsed: 1112 kb  status:4 [Correct], exitcode:0
InjectAPIHookDll OK, dwProcessId[29572]
--------------------------------
PeakWorkingSetSize				3456
WorkingSetSize					20
QuotaPeakPagedPoolUsage			45
QuotaPagedPoolUsage				0
QuotaPeakNonPagedPoolUsage		6
QuotaNonPagedPoolUsage			0
PagefileUsage					64
PeakPagefileUsage				1112
--------------------------------
Special Judge UsedTime: 23
Finish[242][05]: timeUsed:   0 ms  memoryUsed: 1112 kb  status:4 [Correct], exitcode:0
InjectAPIHookDll OK, dwProcessId[29476]
--------------------------------
PeakWorkingSetSize				3468
WorkingSetSize					20
QuotaPeakPagedPoolUsage			45
QuotaPagedPoolUsage				0
QuotaPeakNonPagedPoolUsage		6
QuotaNonPagedPoolUsage			0
PagefileUsage					64
PeakPagefileUsage				1124
--------------------------------
Special Judge UsedTime: 18
Finish[242][06]: timeUsed:  15 ms  memoryUsed: 1124 kb  status:4 [Correct], exitcode:0
InjectAPIHookDll OK, dwProcessId[13480]
--------------------------------
PeakWorkingSetSize				3468
WorkingSetSize					20
QuotaPeakPagedPoolUsage			45
QuotaPagedPoolUsage				0
QuotaPeakNonPagedPoolUsage		6
QuotaNonPagedPoolUsage			0
PagefileUsage					64
PeakPagefileUsage				1124
--------------------------------
Special Judge UsedTime: 17
Finish[242][07]: timeUsed:   0 ms  memoryUsed: 1124 kb  status:4 [Correct], exitcode:0
InjectAPIHookDll OK, dwProcessId[29108]
--------------------------------
PeakWorkingSetSize				3468
WorkingSetSize					20
QuotaPeakPagedPoolUsage			45
QuotaPagedPoolUsage				0
QuotaPeakNonPagedPoolUsage		6
QuotaNonPagedPoolUsage			0
PagefileUsage					64
PeakPagefileUsage				1116
--------------------------------
Special Judge UsedTime: 16
Finish[242][08]: timeUsed:   0 ms  memoryUsed: 1116 kb  status:4 [Correct], exitcode:0
InjectAPIHookDll OK, dwProcessId[24120]
--------------------------------
PeakWorkingSetSize				3464
WorkingSetSize					20
QuotaPeakPagedPoolUsage			45
QuotaPagedPoolUsage				0
QuotaPeakNonPagedPoolUsage		6
QuotaNonPagedPoolUsage			0
PagefileUsage					64
PeakPagefileUsage				1124
--------------------------------
Special Judge UsedTime: 21
Finish[242][09]: timeUsed:   0 ms  memoryUsed: 1124 kb  status:4 [Correct], exitcode:0
InjectAPIHookDll OK, dwProcessId[26480]
--------------------------------
PeakWorkingSetSize				3464
WorkingSetSize					20
QuotaPeakPagedPoolUsage			45
QuotaPagedPoolUsage				0
QuotaPeakNonPagedPoolUsage		6
QuotaNonPagedPoolUsage			0
PagefileUsage					64
PeakPagefileUsage				1124
--------------------------------
Special Judge UsedTime: 20
Finish[242][10]: timeUsed:  15 ms  memoryUsed: 1124 kb  status:4 [Correct], exitcode:0
