C++|肖江|1000|2|1000|65536|1&2&3&4&5&6&7&8&9&10
运行ID:225 用户:肖江  题号:1000 语言:C++
评测机文件路径：D:\OpenJudge\Judge\SEJudger.exe
评测机：SEJudger

Compiling[225]...
Compilation successful
InjectAPIHookDll OK, dwProcessId[18620]
--------------------------------
PeakWorkingSetSize				357812
WorkingSetSize					20
QuotaPeakPagedPoolUsage			46
QuotaPagedPoolUsage				0
QuotaPeakNonPagedPoolUsage		10
QuotaNonPagedPoolUsage			0
PagefileUsage					64
PeakPagefileUsage				366716
--------------------------------
Finish[225][01]: timeUsed:1031 ms  memoryUsed:366716 kb  status:7 [Memory Limit Exceeded], exitcode:1
Judge Used Time:6344 ms

InjectAPIHookDll OK, dwProcessId[3132]
--------------------------------
PeakWorkingSetSize				363704
WorkingSetSize					20
QuotaPeakPagedPoolUsage			45
QuotaPagedPoolUsage				0
QuotaPeakNonPagedPoolUsage		10
QuotaNonPagedPoolUsage			0
PagefileUsage					64
PeakPagefileUsage				372968
--------------------------------
Finish[225][02]: timeUsed:1062 ms  memoryUsed:372968 kb  status:7 [Memory Limit Exceeded], exitcode:1
Judge Used Time:1159 ms

InjectAPIHookDll OK, dwProcessId[8828]
--------------------------------
PeakWorkingSetSize				363192
WorkingSetSize					20
QuotaPeakPagedPoolUsage			45
QuotaPagedPoolUsage				0
QuotaPeakNonPagedPoolUsage		9
QuotaNonPagedPoolUsage			0
PagefileUsage					64
PeakPagefileUsage				372364
--------------------------------
Finish[225][03]: timeUsed:1062 ms  memoryUsed:372364 kb  status:7 [Memory Limit Exceeded], exitcode:1
Judge Used Time:1153 ms

InjectAPIHookDll OK, dwProcessId[22164]
--------------------------------
PeakWorkingSetSize				371844
WorkingSetSize					20
QuotaPeakPagedPoolUsage			45
QuotaPagedPoolUsage				0
QuotaPeakNonPagedPoolUsage		10
QuotaNonPagedPoolUsage			0
PagefileUsage					64
PeakPagefileUsage				381284
--------------------------------
Finish[225][04]: timeUsed:1046 ms  memoryUsed:381284 kb  status:7 [Memory Limit Exceeded], exitcode:1
Judge Used Time:1149 ms

InjectAPIHookDll OK, dwProcessId[4764]
Automatic retesting in progress
--------------------------------
PeakWorkingSetSize				734352
WorkingSetSize					20
QuotaPeakPagedPoolUsage			45
QuotaPagedPoolUsage				0
QuotaPeakNonPagedPoolUsage		13
QuotaNonPagedPoolUsage			0
PagefileUsage					64
PeakPagefileUsage				755120
--------------------------------
Finish[225][05]: timeUsed:1937 ms  memoryUsed:755120 kb  status:7 [Memory Limit Exceeded], exitcode:1
Judge Used Time:2309 ms

InjectAPIHookDll OK, dwProcessId[20032]
--------------------------------
PeakWorkingSetSize				377540
WorkingSetSize					20
QuotaPeakPagedPoolUsage			45
QuotaPagedPoolUsage				0
QuotaPeakNonPagedPoolUsage		10
QuotaNonPagedPoolUsage			0
PagefileUsage					64
PeakPagefileUsage				387252
--------------------------------
Finish[225][06]: timeUsed:1078 ms  memoryUsed:387252 kb  status:7 [Memory Limit Exceeded], exitcode:1
Judge Used Time:1154 ms

InjectAPIHookDll OK, dwProcessId[828]
--------------------------------
PeakWorkingSetSize				378744
WorkingSetSize					20
QuotaPeakPagedPoolUsage			45
QuotaPagedPoolUsage				0
QuotaPeakNonPagedPoolUsage		10
QuotaNonPagedPoolUsage			0
PagefileUsage					64
PeakPagefileUsage				388088
--------------------------------
Finish[225][07]: timeUsed:1000 ms  memoryUsed:388088 kb  status:7 [Memory Limit Exceeded], exitcode:1
Judge Used Time:1150 ms

InjectAPIHookDll OK, dwProcessId[27384]
--------------------------------
PeakWorkingSetSize				382952
WorkingSetSize					20
QuotaPeakPagedPoolUsage			45
QuotaPagedPoolUsage				0
QuotaPeakNonPagedPoolUsage		10
QuotaNonPagedPoolUsage			0
PagefileUsage					64
PeakPagefileUsage				392692
--------------------------------
Finish[225][08]: timeUsed:1062 ms  memoryUsed:392692 kb  status:7 [Memory Limit Exceeded], exitcode:1
Judge Used Time:1149 ms

InjectAPIHookDll OK, dwProcessId[19304]
--------------------------------
PeakWorkingSetSize				378300
WorkingSetSize					20
QuotaPeakPagedPoolUsage			45
QuotaPagedPoolUsage				0
QuotaPeakNonPagedPoolUsage		10
QuotaNonPagedPoolUsage			0
PagefileUsage					64
PeakPagefileUsage				387784
--------------------------------
Finish[225][09]: timeUsed:1031 ms  memoryUsed:387784 kb  status:7 [Memory Limit Exceeded], exitcode:1
Judge Used Time:1153 ms

InjectAPIHookDll OK, dwProcessId[9276]
Automatic retesting in progress
--------------------------------
PeakWorkingSetSize				758520
WorkingSetSize					20
QuotaPeakPagedPoolUsage			45
QuotaPagedPoolUsage				0
QuotaPeakNonPagedPoolUsage		13
QuotaNonPagedPoolUsage			0
PagefileUsage					64
PeakPagefileUsage				780032
--------------------------------
Finish[225][10]: timeUsed:2000 ms  memoryUsed:780032 kb  status:7 [Memory Limit Exceeded], exitcode:1
Judge Used Time:2286 ms

