C++|肖江|1044|2|1000|65536|1&2&3&4&5&6&7&8&9&10
运行ID:132 用户:肖江  题号:1044 语言:C++
评测机文件路径：D:\OpenJudge\Judge\SEJudger.exe
评测机：SEJudger

Compiling[132]...
Compilation successful
InjectAPIHookDll OK, dwProcessId[27308]
Special Judge UsedTime: 11
Finish[132][01]: timeUsed:   0 ms  memoryUsed: 3756 kb  status:4 [Correct], exitcode:0
InjectAPIHookDll OK, dwProcessId[16660]
Special Judge UsedTime: 11
Finish[132][02]: timeUsed:   0 ms  memoryUsed: 3760 kb  status:4 [Correct], exitcode:0
InjectAPIHookDll OK, dwProcessId[14444]
Special Judge UsedTime: 11
Finish[132][03]: timeUsed:   0 ms  memoryUsed: 3764 kb  status:4 [Correct], exitcode:0
InjectAPIHookDll OK, dwProcessId[23428]
Special Judge UsedTime: 11
Finish[132][04]: timeUsed:   0 ms  memoryUsed: 3760 kb  status:4 [Correct], exitcode:0
InjectAPIHookDll OK, dwProcessId[28880]
Special Judge UsedTime: 11
Finish[132][05]: timeUsed:   0 ms  memoryUsed: 3768 kb  status:4 [Correct], exitcode:0
InjectAPIHookDll OK, dwProcessId[24772]
Special Judge UsedTime: 11
Finish[132][06]: timeUsed:   0 ms  memoryUsed: 3764 kb  status:4 [Correct], exitcode:0
InjectAPIHookDll OK, dwProcessId[20684]
Special Judge UsedTime: 13
Finish[132][07]: timeUsed:   0 ms  memoryUsed: 3764 kb  status:4 [Correct], exitcode:0
InjectAPIHookDll OK, dwProcessId[21512]
Special Judge UsedTime: 14
Finish[132][08]: timeUsed:   0 ms  memoryUsed: 3768 kb  status:4 [Correct], exitcode:0
InjectAPIHookDll OK, dwProcessId[2216]
Special Judge UsedTime: 13
Finish[132][09]: timeUsed:   0 ms  memoryUsed: 3760 kb  status:4 [Correct], exitcode:0
InjectAPIHookDll OK, dwProcessId[27124]
Special Judge UsedTime: 12
Finish[132][10]: timeUsed:   0 ms  memoryUsed: 3764 kb  status:4 [Correct], exitcode:0
