C++|肖江|1006|2|1000|66536|1&2&6&7&8
运行ID:167 用户:肖江  题号:1006 语言:C++
评测机文件路径：D:\OpenJudge\Judge\SEJudger.exe
评测机：SEJudger

Compiling[167]...
Compilation successful
InjectAPIHookDll OK, dwProcessId[7336]
Special Judge UsedTime: 11
Finish[167][01]: timeUsed:  15 ms  memoryUsed: 8412 kb  status:4 [Correct], exitcode:0
InjectAPIHookDll OK, dwProcessId[22744]
Special Judge UsedTime: 9
Finish[167][02]: timeUsed:   0 ms  memoryUsed: 8408 kb  status:4 [Correct], exitcode:0
InjectAPIHookDll OK, dwProcessId[21500]
Special Judge UsedTime: 80
Finish[167][06]: timeUsed: 562 ms  memoryUsed:16012 kb  status:4 [Correct], exitcode:0
InjectAPIHookDll OK, dwProcessId[23124]
Special Judge UsedTime: 84
Finish[167][07]: timeUsed: 625 ms  memoryUsed:15316 kb  status:4 [Correct], exitcode:0
InjectAPIHookDll OK, dwProcessId[5100]
Special Judge UsedTime: 108
Finish[167][08]: timeUsed: 640 ms  memoryUsed:16588 kb  status:4 [Correct], exitcode:0
