Python|肖江|1000|2|1000|65536|1&2&3&4&5&6&7&8&9&10
运行ID:300 用户:肖江  题号:1000 语言:Python
评测机文件路径：D:\OpenJudge\Judge\SEJudger.exe
评测机：SEJudger

Compiling[300]...
Compilation successful
CreateRemoteThread error 87
InjectAPIHookDll Error, dwProcessId[23300]
--------------------------------
PeakWorkingSetSize				9532
WorkingSetSize					32
QuotaPeakPagedPoolUsage			112
QuotaPagedPoolUsage				0
QuotaPeakNonPagedPoolUsage		9
QuotaNonPagedPoolUsage			0
PagefileUsage					76
PeakPagefileUsage				4140
--------------------------------
Special Judge UsedTime: 19 ms
Finish[300][01]: timeUsed:  15 ms  memoryUsed: 4140 kb  status:4 [Correct], exitcode:0
Judge Used Time:86 ms

CreateRemoteThread error 87
InjectAPIHookDll Error, dwProcessId[15096]
--------------------------------
PeakWorkingSetSize				9552
WorkingSetSize					32
QuotaPeakPagedPoolUsage			112
QuotaPagedPoolUsage				0
QuotaPeakNonPagedPoolUsage		9
QuotaNonPagedPoolUsage			0
PagefileUsage					76
PeakPagefileUsage				4136
--------------------------------
Special Judge UsedTime: 20 ms
Finish[300][02]: timeUsed:  15 ms  memoryUsed: 4136 kb  status:4 [Correct], exitcode:0
Judge Used Time:91 ms

CreateRemoteThread error 87
InjectAPIHookDll Error, dwProcessId[12432]
--------------------------------
PeakWorkingSetSize				9516
WorkingSetSize					28
QuotaPeakPagedPoolUsage			112
QuotaPagedPoolUsage				0
QuotaPeakNonPagedPoolUsage		9
QuotaNonPagedPoolUsage			0
PagefileUsage					72
PeakPagefileUsage				4128
--------------------------------
Special Judge UsedTime: 21 ms
Finish[300][03]: timeUsed:   0 ms  memoryUsed: 4128 kb  status:4 [Correct], exitcode:0
Judge Used Time:84 ms

CreateRemoteThread error 87
InjectAPIHookDll Error, dwProcessId[5976]
--------------------------------
PeakWorkingSetSize				9532
WorkingSetSize					32
QuotaPeakPagedPoolUsage			112
QuotaPagedPoolUsage				0
QuotaPeakNonPagedPoolUsage		9
QuotaNonPagedPoolUsage			0
PagefileUsage					76
PeakPagefileUsage				4140
--------------------------------
Special Judge UsedTime: 20 ms
Finish[300][04]: timeUsed:  31 ms  memoryUsed: 4140 kb  status:4 [Correct], exitcode:0
Judge Used Time:87 ms

CreateRemoteThread error 87
InjectAPIHookDll Error, dwProcessId[23744]
--------------------------------
PeakWorkingSetSize				9588
WorkingSetSize					28
QuotaPeakPagedPoolUsage			112
QuotaPagedPoolUsage				0
QuotaPeakNonPagedPoolUsage		9
QuotaNonPagedPoolUsage			0
PagefileUsage					72
PeakPagefileUsage				4152
--------------------------------
Special Judge UsedTime: 17 ms
Finish[300][05]: timeUsed:  15 ms  memoryUsed: 4152 kb  status:4 [Correct], exitcode:0
Judge Used Time:84 ms

CreateRemoteThread error 87
InjectAPIHookDll Error, dwProcessId[3360]
--------------------------------
PeakWorkingSetSize				9516
WorkingSetSize					32
QuotaPeakPagedPoolUsage			112
QuotaPagedPoolUsage				0
QuotaPeakNonPagedPoolUsage		9
QuotaNonPagedPoolUsage			0
PagefileUsage					76
PeakPagefileUsage				4136
--------------------------------
Special Judge UsedTime: 19 ms
Finish[300][06]: timeUsed:  46 ms  memoryUsed: 4136 kb  status:4 [Correct], exitcode:0
Judge Used Time:100 ms

CreateRemoteThread error 87
InjectAPIHookDll Error, dwProcessId[20004]
--------------------------------
PeakWorkingSetSize				9544
WorkingSetSize					32
QuotaPeakPagedPoolUsage			112
QuotaPagedPoolUsage				0
QuotaPeakNonPagedPoolUsage		9
QuotaNonPagedPoolUsage			0
PagefileUsage					76
PeakPagefileUsage				4156
--------------------------------
Special Judge UsedTime: 24 ms
Finish[300][07]: timeUsed:  62 ms  memoryUsed: 4156 kb  status:4 [Correct], exitcode:0
Judge Used Time:98 ms

CreateRemoteThread error 87
InjectAPIHookDll Error, dwProcessId[8792]
--------------------------------
PeakWorkingSetSize				9548
WorkingSetSize					32
QuotaPeakPagedPoolUsage			120
QuotaPagedPoolUsage				0
QuotaPeakNonPagedPoolUsage		9
QuotaNonPagedPoolUsage			0
PagefileUsage					76
PeakPagefileUsage				4156
--------------------------------
Special Judge UsedTime: 14 ms
Finish[300][08]: timeUsed:   0 ms  memoryUsed: 4156 kb  status:4 [Correct], exitcode:0
Judge Used Time:68 ms

CreateRemoteThread error 87
InjectAPIHookDll Error, dwProcessId[18492]
--------------------------------
PeakWorkingSetSize				9584
WorkingSetSize					32
QuotaPeakPagedPoolUsage			112
QuotaPagedPoolUsage				0
QuotaPeakNonPagedPoolUsage		9
QuotaNonPagedPoolUsage			0
PagefileUsage					76
PeakPagefileUsage				4164
--------------------------------
Special Judge UsedTime: 14 ms
Finish[300][09]: timeUsed:  15 ms  memoryUsed: 4164 kb  status:4 [Correct], exitcode:0
Judge Used Time:70 ms

CreateRemoteThread error 87
InjectAPIHookDll Error, dwProcessId[20572]
--------------------------------
PeakWorkingSetSize				9504
WorkingSetSize					32
QuotaPeakPagedPoolUsage			120
QuotaPagedPoolUsage				0
QuotaPeakNonPagedPoolUsage		9
QuotaNonPagedPoolUsage			0
PagefileUsage					76
PeakPagefileUsage				4128
--------------------------------
Special Judge UsedTime: 15 ms
Finish[300][10]: timeUsed:   0 ms  memoryUsed: 4128 kb  status:4 [Correct], exitcode:0
Judge Used Time:68 ms

