C++|肖江|1000|2|1000|65536|1&2&3&4&5&6&7&8&9&10
运行ID:116 用户:肖江  题号:1000 语言:C++
SQLException in c:\users\dell\desktop\newjudger\sejudger\sejudger\function_mysql.cpp (mysql_connect) on line 32
Too many connections (MySQL error code: 1040 , SQLState: HY000 )
SQLException in c:\users\dell\desktop\newjudger\sejudger\sejudger\function_mysql.cpp (mysql_connect) on line 32
Too many connections (MySQL error code: 1040 , SQLState: HY000 )
SQLException in c:\users\dell\desktop\newjudger\sejudger\sejudger\function_mysql.cpp (mysql_set_oj_allRun) on line 86
 (MySQL error code: 0 , SQLState: 00000 )
评测机文件路径：D:\OpenJudge\Judge\SEJudger.exe
评测机：SEJudger

SQLException in c:\users\dell\desktop\newjudger\sejudger\sejudger\function_mysql.cpp (mysql_connect) on line 32
Too many connections (MySQL error code: 1040 , SQLState: HY000 )
SQLException in c:\users\dell\desktop\newjudger\sejudger\sejudger\function_mysql.cpp (mysql_set_judgeStatus) on line 136
 (MySQL error code: 0 , SQLState: 00000 )
Compiling[116]...
Compilation successful
SQLException in c:\users\dell\desktop\newjudger\sejudger\sejudger\function_mysql.cpp (mysql_connect) on line 32
Too many connections (MySQL error code: 1040 , SQLState: HY000 )
SQLException in c:\users\dell\desktop\newjudger\sejudger\sejudger\function_mysql.cpp (mysql_set_judgeStatus) on line 136
 (MySQL error code: 0 , SQLState: 00000 )
Finish[116][01]: timeUsed: 125 ms  memoryUsed:65580 kb  status:7 [Memory Limit Exceeded], exitcode:0
Finish[116][02]: timeUsed: 125 ms  memoryUsed:65584 kb  status:7 [Memory Limit Exceeded], exitcode:0
Finish[116][03]: timeUsed: 125 ms  memoryUsed:65588 kb  status:7 [Memory Limit Exceeded], exitcode:0
Finish[116][04]: timeUsed: 140 ms  memoryUsed:65556 kb  status:7 [Memory Limit Exceeded], exitcode:0
Finish[116][05]: timeUsed: 171 ms  memoryUsed:65568 kb  status:7 [Memory Limit Exceeded], exitcode:0
Finish[116][06]: timeUsed: 140 ms  memoryUsed:65556 kb  status:7 [Memory Limit Exceeded], exitcode:0
Finish[116][07]: timeUsed: 125 ms  memoryUsed:65540 kb  status:7 [Memory Limit Exceeded], exitcode:0
Finish[116][08]: timeUsed: 125 ms  memoryUsed:65548 kb  status:7 [Memory Limit Exceeded], exitcode:0
Finish[116][09]: timeUsed: 125 ms  memoryUsed:65548 kb  status:7 [Memory Limit Exceeded], exitcode:0
Finish[116][10]: timeUsed: 171 ms  memoryUsed:65540 kb  status:7 [Memory Limit Exceeded], exitcode:0
SQLException in c:\users\dell\desktop\newjudger\sejudger\sejudger\function_mysql.cpp (mysql_connect) on line 32
Too many connections (MySQL error code: 1040 , SQLState: HY000 )
SQLException in c:\users\dell\desktop\newjudger\sejudger\sejudger\function_mysql.cpp (mysql_set_judgeData) on line 161
 (MySQL error code: 0 , SQLState: 00000 )
