C++|肖江|1046|2|1000|65536|1&2&3&4&5&6&7&8
运行ID:177 用户:肖江  题号:1046 语言:C++
评测机文件路径：D:\OpenJudge\Judge\SE_Judger.exe
评测机：SE_Judger

设置评测模式：2
设置运行ID：177
设置题号：1046
设置时间限制：1000
设置内存限制：65536
编译中...
编译完成
设置测试点数量：8
设置每个测试点号
开始评测： 2019-08-15 02:44:28
开始评测1 - 5测试点
@超时重测[1] ： 测试点1
@超时重测[1] ： 测试点2
@超时重测[1] ： 测试点3
@超时重测[1] ： 测试点4
@超时重测[1] ： 测试点5
开始评测6 - 8测试点
评测完成！
##1  : Accepted                usetime:0   ms  runttime:66  ms  usememory:12380kb  ExitCode:0x0
##2  : Accepted                usetime:0   ms  runttime:65  ms  usememory:12380kb  ExitCode:0x0
##3  : Accepted                usetime:0   ms  runttime:54  ms  usememory:12380kb  ExitCode:0x0
##4  : Accepted                usetime:0   ms  runttime:54  ms  usememory:12384kb  ExitCode:0x0
##5  : Accepted                usetime:312 ms  runttime:373 ms  usememory:12384kb  ExitCode:0x0
##6  : Accepted                usetime:609 ms  runttime:722 ms  usememory:12380kb  ExitCode:0x0
##7  : Accepted                usetime:812 ms  runttime:915 ms  usememory:12380kb  ExitCode:0x0
##8  : Accepted                usetime:703 ms  runttime:870 ms  usememory:12380kb  ExitCode:0x0
Judge Over, Accepted                usetime:812 ms  usememory:12384kb
评测总耗时：3741ms

文件被占用，正在尝试删除...
文件被占用，正在尝试删除...
文件被占用，正在尝试删除...
文件被占用，正在尝试删除...
文件被占用，正在尝试删除...
文件被占用，正在尝试删除...
文件被占用，正在尝试删除...
文件被占用，正在尝试删除...
文件被占用，正在尝试删除...
文件被占用，正在尝试删除...
文件被占用，正在尝试删除...
文件被占用，正在尝试删除...
文件被占用，正在尝试删除...
文件被占用，正在尝试删除...
文件被占用，正在尝试删除...
文件被占用，正在尝试删除...
文件被占用，正在尝试删除...
文件被占用，正在尝试删除...
文件被占用，正在尝试删除...
文件被占用，正在尝试删除...
文件被占用，正在尝试删除...
文件被占用，正在尝试删除...
文件被占用，正在尝试删除...
文件被占用，正在尝试删除...
文件被占用，正在尝试删除...
文件被占用，正在尝试删除...
文件被占用，正在尝试删除...
文件被占用，正在尝试删除...
文件被占用，正在尝试删除...
文件被占用，正在尝试删除...
文件被占用，正在尝试删除...
文件被占用，正在尝试删除...
文件被占用，正在尝试删除...
文件被占用，正在尝试删除...
文件被占用，正在尝试删除...
文件被占用，正在尝试删除...
文件被占用，正在尝试删除...
文件被占用，正在尝试删除...
文件被占用，正在尝试删除...
文件被占用，正在尝试删除...
文件被占用，正在尝试删除...
文件被占用，正在尝试删除...
文件被占用，正在尝试删除...
文件被占用，正在尝试删除...
文件被占用，正在尝试删除...
文件被占用，正在尝试删除...
文件被占用，正在尝试删除...
文件被占用，正在尝试删除...
文件被占用，正在尝试删除...
文件被占用，正在尝试删除...
文件被占用，正在尝试删除...
文件被占用，正在尝试删除...
文件被占用，正在尝试删除...
文件被占用，正在尝试删除...
文件被占用，正在尝试删除...
文件被占用，正在尝试删除...
文件被占用，正在尝试删除...
文件被占用，正在尝试删除...
文件被占用，正在尝试删除...
文件被占用，正在尝试删除...
文件被占用，正在尝试删除...
文件被占用，正在尝试删除...
文件被占用，正在尝试删除...
文件被占用，正在尝试删除...
文件被占用，正在尝试删除...
文件被占用，正在尝试删除...
文件被占用，正在尝试删除...
文件被占用，正在尝试删除...
文件被占用，正在尝试删除...
文件被占用，正在尝试删除...
文件被占用，正在尝试删除...
文件被占用，正在尝试删除...
文件被占用，正在尝试删除...
文件被占用，正在尝试删除...
文件被占用，正在尝试删除...
文件被占用，正在尝试删除...
文件被占用，正在尝试删除...
文件被占用，正在尝试删除...
文件被占用，正在尝试删除...
文件被占用，正在尝试删除...
文件被占用，正在尝试删除...
文件被占用，正在尝试删除...
文件被占用，正在尝试删除...
文件被占用，正在尝试删除...
文件被占用，正在尝试删除...
文件被占用，正在尝试删除...
文件被占用，正在尝试删除...
文件被占用，正在尝试删除...
文件被占用，正在尝试删除...
文件被占用，正在尝试删除...
文件被占用，正在尝试删除...
文件被占用，正在尝试删除...
文件被占用，正在尝试删除...
文件被占用，正在尝试删除...
文件被占用，正在尝试删除...
文件被占用，正在尝试删除...
文件被占用，正在尝试删除...
文件被占用，正在尝试删除...
文件被占用，正在尝试删除...
文件被占用，正在尝试删除...
文件被占用，正在尝试删除...
文件被占用，正在尝试删除...
文件被占用，正在尝试删除...
文件被占用，正在尝试删除...
文件被占用，正在尝试删除...
文件被占用，正在尝试删除...
文件被占用，正在尝试删除...
文件被占用，正在尝试删除...
文件被占用，正在尝试删除...
文件被占用，正在尝试删除...
文件被占用，正在尝试删除...
文件被占用，正在尝试删除...
文件被占用，正在尝试删除...
文件被占用，正在尝试删除...
文件被占用，正在尝试删除...
文件被占用，正在尝试删除...
文件被占用，正在尝试删除...
文件被占用，正在尝试删除...
文件被占用，正在尝试删除...
文件被占用，正在尝试删除...
文件被占用，正在尝试删除...
文件被占用，正在尝试删除...
文件被占用，正在尝试删除...
文件被占用，正在尝试删除...
文件被占用，正在尝试删除...
文件被占用，正在尝试删除...
文件被占用，正在尝试删除...
