C++|肖江|1000|1|1000|65536|1&2&3&4&5&6&7&8&9&10
运行ID:227 用户:肖江  题号:1000 语言:C++
评测机文件路径：D:\OpenJudge\Judge\SEJudger_Contest.exe
评测机：SEJudger_Contest

Compiling[227]...
Compilation successful
InjectAPIHookDll OK, dwProcessId[20904]
--------------------------------
PeakWorkingSetSize				3812
WorkingSetSize					20
QuotaPeakPagedPoolUsage			46
QuotaPagedPoolUsage				0
QuotaPeakNonPagedPoolUsage		6
QuotaNonPagedPoolUsage			0
PagefileUsage					64
PeakPagefileUsage				1184
--------------------------------
Special Judge UsedTime: 15
Finish[227][01]: timeUsed:   0 ms  memoryUsed: 1184 kb  status:4 [Correct], exitcode:0
InjectAPIHookDll OK, dwProcessId[17032]
--------------------------------
PeakWorkingSetSize				3464
WorkingSetSize					20
QuotaPeakPagedPoolUsage			45
QuotaPagedPoolUsage				0
QuotaPeakNonPagedPoolUsage		6
QuotaNonPagedPoolUsage			0
PagefileUsage					64
PeakPagefileUsage				1120
--------------------------------
Special Judge UsedTime: 15
Finish[227][02]: timeUsed:   0 ms  memoryUsed: 1120 kb  status:4 [Correct], exitcode:0
InjectAPIHookDll OK, dwProcessId[22368]
--------------------------------
PeakWorkingSetSize				3464
WorkingSetSize					20
QuotaPeakPagedPoolUsage			45
QuotaPagedPoolUsage				0
QuotaPeakNonPagedPoolUsage		6
QuotaNonPagedPoolUsage			0
PagefileUsage					64
PeakPagefileUsage				1124
--------------------------------
Special Judge UsedTime: 17
Finish[227][03]: timeUsed:   0 ms  memoryUsed: 1124 kb  status:4 [Correct], exitcode:0
InjectAPIHookDll OK, dwProcessId[9476]
--------------------------------
PeakWorkingSetSize				3464
WorkingSetSize					20
QuotaPeakPagedPoolUsage			45
QuotaPagedPoolUsage				0
QuotaPeakNonPagedPoolUsage		6
QuotaNonPagedPoolUsage			0
PagefileUsage					64
PeakPagefileUsage				1124
--------------------------------
Special Judge UsedTime: 14
Finish[227][04]: timeUsed:   0 ms  memoryUsed: 1124 kb  status:4 [Correct], exitcode:0
InjectAPIHookDll OK, dwProcessId[16660]
--------------------------------
PeakWorkingSetSize				3464
WorkingSetSize					20
QuotaPeakPagedPoolUsage			45
QuotaPagedPoolUsage				0
QuotaPeakNonPagedPoolUsage		6
QuotaNonPagedPoolUsage			0
PagefileUsage					64
PeakPagefileUsage				1124
--------------------------------
Special Judge UsedTime: 12
Finish[227][05]: timeUsed:   0 ms  memoryUsed: 1124 kb  status:4 [Correct], exitcode:0
InjectAPIHookDll OK, dwProcessId[17884]
--------------------------------
PeakWorkingSetSize				3468
WorkingSetSize					20
QuotaPeakPagedPoolUsage			45
QuotaPagedPoolUsage				0
QuotaPeakNonPagedPoolUsage		6
QuotaNonPagedPoolUsage			0
PagefileUsage					64
PeakPagefileUsage				1124
--------------------------------
Special Judge UsedTime: 13
Finish[227][06]: timeUsed:   0 ms  memoryUsed: 1124 kb  status:4 [Correct], exitcode:0
InjectAPIHookDll OK, dwProcessId[18184]
--------------------------------
PeakWorkingSetSize				3464
WorkingSetSize					20
QuotaPeakPagedPoolUsage			45
QuotaPagedPoolUsage				0
QuotaPeakNonPagedPoolUsage		6
QuotaNonPagedPoolUsage			0
PagefileUsage					64
PeakPagefileUsage				1124
--------------------------------
Special Judge UsedTime: 26
Finish[227][07]: timeUsed:   0 ms  memoryUsed: 1124 kb  status:4 [Correct], exitcode:0
InjectAPIHookDll OK, dwProcessId[2292]
--------------------------------
PeakWorkingSetSize				3456
WorkingSetSize					20
QuotaPeakPagedPoolUsage			45
QuotaPagedPoolUsage				0
QuotaPeakNonPagedPoolUsage		6
QuotaNonPagedPoolUsage			0
PagefileUsage					64
PeakPagefileUsage				1116
--------------------------------
Special Judge UsedTime: 32
Finish[227][08]: timeUsed:   0 ms  memoryUsed: 1116 kb  status:4 [Correct], exitcode:0
InjectAPIHookDll OK, dwProcessId[15840]
--------------------------------
PeakWorkingSetSize				3468
WorkingSetSize					20
QuotaPeakPagedPoolUsage			45
QuotaPagedPoolUsage				0
QuotaPeakNonPagedPoolUsage		6
QuotaNonPagedPoolUsage			0
PagefileUsage					64
PeakPagefileUsage				1120
--------------------------------
Special Judge UsedTime: 26
Finish[227][09]: timeUsed:   0 ms  memoryUsed: 1120 kb  status:4 [Correct], exitcode:0
InjectAPIHookDll OK, dwProcessId[1400]
--------------------------------
PeakWorkingSetSize				3428
WorkingSetSize					20
QuotaPeakPagedPoolUsage			45
QuotaPagedPoolUsage				0
QuotaPeakNonPagedPoolUsage		6
QuotaNonPagedPoolUsage			0
PagefileUsage					64
PeakPagefileUsage				1036
--------------------------------
Special Judge UsedTime: 24
Finish[227][10]: timeUsed:  15 ms  memoryUsed: 1036 kb  status:4 [Correct], exitcode:0
