Python|肖江|1006|1|1000|66536|1&2&6&7&8
运行ID:290 用户:肖江  题号:1006 语言:Python
评测机文件路径：D:\OpenJudge\Judge\SEJudger_Contest.exe
评测机：SEJudger_Contest

Compiling[290]...
Compilation successful
CreateRemoteThread error 87
InjectAPIHookDll Error, dwProcessId[15548]
--------------------------------
PeakWorkingSetSize				9364
WorkingSetSize					32
QuotaPeakPagedPoolUsage			112
QuotaPagedPoolUsage				0
QuotaPeakNonPagedPoolUsage		9
QuotaNonPagedPoolUsage			0
PagefileUsage					76
PeakPagefileUsage				4140
--------------------------------
Special Judge UsedTime: 10
Finish[290][01]: timeUsed:   0 ms  memoryUsed: 4140 kb  status:8 [Wrong Answer], exitcode:0
