Python|肖江|1005|1|1000|65536|1&2&3&4&5&6&7&8&9&10
运行ID:284 用户:肖江  题号:1005 语言:Python
评测机文件路径：D:\OpenJudge\Judge\SEJudger_Contest.exe
评测机：SEJudger_Contest

Compiling[284]...
Compilation successful
CreateRemoteThread error 87
InjectAPIHookDll Error, dwProcessId[2028]
--------------------------------
PeakWorkingSetSize				9584
WorkingSetSize					32
QuotaPeakPagedPoolUsage			112
QuotaPagedPoolUsage				0
QuotaPeakNonPagedPoolUsage		9
QuotaNonPagedPoolUsage			0
PagefileUsage					76
PeakPagefileUsage				4144
--------------------------------
Special Judge UsedTime: 96
Finish[284][01]: timeUsed:  46 ms  memoryUsed: 4144 kb  status:8 [Wrong Answer], exitcode:0
