C++|肖江|1000|2|1000|65536|1&2&3&4&5&6&7&8&9&10
运行ID:1   用户:肖江  题号:1000 语言:C++
评测机文件路径：D:\OpenJudge\Judge\SEJudger.exe
评测机：SEJudger

Compiling[1]...
Compilation successful
InjectAPIHookDll OK, dwProcessId[21136]
--------------------------------
PeakWorkingSetSize				3816
WorkingSetSize					20
QuotaPeakPagedPoolUsage			46
QuotaPagedPoolUsage				0
QuotaPeakNonPagedPoolUsage		8
QuotaNonPagedPoolUsage			0
PagefileUsage					64
PeakPagefileUsage				1204
--------------------------------
Special Judge UsedTime: 21 ms
Finish[01][01]: timeUsed:  15 ms  memoryUsed: 1204 kb  status:4 [Correct], exitcode:0
Judge Used Time:124 ms

InjectAPIHookDll OK, dwProcessId[21076]
--------------------------------
PeakWorkingSetSize				3468
WorkingSetSize					20
QuotaPeakPagedPoolUsage			45
QuotaPagedPoolUsage				0
QuotaPeakNonPagedPoolUsage		6
QuotaNonPagedPoolUsage			0
PagefileUsage					64
PeakPagefileUsage				1136
--------------------------------
Special Judge UsedTime: 20 ms
Finish[01][02]: timeUsed:   0 ms  memoryUsed: 1136 kb  status:4 [Correct], exitcode:0
Judge Used Time:45 ms

InjectAPIHookDll OK, dwProcessId[25648]
--------------------------------
PeakWorkingSetSize				3468
WorkingSetSize					20
QuotaPeakPagedPoolUsage			45
QuotaPagedPoolUsage				0
QuotaPeakNonPagedPoolUsage		6
QuotaNonPagedPoolUsage			0
PagefileUsage					64
PeakPagefileUsage				1120
--------------------------------
Special Judge UsedTime: 21 ms
Finish[01][03]: timeUsed:   0 ms  memoryUsed: 1120 kb  status:4 [Correct], exitcode:0
Judge Used Time:42 ms

InjectAPIHookDll OK, dwProcessId[17648]
--------------------------------
PeakWorkingSetSize				3468
WorkingSetSize					20
QuotaPeakPagedPoolUsage			45
QuotaPagedPoolUsage				0
QuotaPeakNonPagedPoolUsage		6
QuotaNonPagedPoolUsage			0
PagefileUsage					64
PeakPagefileUsage				1120
--------------------------------
Special Judge UsedTime: 27 ms
Finish[01][04]: timeUsed:  15 ms  memoryUsed: 1120 kb  status:4 [Correct], exitcode:0
Judge Used Time:53 ms

InjectAPIHookDll OK, dwProcessId[18392]
--------------------------------
PeakWorkingSetSize				3468
WorkingSetSize					20
QuotaPeakPagedPoolUsage			53
QuotaPagedPoolUsage				0
QuotaPeakNonPagedPoolUsage		6
QuotaNonPagedPoolUsage			0
PagefileUsage					64
PeakPagefileUsage				1140
--------------------------------
Special Judge UsedTime: 24 ms
Finish[01][05]: timeUsed:   0 ms  memoryUsed: 1140 kb  status:4 [Correct], exitcode:0
Judge Used Time:49 ms

InjectAPIHookDll OK, dwProcessId[10660]
--------------------------------
PeakWorkingSetSize				3468
WorkingSetSize					20
QuotaPeakPagedPoolUsage			53
QuotaPagedPoolUsage				0
QuotaPeakNonPagedPoolUsage		6
QuotaNonPagedPoolUsage			0
PagefileUsage					64
PeakPagefileUsage				1120
--------------------------------
Special Judge UsedTime: 23 ms
Finish[01][06]: timeUsed:   0 ms  memoryUsed: 1120 kb  status:4 [Correct], exitcode:0
Judge Used Time:48 ms

InjectAPIHookDll OK, dwProcessId[21216]
--------------------------------
PeakWorkingSetSize				3464
WorkingSetSize					20
QuotaPeakPagedPoolUsage			45
QuotaPagedPoolUsage				0
QuotaPeakNonPagedPoolUsage		6
QuotaNonPagedPoolUsage			0
PagefileUsage					64
PeakPagefileUsage				1132
--------------------------------
Special Judge UsedTime: 22 ms
Finish[01][07]: timeUsed:  15 ms  memoryUsed: 1132 kb  status:4 [Correct], exitcode:0
Judge Used Time:46 ms

InjectAPIHookDll OK, dwProcessId[15656]
--------------------------------
PeakWorkingSetSize				3456
WorkingSetSize					20
QuotaPeakPagedPoolUsage			53
QuotaPagedPoolUsage				0
QuotaPeakNonPagedPoolUsage		6
QuotaNonPagedPoolUsage			0
PagefileUsage					64
PeakPagefileUsage				1112
--------------------------------
Special Judge UsedTime: 19 ms
Finish[01][08]: timeUsed:  15 ms  memoryUsed: 1112 kb  status:4 [Correct], exitcode:0
Judge Used Time:41 ms

InjectAPIHookDll OK, dwProcessId[2428]
--------------------------------
PeakWorkingSetSize				3464
WorkingSetSize					20
QuotaPeakPagedPoolUsage			53
QuotaPagedPoolUsage				0
QuotaPeakNonPagedPoolUsage		6
QuotaNonPagedPoolUsage			0
PagefileUsage					64
PeakPagefileUsage				1128
--------------------------------
Special Judge UsedTime: 20 ms
Finish[01][09]: timeUsed:   0 ms  memoryUsed: 1128 kb  status:4 [Correct], exitcode:0
Judge Used Time:42 ms

InjectAPIHookDll OK, dwProcessId[19492]
--------------------------------
PeakWorkingSetSize				3464
WorkingSetSize					20
QuotaPeakPagedPoolUsage			53
QuotaPagedPoolUsage				0
QuotaPeakNonPagedPoolUsage		6
QuotaNonPagedPoolUsage			0
PagefileUsage					64
PeakPagefileUsage				1132
--------------------------------
Special Judge UsedTime: 20 ms
Finish[01][10]: timeUsed:   0 ms  memoryUsed: 1132 kb  status:4 [Correct], exitcode:0
Judge Used Time:43 ms

