C++|肖江|1046|2|1000|65536|1&2&3&4&5&6&7&8
运行ID:181 用户:肖江  题号:1046 语言:C++
评测机文件路径：D:\OpenJudge\Judge\SEJudger.exe
评测机：SEJudger

Compiling[181]...
Compilation successful
InjectAPIHookDll OK, dwProcessId[19364]
Special Judge UsedTime: 10
Finish[181][01]: timeUsed:   0 ms  memoryUsed:11636 kb  status:4 [Correct], exitcode:0
InjectAPIHookDll OK, dwProcessId[18188]
Special Judge UsedTime: 9
Finish[181][02]: timeUsed:   0 ms  memoryUsed:11640 kb  status:4 [Correct], exitcode:0
InjectAPIHookDll OK, dwProcessId[29768]
Special Judge UsedTime: 11
Finish[181][03]: timeUsed:  15 ms  memoryUsed:11644 kb  status:4 [Correct], exitcode:0
InjectAPIHookDll OK, dwProcessId[21216]
Special Judge UsedTime: 10
Finish[181][04]: timeUsed:  15 ms  memoryUsed:11732 kb  status:4 [Correct], exitcode:0
InjectAPIHookDll OK, dwProcessId[28216]
Special Judge UsedTime: 14
Finish[181][05]: timeUsed: 140 ms  memoryUsed:19444 kb  status:4 [Correct], exitcode:0
InjectAPIHookDll OK, dwProcessId[30628]
Special Judge UsedTime: 52
Finish[181][06]: timeUsed: 250 ms  memoryUsed:19448 kb  status:4 [Correct], exitcode:0
InjectAPIHookDll OK, dwProcessId[8308]
Special Judge UsedTime: 47
Finish[181][07]: timeUsed: 296 ms  memoryUsed:19444 kb  status:4 [Correct], exitcode:0
InjectAPIHookDll OK, dwProcessId[24716]
Special Judge UsedTime: 47
Finish[181][08]: timeUsed: 250 ms  memoryUsed:19440 kb  status:4 [Correct], exitcode:0
