Java|肖江|1000|2|1000|65536|1&2&3&4&5&6&7&8&9&10
运行ID:103 用户:肖江  题号:1000 语言:Java
评测机文件路径：D:\OpenJudge\Judge\SEJudger.exe
评测机：SEJudger

Compiling[103]...
Compilation successful
CreateRemoteThread error 87
InjectAPIHookDll Error, dwProcessId[10700]
--------------------------------
PeakWorkingSetSize				22804
WorkingSetSize					20
QuotaPeakPagedPoolUsage			168
QuotaPagedPoolUsage				0
QuotaPeakNonPagedPoolUsage		18
QuotaNonPagedPoolUsage			0
PagefileUsage					60
PeakPagefileUsage				241892
--------------------------------
Special Judge UsedTime: 18
Finish[103][01]: timeUsed: 140 ms  memoryUsed:241892 kb  status:4 [Correct], exitcode:0
CreateRemoteThread error 87
InjectAPIHookDll Error, dwProcessId[26636]
--------------------------------
PeakWorkingSetSize				22784
WorkingSetSize					20
QuotaPeakPagedPoolUsage			168
QuotaPagedPoolUsage				0
QuotaPeakNonPagedPoolUsage		18
QuotaNonPagedPoolUsage			0
PagefileUsage					60
PeakPagefileUsage				241856
--------------------------------
Special Judge UsedTime: 15
Finish[103][02]: timeUsed: 140 ms  memoryUsed:241856 kb  status:4 [Correct], exitcode:0
CreateRemoteThread error 87
InjectAPIHookDll Error, dwProcessId[25772]
--------------------------------
PeakWorkingSetSize				22836
WorkingSetSize					20
QuotaPeakPagedPoolUsage			168
QuotaPagedPoolUsage				0
QuotaPeakNonPagedPoolUsage		18
QuotaNonPagedPoolUsage			0
PagefileUsage					60
PeakPagefileUsage				241880
--------------------------------
Special Judge UsedTime: 15
Finish[103][03]: timeUsed:  78 ms  memoryUsed:241880 kb  status:4 [Correct], exitcode:0
CreateRemoteThread error 87
InjectAPIHookDll Error, dwProcessId[6880]
--------------------------------
PeakWorkingSetSize				22832
WorkingSetSize					20
QuotaPeakPagedPoolUsage			168
QuotaPagedPoolUsage				0
QuotaPeakNonPagedPoolUsage		18
QuotaNonPagedPoolUsage			0
PagefileUsage					60
PeakPagefileUsage				241980
--------------------------------
Special Judge UsedTime: 15
Finish[103][04]: timeUsed:  93 ms  memoryUsed:241980 kb  status:4 [Correct], exitcode:0
CreateRemoteThread error 87
InjectAPIHookDll Error, dwProcessId[25452]
--------------------------------
PeakWorkingSetSize				22792
WorkingSetSize					20
QuotaPeakPagedPoolUsage			168
QuotaPagedPoolUsage				0
QuotaPeakNonPagedPoolUsage		18
QuotaNonPagedPoolUsage			0
PagefileUsage					60
PeakPagefileUsage				241864
--------------------------------
Special Judge UsedTime: 20
Finish[103][05]: timeUsed: 125 ms  memoryUsed:241864 kb  status:4 [Correct], exitcode:0
CreateRemoteThread error 87
InjectAPIHookDll Error, dwProcessId[13376]
--------------------------------
PeakWorkingSetSize				22772
WorkingSetSize					20
QuotaPeakPagedPoolUsage			168
QuotaPagedPoolUsage				0
QuotaPeakNonPagedPoolUsage		18
QuotaNonPagedPoolUsage			0
PagefileUsage					60
PeakPagefileUsage				241872
--------------------------------
Special Judge UsedTime: 21
Finish[103][06]: timeUsed:  93 ms  memoryUsed:241872 kb  status:4 [Correct], exitcode:0
CreateRemoteThread error 87
InjectAPIHookDll Error, dwProcessId[19660]
--------------------------------
PeakWorkingSetSize				22828
WorkingSetSize					20
QuotaPeakPagedPoolUsage			168
QuotaPagedPoolUsage				0
QuotaPeakNonPagedPoolUsage		18
QuotaNonPagedPoolUsage			0
PagefileUsage					60
PeakPagefileUsage				241900
--------------------------------
Special Judge UsedTime: 17
Finish[103][07]: timeUsed:  62 ms  memoryUsed:241900 kb  status:4 [Correct], exitcode:0
CreateRemoteThread error 87
InjectAPIHookDll Error, dwProcessId[19480]
--------------------------------
PeakWorkingSetSize				22808
WorkingSetSize					20
QuotaPeakPagedPoolUsage			168
QuotaPagedPoolUsage				0
QuotaPeakNonPagedPoolUsage		18
QuotaNonPagedPoolUsage			0
PagefileUsage					60
PeakPagefileUsage				241880
--------------------------------
Special Judge UsedTime: 15
Finish[103][08]: timeUsed: 109 ms  memoryUsed:241880 kb  status:4 [Correct], exitcode:0
CreateRemoteThread error 87
InjectAPIHookDll Error, dwProcessId[5044]
--------------------------------
PeakWorkingSetSize				22816
WorkingSetSize					20
QuotaPeakPagedPoolUsage			168
QuotaPagedPoolUsage				0
QuotaPeakNonPagedPoolUsage		18
QuotaNonPagedPoolUsage			0
PagefileUsage					60
PeakPagefileUsage				241876
--------------------------------
Special Judge UsedTime: 15
Finish[103][09]: timeUsed: 109 ms  memoryUsed:241876 kb  status:4 [Correct], exitcode:0
CreateRemoteThread error 87
InjectAPIHookDll Error, dwProcessId[19088]
--------------------------------
PeakWorkingSetSize				22812
WorkingSetSize					20
QuotaPeakPagedPoolUsage			168
QuotaPagedPoolUsage				0
QuotaPeakNonPagedPoolUsage		18
QuotaNonPagedPoolUsage			0
PagefileUsage					60
PeakPagefileUsage				241884
--------------------------------
Special Judge UsedTime: 17
Finish[103][10]: timeUsed:  93 ms  memoryUsed:241884 kb  status:4 [Correct], exitcode:0
