C++|肖江|1000|1|1000|65536|1&2&3&4&5&6&7&8&9&10
运行ID:303 用户:肖江  题号:1000 语言:C++
评测机文件路径：D:\OpenJudge\Judge\SEJudger_Contest.exe
评测机：SEJudger_Contest

Compiling[303]...
Compilation successful
InjectAPIHookDll OK, dwProcessId[16908]
--------------------------------
PeakWorkingSetSize				3800
WorkingSetSize					20
QuotaPeakPagedPoolUsage			46
QuotaPagedPoolUsage				0
QuotaPeakNonPagedPoolUsage		8
QuotaNonPagedPoolUsage			0
PagefileUsage					64
PeakPagefileUsage				1184
--------------------------------
Special Judge UsedTime: 17
Finish[303][01]: timeUsed:   0 ms  memoryUsed: 1184 kb  status:4 [Correct], exitcode:0
InjectAPIHookDll OK, dwProcessId[3972]
--------------------------------
PeakWorkingSetSize				3456
WorkingSetSize					20
QuotaPeakPagedPoolUsage			45
QuotaPagedPoolUsage				0
QuotaPeakNonPagedPoolUsage		6
QuotaNonPagedPoolUsage			0
PagefileUsage					64
PeakPagefileUsage				1112
--------------------------------
Special Judge UsedTime: 20
Finish[303][02]: timeUsed:   0 ms  memoryUsed: 1112 kb  status:4 [Correct], exitcode:0
InjectAPIHookDll OK, dwProcessId[18676]
--------------------------------
PeakWorkingSetSize				3456
WorkingSetSize					20
QuotaPeakPagedPoolUsage			45
QuotaPagedPoolUsage				0
QuotaPeakNonPagedPoolUsage		6
QuotaNonPagedPoolUsage			0
PagefileUsage					64
PeakPagefileUsage				1120
--------------------------------
Special Judge UsedTime: 20
Finish[303][03]: timeUsed:   0 ms  memoryUsed: 1120 kb  status:4 [Correct], exitcode:0
InjectAPIHookDll OK, dwProcessId[17224]
--------------------------------
PeakWorkingSetSize				3464
WorkingSetSize					20
QuotaPeakPagedPoolUsage			53
QuotaPagedPoolUsage				0
QuotaPeakNonPagedPoolUsage		6
QuotaNonPagedPoolUsage			0
PagefileUsage					64
PeakPagefileUsage				1120
--------------------------------
Special Judge UsedTime: 18
Finish[303][04]: timeUsed:  15 ms  memoryUsed: 1120 kb  status:4 [Correct], exitcode:0
InjectAPIHookDll OK, dwProcessId[15808]
--------------------------------
PeakWorkingSetSize				3468
WorkingSetSize					20
QuotaPeakPagedPoolUsage			45
QuotaPagedPoolUsage				0
QuotaPeakNonPagedPoolUsage		6
QuotaNonPagedPoolUsage			0
PagefileUsage					64
PeakPagefileUsage				1128
--------------------------------
Special Judge UsedTime: 23
Finish[303][05]: timeUsed:   0 ms  memoryUsed: 1128 kb  status:4 [Correct], exitcode:0
InjectAPIHookDll OK, dwProcessId[13896]
--------------------------------
PeakWorkingSetSize				3468
WorkingSetSize					20
QuotaPeakPagedPoolUsage			53
QuotaPagedPoolUsage				0
QuotaPeakNonPagedPoolUsage		6
QuotaNonPagedPoolUsage			0
PagefileUsage					64
PeakPagefileUsage				1124
--------------------------------
Special Judge UsedTime: 20
Finish[303][06]: timeUsed:   0 ms  memoryUsed: 1124 kb  status:4 [Correct], exitcode:0
InjectAPIHookDll OK, dwProcessId[15548]
--------------------------------
PeakWorkingSetSize				3468
WorkingSetSize					20
QuotaPeakPagedPoolUsage			53
QuotaPagedPoolUsage				0
QuotaPeakNonPagedPoolUsage		6
QuotaNonPagedPoolUsage			0
PagefileUsage					64
PeakPagefileUsage				1136
--------------------------------
Special Judge UsedTime: 24
Finish[303][07]: timeUsed:  15 ms  memoryUsed: 1136 kb  status:4 [Correct], exitcode:0
InjectAPIHookDll OK, dwProcessId[19904]
--------------------------------
PeakWorkingSetSize				3456
WorkingSetSize					20
QuotaPeakPagedPoolUsage			53
QuotaPagedPoolUsage				0
QuotaPeakNonPagedPoolUsage		6
QuotaNonPagedPoolUsage			0
PagefileUsage					64
PeakPagefileUsage				1120
--------------------------------
Special Judge UsedTime: 26
Finish[303][08]: timeUsed:   0 ms  memoryUsed: 1120 kb  status:4 [Correct], exitcode:0
InjectAPIHookDll OK, dwProcessId[17352]
--------------------------------
PeakWorkingSetSize				3456
WorkingSetSize					20
QuotaPeakPagedPoolUsage			53
QuotaPagedPoolUsage				0
QuotaPeakNonPagedPoolUsage		6
QuotaNonPagedPoolUsage			0
PagefileUsage					64
PeakPagefileUsage				1116
--------------------------------
Special Judge UsedTime: 19
Finish[303][09]: timeUsed:   0 ms  memoryUsed: 1116 kb  status:4 [Correct], exitcode:0
InjectAPIHookDll OK, dwProcessId[12172]
--------------------------------
PeakWorkingSetSize				3456
WorkingSetSize					20
QuotaPeakPagedPoolUsage			53
QuotaPagedPoolUsage				0
QuotaPeakNonPagedPoolUsage		6
QuotaNonPagedPoolUsage			0
PagefileUsage					64
PeakPagefileUsage				1120
--------------------------------
Special Judge UsedTime: 17
Finish[303][10]: timeUsed:   0 ms  memoryUsed: 1120 kb  status:4 [Correct], exitcode:0
