C++|肖江|1016|2|1000|65536|1&2&3&4&5&6&7&8&9&10
运行ID:193 用户:肖江  题号:1016 语言:C++
评测机文件路径：D:\OpenJudge\Judge\SEJudger_Contest.exe
评测机：SEJudger_Contest

Compiling[193]...
Compilation successful
InjectAPIHookDll OK, dwProcessId[22100]
--------------------------------
PeakWorkingSetSize				4800
WorkingSetSize					20
QuotaPeakPagedPoolUsage			105
QuotaPagedPoolUsage				0
QuotaPeakNonPagedPoolUsage		9
QuotaNonPagedPoolUsage			0
PagefileUsage					64
PeakPagefileUsage				1372
--------------------------------
Special Judge UsedTime: 21
Finish[193][01]: timeUsed:   0 ms  memoryUsed: 1372 kb  status:8 [Wrong Answer], exitcode:0
InjectAPIHookDll OK, dwProcessId[14772]
--------------------------------
PeakWorkingSetSize				4780
WorkingSetSize					20
QuotaPeakPagedPoolUsage			105
QuotaPagedPoolUsage				0
QuotaPeakNonPagedPoolUsage		9
QuotaNonPagedPoolUsage			0
PagefileUsage					64
PeakPagefileUsage				1348
--------------------------------
Special Judge UsedTime: 19
Finish[193][02]: timeUsed:  15 ms  memoryUsed: 1348 kb  status:8 [Wrong Answer], exitcode:0
InjectAPIHookDll OK, dwProcessId[1192]
--------------------------------
PeakWorkingSetSize				4780
WorkingSetSize					20
QuotaPeakPagedPoolUsage			105
QuotaPagedPoolUsage				0
QuotaPeakNonPagedPoolUsage		9
QuotaNonPagedPoolUsage			0
PagefileUsage					64
PeakPagefileUsage				1348
--------------------------------
Special Judge UsedTime: 20
Finish[193][03]: timeUsed:   0 ms  memoryUsed: 1348 kb  status:8 [Wrong Answer], exitcode:0
InjectAPIHookDll OK, dwProcessId[10848]
--------------------------------
PeakWorkingSetSize				4768
WorkingSetSize					20
QuotaPeakPagedPoolUsage			105
QuotaPagedPoolUsage				0
QuotaPeakNonPagedPoolUsage		9
QuotaNonPagedPoolUsage			0
PagefileUsage					64
PeakPagefileUsage				1444
--------------------------------
Special Judge UsedTime: 22
Finish[193][04]: timeUsed:   0 ms  memoryUsed: 1444 kb  status:8 [Wrong Answer], exitcode:0
InjectAPIHookDll OK, dwProcessId[23512]
--------------------------------
PeakWorkingSetSize				4780
WorkingSetSize					20
QuotaPeakPagedPoolUsage			105
QuotaPagedPoolUsage				0
QuotaPeakNonPagedPoolUsage		9
QuotaNonPagedPoolUsage			0
PagefileUsage					64
PeakPagefileUsage				1452
--------------------------------
Special Judge UsedTime: 23
Finish[193][05]: timeUsed:   0 ms  memoryUsed: 1452 kb  status:8 [Wrong Answer], exitcode:0
InjectAPIHookDll OK, dwProcessId[140]
--------------------------------
PeakWorkingSetSize				4780
WorkingSetSize					20
QuotaPeakPagedPoolUsage			105
QuotaPagedPoolUsage				0
QuotaPeakNonPagedPoolUsage		9
QuotaNonPagedPoolUsage			0
PagefileUsage					64
PeakPagefileUsage				1352
--------------------------------
Special Judge UsedTime: 19
Finish[193][06]: timeUsed:   0 ms  memoryUsed: 1352 kb  status:8 [Wrong Answer], exitcode:0
InjectAPIHookDll OK, dwProcessId[26192]
--------------------------------
PeakWorkingSetSize				4768
WorkingSetSize					20
QuotaPeakPagedPoolUsage			105
QuotaPagedPoolUsage				0
QuotaPeakNonPagedPoolUsage		9
QuotaNonPagedPoolUsage			0
PagefileUsage					64
PeakPagefileUsage				1336
--------------------------------
Special Judge UsedTime: 19
Finish[193][07]: timeUsed:  15 ms  memoryUsed: 1336 kb  status:8 [Wrong Answer], exitcode:0
InjectAPIHookDll OK, dwProcessId[3316]
--------------------------------
PeakWorkingSetSize				4780
WorkingSetSize					20
QuotaPeakPagedPoolUsage			105
QuotaPagedPoolUsage				0
QuotaPeakNonPagedPoolUsage		9
QuotaNonPagedPoolUsage			0
PagefileUsage					64
PeakPagefileUsage				1452
--------------------------------
Special Judge UsedTime: 17
Finish[193][08]: timeUsed:   0 ms  memoryUsed: 1452 kb  status:8 [Wrong Answer], exitcode:0
InjectAPIHookDll OK, dwProcessId[20488]
--------------------------------
PeakWorkingSetSize				4780
WorkingSetSize					20
QuotaPeakPagedPoolUsage			105
QuotaPagedPoolUsage				0
QuotaPeakNonPagedPoolUsage		9
QuotaNonPagedPoolUsage			0
PagefileUsage					64
PeakPagefileUsage				1452
--------------------------------
Special Judge UsedTime: 15
Finish[193][09]: timeUsed:   0 ms  memoryUsed: 1452 kb  status:8 [Wrong Answer], exitcode:0
InjectAPIHookDll OK, dwProcessId[21212]
--------------------------------
PeakWorkingSetSize				4768
WorkingSetSize					20
QuotaPeakPagedPoolUsage			105
QuotaPagedPoolUsage				0
QuotaPeakNonPagedPoolUsage		9
QuotaNonPagedPoolUsage			0
PagefileUsage					64
PeakPagefileUsage				1448
--------------------------------
Special Judge UsedTime: 16
Finish[193][10]: timeUsed:   0 ms  memoryUsed: 1448 kb  status:8 [Wrong Answer], exitcode:0
