C++|肖江|1000|2|1000|65536|1&2&3&4&5&6&7&8&9&10
运行ID:190 用户:肖江  题号:1000 语言:C++
评测机文件路径：D:\OpenJudge\Judge\SEJudger.exe
评测机：SEJudger

Compiling[190]...
Compilation successful
InjectAPIHookDll OK, dwProcessId[13072]
Special Judge UsedTime: 32
Finish[190][01]: timeUsed:   0 ms  memoryUsed: 5844 kb  status:4 [Correct], exitcode:0
InjectAPIHookDll OK, dwProcessId[15676]
Special Judge UsedTime: 29
Finish[190][02]: timeUsed:   0 ms  memoryUsed: 5984 kb  status:4 [Correct], exitcode:0
InjectAPIHookDll OK, dwProcessId[15316]
Special Judge UsedTime: 22
Finish[190][03]: timeUsed:   0 ms  memoryUsed: 5840 kb  status:4 [Correct], exitcode:0
InjectAPIHookDll OK, dwProcessId[15768]
Special Judge UsedTime: 34
Finish[190][04]: timeUsed:  15 ms  memoryUsed: 5836 kb  status:4 [Correct], exitcode:0
InjectAPIHookDll OK, dwProcessId[15864]
Special Judge UsedTime: 19
Finish[190][05]: timeUsed:   0 ms  memoryUsed: 5732 kb  status:4 [Correct], exitcode:0
InjectAPIHookDll OK, dwProcessId[15704]
Special Judge UsedTime: 27
Finish[190][06]: timeUsed:  15 ms  memoryUsed: 5740 kb  status:4 [Correct], exitcode:0
InjectAPIHookDll OK, dwProcessId[7236]
Special Judge UsedTime: 29
Finish[190][07]: timeUsed:  15 ms  memoryUsed: 5612 kb  status:4 [Correct], exitcode:0
InjectAPIHookDll OK, dwProcessId[4672]
Special Judge UsedTime: 34
Finish[190][08]: timeUsed:   0 ms  memoryUsed: 5732 kb  status:4 [Correct], exitcode:0
InjectAPIHookDll OK, dwProcessId[16072]
Special Judge UsedTime: 68
Finish[190][09]: timeUsed:  31 ms  memoryUsed: 5616 kb  status:4 [Correct], exitcode:0
InjectAPIHookDll OK, dwProcessId[15540]
Special Judge UsedTime: 34
Finish[190][10]: timeUsed:  15 ms  memoryUsed: 5712 kb  status:4 [Correct], exitcode:0
