C++|肖江|1021|2|1000|65536|1&2&3&4&5&6&7&8&9&10&11&12&13&14&15&16&17&18&19&20&21&22&23&24&25&26&27&28&29&30&31&32&33&34&35
运行ID:54  用户:肖江  题号:1021 语言:C++
评测机文件路径：D:\OpenJudge\Judge\SEJudger.exe
评测机：SEJudger

Compiling[54]...
Compilation successful
InjectAPIHookDll OK, dwProcessId[30244]
Special Judge UsedTime: 21
Finish[54][01]: timeUsed:   0 ms  memoryUsed: 4156 kb  status:4 [Correct], exitcode:0
InjectAPIHookDll OK, dwProcessId[19288]
Special Judge UsedTime: 24
Finish[54][02]: timeUsed:   0 ms  memoryUsed: 4156 kb  status:4 [Correct], exitcode:0
InjectAPIHookDll OK, dwProcessId[9824]
Special Judge UsedTime: 21
Finish[54][03]: timeUsed:  15 ms  memoryUsed: 4152 kb  status:4 [Correct], exitcode:0
InjectAPIHookDll OK, dwProcessId[21592]
Special Judge UsedTime: 21
Finish[54][04]: timeUsed:   0 ms  memoryUsed: 4156 kb  status:4 [Correct], exitcode:0
InjectAPIHookDll OK, dwProcessId[6628]
Special Judge UsedTime: 20
Finish[54][05]: timeUsed:   0 ms  memoryUsed: 4160 kb  status:4 [Correct], exitcode:0
InjectAPIHookDll OK, dwProcessId[23352]
Special Judge UsedTime: 20
Finish[54][06]: timeUsed:  15 ms  memoryUsed: 4156 kb  status:4 [Correct], exitcode:0
InjectAPIHookDll OK, dwProcessId[26760]
Special Judge UsedTime: 21
Finish[54][07]: timeUsed:   0 ms  memoryUsed: 4156 kb  status:4 [Correct], exitcode:0
InjectAPIHookDll OK, dwProcessId[1984]
Special Judge UsedTime: 21
Finish[54][08]: timeUsed:   0 ms  memoryUsed: 4156 kb  status:4 [Correct], exitcode:0
InjectAPIHookDll OK, dwProcessId[16784]
Special Judge UsedTime: 20
Finish[54][09]: timeUsed:   0 ms  memoryUsed: 4160 kb  status:4 [Correct], exitcode:0
InjectAPIHookDll OK, dwProcessId[16948]
Special Judge UsedTime: 23
Finish[54][10]: timeUsed:   0 ms  memoryUsed: 4160 kb  status:4 [Correct], exitcode:0
InjectAPIHookDll OK, dwProcessId[14600]
Special Judge UsedTime: 20
Finish[54][11]: timeUsed:   0 ms  memoryUsed: 4160 kb  status:4 [Correct], exitcode:0
InjectAPIHookDll OK, dwProcessId[4936]
Special Judge UsedTime: 20
Finish[54][12]: timeUsed:   0 ms  memoryUsed: 4160 kb  status:4 [Correct], exitcode:0
InjectAPIHookDll OK, dwProcessId[16368]
Special Judge UsedTime: 22
Finish[54][13]: timeUsed:   0 ms  memoryUsed: 4156 kb  status:4 [Correct], exitcode:0
InjectAPIHookDll OK, dwProcessId[5036]
Special Judge UsedTime: 21
Finish[54][14]: timeUsed:   0 ms  memoryUsed: 4152 kb  status:4 [Correct], exitcode:0
InjectAPIHookDll OK, dwProcessId[12404]
Special Judge UsedTime: 20
Finish[54][15]: timeUsed:   0 ms  memoryUsed: 4156 kb  status:4 [Correct], exitcode:0
InjectAPIHookDll OK, dwProcessId[23596]
Special Judge UsedTime: 21
Finish[54][16]: timeUsed:   0 ms  memoryUsed: 4160 kb  status:4 [Correct], exitcode:0
InjectAPIHookDll OK, dwProcessId[12040]
Special Judge UsedTime: 21
Finish[54][17]: timeUsed:  15 ms  memoryUsed: 4156 kb  status:4 [Correct], exitcode:0
InjectAPIHookDll OK, dwProcessId[20960]
Special Judge UsedTime: 22
Finish[54][18]: timeUsed:  15 ms  memoryUsed: 4156 kb  status:4 [Correct], exitcode:0
InjectAPIHookDll OK, dwProcessId[21312]
Special Judge UsedTime: 25
Finish[54][19]: timeUsed:  15 ms  memoryUsed: 4152 kb  status:4 [Correct], exitcode:0
InjectAPIHookDll OK, dwProcessId[16392]
Special Judge UsedTime: 23
Finish[54][20]: timeUsed:  15 ms  memoryUsed: 4160 kb  status:4 [Correct], exitcode:0
InjectAPIHookDll OK, dwProcessId[5316]
Special Judge UsedTime: 24
Finish[54][21]: timeUsed:   0 ms  memoryUsed: 4160 kb  status:4 [Correct], exitcode:0
InjectAPIHookDll OK, dwProcessId[21732]
Special Judge UsedTime: 22
Finish[54][22]: timeUsed:   0 ms  memoryUsed: 4160 kb  status:4 [Correct], exitcode:0
InjectAPIHookDll OK, dwProcessId[13064]
Special Judge UsedTime: 22
Finish[54][23]: timeUsed:   0 ms  memoryUsed: 4156 kb  status:4 [Correct], exitcode:0
InjectAPIHookDll OK, dwProcessId[14984]
Special Judge UsedTime: 22
Finish[54][24]: timeUsed:   0 ms  memoryUsed: 4152 kb  status:4 [Correct], exitcode:0
InjectAPIHookDll OK, dwProcessId[7520]
Special Judge UsedTime: 25
Finish[54][25]: timeUsed:   0 ms  memoryUsed: 4156 kb  status:4 [Correct], exitcode:0
InjectAPIHookDll OK, dwProcessId[23992]
Special Judge UsedTime: 24
Finish[54][26]: timeUsed:   0 ms  memoryUsed: 4160 kb  status:4 [Correct], exitcode:0
InjectAPIHookDll OK, dwProcessId[19992]
Special Judge UsedTime: 23
Finish[54][27]: timeUsed:   0 ms  memoryUsed: 4160 kb  status:4 [Correct], exitcode:0
InjectAPIHookDll OK, dwProcessId[11432]
Special Judge UsedTime: 22
Finish[54][28]: timeUsed:   0 ms  memoryUsed: 4160 kb  status:4 [Correct], exitcode:0
InjectAPIHookDll OK, dwProcessId[13420]
Special Judge UsedTime: 20
Finish[54][29]: timeUsed:   0 ms  memoryUsed: 4156 kb  status:4 [Correct], exitcode:0
InjectAPIHookDll OK, dwProcessId[23508]
Special Judge UsedTime: 21
Finish[54][30]: timeUsed:   0 ms  memoryUsed: 4160 kb  status:4 [Correct], exitcode:0
InjectAPIHookDll OK, dwProcessId[24920]
Special Judge UsedTime: 20
Finish[54][31]: timeUsed:  15 ms  memoryUsed: 4156 kb  status:4 [Correct], exitcode:0
InjectAPIHookDll OK, dwProcessId[13200]
Special Judge UsedTime: 22
Finish[54][32]: timeUsed:   0 ms  memoryUsed: 4160 kb  status:4 [Correct], exitcode:0
InjectAPIHookDll OK, dwProcessId[17728]
Special Judge UsedTime: 20
Finish[54][33]: timeUsed:   0 ms  memoryUsed: 4160 kb  status:4 [Correct], exitcode:0
InjectAPIHookDll OK, dwProcessId[28732]
Special Judge UsedTime: 21
Finish[54][34]: timeUsed:   0 ms  memoryUsed: 4156 kb  status:4 [Correct], exitcode:0
InjectAPIHookDll OK, dwProcessId[10504]
Special Judge UsedTime: 20
Finish[54][35]: timeUsed:   0 ms  memoryUsed: 4156 kb  status:4 [Correct], exitcode:0
