Python|肖江|1000|2|1000|65536|1&2&3&4&5&6&7&8&9&10
运行ID:217 用户:肖江  题号:1000 语言:Python
评测机文件路径：D:\OpenJudge\Judge\SEJudger_Contest.exe
评测机：SEJudger_Contest

Compiling[217]...
Compilation successful
CreateRemoteThread error 87
InjectAPIHookDll Error, dwProcessId[22536]
--------------------------------
PeakWorkingSetSize				9968
WorkingSetSize					32
QuotaPeakPagedPoolUsage			121
QuotaPagedPoolUsage				0
QuotaPeakNonPagedPoolUsage		10
QuotaNonPagedPoolUsage			0
PagefileUsage					76
PeakPagefileUsage				4176
--------------------------------
Special Judge UsedTime: 19
Finish[217][01]: timeUsed:   0 ms  memoryUsed: 4176 kb  status:4 [Correct], exitcode:0
CreateRemoteThread error 87
InjectAPIHookDll Error, dwProcessId[2200]
--------------------------------
PeakWorkingSetSize				10012
WorkingSetSize					32
QuotaPeakPagedPoolUsage			121
QuotaPagedPoolUsage				0
QuotaPeakNonPagedPoolUsage		10
QuotaNonPagedPoolUsage			0
PagefileUsage					76
PeakPagefileUsage				4224
--------------------------------
Special Judge UsedTime: 20
Finish[217][02]: timeUsed:  15 ms  memoryUsed: 4224 kb  status:4 [Correct], exitcode:0
CreateRemoteThread error 87
InjectAPIHookDll Error, dwProcessId[24988]
--------------------------------
PeakWorkingSetSize				9964
WorkingSetSize					32
QuotaPeakPagedPoolUsage			121
QuotaPagedPoolUsage				0
QuotaPeakNonPagedPoolUsage		10
QuotaNonPagedPoolUsage			0
PagefileUsage					76
PeakPagefileUsage				4172
--------------------------------
Special Judge UsedTime: 20
Finish[217][03]: timeUsed:  31 ms  memoryUsed: 4172 kb  status:4 [Correct], exitcode:0
CreateRemoteThread error 87
InjectAPIHookDll Error, dwProcessId[10848]
--------------------------------
PeakWorkingSetSize				9976
WorkingSetSize					32
QuotaPeakPagedPoolUsage			121
QuotaPagedPoolUsage				0
QuotaPeakNonPagedPoolUsage		10
QuotaNonPagedPoolUsage			0
PagefileUsage					76
PeakPagefileUsage				4216
--------------------------------
Special Judge UsedTime: 18
Finish[217][04]: timeUsed:  31 ms  memoryUsed: 4216 kb  status:4 [Correct], exitcode:0
CreateRemoteThread error 87
InjectAPIHookDll Error, dwProcessId[22616]
--------------------------------
PeakWorkingSetSize				9936
WorkingSetSize					32
QuotaPeakPagedPoolUsage			121
QuotaPagedPoolUsage				0
QuotaPeakNonPagedPoolUsage		10
QuotaNonPagedPoolUsage			0
PagefileUsage					76
PeakPagefileUsage				4172
--------------------------------
Special Judge UsedTime: 22
Finish[217][05]: timeUsed:   0 ms  memoryUsed: 4172 kb  status:4 [Correct], exitcode:0
CreateRemoteThread error 87
InjectAPIHookDll Error, dwProcessId[8512]
--------------------------------
PeakWorkingSetSize				10008
WorkingSetSize					32
QuotaPeakPagedPoolUsage			121
QuotaPagedPoolUsage				0
QuotaPeakNonPagedPoolUsage		10
QuotaNonPagedPoolUsage			0
PagefileUsage					76
PeakPagefileUsage				4228
--------------------------------
Special Judge UsedTime: 21
Finish[217][06]: timeUsed:  15 ms  memoryUsed: 4228 kb  status:4 [Correct], exitcode:0
CreateRemoteThread error 87
InjectAPIHookDll Error, dwProcessId[2412]
--------------------------------
PeakWorkingSetSize				9972
WorkingSetSize					32
QuotaPeakPagedPoolUsage			121
QuotaPagedPoolUsage				0
QuotaPeakNonPagedPoolUsage		10
QuotaNonPagedPoolUsage			0
PagefileUsage					76
PeakPagefileUsage				4176
--------------------------------
Special Judge UsedTime: 19
Finish[217][07]: timeUsed:  31 ms  memoryUsed: 4176 kb  status:4 [Correct], exitcode:0
CreateRemoteThread error 87
InjectAPIHookDll Error, dwProcessId[24012]
--------------------------------
PeakWorkingSetSize				10000
WorkingSetSize					32
QuotaPeakPagedPoolUsage			121
QuotaPagedPoolUsage				0
QuotaPeakNonPagedPoolUsage		10
QuotaNonPagedPoolUsage			0
PagefileUsage					76
PeakPagefileUsage				4200
--------------------------------
Special Judge UsedTime: 21
Finish[217][08]: timeUsed:   0 ms  memoryUsed: 4200 kb  status:4 [Correct], exitcode:0
CreateRemoteThread error 87
InjectAPIHookDll Error, dwProcessId[14564]
--------------------------------
PeakWorkingSetSize				10000
WorkingSetSize					32
QuotaPeakPagedPoolUsage			121
QuotaPagedPoolUsage				0
QuotaPeakNonPagedPoolUsage		10
QuotaNonPagedPoolUsage			0
PagefileUsage					76
PeakPagefileUsage				4196
--------------------------------
Special Judge UsedTime: 20
Finish[217][09]: timeUsed:  46 ms  memoryUsed: 4196 kb  status:4 [Correct], exitcode:0
CreateRemoteThread error 87
InjectAPIHookDll Error, dwProcessId[26192]
--------------------------------
PeakWorkingSetSize				9964
WorkingSetSize					32
QuotaPeakPagedPoolUsage			121
QuotaPagedPoolUsage				0
QuotaPeakNonPagedPoolUsage		10
QuotaNonPagedPoolUsage			0
PagefileUsage					76
PeakPagefileUsage				4172
--------------------------------
Special Judge UsedTime: 26
Finish[217][10]: timeUsed:  31 ms  memoryUsed: 4172 kb  status:4 [Correct], exitcode:0
