C++|Setiuo|1000|2|1000|65536|1&2&3&4&5&6&7&8&9&10
运行ID:671 用户:Setiuo 题号:1000 语言:C++
评测机文件路径：D:\OpenJudge\Judge\SEJudger.exe
评测机：SEJudger

Compiling[671]...
Compilation successful

InjectAPIHookDll OK, dwProcessId[23244]
suspendCount: 0
--------------------------------
PeakWorkingSetSize				3800
WorkingSetSize					20
QuotaPeakPagedPoolUsage			54
QuotaPagedPoolUsage				0
QuotaPeakNonPagedPoolUsage		8
QuotaNonPagedPoolUsage			0
PagefileUsage					64
PeakPagefileUsage				1184
--------------------------------
Special Judge UsedTime: 18 ms
Finish[671][01]: timeUsed:   0 ms  memoryUsed: 1184 kb  status:4 [Correct], exitcode:0
Judge Used Time:92 ms

InjectAPIHookDll OK, dwProcessId[28320]
suspendCount: 0
--------------------------------
PeakWorkingSetSize				3468
WorkingSetSize					20
QuotaPeakPagedPoolUsage			53
QuotaPagedPoolUsage				0
QuotaPeakNonPagedPoolUsage		6
QuotaNonPagedPoolUsage			0
PagefileUsage					64
PeakPagefileUsage				1128
--------------------------------
Special Judge UsedTime: 16 ms
Finish[671][02]: timeUsed:   0 ms  memoryUsed: 1128 kb  status:4 [Correct], exitcode:0
Judge Used Time:34 ms

InjectAPIHookDll OK, dwProcessId[17692]
suspendCount: 0
--------------------------------
PeakWorkingSetSize				3456
WorkingSetSize					20
QuotaPeakPagedPoolUsage			53
QuotaPagedPoolUsage				0
QuotaPeakNonPagedPoolUsage		6
QuotaNonPagedPoolUsage			0
PagefileUsage					64
PeakPagefileUsage				1120
--------------------------------
Special Judge UsedTime: 22 ms
Finish[671][03]: timeUsed:   0 ms  memoryUsed: 1120 kb  status:4 [Correct], exitcode:0
Judge Used Time:45 ms

InjectAPIHookDll OK, dwProcessId[1732]
suspendCount: 0
--------------------------------
PeakWorkingSetSize				3468
WorkingSetSize					20
QuotaPeakPagedPoolUsage			53
QuotaPagedPoolUsage				0
QuotaPeakNonPagedPoolUsage		6
QuotaNonPagedPoolUsage			0
PagefileUsage					64
PeakPagefileUsage				1120
--------------------------------
Special Judge UsedTime: 19 ms
Finish[671][04]: timeUsed:   0 ms  memoryUsed: 1120 kb  status:4 [Correct], exitcode:0
Judge Used Time:40 ms

InjectAPIHookDll OK, dwProcessId[29948]
suspendCount: 0
--------------------------------
PeakWorkingSetSize				3468
WorkingSetSize					20
QuotaPeakPagedPoolUsage			53
QuotaPagedPoolUsage				0
QuotaPeakNonPagedPoolUsage		6
QuotaNonPagedPoolUsage			0
PagefileUsage					64
PeakPagefileUsage				1124
--------------------------------
Special Judge UsedTime: 19 ms
Finish[671][05]: timeUsed:  15 ms  memoryUsed: 1124 kb  status:4 [Correct], exitcode:0
Judge Used Time:42 ms

InjectAPIHookDll OK, dwProcessId[16176]
suspendCount: 0
--------------------------------
PeakWorkingSetSize				3468
WorkingSetSize					20
QuotaPeakPagedPoolUsage			53
QuotaPagedPoolUsage				0
QuotaPeakNonPagedPoolUsage		6
QuotaNonPagedPoolUsage			0
PagefileUsage					64
PeakPagefileUsage				1128
--------------------------------
Special Judge UsedTime: 19 ms
Finish[671][06]: timeUsed:   0 ms  memoryUsed: 1128 kb  status:4 [Correct], exitcode:0
Judge Used Time:43 ms

InjectAPIHookDll OK, dwProcessId[22208]
suspendCount: 0
--------------------------------
PeakWorkingSetSize				3464
WorkingSetSize					20
QuotaPeakPagedPoolUsage			53
QuotaPagedPoolUsage				0
QuotaPeakNonPagedPoolUsage		6
QuotaNonPagedPoolUsage			0
PagefileUsage					64
PeakPagefileUsage				1128
--------------------------------
Special Judge UsedTime: 18 ms
Finish[671][07]: timeUsed:   0 ms  memoryUsed: 1128 kb  status:4 [Correct], exitcode:0
Judge Used Time:38 ms

InjectAPIHookDll OK, dwProcessId[3652]
suspendCount: 0
--------------------------------
PeakWorkingSetSize				3456
WorkingSetSize					20
QuotaPeakPagedPoolUsage			53
QuotaPagedPoolUsage				0
QuotaPeakNonPagedPoolUsage		6
QuotaNonPagedPoolUsage			0
PagefileUsage					64
PeakPagefileUsage				1116
--------------------------------
Special Judge UsedTime: 17 ms
Finish[671][08]: timeUsed:  15 ms  memoryUsed: 1116 kb  status:4 [Correct], exitcode:0
Judge Used Time:40 ms

InjectAPIHookDll OK, dwProcessId[26640]
suspendCount: 0
--------------------------------
PeakWorkingSetSize				3456
WorkingSetSize					20
QuotaPeakPagedPoolUsage			53
QuotaPagedPoolUsage				0
QuotaPeakNonPagedPoolUsage		6
QuotaNonPagedPoolUsage			0
PagefileUsage					64
PeakPagefileUsage				1120
--------------------------------
Special Judge UsedTime: 13 ms
Finish[671][09]: timeUsed:   0 ms  memoryUsed: 1120 kb  status:4 [Correct], exitcode:0
Judge Used Time:29 ms

InjectAPIHookDll OK, dwProcessId[4928]
suspendCount: 0
--------------------------------
PeakWorkingSetSize				3456
WorkingSetSize					20
QuotaPeakPagedPoolUsage			53
QuotaPagedPoolUsage				0
QuotaPeakNonPagedPoolUsage		6
QuotaNonPagedPoolUsage			0
PagefileUsage					64
PeakPagefileUsage				1116
--------------------------------
Special Judge UsedTime: 15 ms
Finish[671][10]: timeUsed:   0 ms  memoryUsed: 1116 kb  status:4 [Correct], exitcode:0
Judge Used Time:31 ms

