C++|肖江|1000|2|1000|65536|1&2&3&4&5&6&7&8&9&10
运行ID:308 用户:肖江  题号:1000 语言:C++
评测机文件路径：D:\OpenJudge\Judge\SEJudger.exe
评测机：SEJudger

Compiling[308]...
Compilation successful
InjectAPIHookDll OK, dwProcessId[15836]
--------------------------------
PeakWorkingSetSize				3776
WorkingSetSize					20
QuotaPeakPagedPoolUsage			54
QuotaPagedPoolUsage				0
QuotaPeakNonPagedPoolUsage		7
QuotaNonPagedPoolUsage			0
PagefileUsage					64
PeakPagefileUsage				1112
--------------------------------
Special Judge UsedTime: 24 ms
Finish[308][01]: timeUsed:  31 ms  memoryUsed: 1112 kb  status:4 [Correct], exitcode:0
Judge Used Time:145 ms

InjectAPIHookDll OK, dwProcessId[7508]
--------------------------------
PeakWorkingSetSize				3464
WorkingSetSize					20
QuotaPeakPagedPoolUsage			53
QuotaPagedPoolUsage				0
QuotaPeakNonPagedPoolUsage		6
QuotaNonPagedPoolUsage			0
PagefileUsage					64
PeakPagefileUsage				1124
--------------------------------
Special Judge UsedTime: 16 ms
Finish[308][02]: timeUsed:   0 ms  memoryUsed: 1124 kb  status:4 [Correct], exitcode:0
Judge Used Time:35 ms

InjectAPIHookDll OK, dwProcessId[8468]
--------------------------------
PeakWorkingSetSize				3464
WorkingSetSize					20
QuotaPeakPagedPoolUsage			53
QuotaPagedPoolUsage				0
QuotaPeakNonPagedPoolUsage		6
QuotaNonPagedPoolUsage			0
PagefileUsage					64
PeakPagefileUsage				1124
--------------------------------
Special Judge UsedTime: 14 ms
Finish[308][03]: timeUsed:   0 ms  memoryUsed: 1124 kb  status:4 [Correct], exitcode:0
Judge Used Time:30 ms

InjectAPIHookDll OK, dwProcessId[17084]
--------------------------------
PeakWorkingSetSize				3464
WorkingSetSize					20
QuotaPeakPagedPoolUsage			53
QuotaPagedPoolUsage				0
QuotaPeakNonPagedPoolUsage		6
QuotaNonPagedPoolUsage			0
PagefileUsage					64
PeakPagefileUsage				1120
--------------------------------
Special Judge UsedTime: 13 ms
Finish[308][04]: timeUsed:   0 ms  memoryUsed: 1120 kb  status:4 [Correct], exitcode:0
Judge Used Time:31 ms

InjectAPIHookDll OK, dwProcessId[4160]
--------------------------------
PeakWorkingSetSize				3468
WorkingSetSize					20
QuotaPeakPagedPoolUsage			53
QuotaPagedPoolUsage				0
QuotaPeakNonPagedPoolUsage		6
QuotaNonPagedPoolUsage			0
PagefileUsage					64
PeakPagefileUsage				1124
--------------------------------
Special Judge UsedTime: 16 ms
Finish[308][05]: timeUsed:   0 ms  memoryUsed: 1124 kb  status:4 [Correct], exitcode:0
Judge Used Time:32 ms

InjectAPIHookDll OK, dwProcessId[24084]
--------------------------------
PeakWorkingSetSize				3464
WorkingSetSize					20
QuotaPeakPagedPoolUsage			53
QuotaPagedPoolUsage				0
QuotaPeakNonPagedPoolUsage		6
QuotaNonPagedPoolUsage			0
PagefileUsage					64
PeakPagefileUsage				1120
--------------------------------
Special Judge UsedTime: 15 ms
Finish[308][06]: timeUsed:  15 ms  memoryUsed: 1120 kb  status:4 [Correct], exitcode:0
Judge Used Time:31 ms

InjectAPIHookDll OK, dwProcessId[18476]
--------------------------------
PeakWorkingSetSize				3468
WorkingSetSize					20
QuotaPeakPagedPoolUsage			53
QuotaPagedPoolUsage				0
QuotaPeakNonPagedPoolUsage		6
QuotaNonPagedPoolUsage			0
PagefileUsage					64
PeakPagefileUsage				1136
--------------------------------
Special Judge UsedTime: 21 ms
Finish[308][07]: timeUsed:   0 ms  memoryUsed: 1136 kb  status:4 [Correct], exitcode:0
Judge Used Time:49 ms

InjectAPIHookDll OK, dwProcessId[16524]
--------------------------------
PeakWorkingSetSize				3472
WorkingSetSize					20
QuotaPeakPagedPoolUsage			53
QuotaPagedPoolUsage				0
QuotaPeakNonPagedPoolUsage		6
QuotaNonPagedPoolUsage			0
PagefileUsage					64
PeakPagefileUsage				1120
--------------------------------
Special Judge UsedTime: 23 ms
Finish[308][08]: timeUsed:   0 ms  memoryUsed: 1120 kb  status:4 [Correct], exitcode:0
Judge Used Time:49 ms

InjectAPIHookDll OK, dwProcessId[3684]
--------------------------------
PeakWorkingSetSize				3468
WorkingSetSize					20
QuotaPeakPagedPoolUsage			53
QuotaPagedPoolUsage				0
QuotaPeakNonPagedPoolUsage		6
QuotaNonPagedPoolUsage			0
PagefileUsage					64
PeakPagefileUsage				1136
--------------------------------
Special Judge UsedTime: 16 ms
Finish[308][09]: timeUsed:   0 ms  memoryUsed: 1136 kb  status:4 [Correct], exitcode:0
Judge Used Time:38 ms

InjectAPIHookDll OK, dwProcessId[1988]
--------------------------------
PeakWorkingSetSize				3464
WorkingSetSize					20
QuotaPeakPagedPoolUsage			53
QuotaPagedPoolUsage				0
QuotaPeakNonPagedPoolUsage		6
QuotaNonPagedPoolUsage			0
PagefileUsage					64
PeakPagefileUsage				1124
--------------------------------
Special Judge UsedTime: 18 ms
Finish[308][10]: timeUsed:   0 ms  memoryUsed: 1124 kb  status:4 [Correct], exitcode:0
Judge Used Time:45 ms

