C++|肖江|1046|2|1000|65536|1&2&3&4&5&6&7&8
运行ID:182 用户:肖江  题号:1046 语言:C++
评测机文件路径：D:\OpenJudge\Judge\SEJudger.exe
评测机：SEJudger

Compiling[182]...
Compilation successful
InjectAPIHookDll OK, dwProcessId[28836]
Special Judge UsedTime: 12
Finish[182][01]: timeUsed:   0 ms  memoryUsed:11640 kb  status:4 [Correct], exitcode:0
InjectAPIHookDll OK, dwProcessId[23912]
Special Judge UsedTime: 12
Finish[182][02]: timeUsed:   0 ms  memoryUsed:11640 kb  status:4 [Correct], exitcode:0
InjectAPIHookDll OK, dwProcessId[20640]
Special Judge UsedTime: 12
Finish[182][03]: timeUsed:  15 ms  memoryUsed:11648 kb  status:4 [Correct], exitcode:0
InjectAPIHookDll OK, dwProcessId[8580]
Special Judge UsedTime: 11
Finish[182][04]: timeUsed:   0 ms  memoryUsed:11732 kb  status:4 [Correct], exitcode:0
InjectAPIHookDll OK, dwProcessId[29552]
Special Judge UsedTime: 18
Finish[182][05]: timeUsed: 203 ms  memoryUsed:19440 kb  status:4 [Correct], exitcode:0
InjectAPIHookDll OK, dwProcessId[27124]
Special Judge UsedTime: 74
Finish[182][06]: timeUsed: 375 ms  memoryUsed:19444 kb  status:4 [Correct], exitcode:0
InjectAPIHookDll OK, dwProcessId[32928]
Special Judge UsedTime: 66
Finish[182][07]: timeUsed: 453 ms  memoryUsed:19444 kb  status:4 [Correct], exitcode:0
InjectAPIHookDll OK, dwProcessId[10664]
Special Judge UsedTime: 84
Finish[182][08]: timeUsed: 359 ms  memoryUsed:19444 kb  status:4 [Correct], exitcode:0
