C++|肖江|1044|2|1000|65536|1&2&3&4&5&6&7&8&9&10
运行ID:130 用户:肖江  题号:1044 语言:C++
评测机文件路径：D:\OpenJudge\Judge\SEJudger.exe
评测机：SEJudger

Compiling[130]...
Compilation successful
InjectAPIHookDll OK, dwProcessId[9516]
Special Judge UsedTime: 12
Finish[130][01]: timeUsed:   0 ms  memoryUsed: 3420 kb  status:4 [Correct], exitcode:0
InjectAPIHookDll OK, dwProcessId[30140]
Special Judge UsedTime: 12
Finish[130][02]: timeUsed:   0 ms  memoryUsed: 3440 kb  status:4 [Correct], exitcode:0
InjectAPIHookDll OK, dwProcessId[4588]
Special Judge UsedTime: 10
Finish[130][03]: timeUsed:   0 ms  memoryUsed: 3412 kb  status:4 [Correct], exitcode:0
InjectAPIHookDll OK, dwProcessId[28132]
Special Judge UsedTime: 11
Finish[130][04]: timeUsed:   0 ms  memoryUsed: 3416 kb  status:4 [Correct], exitcode:0
InjectAPIHookDll OK, dwProcessId[29992]
Special Judge UsedTime: 12
Finish[130][05]: timeUsed:   0 ms  memoryUsed: 3416 kb  status:4 [Correct], exitcode:0
InjectAPIHookDll OK, dwProcessId[21468]
Special Judge UsedTime: 11
Finish[130][06]: timeUsed:   0 ms  memoryUsed: 3416 kb  status:4 [Correct], exitcode:0
InjectAPIHookDll OK, dwProcessId[30404]
Special Judge UsedTime: 10
Finish[130][07]: timeUsed:   0 ms  memoryUsed: 3416 kb  status:4 [Correct], exitcode:0
InjectAPIHookDll OK, dwProcessId[12224]
Special Judge UsedTime: 12
Finish[130][08]: timeUsed:   0 ms  memoryUsed: 3412 kb  status:4 [Correct], exitcode:0
InjectAPIHookDll OK, dwProcessId[3288]
Special Judge UsedTime: 11
Finish[130][09]: timeUsed:  15 ms  memoryUsed: 3440 kb  status:4 [Correct], exitcode:0
InjectAPIHookDll OK, dwProcessId[12792]
Special Judge UsedTime: 15
Finish[130][10]: timeUsed:   0 ms  memoryUsed: 3444 kb  status:4 [Correct], exitcode:0
