C++|肖江|1027|2|1000|65536|1&2&3&4&5&6&7&8&9&10
运行ID:79  用户:肖江  题号:1027 语言:C++
评测机文件路径：D:\OpenJudge\Judge\SEJudger.exe
评测机：SEJudger

Compiling[79]...
Compilation successful
InjectAPIHookDll OK, dwProcessId[20304]
--------------------------------
PeakWorkingSetSize				3808
WorkingSetSize					20
QuotaPeakPagedPoolUsage			46
QuotaPagedPoolUsage				0
QuotaPeakNonPagedPoolUsage		8
QuotaNonPagedPoolUsage			0
PagefileUsage					64
PeakPagefileUsage				1212
--------------------------------
Special Judge UsedTime: 99 ms
Finish[79][01]: timeUsed:  15 ms  memoryUsed: 1212 kb  status:4 [Correct], exitcode:0
Judge Used Time:183 ms

InjectAPIHookDll OK, dwProcessId[14920]
--------------------------------
PeakWorkingSetSize				3460
WorkingSetSize					20
QuotaPeakPagedPoolUsage			45
QuotaPagedPoolUsage				0
QuotaPeakNonPagedPoolUsage		6
QuotaNonPagedPoolUsage			0
PagefileUsage					64
PeakPagefileUsage				1128
--------------------------------
Special Judge UsedTime: 15 ms
Finish[79][02]: timeUsed:   0 ms  memoryUsed: 1128 kb  status:4 [Correct], exitcode:0
Judge Used Time:36 ms

InjectAPIHookDll OK, dwProcessId[7388]
--------------------------------
PeakWorkingSetSize				3456
WorkingSetSize					20
QuotaPeakPagedPoolUsage			45
QuotaPagedPoolUsage				0
QuotaPeakNonPagedPoolUsage		6
QuotaNonPagedPoolUsage			0
PagefileUsage					64
PeakPagefileUsage				1128
--------------------------------
Special Judge UsedTime: 17 ms
Finish[79][03]: timeUsed:   0 ms  memoryUsed: 1128 kb  status:4 [Correct], exitcode:0
Judge Used Time:35 ms

InjectAPIHookDll OK, dwProcessId[14416]
--------------------------------
PeakWorkingSetSize				3456
WorkingSetSize					20
QuotaPeakPagedPoolUsage			45
QuotaPagedPoolUsage				0
QuotaPeakNonPagedPoolUsage		6
QuotaNonPagedPoolUsage			0
PagefileUsage					64
PeakPagefileUsage				1128
--------------------------------
Special Judge UsedTime: 18 ms
Finish[79][04]: timeUsed:   0 ms  memoryUsed: 1128 kb  status:4 [Correct], exitcode:0
Judge Used Time:44 ms

InjectAPIHookDll OK, dwProcessId[14628]
--------------------------------
PeakWorkingSetSize				3460
WorkingSetSize					20
QuotaPeakPagedPoolUsage			45
QuotaPagedPoolUsage				0
QuotaPeakNonPagedPoolUsage		6
QuotaNonPagedPoolUsage			0
PagefileUsage					64
PeakPagefileUsage				1164
--------------------------------
Special Judge UsedTime: 15 ms
Finish[79][05]: timeUsed:   0 ms  memoryUsed: 1164 kb  status:4 [Correct], exitcode:0
Judge Used Time:37 ms

InjectAPIHookDll OK, dwProcessId[11632]
--------------------------------
PeakWorkingSetSize				3460
WorkingSetSize					20
QuotaPeakPagedPoolUsage			45
QuotaPagedPoolUsage				0
QuotaPeakNonPagedPoolUsage		6
QuotaNonPagedPoolUsage			0
PagefileUsage					64
PeakPagefileUsage				1120
--------------------------------
Special Judge UsedTime: 15 ms
Finish[79][06]: timeUsed:  15 ms  memoryUsed: 1120 kb  status:4 [Correct], exitcode:0
Judge Used Time:38 ms

InjectAPIHookDll OK, dwProcessId[16056]
--------------------------------
PeakWorkingSetSize				3456
WorkingSetSize					20
QuotaPeakPagedPoolUsage			45
QuotaPagedPoolUsage				0
QuotaPeakNonPagedPoolUsage		6
QuotaNonPagedPoolUsage			0
PagefileUsage					64
PeakPagefileUsage				1128
--------------------------------
Special Judge UsedTime: 11 ms
Finish[79][07]: timeUsed:   0 ms  memoryUsed: 1128 kb  status:4 [Correct], exitcode:0
Judge Used Time:32 ms

InjectAPIHookDll OK, dwProcessId[408]
--------------------------------
PeakWorkingSetSize				3456
WorkingSetSize					20
QuotaPeakPagedPoolUsage			45
QuotaPagedPoolUsage				0
QuotaPeakNonPagedPoolUsage		6
QuotaNonPagedPoolUsage			0
PagefileUsage					64
PeakPagefileUsage				1128
--------------------------------
Special Judge UsedTime: 13 ms
Finish[79][08]: timeUsed:   0 ms  memoryUsed: 1128 kb  status:5 [Presentation Error], exitcode:0
Judge Used Time:33 ms

InjectAPIHookDll OK, dwProcessId[13712]
--------------------------------
PeakWorkingSetSize				3460
WorkingSetSize					20
QuotaPeakPagedPoolUsage			45
QuotaPagedPoolUsage				0
QuotaPeakNonPagedPoolUsage		6
QuotaNonPagedPoolUsage			0
PagefileUsage					64
PeakPagefileUsage				1136
--------------------------------
Special Judge UsedTime: 15 ms
Finish[79][09]: timeUsed:   0 ms  memoryUsed: 1136 kb  status:4 [Correct], exitcode:0
Judge Used Time:34 ms

InjectAPIHookDll OK, dwProcessId[1612]
--------------------------------
PeakWorkingSetSize				3456
WorkingSetSize					20
QuotaPeakPagedPoolUsage			45
QuotaPagedPoolUsage				0
QuotaPeakNonPagedPoolUsage		6
QuotaNonPagedPoolUsage			0
PagefileUsage					64
PeakPagefileUsage				1132
--------------------------------
Special Judge UsedTime: 15 ms
Finish[79][10]: timeUsed:  46 ms  memoryUsed: 1132 kb  status:4 [Correct], exitcode:0
Judge Used Time:39 ms

