C++|Setiuo|1000|2|1000|65536|1&2&3&4&5&6&7&8&9&10
运行ID:669 用户:Setiuo 题号:1000 语言:C++
评测机文件路径：D:\OpenJudge\Judge\SEJudger.exe
评测机：SEJudger

Compiling[669]...
Compilation successful

InjectAPIHookDll OK, dwProcessId[16492]
suspendCount: 0
--------------------------------
PeakWorkingSetSize				3812
WorkingSetSize					20
QuotaPeakPagedPoolUsage			46
QuotaPagedPoolUsage				0
QuotaPeakNonPagedPoolUsage		8
QuotaNonPagedPoolUsage			0
PagefileUsage					64
PeakPagefileUsage				1192
--------------------------------
Special Judge UsedTime: 14 ms
Finish[669][01]: timeUsed:   0 ms  memoryUsed: 1192 kb  status:4 [Correct], exitcode:0
Judge Used Time:75 ms

InjectAPIHookDll OK, dwProcessId[27820]
suspendCount: 0
--------------------------------
PeakWorkingSetSize				3456
WorkingSetSize					20
QuotaPeakPagedPoolUsage			45
QuotaPagedPoolUsage				0
QuotaPeakNonPagedPoolUsage		6
QuotaNonPagedPoolUsage			0
PagefileUsage					64
PeakPagefileUsage				1116
--------------------------------
Special Judge UsedTime: 14 ms
Finish[669][02]: timeUsed:   0 ms  memoryUsed: 1116 kb  status:4 [Correct], exitcode:0
Judge Used Time:30 ms

InjectAPIHookDll OK, dwProcessId[7716]
suspendCount: 0
--------------------------------
PeakWorkingSetSize				3456
WorkingSetSize					20
QuotaPeakPagedPoolUsage			45
QuotaPagedPoolUsage				0
QuotaPeakNonPagedPoolUsage		6
QuotaNonPagedPoolUsage			0
PagefileUsage					64
PeakPagefileUsage				1116
--------------------------------
Special Judge UsedTime: 14 ms
Finish[669][03]: timeUsed:   0 ms  memoryUsed: 1116 kb  status:4 [Correct], exitcode:0
Judge Used Time:30 ms

InjectAPIHookDll OK, dwProcessId[5368]
suspendCount: 0
--------------------------------
PeakWorkingSetSize				3456
WorkingSetSize					20
QuotaPeakPagedPoolUsage			45
QuotaPagedPoolUsage				0
QuotaPeakNonPagedPoolUsage		6
QuotaNonPagedPoolUsage			0
PagefileUsage					64
PeakPagefileUsage				1116
--------------------------------
Special Judge UsedTime: 15 ms
Finish[669][04]: timeUsed:   0 ms  memoryUsed: 1116 kb  status:4 [Correct], exitcode:0
Judge Used Time:33 ms

InjectAPIHookDll OK, dwProcessId[28268]
suspendCount: 0
--------------------------------
PeakWorkingSetSize				3468
WorkingSetSize					20
QuotaPeakPagedPoolUsage			45
QuotaPagedPoolUsage				0
QuotaPeakNonPagedPoolUsage		6
QuotaNonPagedPoolUsage			0
PagefileUsage					64
PeakPagefileUsage				1124
--------------------------------
Special Judge UsedTime: 16 ms
Finish[669][05]: timeUsed:  15 ms  memoryUsed: 1124 kb  status:4 [Correct], exitcode:0
Judge Used Time:32 ms

InjectAPIHookDll OK, dwProcessId[10660]
suspendCount: 0
--------------------------------
PeakWorkingSetSize				3468
WorkingSetSize					20
QuotaPeakPagedPoolUsage			45
QuotaPagedPoolUsage				0
QuotaPeakNonPagedPoolUsage		6
QuotaNonPagedPoolUsage			0
PagefileUsage					64
PeakPagefileUsage				1128
--------------------------------
Special Judge UsedTime: 15 ms
Finish[669][06]: timeUsed:   0 ms  memoryUsed: 1128 kb  status:4 [Correct], exitcode:0
Judge Used Time:35 ms

InjectAPIHookDll OK, dwProcessId[15448]
suspendCount: 0
--------------------------------
PeakWorkingSetSize				3468
WorkingSetSize					20
QuotaPeakPagedPoolUsage			45
QuotaPagedPoolUsage				0
QuotaPeakNonPagedPoolUsage		6
QuotaNonPagedPoolUsage			0
PagefileUsage					64
PeakPagefileUsage				1128
--------------------------------
Special Judge UsedTime: 16 ms
Finish[669][07]: timeUsed:   0 ms  memoryUsed: 1128 kb  status:4 [Correct], exitcode:0
Judge Used Time:34 ms

InjectAPIHookDll OK, dwProcessId[6400]
suspendCount: 0
--------------------------------
PeakWorkingSetSize				3456
WorkingSetSize					20
QuotaPeakPagedPoolUsage			45
QuotaPagedPoolUsage				0
QuotaPeakNonPagedPoolUsage		6
QuotaNonPagedPoolUsage			0
PagefileUsage					64
PeakPagefileUsage				1116
--------------------------------
Special Judge UsedTime: 14 ms
Finish[669][08]: timeUsed:  15 ms  memoryUsed: 1116 kb  status:4 [Correct], exitcode:0
Judge Used Time:30 ms

InjectAPIHookDll OK, dwProcessId[25136]
suspendCount: 0
--------------------------------
PeakWorkingSetSize				3456
WorkingSetSize					20
QuotaPeakPagedPoolUsage			53
QuotaPagedPoolUsage				0
QuotaPeakNonPagedPoolUsage		6
QuotaNonPagedPoolUsage			0
PagefileUsage					64
PeakPagefileUsage				1120
--------------------------------
Special Judge UsedTime: 14 ms
Finish[669][09]: timeUsed:   0 ms  memoryUsed: 1120 kb  status:4 [Correct], exitcode:0
Judge Used Time:29 ms

InjectAPIHookDll OK, dwProcessId[28736]
suspendCount: 0
--------------------------------
PeakWorkingSetSize				3456
WorkingSetSize					20
QuotaPeakPagedPoolUsage			53
QuotaPagedPoolUsage				0
QuotaPeakNonPagedPoolUsage		6
QuotaNonPagedPoolUsage			0
PagefileUsage					64
PeakPagefileUsage				1116
--------------------------------
Special Judge UsedTime: 13 ms
Finish[669][10]: timeUsed:   0 ms  memoryUsed: 1116 kb  status:4 [Correct], exitcode:0
Judge Used Time:30 ms

