C++|肖江|1015|2|1000|65536|1&2&3&4&5&6&7&8&9&10
运行ID:15  用户:肖江  题号:1015 语言:C++
SQLException in c:\users\dell\desktop\newjudger\sejudger\sejudger\function_mysql.cpp (mysql_set_oj_allRun) on line 86
 (MySQL error code: 0 , SQLState: 00000 )
评测机文件路径：D:\OpenJudge\Judge\SEJudger.exe
评测机：SEJudger

SQLException in c:\users\dell\desktop\newjudger\sejudger\sejudger\function_mysql.cpp (mysql_set_judgeStatus) on line 136
 (MySQL error code: 0 , SQLState: 00000 )
Compiling[15]...
Compilation successful
SQLException in c:\users\dell\desktop\newjudger\sejudger\sejudger\function_mysql.cpp (mysql_set_judgeStatus) on line 136
 (MySQL error code: 0 , SQLState: 00000 )
Finish[15][01]: timeUsed:   0 ms  memoryUsed: 3852 kb  status:4 [Correct], exitcode:0
Finish[15][02]: timeUsed:  15 ms  memoryUsed: 3392 kb  status:4 [Correct], exitcode:0
Finish[15][03]: timeUsed:  15 ms  memoryUsed: 3400 kb  status:4 [Correct], exitcode:0
Finish[15][04]: timeUsed:   0 ms  memoryUsed: 3396 kb  status:4 [Correct], exitcode:0
Finish[15][05]: timeUsed:  15 ms  memoryUsed: 3396 kb  status:4 [Correct], exitcode:0
Finish[15][06]: timeUsed:   0 ms  memoryUsed: 3392 kb  status:4 [Correct], exitcode:0
Finish[15][07]: timeUsed:   0 ms  memoryUsed: 3396 kb  status:4 [Correct], exitcode:0
Finish[15][08]: timeUsed:   0 ms  memoryUsed: 3392 kb  status:4 [Correct], exitcode:0
Finish[15][09]: timeUsed:   0 ms  memoryUsed: 3396 kb  status:4 [Correct], exitcode:0
Finish[15][10]: timeUsed:  15 ms  memoryUsed: 3392 kb  status:4 [Correct], exitcode:0
SQLException in c:\users\dell\desktop\newjudger\sejudger\sejudger\function_mysql.cpp (mysql_set_judgeData) on line 161
 (MySQL error code: 0 , SQLState: 00000 )
