Python|肖江|1000|2|1000|65536|1&2&3&4&5&6&7&8&9&10
运行ID:115 用户:肖江  题号:1000 语言:Python
评测机文件路径：D:\OpenJudge\Judge\SEJudger.exe
评测机：SEJudger

Compiling[115]...
Compilation successful
CreateRemoteThread error 87
InjectAPIHookDll Error, dwProcessId[16044]
Special Judge UsedTime: 184
Finish[115][01]: timeUsed:   0 ms  memoryUsed:13640 kb  status:4 [Correct], exitcode:0
CreateRemoteThread error 87
InjectAPIHookDll Error, dwProcessId[2272]
Special Judge UsedTime: 15
Finish[115][02]: timeUsed:   0 ms  memoryUsed:13736 kb  status:4 [Correct], exitcode:0
CreateRemoteThread error 87
InjectAPIHookDll Error, dwProcessId[16824]
Special Judge UsedTime: 15
Finish[115][03]: timeUsed:  15 ms  memoryUsed:13628 kb  status:4 [Correct], exitcode:0
CreateRemoteThread error 87
InjectAPIHookDll Error, dwProcessId[7484]
Special Judge UsedTime: 14
Finish[115][04]: timeUsed:   0 ms  memoryUsed:13700 kb  status:4 [Correct], exitcode:0
CreateRemoteThread error 87
InjectAPIHookDll Error, dwProcessId[9716]
Special Judge UsedTime: 13
Finish[115][05]: timeUsed:  15 ms  memoryUsed:13688 kb  status:4 [Correct], exitcode:0
CreateRemoteThread error 87
InjectAPIHookDll Error, dwProcessId[15044]
Special Judge UsedTime: 15
Finish[115][06]: timeUsed:  31 ms  memoryUsed:13596 kb  status:4 [Correct], exitcode:0
CreateRemoteThread error 87
InjectAPIHookDll Error, dwProcessId[14744]
Special Judge UsedTime: 15
Finish[115][07]: timeUsed:  15 ms  memoryUsed:13680 kb  status:4 [Correct], exitcode:0
CreateRemoteThread error 87
InjectAPIHookDll Error, dwProcessId[5684]
Special Judge UsedTime: 17
Finish[115][08]: timeUsed:  31 ms  memoryUsed:13684 kb  status:4 [Correct], exitcode:0
CreateRemoteThread error 87
InjectAPIHookDll Error, dwProcessId[15076]
Special Judge UsedTime: 14
Finish[115][09]: timeUsed:  31 ms  memoryUsed:13636 kb  status:4 [Correct], exitcode:0
CreateRemoteThread error 87
InjectAPIHookDll Error, dwProcessId[15576]
Special Judge UsedTime: 15
Finish[115][10]: timeUsed:  31 ms  memoryUsed:13792 kb  status:4 [Correct], exitcode:0
