Java|吴泽|1022|2|1000|65536|1&2&3&4&5&6&7&8&9&10
运行ID:70  用户:吴泽  题号:1022 语言:Java
SQLException in c:\users\dell\desktop\newjudger\sejudger\sejudger\function_mysql.cpp (mysql_set_oj_allRun) on line 86
 (MySQL error code: 0 , SQLState: 00000 )
评测机文件路径：D:\OpenJudge\Judge\SEJudger.exe
评测机：SEJudger

SQLException in c:\users\dell\desktop\newjudger\sejudger\sejudger\function_mysql.cpp (mysql_set_judgeStatus) on line 136
 (MySQL error code: 0 , SQLState: 00000 )
Compiling[70]...
Compilation successful
SQLException in c:\users\dell\desktop\newjudger\sejudger\sejudger\function_mysql.cpp (mysql_set_judgeStatus) on line 136
 (MySQL error code: 0 , SQLState: 00000 )
Finish[70][01]: timeUsed: 140 ms  memoryUsed:264608 kb  status:4 [Correct], exitcode:0
Finish[70][02]: timeUsed: 156 ms  memoryUsed:264564 kb  status:4 [Correct], exitcode:0
Finish[70][03]: timeUsed: 109 ms  memoryUsed:264696 kb  status:4 [Correct], exitcode:0
Finish[70][04]: timeUsed:  78 ms  memoryUsed:264624 kb  status:4 [Correct], exitcode:0
Finish[70][05]: timeUsed: 187 ms  memoryUsed:264548 kb  status:4 [Correct], exitcode:0
Finish[70][06]: timeUsed: 218 ms  memoryUsed:264548 kb  status:4 [Correct], exitcode:0
Finish[70][07]: timeUsed: 140 ms  memoryUsed:264532 kb  status:4 [Correct], exitcode:0
Finish[70][08]: timeUsed: 250 ms  memoryUsed:264568 kb  status:4 [Correct], exitcode:0
Finish[70][09]: timeUsed: 203 ms  memoryUsed:264544 kb  status:4 [Correct], exitcode:0
Finish[70][10]: timeUsed: 125 ms  memoryUsed:264588 kb  status:4 [Correct], exitcode:0
SQLException in c:\users\dell\desktop\newjudger\sejudger\sejudger\function_mysql.cpp (mysql_set_judgeData) on line 161
 (MySQL error code: 0 , SQLState: 00000 )
