C++|肖江|1005|1|1000|65536|1&2&3&4&5&6&7&8&9&10
运行ID:163 用户:肖江  题号:1005 语言:C++
评测机文件路径：D:\OpenJudge\Judge\SE_JudgerContest.exe
评测机：SE_JudgerContest

设置评测模式：1
设置运行ID：163
设置题号：1005
设置时间限制：1000
设置内存限制：65536
编译中...
编译完成
设置测试点数量：10
设置每个测试点号
开始评测： 2019-07-15 20:08:42
开始评测1 - 5测试点
遇到错误，已停止评测
评测完成！
##1  : Wrong Answer            usetime:15  ms  runttime:88  ms  usememory:764  kb  ExitCode:0x0
##2  : Wrong Answer            usetime:15  ms  runttime:88  ms  usememory:764  kb  ExitCode:0x0
##3  : Null                    usetime:0   ms  runttime:0   ms  usememory:0    kb  ExitCode:0x0
##4  : Null                    usetime:0   ms  runttime:0   ms  usememory:0    kb  ExitCode:0x0
##5  : Null                    usetime:0   ms  runttime:0   ms  usememory:0    kb  ExitCode:0x0
##6  : Null                    usetime:0   ms  runttime:0   ms  usememory:0    kb  ExitCode:0x0
##7  : Null                    usetime:0   ms  runttime:0   ms  usememory:0    kb  ExitCode:0x0
##8  : Null                    usetime:0   ms  runttime:0   ms  usememory:0    kb  ExitCode:0x0
##9  : Null                    usetime:0   ms  runttime:0   ms  usememory:0    kb  ExitCode:0x0
##10 : Null                    usetime:0   ms  runttime:0   ms  usememory:0    kb  ExitCode:0x0
Judge Over, Wrong Answer            usetime:15  ms  usememory:764  kb
评测总耗时：120ms

