C++|Setiuo|1000|2|1000|65536|1&2&3&4&5&6&7&8&9&10
运行ID:667 用户:Setiuo 题号:1000 语言:C++
评测机文件路径：D:\OpenJudge\Judge\SEJudger.exe
评测机：SEJudger

Compiling[667]...
Compilation successful

InjectAPIHookDll OK, dwProcessId[14172]
suspendCount: 0
--------------------------------
PeakWorkingSetSize				3812
WorkingSetSize					20
QuotaPeakPagedPoolUsage			46
QuotaPagedPoolUsage				0
QuotaPeakNonPagedPoolUsage		8
QuotaNonPagedPoolUsage			0
PagefileUsage					64
PeakPagefileUsage				1200
--------------------------------
Special Judge UsedTime: 17 ms
Finish[667][01]: timeUsed:   0 ms  memoryUsed: 1200 kb  status:4 [Correct], exitcode:0
Judge Used Time:156 ms

InjectAPIHookDll OK, dwProcessId[18556]
suspendCount: 0
--------------------------------
PeakWorkingSetSize				3468
WorkingSetSize					20
QuotaPeakPagedPoolUsage			45
QuotaPagedPoolUsage				0
QuotaPeakNonPagedPoolUsage		6
QuotaNonPagedPoolUsage			0
PagefileUsage					64
PeakPagefileUsage				1128
--------------------------------
Special Judge UsedTime: 18 ms
Finish[667][02]: timeUsed:   0 ms  memoryUsed: 1128 kb  status:4 [Correct], exitcode:0
Judge Used Time:34 ms

InjectAPIHookDll OK, dwProcessId[7828]
suspendCount: 0
--------------------------------
PeakWorkingSetSize				3464
WorkingSetSize					20
QuotaPeakPagedPoolUsage			45
QuotaPagedPoolUsage				0
QuotaPeakNonPagedPoolUsage		6
QuotaNonPagedPoolUsage			0
PagefileUsage					64
PeakPagefileUsage				1124
--------------------------------
Special Judge UsedTime: 13 ms
Finish[667][03]: timeUsed:   0 ms  memoryUsed: 1124 kb  status:4 [Correct], exitcode:0
Judge Used Time:28 ms

InjectAPIHookDll OK, dwProcessId[11636]
suspendCount: 0
--------------------------------
PeakWorkingSetSize				3464
WorkingSetSize					20
QuotaPeakPagedPoolUsage			45
QuotaPagedPoolUsage				0
QuotaPeakNonPagedPoolUsage		6
QuotaNonPagedPoolUsage			0
PagefileUsage					64
PeakPagefileUsage				1124
--------------------------------
Special Judge UsedTime: 15 ms
Finish[667][04]: timeUsed:   0 ms  memoryUsed: 1124 kb  status:4 [Correct], exitcode:0
Judge Used Time:31 ms

InjectAPIHookDll OK, dwProcessId[5376]
suspendCount: 0
--------------------------------
PeakWorkingSetSize				3468
WorkingSetSize					20
QuotaPeakPagedPoolUsage			45
QuotaPagedPoolUsage				0
QuotaPeakNonPagedPoolUsage		6
QuotaNonPagedPoolUsage			0
PagefileUsage					64
PeakPagefileUsage				1136
--------------------------------
Special Judge UsedTime: 14 ms
Finish[667][05]: timeUsed:   0 ms  memoryUsed: 1136 kb  status:4 [Correct], exitcode:0
Judge Used Time:30 ms

InjectAPIHookDll OK, dwProcessId[4100]
suspendCount: 0
--------------------------------
PeakWorkingSetSize				3468
WorkingSetSize					20
QuotaPeakPagedPoolUsage			45
QuotaPagedPoolUsage				0
QuotaPeakNonPagedPoolUsage		6
QuotaNonPagedPoolUsage			0
PagefileUsage					64
PeakPagefileUsage				1120
--------------------------------
Special Judge UsedTime: 15 ms
Finish[667][06]: timeUsed:  15 ms  memoryUsed: 1120 kb  status:4 [Correct], exitcode:0
Judge Used Time:31 ms

InjectAPIHookDll OK, dwProcessId[9116]
suspendCount: 0
--------------------------------
PeakWorkingSetSize				3464
WorkingSetSize					20
QuotaPeakPagedPoolUsage			45
QuotaPagedPoolUsage				0
QuotaPeakNonPagedPoolUsage		6
QuotaNonPagedPoolUsage			0
PagefileUsage					64
PeakPagefileUsage				1124
--------------------------------
Special Judge UsedTime: 18 ms
Finish[667][07]: timeUsed:   0 ms  memoryUsed: 1124 kb  status:4 [Correct], exitcode:0
Judge Used Time:34 ms

InjectAPIHookDll OK, dwProcessId[22748]
suspendCount: 0
--------------------------------
PeakWorkingSetSize				3456
WorkingSetSize					20
QuotaPeakPagedPoolUsage			45
QuotaPagedPoolUsage				0
QuotaPeakNonPagedPoolUsage		6
QuotaNonPagedPoolUsage			0
PagefileUsage					64
PeakPagefileUsage				1124
--------------------------------
Special Judge UsedTime: 15 ms
Finish[667][08]: timeUsed:   0 ms  memoryUsed: 1124 kb  status:4 [Correct], exitcode:0
Judge Used Time:32 ms

InjectAPIHookDll OK, dwProcessId[21240]
suspendCount: 0
--------------------------------
PeakWorkingSetSize				3468
WorkingSetSize					20
QuotaPeakPagedPoolUsage			45
QuotaPagedPoolUsage				0
QuotaPeakNonPagedPoolUsage		6
QuotaNonPagedPoolUsage			0
PagefileUsage					64
PeakPagefileUsage				1124
--------------------------------
Special Judge UsedTime: 15 ms
Finish[667][09]: timeUsed:   0 ms  memoryUsed: 1124 kb  status:4 [Correct], exitcode:0
Judge Used Time:33 ms

InjectAPIHookDll OK, dwProcessId[84]
suspendCount: 0
--------------------------------
PeakWorkingSetSize				3464
WorkingSetSize					20
QuotaPeakPagedPoolUsage			45
QuotaPagedPoolUsage				0
QuotaPeakNonPagedPoolUsage		6
QuotaNonPagedPoolUsage			0
PagefileUsage					64
PeakPagefileUsage				1124
--------------------------------
Special Judge UsedTime: 14 ms
Finish[667][10]: timeUsed:   0 ms  memoryUsed: 1124 kb  status:4 [Correct], exitcode:0
Judge Used Time:31 ms

