Java|肖江|1011|2|1000|65536|1&2&3&4&5&6&7&8
运行ID:35  用户:肖江  题号:1011 语言:Java
SQLException in c:\users\dell\desktop\newjudger\sejudger\sejudger\function_mysql.cpp (mysql_set_oj_allRun) on line 86
 (MySQL error code: 0 , SQLState: 00000 )
评测机文件路径：D:\OpenJudge\Judge\SEJudger.exe
评测机：SEJudger

SQLException in c:\users\dell\desktop\newjudger\sejudger\sejudger\function_mysql.cpp (mysql_set_judgeStatus) on line 136
 (MySQL error code: 0 , SQLState: 00000 )
Compiling[35]...
Compilation successful
SQLException in c:\users\dell\desktop\newjudger\sejudger\sejudger\function_mysql.cpp (mysql_set_judgeStatus) on line 136
 (MySQL error code: 0 , SQLState: 00000 )
Finish[35][01]: timeUsed: 187 ms  memoryUsed:264500 kb  status:4 [Correct], exitcode:0
Finish[35][02]: timeUsed: 125 ms  memoryUsed:264652 kb  status:4 [Correct], exitcode:0
Finish[35][03]: timeUsed: 218 ms  memoryUsed:264636 kb  status:4 [Correct], exitcode:0
Finish[35][04]: timeUsed: 171 ms  memoryUsed:264780 kb  status:4 [Correct], exitcode:0
Finish[35][05]: timeUsed: 109 ms  memoryUsed:264564 kb  status:4 [Correct], exitcode:0
Finish[35][06]: timeUsed: 281 ms  memoryUsed:264624 kb  status:4 [Correct], exitcode:0
Finish[35][07]: timeUsed: 281 ms  memoryUsed:271640 kb  status:4 [Correct], exitcode:0
Finish[35][08]: timeUsed: 375 ms  memoryUsed:281048 kb  status:4 [Correct], exitcode:0
SQLException in c:\users\dell\desktop\newjudger\sejudger\sejudger\function_mysql.cpp (mysql_set_judgeData) on line 161
 (MySQL error code: 0 , SQLState: 00000 )
