Python|肖江|1000|2|1000|65536|1&2&3&4&5&6&7&8&9&10
运行ID:266 用户:肖江  题号:1000 语言:Python
评测机文件路径：D:\OpenJudge\Judge\SEJudger.exe
评测机：SEJudger

Compiling[266]...
Compilation successful
CreateRemoteThread error 87
InjectAPIHookDll Error, dwProcessId[3912]
--------------------------------
PeakWorkingSetSize				9552
WorkingSetSize					28
QuotaPeakPagedPoolUsage			112
QuotaPagedPoolUsage				0
QuotaPeakNonPagedPoolUsage		9
QuotaNonPagedPoolUsage			0
PagefileUsage					72
PeakPagefileUsage				4132
--------------------------------
Special Judge UsedTime: 39
Finish[266][01]: timeUsed:  15 ms  memoryUsed: 4132 kb  status:4 [Correct], exitcode:0
CreateRemoteThread error 87
InjectAPIHookDll Error, dwProcessId[3404]
--------------------------------
PeakWorkingSetSize				9536
WorkingSetSize					32
QuotaPeakPagedPoolUsage			112
QuotaPagedPoolUsage				0
QuotaPeakNonPagedPoolUsage		9
QuotaNonPagedPoolUsage			0
PagefileUsage					76
PeakPagefileUsage				4140
--------------------------------
Special Judge UsedTime: 99
Finish[266][02]: timeUsed:   0 ms  memoryUsed: 4140 kb  status:4 [Correct], exitcode:0
CreateRemoteThread error 87
InjectAPIHookDll Error, dwProcessId[16856]
--------------------------------
PeakWorkingSetSize				9552
WorkingSetSize					28
QuotaPeakPagedPoolUsage			112
QuotaPagedPoolUsage				0
QuotaPeakNonPagedPoolUsage		9
QuotaNonPagedPoolUsage			0
PagefileUsage					72
PeakPagefileUsage				4132
--------------------------------
Special Judge UsedTime: 35
Finish[266][03]: timeUsed:   0 ms  memoryUsed: 4132 kb  status:4 [Correct], exitcode:0
CreateRemoteThread error 87
InjectAPIHookDll Error, dwProcessId[21620]
--------------------------------
PeakWorkingSetSize				9524
WorkingSetSize					32
QuotaPeakPagedPoolUsage			112
QuotaPagedPoolUsage				0
QuotaPeakNonPagedPoolUsage		9
QuotaNonPagedPoolUsage			0
PagefileUsage					76
PeakPagefileUsage				4148
--------------------------------
Special Judge UsedTime: 50
Finish[266][04]: timeUsed:  15 ms  memoryUsed: 4148 kb  status:4 [Correct], exitcode:0
CreateRemoteThread error 87
InjectAPIHookDll Error, dwProcessId[4872]
--------------------------------
PeakWorkingSetSize				9516
WorkingSetSize					32
QuotaPeakPagedPoolUsage			112
QuotaPagedPoolUsage				0
QuotaPeakNonPagedPoolUsage		9
QuotaNonPagedPoolUsage			0
PagefileUsage					76
PeakPagefileUsage				4140
--------------------------------
Special Judge UsedTime: 45
Finish[266][05]: timeUsed:  46 ms  memoryUsed: 4140 kb  status:4 [Correct], exitcode:0
CreateRemoteThread error 87
InjectAPIHookDll Error, dwProcessId[13084]
--------------------------------
PeakWorkingSetSize				9552
WorkingSetSize					32
QuotaPeakPagedPoolUsage			112
QuotaPagedPoolUsage				0
QuotaPeakNonPagedPoolUsage		9
QuotaNonPagedPoolUsage			0
PagefileUsage					76
PeakPagefileUsage				4148
--------------------------------
Special Judge UsedTime: 43
Finish[266][06]: timeUsed:  46 ms  memoryUsed: 4148 kb  status:4 [Correct], exitcode:0
CreateRemoteThread error 87
InjectAPIHookDll Error, dwProcessId[16592]
--------------------------------
PeakWorkingSetSize				9544
WorkingSetSize					32
QuotaPeakPagedPoolUsage			112
QuotaPagedPoolUsage				0
QuotaPeakNonPagedPoolUsage		9
QuotaNonPagedPoolUsage			0
PagefileUsage					76
PeakPagefileUsage				4156
--------------------------------
Special Judge UsedTime: 49
Finish[266][07]: timeUsed:  31 ms  memoryUsed: 4156 kb  status:4 [Correct], exitcode:0
CreateRemoteThread error 87
InjectAPIHookDll Error, dwProcessId[24312]
--------------------------------
PeakWorkingSetSize				9536
WorkingSetSize					32
QuotaPeakPagedPoolUsage			112
QuotaPagedPoolUsage				0
QuotaPeakNonPagedPoolUsage		9
QuotaNonPagedPoolUsage			0
PagefileUsage					76
PeakPagefileUsage				4156
--------------------------------
Special Judge UsedTime: 48
Finish[266][08]: timeUsed:  46 ms  memoryUsed: 4156 kb  status:4 [Correct], exitcode:0
CreateRemoteThread error 87
InjectAPIHookDll Error, dwProcessId[26136]
--------------------------------
PeakWorkingSetSize				9576
WorkingSetSize					32
QuotaPeakPagedPoolUsage			112
QuotaPagedPoolUsage				0
QuotaPeakNonPagedPoolUsage		9
QuotaNonPagedPoolUsage			0
PagefileUsage					76
PeakPagefileUsage				4156
--------------------------------
Special Judge UsedTime: 41
Finish[266][09]: timeUsed:   0 ms  memoryUsed: 4156 kb  status:4 [Correct], exitcode:0
CreateRemoteThread error 87
InjectAPIHookDll Error, dwProcessId[4532]
--------------------------------
PeakWorkingSetSize				9512
WorkingSetSize					32
QuotaPeakPagedPoolUsage			112
QuotaPagedPoolUsage				0
QuotaPeakNonPagedPoolUsage		9
QuotaNonPagedPoolUsage			0
PagefileUsage					76
PeakPagefileUsage				4132
--------------------------------
Special Judge UsedTime: 37
Finish[266][10]: timeUsed:  31 ms  memoryUsed: 4132 kb  status:4 [Correct], exitcode:0
