Python|肖江|1000|2|1000|65536|1&2&3&4&5&6&7&8&9&10
运行ID:271 用户:肖江  题号:1000 语言:Python
评测机文件路径：D:\OpenJudge\Judge\SEJudger.exe
评测机：SEJudger

Compiling[271]...
Compilation successful
CreateRemoteThread error 87
InjectAPIHookDll Error, dwProcessId[8276]
--------------------------------
PeakWorkingSetSize				9588
WorkingSetSize					32
QuotaPeakPagedPoolUsage			112
QuotaPagedPoolUsage				0
QuotaPeakNonPagedPoolUsage		9
QuotaNonPagedPoolUsage			0
PagefileUsage					76
PeakPagefileUsage				4160
--------------------------------
Special Judge UsedTime: 213 ms
Finish[271][01]: timeUsed:  15 ms  memoryUsed: 4160 kb  status:4 [Correct], exitcode:0
Judge Used Time:322 ms
CreateRemoteThread error 87
InjectAPIHookDll Error, dwProcessId[14484]
--------------------------------
PeakWorkingSetSize				9536
WorkingSetSize					32
QuotaPeakPagedPoolUsage			112
QuotaPagedPoolUsage				0
QuotaPeakNonPagedPoolUsage		9
QuotaNonPagedPoolUsage			0
PagefileUsage					76
PeakPagefileUsage				4132
--------------------------------
Special Judge UsedTime: 17 ms
Finish[271][02]: timeUsed:   0 ms  memoryUsed: 4132 kb  status:4 [Correct], exitcode:0
Judge Used Time:82 ms
CreateRemoteThread error 87
InjectAPIHookDll Error, dwProcessId[19620]
--------------------------------
PeakWorkingSetSize				9516
WorkingSetSize					32
QuotaPeakPagedPoolUsage			112
QuotaPagedPoolUsage				0
QuotaPeakNonPagedPoolUsage		9
QuotaNonPagedPoolUsage			0
PagefileUsage					76
PeakPagefileUsage				4116
--------------------------------
Special Judge UsedTime: 17 ms
Finish[271][03]: timeUsed:   0 ms  memoryUsed: 4116 kb  status:4 [Correct], exitcode:0
Judge Used Time:84 ms
CreateRemoteThread error 87
InjectAPIHookDll Error, dwProcessId[12296]
--------------------------------
PeakWorkingSetSize				9532
WorkingSetSize					32
QuotaPeakPagedPoolUsage			112
QuotaPagedPoolUsage				0
QuotaPeakNonPagedPoolUsage		9
QuotaNonPagedPoolUsage			0
PagefileUsage					76
PeakPagefileUsage				4144
--------------------------------
Special Judge UsedTime: 23 ms
Finish[271][04]: timeUsed:  15 ms  memoryUsed: 4144 kb  status:4 [Correct], exitcode:0
Judge Used Time:92 ms
CreateRemoteThread error 87
InjectAPIHookDll Error, dwProcessId[22716]
--------------------------------
PeakWorkingSetSize				9532
WorkingSetSize					32
QuotaPeakPagedPoolUsage			112
QuotaPagedPoolUsage				0
QuotaPeakNonPagedPoolUsage		9
QuotaNonPagedPoolUsage			0
PagefileUsage					76
PeakPagefileUsage				4136
--------------------------------
Special Judge UsedTime: 16 ms
Finish[271][05]: timeUsed:  31 ms  memoryUsed: 4136 kb  status:4 [Correct], exitcode:0
Judge Used Time:76 ms
CreateRemoteThread error 87
InjectAPIHookDll Error, dwProcessId[26556]
--------------------------------
PeakWorkingSetSize				9520
WorkingSetSize					32
QuotaPeakPagedPoolUsage			112
QuotaPagedPoolUsage				0
QuotaPeakNonPagedPoolUsage		9
QuotaNonPagedPoolUsage			0
PagefileUsage					76
PeakPagefileUsage				4128
--------------------------------
Special Judge UsedTime: 15 ms
Finish[271][06]: timeUsed:   0 ms  memoryUsed: 4128 kb  status:4 [Correct], exitcode:0
Judge Used Time:79 ms
CreateRemoteThread error 87
InjectAPIHookDll Error, dwProcessId[25952]
--------------------------------
PeakWorkingSetSize				9588
WorkingSetSize					32
QuotaPeakPagedPoolUsage			112
QuotaPagedPoolUsage				0
QuotaPeakNonPagedPoolUsage		9
QuotaNonPagedPoolUsage			0
PagefileUsage					76
PeakPagefileUsage				4164
--------------------------------
Special Judge UsedTime: 15 ms
Finish[271][07]: timeUsed:  15 ms  memoryUsed: 4164 kb  status:4 [Correct], exitcode:0
Judge Used Time:77 ms
CreateRemoteThread error 87
InjectAPIHookDll Error, dwProcessId[19796]
--------------------------------
PeakWorkingSetSize				9556
WorkingSetSize					32
QuotaPeakPagedPoolUsage			112
QuotaPagedPoolUsage				0
QuotaPeakNonPagedPoolUsage		9
QuotaNonPagedPoolUsage			0
PagefileUsage					76
PeakPagefileUsage				4136
--------------------------------
Special Judge UsedTime: 18 ms
Finish[271][08]: timeUsed:  15 ms  memoryUsed: 4136 kb  status:4 [Correct], exitcode:0
Judge Used Time:77 ms
CreateRemoteThread error 87
InjectAPIHookDll Error, dwProcessId[20432]
--------------------------------
PeakWorkingSetSize				9604
WorkingSetSize					32
QuotaPeakPagedPoolUsage			112
QuotaPagedPoolUsage				0
QuotaPeakNonPagedPoolUsage		9
QuotaNonPagedPoolUsage			0
PagefileUsage					76
PeakPagefileUsage				4172
--------------------------------
Special Judge UsedTime: 16 ms
Finish[271][09]: timeUsed:  15 ms  memoryUsed: 4172 kb  status:4 [Correct], exitcode:0
Judge Used Time:78 ms
CreateRemoteThread error 87
InjectAPIHookDll Error, dwProcessId[27176]
--------------------------------
PeakWorkingSetSize				9572
WorkingSetSize					32
QuotaPeakPagedPoolUsage			112
QuotaPagedPoolUsage				0
QuotaPeakNonPagedPoolUsage		9
QuotaNonPagedPoolUsage			0
PagefileUsage					76
PeakPagefileUsage				4136
--------------------------------
Special Judge UsedTime: 21 ms
Finish[271][10]: timeUsed:   0 ms  memoryUsed: 4136 kb  status:4 [Correct], exitcode:0
Judge Used Time:82 ms
