C++|Setiuo|1000|2|1000|65536|1&2&3&4&5&6&7&8&9&10
运行ID:666 用户:Setiuo 题号:1000 语言:C++
评测机文件路径：D:\OpenJudge\Judge\SEJudger.exe
评测机：SEJudger

Compiling[666]...
Compilation successful

InjectAPIHookDll OK, dwProcessId[25388]
suspendCount: 0
--------------------------------
PeakWorkingSetSize				3804
WorkingSetSize					20
QuotaPeakPagedPoolUsage			46
QuotaPagedPoolUsage				0
QuotaPeakNonPagedPoolUsage		8
QuotaNonPagedPoolUsage			0
PagefileUsage					64
PeakPagefileUsage				1180
--------------------------------
Special Judge UsedTime: 15 ms
Finish[666][01]: timeUsed:   0 ms  memoryUsed: 1180 kb  status:4 [Correct], exitcode:0
Judge Used Time:84 ms

InjectAPIHookDll OK, dwProcessId[13768]
suspendCount: 0
--------------------------------
PeakWorkingSetSize				3468
WorkingSetSize					20
QuotaPeakPagedPoolUsage			45
QuotaPagedPoolUsage				0
QuotaPeakNonPagedPoolUsage		6
QuotaNonPagedPoolUsage			0
PagefileUsage					64
PeakPagefileUsage				1120
--------------------------------
Special Judge UsedTime: 15 ms
Finish[666][02]: timeUsed:   0 ms  memoryUsed: 1120 kb  status:4 [Correct], exitcode:0
Judge Used Time:31 ms

InjectAPIHookDll OK, dwProcessId[31432]
suspendCount: 0
--------------------------------
PeakWorkingSetSize				3428
WorkingSetSize					20
QuotaPeakPagedPoolUsage			45
QuotaPagedPoolUsage				0
QuotaPeakNonPagedPoolUsage		6
QuotaNonPagedPoolUsage			0
PagefileUsage					64
PeakPagefileUsage				1044
--------------------------------
Special Judge UsedTime: 25 ms
Finish[666][03]: timeUsed:  31 ms  memoryUsed: 1044 kb  status:4 [Correct], exitcode:0
Judge Used Time:58 ms

InjectAPIHookDll OK, dwProcessId[22560]
suspendCount: 0
--------------------------------
PeakWorkingSetSize				3468
WorkingSetSize					20
QuotaPeakPagedPoolUsage			45
QuotaPagedPoolUsage				0
QuotaPeakNonPagedPoolUsage		6
QuotaNonPagedPoolUsage			0
PagefileUsage					64
PeakPagefileUsage				1120
--------------------------------
Special Judge UsedTime: 26 ms
Finish[666][04]: timeUsed:  15 ms  memoryUsed: 1120 kb  status:4 [Correct], exitcode:0
Judge Used Time:52 ms

InjectAPIHookDll OK, dwProcessId[30660]
suspendCount: 0
--------------------------------
PeakWorkingSetSize				3456
WorkingSetSize					20
QuotaPeakPagedPoolUsage			45
QuotaPagedPoolUsage				0
QuotaPeakNonPagedPoolUsage		6
QuotaNonPagedPoolUsage			0
PagefileUsage					64
PeakPagefileUsage				1116
--------------------------------
Special Judge UsedTime: 30 ms
Finish[666][05]: timeUsed:  31 ms  memoryUsed: 1116 kb  status:4 [Correct], exitcode:0
Judge Used Time:63 ms

InjectAPIHookDll OK, dwProcessId[20368]
suspendCount: 0
--------------------------------
PeakWorkingSetSize				3468
WorkingSetSize					20
QuotaPeakPagedPoolUsage			45
QuotaPagedPoolUsage				0
QuotaPeakNonPagedPoolUsage		6
QuotaNonPagedPoolUsage			0
PagefileUsage					64
PeakPagefileUsage				1128
--------------------------------
Special Judge UsedTime: 19 ms
Finish[666][06]: timeUsed:  15 ms  memoryUsed: 1128 kb  status:4 [Correct], exitcode:0
Judge Used Time:45 ms

InjectAPIHookDll OK, dwProcessId[22996]
suspendCount: 0
--------------------------------
PeakWorkingSetSize				3468
WorkingSetSize					20
QuotaPeakPagedPoolUsage			45
QuotaPagedPoolUsage				0
QuotaPeakNonPagedPoolUsage		6
QuotaNonPagedPoolUsage			0
PagefileUsage					64
PeakPagefileUsage				1128
--------------------------------
Special Judge UsedTime: 22 ms
Finish[666][07]: timeUsed:   0 ms  memoryUsed: 1128 kb  status:4 [Correct], exitcode:0
Judge Used Time:47 ms

InjectAPIHookDll OK, dwProcessId[25400]
suspendCount: 0
--------------------------------
PeakWorkingSetSize				3468
WorkingSetSize					20
QuotaPeakPagedPoolUsage			45
QuotaPagedPoolUsage				0
QuotaPeakNonPagedPoolUsage		6
QuotaNonPagedPoolUsage			0
PagefileUsage					64
PeakPagefileUsage				1128
--------------------------------
Special Judge UsedTime: 19 ms
Finish[666][08]: timeUsed:   0 ms  memoryUsed: 1128 kb  status:4 [Correct], exitcode:0
Judge Used Time:42 ms

InjectAPIHookDll OK, dwProcessId[15680]
suspendCount: 0
--------------------------------
PeakWorkingSetSize				3464
WorkingSetSize					20
QuotaPeakPagedPoolUsage			45
QuotaPagedPoolUsage				0
QuotaPeakNonPagedPoolUsage		6
QuotaNonPagedPoolUsage			0
PagefileUsage					64
PeakPagefileUsage				1124
--------------------------------
Special Judge UsedTime: 19 ms
Finish[666][09]: timeUsed:  15 ms  memoryUsed: 1124 kb  status:4 [Correct], exitcode:0
Judge Used Time:41 ms

InjectAPIHookDll OK, dwProcessId[9312]
suspendCount: 0
--------------------------------
PeakWorkingSetSize				3464
WorkingSetSize					20
QuotaPeakPagedPoolUsage			45
QuotaPagedPoolUsage				0
QuotaPeakNonPagedPoolUsage		6
QuotaNonPagedPoolUsage			0
PagefileUsage					64
PeakPagefileUsage				1124
--------------------------------
Special Judge UsedTime: 19 ms
Finish[666][10]: timeUsed:   0 ms  memoryUsed: 1124 kb  status:4 [Correct], exitcode:0
Judge Used Time:42 ms

