Python|肖江|1000|2|1000|65536|1&2&3&4&5&6&7&8&9&10
运行ID:238 用户:肖江  题号:1000 语言:Python
评测机文件路径：D:\OpenJudge\Judge\SEJudger_Contest.exe
评测机：SEJudger_Contest

Compiling[238]...
Compilation successful
CreateRemoteThread error 87
InjectAPIHookDll Error, dwProcessId[2252]
--------------------------------
PeakWorkingSetSize				9604
WorkingSetSize					32
QuotaPeakPagedPoolUsage			132
QuotaPagedPoolUsage				0
QuotaPeakNonPagedPoolUsage		9
QuotaNonPagedPoolUsage			0
PagefileUsage					76
PeakPagefileUsage				4172
--------------------------------
Special Judge UsedTime: 14
Finish[238][01]: timeUsed:  31 ms  memoryUsed: 4172 kb  status:4 [Correct], exitcode:0
CreateRemoteThread error 87
InjectAPIHookDll Error, dwProcessId[12068]
--------------------------------
PeakWorkingSetSize				9592
WorkingSetSize					32
QuotaPeakPagedPoolUsage			132
QuotaPagedPoolUsage				0
QuotaPeakNonPagedPoolUsage		9
QuotaNonPagedPoolUsage			0
PagefileUsage					76
PeakPagefileUsage				4168
--------------------------------
Special Judge UsedTime: 16
Finish[238][02]: timeUsed:  46 ms  memoryUsed: 4168 kb  status:4 [Correct], exitcode:0
CreateRemoteThread error 87
InjectAPIHookDll Error, dwProcessId[16164]
--------------------------------
PeakWorkingSetSize				9544
WorkingSetSize					32
QuotaPeakPagedPoolUsage			132
QuotaPagedPoolUsage				0
QuotaPeakNonPagedPoolUsage		9
QuotaNonPagedPoolUsage			0
PagefileUsage					76
PeakPagefileUsage				4160
--------------------------------
Special Judge UsedTime: 14
Finish[238][03]: timeUsed:  31 ms  memoryUsed: 4160 kb  status:4 [Correct], exitcode:0
CreateRemoteThread error 87
InjectAPIHookDll Error, dwProcessId[13388]
--------------------------------
PeakWorkingSetSize				9568
WorkingSetSize					28
QuotaPeakPagedPoolUsage			132
QuotaPagedPoolUsage				0
QuotaPeakNonPagedPoolUsage		9
QuotaNonPagedPoolUsage			0
PagefileUsage					72
PeakPagefileUsage				4176
--------------------------------
Special Judge UsedTime: 15
Finish[238][04]: timeUsed:   0 ms  memoryUsed: 4176 kb  status:4 [Correct], exitcode:0
CreateRemoteThread error 87
InjectAPIHookDll Error, dwProcessId[9280]
--------------------------------
PeakWorkingSetSize				9524
WorkingSetSize					32
QuotaPeakPagedPoolUsage			132
QuotaPagedPoolUsage				0
QuotaPeakNonPagedPoolUsage		9
QuotaNonPagedPoolUsage			0
PagefileUsage					76
PeakPagefileUsage				4160
--------------------------------
Special Judge UsedTime: 15
Finish[238][05]: timeUsed:  31 ms  memoryUsed: 4160 kb  status:4 [Correct], exitcode:0
CreateRemoteThread error 87
InjectAPIHookDll Error, dwProcessId[12416]
--------------------------------
PeakWorkingSetSize				9504
WorkingSetSize					32
QuotaPeakPagedPoolUsage			132
QuotaPagedPoolUsage				0
QuotaPeakNonPagedPoolUsage		9
QuotaNonPagedPoolUsage			0
PagefileUsage					76
PeakPagefileUsage				4132
--------------------------------
Special Judge UsedTime: 14
Finish[238][06]: timeUsed:  15 ms  memoryUsed: 4132 kb  status:4 [Correct], exitcode:0
CreateRemoteThread error 87
InjectAPIHookDll Error, dwProcessId[17120]
--------------------------------
PeakWorkingSetSize				9520
WorkingSetSize					32
QuotaPeakPagedPoolUsage			132
QuotaPagedPoolUsage				0
QuotaPeakNonPagedPoolUsage		9
QuotaNonPagedPoolUsage			0
PagefileUsage					76
PeakPagefileUsage				4140
--------------------------------
Special Judge UsedTime: 16
Finish[238][07]: timeUsed:   0 ms  memoryUsed: 4140 kb  status:4 [Correct], exitcode:0
CreateRemoteThread error 87
InjectAPIHookDll Error, dwProcessId[22656]
--------------------------------
PeakWorkingSetSize				9548
WorkingSetSize					32
QuotaPeakPagedPoolUsage			132
QuotaPagedPoolUsage				0
QuotaPeakNonPagedPoolUsage		9
QuotaNonPagedPoolUsage			0
PagefileUsage					76
PeakPagefileUsage				4156
--------------------------------
Special Judge UsedTime: 14
Finish[238][08]: timeUsed:   0 ms  memoryUsed: 4156 kb  status:4 [Correct], exitcode:0
CreateRemoteThread error 87
InjectAPIHookDll Error, dwProcessId[14308]
--------------------------------
PeakWorkingSetSize				9548
WorkingSetSize					32
QuotaPeakPagedPoolUsage			132
QuotaPagedPoolUsage				0
QuotaPeakNonPagedPoolUsage		9
QuotaNonPagedPoolUsage			0
PagefileUsage					76
PeakPagefileUsage				4140
--------------------------------
Special Judge UsedTime: 13
Finish[238][09]: timeUsed:  15 ms  memoryUsed: 4140 kb  status:4 [Correct], exitcode:0
CreateRemoteThread error 87
InjectAPIHookDll Error, dwProcessId[20968]
--------------------------------
PeakWorkingSetSize				9620
WorkingSetSize					32
QuotaPeakPagedPoolUsage			132
QuotaPagedPoolUsage				0
QuotaPeakNonPagedPoolUsage		9
QuotaNonPagedPoolUsage			0
PagefileUsage					76
PeakPagefileUsage				4192
--------------------------------
Special Judge UsedTime: 14
Finish[238][10]: timeUsed:   0 ms  memoryUsed: 4192 kb  status:4 [Correct], exitcode:0
