C++|肖江|1046|2|1000|65536|1&2&3&4&5&6&7&8
运行ID:174 用户:肖江  题号:1046 语言:C++
评测机文件路径：D:\OpenJudge\Judge\SE_Judger.exe
评测机：SE_Judger

设置评测模式：2
设置运行ID：174
设置题号：1046
设置时间限制：1000
设置内存限制：65536
编译中...
编译完成
设置测试点数量：8
设置每个测试点号
开始评测： 2019-08-15 02:44:58
开始评测1 - 5测试点
开始评测6 - 8测试点
评测完成！
##1  : Accepted                usetime:0   ms  runttime:511 ms  usememory:40636kb  ExitCode:0x0
##2  : Accepted                usetime:15  ms  runttime:511 ms  usememory:40636kb  ExitCode:0x0
##3  : Accepted                usetime:15  ms  runttime:508 ms  usememory:40636kb  ExitCode:0x0
##4  : Accepted                usetime:0   ms  runttime:526 ms  usememory:40640kb  ExitCode:0x0
##5  : Runtime Error           usetime:31  ms  runttime:554 ms  usememory:40624kb  ExitCode:0xc0000005
##6  : Runtime Error           usetime:46  ms  runttime:102 ms  usememory:40548kb  ExitCode:0xc0000005
##7  : Runtime Error           usetime:31  ms  runttime:99  ms  usememory:40552kb  ExitCode:0xc0000005
##8  : Runtime Error           usetime:46  ms  runttime:99  ms  usememory:40556kb  ExitCode:0xc0000005
Judge Over, Runtime Error           usetime:46  ms  usememory:40640kb
评测总耗时：679ms

