C++|肖江|1000|2|1000|65536|1&2&3&4&5&6&7&8&9&10
运行ID:213 用户:肖江  题号:1000 语言:C++
评测机文件路径：D:\OpenJudge\Judge\SEJudger_Contest.exe
评测机：SEJudger_Contest

Compiling[213]...
Compilation successful
InjectAPIHookDll OK, dwProcessId[26112]
--------------------------------
PeakWorkingSetSize				3776
WorkingSetSize					20
QuotaPeakPagedPoolUsage			54
QuotaPagedPoolUsage				0
QuotaPeakNonPagedPoolUsage		8
QuotaNonPagedPoolUsage			0
PagefileUsage					64
PeakPagefileUsage				1156
--------------------------------
Special Judge UsedTime: 22
Finish[213][01]: timeUsed:   0 ms  memoryUsed: 1156 kb  status:4 [Correct], exitcode:0
InjectAPIHookDll OK, dwProcessId[23364]
--------------------------------
PeakWorkingSetSize				3788
WorkingSetSize					20
QuotaPeakPagedPoolUsage			54
QuotaPagedPoolUsage				0
QuotaPeakNonPagedPoolUsage		8
QuotaNonPagedPoolUsage			0
PagefileUsage					64
PeakPagefileUsage				1192
--------------------------------
Special Judge UsedTime: 25
Finish[213][02]: timeUsed:   0 ms  memoryUsed: 1192 kb  status:4 [Correct], exitcode:0
InjectAPIHookDll OK, dwProcessId[9288]
--------------------------------
PeakWorkingSetSize				3792
WorkingSetSize					20
QuotaPeakPagedPoolUsage			54
QuotaPagedPoolUsage				0
QuotaPeakNonPagedPoolUsage		8
QuotaNonPagedPoolUsage			0
PagefileUsage					64
PeakPagefileUsage				1168
--------------------------------
Special Judge UsedTime: 24
Finish[213][03]: timeUsed:   0 ms  memoryUsed: 1168 kb  status:4 [Correct], exitcode:0
InjectAPIHookDll OK, dwProcessId[4576]
--------------------------------
PeakWorkingSetSize				3780
WorkingSetSize					20
QuotaPeakPagedPoolUsage			54
QuotaPagedPoolUsage				0
QuotaPeakNonPagedPoolUsage		8
QuotaNonPagedPoolUsage			0
PagefileUsage					64
PeakPagefileUsage				1160
--------------------------------
Special Judge UsedTime: 25
Finish[213][04]: timeUsed:   0 ms  memoryUsed: 1160 kb  status:4 [Correct], exitcode:0
InjectAPIHookDll OK, dwProcessId[26448]
--------------------------------
PeakWorkingSetSize				3792
WorkingSetSize					20
QuotaPeakPagedPoolUsage			54
QuotaPagedPoolUsage				0
QuotaPeakNonPagedPoolUsage		8
QuotaNonPagedPoolUsage			0
PagefileUsage					64
PeakPagefileUsage				1180
--------------------------------
Special Judge UsedTime: 24
Finish[213][05]: timeUsed:   0 ms  memoryUsed: 1180 kb  status:4 [Correct], exitcode:0
InjectAPIHookDll OK, dwProcessId[24568]
--------------------------------
PeakWorkingSetSize				3788
WorkingSetSize					20
QuotaPeakPagedPoolUsage			54
QuotaPagedPoolUsage				0
QuotaPeakNonPagedPoolUsage		8
QuotaNonPagedPoolUsage			0
PagefileUsage					64
PeakPagefileUsage				1192
--------------------------------
Special Judge UsedTime: 21
Finish[213][06]: timeUsed:   0 ms  memoryUsed: 1192 kb  status:4 [Correct], exitcode:0
InjectAPIHookDll OK, dwProcessId[20664]
--------------------------------
PeakWorkingSetSize				3792
WorkingSetSize					20
QuotaPeakPagedPoolUsage			54
QuotaPagedPoolUsage				0
QuotaPeakNonPagedPoolUsage		8
QuotaNonPagedPoolUsage			0
PagefileUsage					64
PeakPagefileUsage				1172
--------------------------------
Special Judge UsedTime: 22
Finish[213][07]: timeUsed:   0 ms  memoryUsed: 1172 kb  status:4 [Correct], exitcode:0
InjectAPIHookDll OK, dwProcessId[24564]
--------------------------------
PeakWorkingSetSize				3792
WorkingSetSize					20
QuotaPeakPagedPoolUsage			54
QuotaPagedPoolUsage				0
QuotaPeakNonPagedPoolUsage		8
QuotaNonPagedPoolUsage			0
PagefileUsage					64
PeakPagefileUsage				1188
--------------------------------
Special Judge UsedTime: 21
Finish[213][08]: timeUsed:   0 ms  memoryUsed: 1188 kb  status:4 [Correct], exitcode:0
InjectAPIHookDll OK, dwProcessId[24896]
--------------------------------
PeakWorkingSetSize				3788
WorkingSetSize					20
QuotaPeakPagedPoolUsage			54
QuotaPagedPoolUsage				0
QuotaPeakNonPagedPoolUsage		8
QuotaNonPagedPoolUsage			0
PagefileUsage					64
PeakPagefileUsage				1188
--------------------------------
Special Judge UsedTime: 28
Finish[213][09]: timeUsed:  15 ms  memoryUsed: 1188 kb  status:4 [Correct], exitcode:0
InjectAPIHookDll OK, dwProcessId[22636]
--------------------------------
PeakWorkingSetSize				3776
WorkingSetSize					20
QuotaPeakPagedPoolUsage			54
QuotaPagedPoolUsage				0
QuotaPeakNonPagedPoolUsage		8
QuotaNonPagedPoolUsage			0
PagefileUsage					64
PeakPagefileUsage				1156
--------------------------------
Special Judge UsedTime: 27
Finish[213][10]: timeUsed:  15 ms  memoryUsed: 1156 kb  status:4 [Correct], exitcode:0
