C++|肖江|1004|2|1000|65536|1&2&3&4&5&6&7&8&9&10&11
运行ID:5   用户:肖江  题号:1004 语言:C++
SQLException in c:\users\dell\desktop\newjudger\sejudger\sejudger\function_mysql.cpp (mysql_set_oj_allRun) on line 86
 (MySQL error code: 0 , SQLState: 00000 )
评测机文件路径：D:\OpenJudge\Judge\SEJudger.exe
评测机：SEJudger

SQLException in c:\users\dell\desktop\newjudger\sejudger\sejudger\function_mysql.cpp (mysql_set_judgeStatus) on line 136
 (MySQL error code: 0 , SQLState: 00000 )
Compiling[5]...
Compilation successful
SQLException in c:\users\dell\desktop\newjudger\sejudger\sejudger\function_mysql.cpp (mysql_set_judgeStatus) on line 136
 (MySQL error code: 0 , SQLState: 00000 )
Finish[05][01]: timeUsed:   0 ms  memoryUsed: 3704 kb  status:4 [Correct], exitcode:0
Finish[05][02]: timeUsed:  15 ms  memoryUsed: 3700 kb  status:4 [Correct], exitcode:0
Finish[05][03]: timeUsed:   0 ms  memoryUsed: 3704 kb  status:4 [Correct], exitcode:0
Finish[05][04]: timeUsed:   0 ms  memoryUsed: 3700 kb  status:4 [Correct], exitcode:0
Finish[05][05]: timeUsed:   0 ms  memoryUsed: 3708 kb  status:4 [Correct], exitcode:0
Finish[05][06]: timeUsed:   0 ms  memoryUsed: 3708 kb  status:4 [Correct], exitcode:0
Finish[05][07]: timeUsed:  15 ms  memoryUsed: 3700 kb  status:4 [Correct], exitcode:0
Finish[05][08]: timeUsed:   0 ms  memoryUsed: 3704 kb  status:4 [Correct], exitcode:0
Finish[05][09]: timeUsed:   0 ms  memoryUsed: 3708 kb  status:4 [Correct], exitcode:0
Finish[05][10]: timeUsed:   0 ms  memoryUsed: 3696 kb  status:4 [Correct], exitcode:0
Finish[05][11]: timeUsed:   0 ms  memoryUsed: 3700 kb  status:4 [Correct], exitcode:0
SQLException in c:\users\dell\desktop\newjudger\sejudger\sejudger\function_mysql.cpp (mysql_set_judgeData) on line 161
 (MySQL error code: 0 , SQLState: 00000 )
