8137
8137
8137
32548
8137
16274
195288
8137
8137
8137
32548
8137
8137
8137
8137
8137
56959
16274
8137
81370
16274
16274
16274
179014
8137
8137
8137
8137
8137
8137
24411
8137
8137
8137
8137
8137
8137
8137
16274
8137
16274
48822
8137
8137
16274
8137
48822
8137
8137
16274
8137
105781
24411
8137
48822
8137
16274
8137
32548
8137
48822
8137
8137
8137
40685
8137
8137
8137
65096
8137
8137
8137
16274
16274
8137
8137
8137
8137
8137
8137
8137
8137
16274
154603
8137
8137
24411
24411
24411
40685
8137
431261
8137
227836
24411
48822
40685
8137
8137
48822
