C++|肖江|1022|2|1000|65536|1&2&3&4&5&6&7&8&9&10
运行ID:68  用户:肖江  题号:1022 语言:C++
SQLException in c:\users\dell\desktop\newjudger\sejudger\sejudger\function_mysql.cpp (mysql_set_oj_allRun) on line 86
 (MySQL error code: 0 , SQLState: 00000 )
评测机文件路径：D:\OpenJudge\Judge\SEJudger.exe
评测机：SEJudger

SQLException in c:\users\dell\desktop\newjudger\sejudger\sejudger\function_mysql.cpp (mysql_set_judgeStatus) on line 136
 (MySQL error code: 0 , SQLState: 00000 )
Compiling[68]...
Compilation successful
SQLException in c:\users\dell\desktop\newjudger\sejudger\sejudger\function_mysql.cpp (mysql_set_judgeStatus) on line 136
 (MySQL error code: 0 , SQLState: 00000 )
Finish[68][01]: timeUsed:  15 ms  memoryUsed: 4156 kb  status:4 [Correct], exitcode:0
Finish[68][02]: timeUsed:   0 ms  memoryUsed: 3716 kb  status:4 [Correct], exitcode:0
Finish[68][03]: timeUsed:   0 ms  memoryUsed: 3716 kb  status:4 [Correct], exitcode:0
Finish[68][04]: timeUsed:   0 ms  memoryUsed: 3720 kb  status:4 [Correct], exitcode:0
Finish[68][05]: timeUsed:   0 ms  memoryUsed: 3720 kb  status:4 [Correct], exitcode:0
Finish[68][06]: timeUsed:   0 ms  memoryUsed: 3720 kb  status:4 [Correct], exitcode:0
Finish[68][07]: timeUsed:  15 ms  memoryUsed: 3720 kb  status:4 [Correct], exitcode:0
Finish[68][08]: timeUsed:   0 ms  memoryUsed: 3716 kb  status:4 [Correct], exitcode:0
Finish[68][09]: timeUsed:   0 ms  memoryUsed: 3716 kb  status:4 [Correct], exitcode:0
Finish[68][10]: timeUsed:   0 ms  memoryUsed: 3692 kb  status:4 [Correct], exitcode:0
SQLException in c:\users\dell\desktop\newjudger\sejudger\sejudger\function_mysql.cpp (mysql_set_judgeData) on line 161
 (MySQL error code: 0 , SQLState: 00000 )
