C++|肖江|1044|2|1000|65536|1&2&3&4&5&6&7&8&9&10
运行ID:131 用户:肖江  题号:1044 语言:C++
评测机文件路径：D:\OpenJudge\Judge\SEJudger.exe
评测机：SEJudger

Compiling[131]...
Compilation successful
InjectAPIHookDll OK, dwProcessId[10468]
Special Judge UsedTime: 17
Finish[131][01]: timeUsed:   0 ms  memoryUsed: 3872 kb  status:4 [Correct], exitcode:0
InjectAPIHookDll OK, dwProcessId[26932]
Special Judge UsedTime: 17
Finish[131][02]: timeUsed:   0 ms  memoryUsed: 3876 kb  status:4 [Correct], exitcode:0
InjectAPIHookDll OK, dwProcessId[26772]
Special Judge UsedTime: 20
Finish[131][03]: timeUsed:   0 ms  memoryUsed: 3872 kb  status:4 [Correct], exitcode:0
InjectAPIHookDll OK, dwProcessId[7000]
Special Judge UsedTime: 20
Finish[131][04]: timeUsed:   0 ms  memoryUsed: 3876 kb  status:4 [Correct], exitcode:0
InjectAPIHookDll OK, dwProcessId[13996]
Special Judge UsedTime: 18
Finish[131][05]: timeUsed:   0 ms  memoryUsed: 3880 kb  status:4 [Correct], exitcode:0
InjectAPIHookDll OK, dwProcessId[14380]
Special Judge UsedTime: 18
Finish[131][06]: timeUsed:   0 ms  memoryUsed: 3876 kb  status:4 [Correct], exitcode:0
InjectAPIHookDll OK, dwProcessId[29408]
Special Judge UsedTime: 17
Finish[131][07]: timeUsed:   0 ms  memoryUsed: 3880 kb  status:4 [Correct], exitcode:0
InjectAPIHookDll OK, dwProcessId[24856]
Special Judge UsedTime: 17
Finish[131][08]: timeUsed:   0 ms  memoryUsed: 3880 kb  status:4 [Correct], exitcode:0
InjectAPIHookDll OK, dwProcessId[220]
Special Judge UsedTime: 18
Finish[131][09]: timeUsed:   0 ms  memoryUsed: 3876 kb  status:4 [Correct], exitcode:0
InjectAPIHookDll OK, dwProcessId[20140]
Special Judge UsedTime: 17
Finish[131][10]: timeUsed:   0 ms  memoryUsed: 3884 kb  status:4 [Correct], exitcode:0
