Python|肖江|1000|2|1000|65536|1&2&3&4&5&6&7&8&9&10
运行ID:38  用户:肖江  题号:1000 语言:Python
SQLException in c:\users\dell\desktop\newjudger\sejudger\sejudger\function_mysql.cpp (mysql_set_oj_allRun) on line 86
 (MySQL error code: 0 , SQLState: 00000 )
评测机文件路径：D:\OpenJudge\Judge\SEJudger.exe
评测机：SEJudger

SQLException in c:\users\dell\desktop\newjudger\sejudger\sejudger\function_mysql.cpp (mysql_set_judgeStatus) on line 136
 (MySQL error code: 0 , SQLState: 00000 )
Compiling[38]...
Compilation successful
SQLException in c:\users\dell\desktop\newjudger\sejudger\sejudger\function_mysql.cpp (mysql_set_judgeStatus) on line 136
 (MySQL error code: 0 , SQLState: 00000 )
Finish[38][01]: timeUsed:  31 ms  memoryUsed:13700 kb  status:4 [Correct], exitcode:0
Finish[38][02]: timeUsed:  31 ms  memoryUsed:13692 kb  status:4 [Correct], exitcode:0
Finish[38][03]: timeUsed:   0 ms  memoryUsed:13692 kb  status:4 [Correct], exitcode:0
Finish[38][04]: timeUsed:  31 ms  memoryUsed:13636 kb  status:4 [Correct], exitcode:0
Finish[38][05]: timeUsed:  31 ms  memoryUsed:13688 kb  status:4 [Correct], exitcode:0
Finish[38][06]: timeUsed:  62 ms  memoryUsed:13636 kb  status:4 [Correct], exitcode:0
Finish[38][07]: timeUsed:  31 ms  memoryUsed:13640 kb  status:4 [Correct], exitcode:0
Finish[38][08]: timeUsed:  31 ms  memoryUsed:13684 kb  status:4 [Correct], exitcode:0
Finish[38][09]: timeUsed:  62 ms  memoryUsed:13644 kb  status:4 [Correct], exitcode:0
Finish[38][10]: timeUsed:  15 ms  memoryUsed:13668 kb  status:4 [Correct], exitcode:0
SQLException in c:\users\dell\desktop\newjudger\sejudger\sejudger\function_mysql.cpp (mysql_set_judgeData) on line 161
 (MySQL error code: 0 , SQLState: 00000 )
