C++|肖江|1000|2|1000|65536|1&2&3&4&5&6&7&8&9&10
运行ID:215 用户:肖江  题号:1000 语言:C++
评测机文件路径：D:\OpenJudge\Judge\SEJudger_Contest.exe
评测机：SEJudger_Contest

Compiling[215]...
Compilation successful
InjectAPIHookDll OK, dwProcessId[7212]
--------------------------------
PeakWorkingSetSize				3776
WorkingSetSize					20
QuotaPeakPagedPoolUsage			54
QuotaPagedPoolUsage				0
QuotaPeakNonPagedPoolUsage		8
QuotaNonPagedPoolUsage			0
PagefileUsage					64
PeakPagefileUsage				1156
--------------------------------
Special Judge UsedTime: 21
Finish[215][01]: timeUsed:   0 ms  memoryUsed: 1156 kb  status:4 [Correct], exitcode:0
InjectAPIHookDll OK, dwProcessId[23920]
--------------------------------
PeakWorkingSetSize				3776
WorkingSetSize					20
QuotaPeakPagedPoolUsage			54
QuotaPagedPoolUsage				0
QuotaPeakNonPagedPoolUsage		8
QuotaNonPagedPoolUsage			0
PagefileUsage					64
PeakPagefileUsage				1152
--------------------------------
Special Judge UsedTime: 22
Finish[215][02]: timeUsed:  15 ms  memoryUsed: 1152 kb  status:4 [Correct], exitcode:0
InjectAPIHookDll OK, dwProcessId[22572]
--------------------------------
PeakWorkingSetSize				3780
WorkingSetSize					20
QuotaPeakPagedPoolUsage			54
QuotaPagedPoolUsage				0
QuotaPeakNonPagedPoolUsage		8
QuotaNonPagedPoolUsage			0
PagefileUsage					64
PeakPagefileUsage				1164
--------------------------------
Special Judge UsedTime: 22
Finish[215][03]: timeUsed:   0 ms  memoryUsed: 1164 kb  status:4 [Correct], exitcode:0
InjectAPIHookDll OK, dwProcessId[24656]
--------------------------------
PeakWorkingSetSize				3776
WorkingSetSize					20
QuotaPeakPagedPoolUsage			54
QuotaPagedPoolUsage				0
QuotaPeakNonPagedPoolUsage		8
QuotaNonPagedPoolUsage			0
PagefileUsage					64
PeakPagefileUsage				1152
--------------------------------
Special Judge UsedTime: 20
Finish[215][04]: timeUsed:   0 ms  memoryUsed: 1152 kb  status:4 [Correct], exitcode:0
InjectAPIHookDll OK, dwProcessId[1372]
--------------------------------
PeakWorkingSetSize				3776
WorkingSetSize					20
QuotaPeakPagedPoolUsage			54
QuotaPagedPoolUsage				0
QuotaPeakNonPagedPoolUsage		8
QuotaNonPagedPoolUsage			0
PagefileUsage					64
PeakPagefileUsage				1160
--------------------------------
Special Judge UsedTime: 21
Finish[215][05]: timeUsed:   0 ms  memoryUsed: 1160 kb  status:4 [Correct], exitcode:0
InjectAPIHookDll OK, dwProcessId[25216]
--------------------------------
PeakWorkingSetSize				3776
WorkingSetSize					20
QuotaPeakPagedPoolUsage			54
QuotaPagedPoolUsage				0
QuotaPeakNonPagedPoolUsage		8
QuotaNonPagedPoolUsage			0
PagefileUsage					64
PeakPagefileUsage				1156
--------------------------------
Special Judge UsedTime: 20
Finish[215][06]: timeUsed:   0 ms  memoryUsed: 1156 kb  status:4 [Correct], exitcode:0
InjectAPIHookDll OK, dwProcessId[24712]
--------------------------------
PeakWorkingSetSize				3780
WorkingSetSize					20
QuotaPeakPagedPoolUsage			54
QuotaPagedPoolUsage				0
QuotaPeakNonPagedPoolUsage		8
QuotaNonPagedPoolUsage			0
PagefileUsage					64
PeakPagefileUsage				1156
--------------------------------
Special Judge UsedTime: 20
Finish[215][07]: timeUsed:   0 ms  memoryUsed: 1156 kb  status:4 [Correct], exitcode:0
InjectAPIHookDll OK, dwProcessId[23628]
--------------------------------
PeakWorkingSetSize				3776
WorkingSetSize					20
QuotaPeakPagedPoolUsage			54
QuotaPagedPoolUsage				0
QuotaPeakNonPagedPoolUsage		8
QuotaNonPagedPoolUsage			0
PagefileUsage					64
PeakPagefileUsage				1156
--------------------------------
Special Judge UsedTime: 21
Finish[215][08]: timeUsed:   0 ms  memoryUsed: 1156 kb  status:4 [Correct], exitcode:0
InjectAPIHookDll OK, dwProcessId[2452]
--------------------------------
PeakWorkingSetSize				3788
WorkingSetSize					20
QuotaPeakPagedPoolUsage			54
QuotaPagedPoolUsage				0
QuotaPeakNonPagedPoolUsage		8
QuotaNonPagedPoolUsage			0
PagefileUsage					64
PeakPagefileUsage				1164
--------------------------------
Special Judge UsedTime: 20
Finish[215][09]: timeUsed:  15 ms  memoryUsed: 1164 kb  status:4 [Correct], exitcode:0
InjectAPIHookDll OK, dwProcessId[6460]
--------------------------------
PeakWorkingSetSize				3780
WorkingSetSize					20
QuotaPeakPagedPoolUsage			54
QuotaPagedPoolUsage				0
QuotaPeakNonPagedPoolUsage		8
QuotaNonPagedPoolUsage			0
PagefileUsage					64
PeakPagefileUsage				1160
--------------------------------
Special Judge UsedTime: 22
Finish[215][10]: timeUsed:   0 ms  memoryUsed: 1160 kb  status:4 [Correct], exitcode:0
