Python|肖江|1000|2|1000|65536|1&2&3&4&5&6&7&8&9&10
运行ID:283 用户:肖江  题号:1000 语言:Python
评测机文件路径：D:\OpenJudge\Judge\SEJudger_Contest.exe
评测机：SEJudger_Contest

Compiling[283]...
Compilation successful
CreateRemoteThread error 87
InjectAPIHookDll Error, dwProcessId[16864]
--------------------------------
PeakWorkingSetSize				9576
WorkingSetSize					32
QuotaPeakPagedPoolUsage			112
QuotaPagedPoolUsage				0
QuotaPeakNonPagedPoolUsage		9
QuotaNonPagedPoolUsage			0
PagefileUsage					76
PeakPagefileUsage				4144
--------------------------------
Special Judge UsedTime: 247
Finish[283][01]: timeUsed:  62 ms  memoryUsed: 4144 kb  status:4 [Correct], exitcode:0
CreateRemoteThread error 87
InjectAPIHookDll Error, dwProcessId[21452]
--------------------------------
PeakWorkingSetSize				9568
WorkingSetSize					32
QuotaPeakPagedPoolUsage			112
QuotaPagedPoolUsage				0
QuotaPeakNonPagedPoolUsage		9
QuotaNonPagedPoolUsage			0
PagefileUsage					76
PeakPagefileUsage				4140
--------------------------------
Special Judge UsedTime: 15
Finish[283][02]: timeUsed:  31 ms  memoryUsed: 4140 kb  status:4 [Correct], exitcode:0
CreateRemoteThread error 87
InjectAPIHookDll Error, dwProcessId[8324]
--------------------------------
PeakWorkingSetSize				9524
WorkingSetSize					32
QuotaPeakPagedPoolUsage			112
QuotaPagedPoolUsage				0
QuotaPeakNonPagedPoolUsage		9
QuotaNonPagedPoolUsage			0
PagefileUsage					76
PeakPagefileUsage				4148
--------------------------------
Special Judge UsedTime: 15
Finish[283][03]: timeUsed:  15 ms  memoryUsed: 4148 kb  status:4 [Correct], exitcode:0
CreateRemoteThread error 87
InjectAPIHookDll Error, dwProcessId[3300]
--------------------------------
PeakWorkingSetSize				9596
WorkingSetSize					32
QuotaPeakPagedPoolUsage			112
QuotaPagedPoolUsage				0
QuotaPeakNonPagedPoolUsage		9
QuotaNonPagedPoolUsage			0
PagefileUsage					76
PeakPagefileUsage				4164
--------------------------------
Special Judge UsedTime: 16
Finish[283][04]: timeUsed:  31 ms  memoryUsed: 4164 kb  status:4 [Correct], exitcode:0
CreateRemoteThread error 87
InjectAPIHookDll Error, dwProcessId[12252]
--------------------------------
PeakWorkingSetSize				9576
WorkingSetSize					32
QuotaPeakPagedPoolUsage			112
QuotaPagedPoolUsage				0
QuotaPeakNonPagedPoolUsage		9
QuotaNonPagedPoolUsage			0
PagefileUsage					76
PeakPagefileUsage				4156
--------------------------------
Special Judge UsedTime: 14
Finish[283][05]: timeUsed:  15 ms  memoryUsed: 4156 kb  status:4 [Correct], exitcode:0
CreateRemoteThread error 87
InjectAPIHookDll Error, dwProcessId[22760]
--------------------------------
PeakWorkingSetSize				9512
WorkingSetSize					32
QuotaPeakPagedPoolUsage			112
QuotaPagedPoolUsage				0
QuotaPeakNonPagedPoolUsage		9
QuotaNonPagedPoolUsage			0
PagefileUsage					76
PeakPagefileUsage				4128
--------------------------------
Special Judge UsedTime: 15
Finish[283][06]: timeUsed:  15 ms  memoryUsed: 4128 kb  status:4 [Correct], exitcode:0
CreateRemoteThread error 87
InjectAPIHookDll Error, dwProcessId[17248]
--------------------------------
PeakWorkingSetSize				9560
WorkingSetSize					32
QuotaPeakPagedPoolUsage			112
QuotaPagedPoolUsage				0
QuotaPeakNonPagedPoolUsage		9
QuotaNonPagedPoolUsage			0
PagefileUsage					76
PeakPagefileUsage				4148
--------------------------------
Special Judge UsedTime: 14
Finish[283][07]: timeUsed:  15 ms  memoryUsed: 4148 kb  status:4 [Correct], exitcode:0
CreateRemoteThread error 87
InjectAPIHookDll Error, dwProcessId[7952]
--------------------------------
PeakWorkingSetSize				9540
WorkingSetSize					32
QuotaPeakPagedPoolUsage			112
QuotaPagedPoolUsage				0
QuotaPeakNonPagedPoolUsage		9
QuotaNonPagedPoolUsage			0
PagefileUsage					76
PeakPagefileUsage				4148
--------------------------------
Special Judge UsedTime: 16
Finish[283][08]: timeUsed:   0 ms  memoryUsed: 4148 kb  status:4 [Correct], exitcode:0
CreateRemoteThread error 87
InjectAPIHookDll Error, dwProcessId[6792]
--------------------------------
PeakWorkingSetSize				9540
WorkingSetSize					32
QuotaPeakPagedPoolUsage			112
QuotaPagedPoolUsage				0
QuotaPeakNonPagedPoolUsage		9
QuotaNonPagedPoolUsage			0
PagefileUsage					76
PeakPagefileUsage				4152
--------------------------------
Special Judge UsedTime: 15
Finish[283][09]: timeUsed:  15 ms  memoryUsed: 4152 kb  status:4 [Correct], exitcode:0
CreateRemoteThread error 87
InjectAPIHookDll Error, dwProcessId[3120]
--------------------------------
PeakWorkingSetSize				9560
WorkingSetSize					32
QuotaPeakPagedPoolUsage			112
QuotaPagedPoolUsage				0
QuotaPeakNonPagedPoolUsage		9
QuotaNonPagedPoolUsage			0
PagefileUsage					76
PeakPagefileUsage				4156
--------------------------------
Special Judge UsedTime: 15
Finish[283][10]: timeUsed:   0 ms  memoryUsed: 4156 kb  status:4 [Correct], exitcode:0
