Python|肖江|1022|2|1000|65536|1&2&3&4&5&6&7&8&9&10
运行ID:69  用户:肖江  题号:1022 语言:Python
SQLException in c:\users\dell\desktop\newjudger\sejudger\sejudger\function_mysql.cpp (mysql_set_oj_allRun) on line 86
 (MySQL error code: 0 , SQLState: 00000 )
评测机文件路径：D:\OpenJudge\Judge\SEJudger.exe
评测机：SEJudger

SQLException in c:\users\dell\desktop\newjudger\sejudger\sejudger\function_mysql.cpp (mysql_set_judgeStatus) on line 136
 (MySQL error code: 0 , SQLState: 00000 )
Compiling[69]...
Compilation successful
SQLException in c:\users\dell\desktop\newjudger\sejudger\sejudger\function_mysql.cpp (mysql_set_judgeStatus) on line 136
 (MySQL error code: 0 , SQLState: 00000 )
Finish[69][01]: timeUsed:  15 ms  memoryUsed:13920 kb  status:4 [Correct], exitcode:0
Finish[69][02]: timeUsed:  62 ms  memoryUsed:13876 kb  status:4 [Correct], exitcode:0
Finish[69][03]: timeUsed:  15 ms  memoryUsed:13884 kb  status:4 [Correct], exitcode:0
Finish[69][04]: timeUsed:  15 ms  memoryUsed:13940 kb  status:4 [Correct], exitcode:0
Finish[69][05]: timeUsed:  46 ms  memoryUsed:13932 kb  status:4 [Correct], exitcode:0
Finish[69][06]: timeUsed:  62 ms  memoryUsed:13928 kb  status:4 [Correct], exitcode:0
Finish[69][07]: timeUsed:  15 ms  memoryUsed:13964 kb  status:4 [Correct], exitcode:0
Finish[69][08]: timeUsed:  15 ms  memoryUsed:13920 kb  status:4 [Correct], exitcode:0
Finish[69][09]: timeUsed:  15 ms  memoryUsed:13900 kb  status:4 [Correct], exitcode:0
Finish[69][10]: timeUsed:  31 ms  memoryUsed:13880 kb  status:4 [Correct], exitcode:0
SQLException in c:\users\dell\desktop\newjudger\sejudger\sejudger\function_mysql.cpp (mysql_set_judgeData) on line 161
 (MySQL error code: 0 , SQLState: 00000 )
