Java|吴泽|1015|2|1000|65536|1&2&3&4&5&6&7&8&9&10
运行ID:55  用户:吴泽  题号:1015 语言:Java
评测机文件路径：D:\OpenJudge\Judge\SEJudger_Contest.exe
评测机：SEJudger_Contest

Compiling[55]...
Compilation successful
CreateRemoteThread error 87
InjectAPIHookDll Error, dwProcessId[12456]
--------------------------------
PeakWorkingSetSize				22724
WorkingSetSize					20
QuotaPeakPagedPoolUsage			168
QuotaPagedPoolUsage				0
QuotaPeakNonPagedPoolUsage		18
QuotaNonPagedPoolUsage			0
PagefileUsage					60
PeakPagefileUsage				241908
--------------------------------
Special Judge UsedTime: 12
Finish[55][01]: timeUsed:  62 ms  memoryUsed:241908 kb  status:8 [Wrong Answer], exitcode:0
CreateRemoteThread error 87
InjectAPIHookDll Error, dwProcessId[11524]
--------------------------------
PeakWorkingSetSize				22688
WorkingSetSize					20
QuotaPeakPagedPoolUsage			168
QuotaPagedPoolUsage				0
QuotaPeakNonPagedPoolUsage		18
QuotaNonPagedPoolUsage			0
PagefileUsage					60
PeakPagefileUsage				241832
--------------------------------
Special Judge UsedTime: 10
Finish[55][02]: timeUsed:  62 ms  memoryUsed:241832 kb  status:4 [Correct], exitcode:0
CreateRemoteThread error 87
InjectAPIHookDll Error, dwProcessId[18676]
--------------------------------
PeakWorkingSetSize				22716
WorkingSetSize					20
QuotaPeakPagedPoolUsage			168
QuotaPagedPoolUsage				0
QuotaPeakNonPagedPoolUsage		18
QuotaNonPagedPoolUsage			0
PagefileUsage					60
PeakPagefileUsage				241868
--------------------------------
Special Judge UsedTime: 10
Finish[55][03]: timeUsed:  93 ms  memoryUsed:241868 kb  status:8 [Wrong Answer], exitcode:0
CreateRemoteThread error 87
InjectAPIHookDll Error, dwProcessId[26128]
--------------------------------
PeakWorkingSetSize				22764
WorkingSetSize					20
QuotaPeakPagedPoolUsage			168
QuotaPagedPoolUsage				0
QuotaPeakNonPagedPoolUsage		18
QuotaNonPagedPoolUsage			0
PagefileUsage					60
PeakPagefileUsage				241840
--------------------------------
Special Judge UsedTime: 15
Finish[55][04]: timeUsed: 156 ms  memoryUsed:241840 kb  status:4 [Correct], exitcode:0
CreateRemoteThread error 87
InjectAPIHookDll Error, dwProcessId[20072]
--------------------------------
PeakWorkingSetSize				22480
WorkingSetSize					22472
QuotaPeakPagedPoolUsage			168
QuotaPagedPoolUsage				168
QuotaPeakNonPagedPoolUsage		18
QuotaNonPagedPoolUsage			18
PagefileUsage					241904
PeakPagefileUsage				241904
--------------------------------
--------------------------------
PeakWorkingSetSize				22480
WorkingSetSize					20
QuotaPeakPagedPoolUsage			168
QuotaPagedPoolUsage				0
QuotaPeakNonPagedPoolUsage		18
QuotaNonPagedPoolUsage			0
PagefileUsage					60
PeakPagefileUsage				241904
--------------------------------
Finish[55][05]: timeUsed:1015 ms  memoryUsed:241904 kb  status:6 [Time Limit Exceeded], exitcode:1
CreateRemoteThread error 87
InjectAPIHookDll Error, dwProcessId[23352]
--------------------------------
PeakWorkingSetSize				22536
WorkingSetSize					22532
QuotaPeakPagedPoolUsage			168
QuotaPagedPoolUsage				168
QuotaPeakNonPagedPoolUsage		18
QuotaNonPagedPoolUsage			18
PagefileUsage					242052
PeakPagefileUsage				242052
--------------------------------
--------------------------------
PeakWorkingSetSize				22536
WorkingSetSize					20
QuotaPeakPagedPoolUsage			168
QuotaPagedPoolUsage				0
QuotaPeakNonPagedPoolUsage		18
QuotaNonPagedPoolUsage			0
PagefileUsage					60
PeakPagefileUsage				242052
--------------------------------
Finish[55][06]: timeUsed:1015 ms  memoryUsed:242052 kb  status:6 [Time Limit Exceeded], exitcode:1
CreateRemoteThread error 87
InjectAPIHookDll Error, dwProcessId[6904]
--------------------------------
PeakWorkingSetSize				22680
WorkingSetSize					22676
QuotaPeakPagedPoolUsage			168
QuotaPagedPoolUsage				168
QuotaPeakNonPagedPoolUsage		18
QuotaNonPagedPoolUsage			18
PagefileUsage					241992
PeakPagefileUsage				241992
--------------------------------
--------------------------------
PeakWorkingSetSize				22680
WorkingSetSize					20
QuotaPeakPagedPoolUsage			168
QuotaPagedPoolUsage				0
QuotaPeakNonPagedPoolUsage		18
QuotaNonPagedPoolUsage			0
PagefileUsage					60
PeakPagefileUsage				241992
--------------------------------
Finish[55][07]: timeUsed:1015 ms  memoryUsed:241992 kb  status:6 [Time Limit Exceeded], exitcode:1
CreateRemoteThread error 87
InjectAPIHookDll Error, dwProcessId[3268]
--------------------------------
PeakWorkingSetSize				22624
WorkingSetSize					22620
QuotaPeakPagedPoolUsage			168
QuotaPagedPoolUsage				168
QuotaPeakNonPagedPoolUsage		18
QuotaNonPagedPoolUsage			18
PagefileUsage					241932
PeakPagefileUsage				241932
--------------------------------
--------------------------------
PeakWorkingSetSize				22624
WorkingSetSize					20
QuotaPeakPagedPoolUsage			168
QuotaPagedPoolUsage				0
QuotaPeakNonPagedPoolUsage		18
QuotaNonPagedPoolUsage			0
PagefileUsage					60
PeakPagefileUsage				241932
--------------------------------
Finish[55][08]: timeUsed:1046 ms  memoryUsed:241932 kb  status:6 [Time Limit Exceeded], exitcode:1
CreateRemoteThread error 87
InjectAPIHookDll Error, dwProcessId[7752]
--------------------------------
PeakWorkingSetSize				22604
WorkingSetSize					22600
QuotaPeakPagedPoolUsage			168
QuotaPagedPoolUsage				168
QuotaPeakNonPagedPoolUsage		18
QuotaNonPagedPoolUsage			18
PagefileUsage					241872
PeakPagefileUsage				241880
--------------------------------
--------------------------------
PeakWorkingSetSize				22604
WorkingSetSize					20
QuotaPeakPagedPoolUsage			168
QuotaPagedPoolUsage				0
QuotaPeakNonPagedPoolUsage		18
QuotaNonPagedPoolUsage			0
PagefileUsage					60
PeakPagefileUsage				241880
--------------------------------
Finish[55][09]: timeUsed:1031 ms  memoryUsed:241880 kb  status:6 [Time Limit Exceeded], exitcode:1
CreateRemoteThread error 87
InjectAPIHookDll Error, dwProcessId[13496]
--------------------------------
PeakWorkingSetSize				22640
WorkingSetSize					22636
QuotaPeakPagedPoolUsage			168
QuotaPagedPoolUsage				168
QuotaPeakNonPagedPoolUsage		18
QuotaNonPagedPoolUsage			18
PagefileUsage					241948
PeakPagefileUsage				241948
--------------------------------
--------------------------------
PeakWorkingSetSize				22640
WorkingSetSize					20
QuotaPeakPagedPoolUsage			168
QuotaPagedPoolUsage				0
QuotaPeakNonPagedPoolUsage		18
QuotaNonPagedPoolUsage			0
PagefileUsage					60
PeakPagefileUsage				241948
--------------------------------
Finish[55][10]: timeUsed:1046 ms  memoryUsed:241948 kb  status:6 [Time Limit Exceeded], exitcode:1
