Python|肖江|1000|2|1000|65536|1&2&3&4&5&6&7&8&9&10
运行ID:250 用户:肖江  题号:1000 语言:Python
评测机文件路径：D:\OpenJudge\Judge\SEJudger_Contest.exe
评测机：SEJudger_Contest

Compiling[250]...
Compilation successful
CreateRemoteThread error 87
InjectAPIHookDll Error, dwProcessId[7972]
--------------------------------
PeakWorkingSetSize				9548
WorkingSetSize					32
QuotaPeakPagedPoolUsage			132
QuotaPagedPoolUsage				0
QuotaPeakNonPagedPoolUsage		9
QuotaNonPagedPoolUsage			0
PagefileUsage					76
PeakPagefileUsage				4152
--------------------------------
Special Judge UsedTime: 14
Finish[250][01]: timeUsed:  15 ms  memoryUsed: 4152 kb  status:4 [Correct], exitcode:0
CreateRemoteThread error 87
InjectAPIHookDll Error, dwProcessId[1468]
--------------------------------
PeakWorkingSetSize				9572
WorkingSetSize					32
QuotaPeakPagedPoolUsage			132
QuotaPagedPoolUsage				0
QuotaPeakNonPagedPoolUsage		9
QuotaNonPagedPoolUsage			0
PagefileUsage					76
PeakPagefileUsage				4184
--------------------------------
Special Judge UsedTime: 16
Finish[250][02]: timeUsed:   0 ms  memoryUsed: 4184 kb  status:4 [Correct], exitcode:0
CreateRemoteThread error 87
InjectAPIHookDll Error, dwProcessId[14524]
--------------------------------
PeakWorkingSetSize				9560
WorkingSetSize					32
QuotaPeakPagedPoolUsage			132
QuotaPagedPoolUsage				0
QuotaPeakNonPagedPoolUsage		9
QuotaNonPagedPoolUsage			0
PagefileUsage					76
PeakPagefileUsage				4136
--------------------------------
Special Judge UsedTime: 15
Finish[250][03]: timeUsed:  31 ms  memoryUsed: 4136 kb  status:4 [Correct], exitcode:0
CreateRemoteThread error 87
InjectAPIHookDll Error, dwProcessId[19796]
--------------------------------
PeakWorkingSetSize				9556
WorkingSetSize					32
QuotaPeakPagedPoolUsage			132
QuotaPagedPoolUsage				0
QuotaPeakNonPagedPoolUsage		9
QuotaNonPagedPoolUsage			0
PagefileUsage					76
PeakPagefileUsage				4152
--------------------------------
Special Judge UsedTime: 14
Finish[250][04]: timeUsed:  15 ms  memoryUsed: 4152 kb  status:4 [Correct], exitcode:0
CreateRemoteThread error 87
InjectAPIHookDll Error, dwProcessId[7192]
--------------------------------
PeakWorkingSetSize				9528
WorkingSetSize					32
QuotaPeakPagedPoolUsage			132
QuotaPagedPoolUsage				0
QuotaPeakNonPagedPoolUsage		9
QuotaNonPagedPoolUsage			0
PagefileUsage					76
PeakPagefileUsage				4152
--------------------------------
Special Judge UsedTime: 14
Finish[250][05]: timeUsed:  15 ms  memoryUsed: 4152 kb  status:4 [Correct], exitcode:0
CreateRemoteThread error 87
InjectAPIHookDll Error, dwProcessId[14808]
--------------------------------
PeakWorkingSetSize				9512
WorkingSetSize					28
QuotaPeakPagedPoolUsage			132
QuotaPagedPoolUsage				0
QuotaPeakNonPagedPoolUsage		9
QuotaNonPagedPoolUsage			0
PagefileUsage					72
PeakPagefileUsage				4128
--------------------------------
Special Judge UsedTime: 14
Finish[250][06]: timeUsed:  31 ms  memoryUsed: 4128 kb  status:4 [Correct], exitcode:0
CreateRemoteThread error 87
InjectAPIHookDll Error, dwProcessId[9064]
--------------------------------
PeakWorkingSetSize				9528
WorkingSetSize					32
QuotaPeakPagedPoolUsage			132
QuotaPagedPoolUsage				0
QuotaPeakNonPagedPoolUsage		9
QuotaNonPagedPoolUsage			0
PagefileUsage					76
PeakPagefileUsage				4156
--------------------------------
Special Judge UsedTime: 13
Finish[250][07]: timeUsed:  31 ms  memoryUsed: 4156 kb  status:4 [Correct], exitcode:0
CreateRemoteThread error 87
InjectAPIHookDll Error, dwProcessId[19344]
--------------------------------
PeakWorkingSetSize				9496
WorkingSetSize					32
QuotaPeakPagedPoolUsage			132
QuotaPagedPoolUsage				0
QuotaPeakNonPagedPoolUsage		9
QuotaNonPagedPoolUsage			0
PagefileUsage					76
PeakPagefileUsage				4120
--------------------------------
Special Judge UsedTime: 13
Finish[250][08]: timeUsed:  15 ms  memoryUsed: 4120 kb  status:4 [Correct], exitcode:0
CreateRemoteThread error 87
InjectAPIHookDll Error, dwProcessId[23484]
--------------------------------
PeakWorkingSetSize				9524
WorkingSetSize					32
QuotaPeakPagedPoolUsage			132
QuotaPagedPoolUsage				0
QuotaPeakNonPagedPoolUsage		9
QuotaNonPagedPoolUsage			0
PagefileUsage					76
PeakPagefileUsage				4144
--------------------------------
Special Judge UsedTime: 14
Finish[250][09]: timeUsed:  15 ms  memoryUsed: 4144 kb  status:4 [Correct], exitcode:0
CreateRemoteThread error 87
InjectAPIHookDll Error, dwProcessId[18696]
--------------------------------
PeakWorkingSetSize				9564
WorkingSetSize					32
QuotaPeakPagedPoolUsage			132
QuotaPagedPoolUsage				0
QuotaPeakNonPagedPoolUsage		9
QuotaNonPagedPoolUsage			0
PagefileUsage					76
PeakPagefileUsage				4188
--------------------------------
Special Judge UsedTime: 15
Finish[250][10]: timeUsed:  15 ms  memoryUsed: 4188 kb  status:4 [Correct], exitcode:0
