C++|肖江|1000|2|1000|65536|1&2&3&4&5&6&7&8&9&10
运行ID:211 用户:肖江  题号:1000 语言:C++
评测机文件路径：D:\OpenJudge\Judge\SEJudger_Contest.exe
评测机：SEJudger_Contest

Compiling[211]...
Compilation successful
InjectAPIHookDll OK, dwProcessId[22804]
--------------------------------
PeakWorkingSetSize				3776
WorkingSetSize					20
QuotaPeakPagedPoolUsage			46
QuotaPagedPoolUsage				0
QuotaPeakNonPagedPoolUsage		8
QuotaNonPagedPoolUsage			0
PagefileUsage					64
PeakPagefileUsage				1160
--------------------------------
Special Judge UsedTime: 27
Finish[211][01]: timeUsed:   0 ms  memoryUsed: 1160 kb  status:4 [Correct], exitcode:0
InjectAPIHookDll OK, dwProcessId[6048]
--------------------------------
PeakWorkingSetSize				3776
WorkingSetSize					20
QuotaPeakPagedPoolUsage			46
QuotaPagedPoolUsage				0
QuotaPeakNonPagedPoolUsage		8
QuotaNonPagedPoolUsage			0
PagefileUsage					64
PeakPagefileUsage				1156
--------------------------------
Special Judge UsedTime: 19
Finish[211][02]: timeUsed:   0 ms  memoryUsed: 1156 kb  status:4 [Correct], exitcode:0
InjectAPIHookDll OK, dwProcessId[24252]
--------------------------------
PeakWorkingSetSize				3788
WorkingSetSize					20
QuotaPeakPagedPoolUsage			46
QuotaPagedPoolUsage				0
QuotaPeakNonPagedPoolUsage		8
QuotaNonPagedPoolUsage			0
PagefileUsage					64
PeakPagefileUsage				1184
--------------------------------
Special Judge UsedTime: 26
Finish[211][03]: timeUsed:   0 ms  memoryUsed: 1184 kb  status:4 [Correct], exitcode:0
InjectAPIHookDll OK, dwProcessId[9192]
--------------------------------
PeakWorkingSetSize				3788
WorkingSetSize					20
QuotaPeakPagedPoolUsage			54
QuotaPagedPoolUsage				0
QuotaPeakNonPagedPoolUsage		8
QuotaNonPagedPoolUsage			0
PagefileUsage					68
PeakPagefileUsage				1168
--------------------------------
Special Judge UsedTime: 26
Finish[211][04]: timeUsed:  15 ms  memoryUsed: 1168 kb  status:4 [Correct], exitcode:0
InjectAPIHookDll OK, dwProcessId[25320]
--------------------------------
PeakWorkingSetSize				3788
WorkingSetSize					20
QuotaPeakPagedPoolUsage			54
QuotaPagedPoolUsage				0
QuotaPeakNonPagedPoolUsage		8
QuotaNonPagedPoolUsage			0
PagefileUsage					64
PeakPagefileUsage				1164
--------------------------------
Special Judge UsedTime: 24
Finish[211][05]: timeUsed:  15 ms  memoryUsed: 1164 kb  status:4 [Correct], exitcode:0
InjectAPIHookDll OK, dwProcessId[24884]
--------------------------------
PeakWorkingSetSize				3788
WorkingSetSize					20
QuotaPeakPagedPoolUsage			54
QuotaPagedPoolUsage				0
QuotaPeakNonPagedPoolUsage		8
QuotaNonPagedPoolUsage			0
PagefileUsage					64
PeakPagefileUsage				1192
--------------------------------
Special Judge UsedTime: 20
Finish[211][06]: timeUsed:   0 ms  memoryUsed: 1192 kb  status:4 [Correct], exitcode:0
InjectAPIHookDll OK, dwProcessId[9592]
--------------------------------
PeakWorkingSetSize				3788
WorkingSetSize					20
QuotaPeakPagedPoolUsage			54
QuotaPagedPoolUsage				0
QuotaPeakNonPagedPoolUsage		8
QuotaNonPagedPoolUsage			0
PagefileUsage					64
PeakPagefileUsage				1180
--------------------------------
Special Judge UsedTime: 21
Finish[211][07]: timeUsed:   0 ms  memoryUsed: 1180 kb  status:4 [Correct], exitcode:0
InjectAPIHookDll OK, dwProcessId[26196]
--------------------------------
PeakWorkingSetSize				3776
WorkingSetSize					20
QuotaPeakPagedPoolUsage			54
QuotaPagedPoolUsage				0
QuotaPeakNonPagedPoolUsage		8
QuotaNonPagedPoolUsage			0
PagefileUsage					64
PeakPagefileUsage				1156
--------------------------------
Special Judge UsedTime: 20
Finish[211][08]: timeUsed:   0 ms  memoryUsed: 1156 kb  status:4 [Correct], exitcode:0
InjectAPIHookDll OK, dwProcessId[24564]
--------------------------------
PeakWorkingSetSize				3788
WorkingSetSize					20
QuotaPeakPagedPoolUsage			54
QuotaPagedPoolUsage				0
QuotaPeakNonPagedPoolUsage		8
QuotaNonPagedPoolUsage			0
PagefileUsage					64
PeakPagefileUsage				1180
--------------------------------
Special Judge UsedTime: 20
Finish[211][09]: timeUsed:  15 ms  memoryUsed: 1180 kb  status:4 [Correct], exitcode:0
InjectAPIHookDll OK, dwProcessId[24896]
--------------------------------
PeakWorkingSetSize				3788
WorkingSetSize					20
QuotaPeakPagedPoolUsage			54
QuotaPagedPoolUsage				0
QuotaPeakNonPagedPoolUsage		8
QuotaNonPagedPoolUsage			0
PagefileUsage					64
PeakPagefileUsage				1164
--------------------------------
Special Judge UsedTime: 23
Finish[211][10]: timeUsed:   0 ms  memoryUsed: 1164 kb  status:4 [Correct], exitcode:0
