Python|肖江|1037|2|1000|65536|1&2&3&4&5&6&7&8&9&10
运行ID:97  用户:肖江  题号:1037 语言:Python
SQLException in c:\users\dell\desktop\newjudger\sejudger\sejudger\function_mysql.cpp (mysql_connect) on line 32
Too many connections (MySQL error code: 1040 , SQLState: HY000 )
SQLException in c:\users\dell\desktop\newjudger\sejudger\sejudger\function_mysql.cpp (mysql_connect) on line 32
Too many connections (MySQL error code: 1040 , SQLState: HY000 )
SQLException in c:\users\dell\desktop\newjudger\sejudger\sejudger\function_mysql.cpp (mysql_set_oj_allRun) on line 86
 (MySQL error code: 0 , SQLState: 00000 )
评测机文件路径：D:\OpenJudge\Judge\SEJudger.exe
评测机：SEJudger

SQLException in c:\users\dell\desktop\newjudger\sejudger\sejudger\function_mysql.cpp (mysql_connect) on line 32
Too many connections (MySQL error code: 1040 , SQLState: HY000 )
SQLException in c:\users\dell\desktop\newjudger\sejudger\sejudger\function_mysql.cpp (mysql_set_judgeStatus) on line 136
 (MySQL error code: 0 , SQLState: 00000 )
Compiling[97]...
Compilation successful
SQLException in c:\users\dell\desktop\newjudger\sejudger\sejudger\function_mysql.cpp (mysql_connect) on line 32
Too many connections (MySQL error code: 1040 , SQLState: HY000 )
SQLException in c:\users\dell\desktop\newjudger\sejudger\sejudger\function_mysql.cpp (mysql_set_judgeStatus) on line 136
 (MySQL error code: 0 , SQLState: 00000 )
Finish[97][01]: timeUsed:  46 ms  memoryUsed:13628 kb  status:4 [Correct], exitcode:0
Finish[97][02]: timeUsed:  31 ms  memoryUsed:13648 kb  status:4 [Correct], exitcode:0
Finish[97][03]: timeUsed:  15 ms  memoryUsed:13680 kb  status:4 [Correct], exitcode:0
Finish[97][04]: timeUsed:  31 ms  memoryUsed:13732 kb  status:4 [Correct], exitcode:0
Finish[97][05]: timeUsed:  46 ms  memoryUsed:13708 kb  status:4 [Correct], exitcode:0
Finish[97][06]: timeUsed:  62 ms  memoryUsed:13684 kb  status:4 [Correct], exitcode:0
Finish[97][07]: timeUsed:  15 ms  memoryUsed:13728 kb  status:4 [Correct], exitcode:0
Finish[97][08]: timeUsed:  31 ms  memoryUsed:13768 kb  status:4 [Correct], exitcode:0
Finish[97][09]: timeUsed:   0 ms  memoryUsed:13640 kb  status:4 [Correct], exitcode:0
Finish[97][10]: timeUsed:   0 ms  memoryUsed:13732 kb  status:4 [Correct], exitcode:0
SQLException in c:\users\dell\desktop\newjudger\sejudger\sejudger\function_mysql.cpp (mysql_connect) on line 32
Too many connections (MySQL error code: 1040 , SQLState: HY000 )
SQLException in c:\users\dell\desktop\newjudger\sejudger\sejudger\function_mysql.cpp (mysql_set_judgeData) on line 161
 (MySQL error code: 0 , SQLState: 00000 )
