C++|肖江|1005|2|1000|65536|1&2&3&4&5&6&7&8&9&10
运行ID:186 用户:肖江  题号:1005 语言:C++
评测机文件路径：D:\OpenJudge\Judge\SEJudger_Contest.exe
评测机：SEJudger_Contest

Compiling[186]...
Compilation successful
InjectAPIHookDll OK, dwProcessId[23268]
--------------------------------
PeakWorkingSetSize				3856
WorkingSetSize					20
QuotaPeakPagedPoolUsage			48
QuotaPagedPoolUsage				0
QuotaPeakNonPagedPoolUsage		8
QuotaNonPagedPoolUsage			0
PagefileUsage					64
PeakPagefileUsage				1184
--------------------------------
Finish[186][01]: timeUsed:  15 ms  memoryUsed: 1184 kb  status:9 [Runtime Error], exitcode:3
InjectAPIHookDll OK, dwProcessId[23320]
--------------------------------
PeakWorkingSetSize				3848
WorkingSetSize					20
QuotaPeakPagedPoolUsage			48
QuotaPagedPoolUsage				0
QuotaPeakNonPagedPoolUsage		8
QuotaNonPagedPoolUsage			0
PagefileUsage					64
PeakPagefileUsage				1180
--------------------------------
Finish[186][02]: timeUsed:   0 ms  memoryUsed: 1180 kb  status:9 [Runtime Error], exitcode:3
InjectAPIHookDll OK, dwProcessId[26376]
--------------------------------
PeakWorkingSetSize				3840
WorkingSetSize					20
QuotaPeakPagedPoolUsage			48
QuotaPagedPoolUsage				0
QuotaPeakNonPagedPoolUsage		8
QuotaNonPagedPoolUsage			0
PagefileUsage					64
PeakPagefileUsage				1192
--------------------------------
Finish[186][03]: timeUsed:   0 ms  memoryUsed: 1192 kb  status:9 [Runtime Error], exitcode:3
InjectAPIHookDll OK, dwProcessId[25996]
--------------------------------
PeakWorkingSetSize				3848
WorkingSetSize					20
QuotaPeakPagedPoolUsage			48
QuotaPagedPoolUsage				0
QuotaPeakNonPagedPoolUsage		8
QuotaNonPagedPoolUsage			0
PagefileUsage					64
PeakPagefileUsage				1200
--------------------------------
Finish[186][04]: timeUsed:   0 ms  memoryUsed: 1200 kb  status:9 [Runtime Error], exitcode:3
InjectAPIHookDll OK, dwProcessId[18676]
--------------------------------
PeakWorkingSetSize				3836
WorkingSetSize					20
QuotaPeakPagedPoolUsage			48
QuotaPagedPoolUsage				0
QuotaPeakNonPagedPoolUsage		8
QuotaNonPagedPoolUsage			0
PagefileUsage					64
PeakPagefileUsage				1164
--------------------------------
Finish[186][05]: timeUsed:   0 ms  memoryUsed: 1164 kb  status:9 [Runtime Error], exitcode:3
InjectAPIHookDll OK, dwProcessId[8604]
--------------------------------
PeakWorkingSetSize				3848
WorkingSetSize					20
QuotaPeakPagedPoolUsage			48
QuotaPagedPoolUsage				0
QuotaPeakNonPagedPoolUsage		8
QuotaNonPagedPoolUsage			0
PagefileUsage					64
PeakPagefileUsage				1176
--------------------------------
Finish[186][06]: timeUsed:   0 ms  memoryUsed: 1176 kb  status:9 [Runtime Error], exitcode:3
InjectAPIHookDll OK, dwProcessId[25320]
--------------------------------
PeakWorkingSetSize				3848
WorkingSetSize					20
QuotaPeakPagedPoolUsage			48
QuotaPagedPoolUsage				0
QuotaPeakNonPagedPoolUsage		8
QuotaNonPagedPoolUsage			0
PagefileUsage					64
PeakPagefileUsage				1216
--------------------------------
Finish[186][07]: timeUsed:   0 ms  memoryUsed: 1216 kb  status:9 [Runtime Error], exitcode:3
InjectAPIHookDll OK, dwProcessId[20588]
--------------------------------
PeakWorkingSetSize				3840
WorkingSetSize					20
QuotaPeakPagedPoolUsage			48
QuotaPagedPoolUsage				0
QuotaPeakNonPagedPoolUsage		8
QuotaNonPagedPoolUsage			0
PagefileUsage					64
PeakPagefileUsage				1188
--------------------------------
Finish[186][08]: timeUsed:   0 ms  memoryUsed: 1188 kb  status:9 [Runtime Error], exitcode:3
InjectAPIHookDll OK, dwProcessId[4576]
--------------------------------
PeakWorkingSetSize				3848
WorkingSetSize					20
QuotaPeakPagedPoolUsage			48
QuotaPagedPoolUsage				0
QuotaPeakNonPagedPoolUsage		8
QuotaNonPagedPoolUsage			0
PagefileUsage					64
PeakPagefileUsage				1172
--------------------------------
Finish[186][09]: timeUsed:   0 ms  memoryUsed: 1172 kb  status:9 [Runtime Error], exitcode:3
InjectAPIHookDll OK, dwProcessId[5212]
--------------------------------
PeakWorkingSetSize				3848
WorkingSetSize					20
QuotaPeakPagedPoolUsage			48
QuotaPagedPoolUsage				0
QuotaPeakNonPagedPoolUsage		8
QuotaNonPagedPoolUsage			0
PagefileUsage					64
PeakPagefileUsage				1192
--------------------------------
Finish[186][10]: timeUsed:   0 ms  memoryUsed: 1192 kb  status:9 [Runtime Error], exitcode:3
