C++|肖江|1000|2|1000|65536|1&2&3&4&5&6&7&8&9&10
运行ID:158 用户:肖江  题号:1000 语言:C++
评测机文件路径：D:\OpenJudge\Judge\SE_Judger.exe
评测机：SE_Judger

设置评测模式：2
设置运行ID：158
设置题号：1000
设置时间限制：1000
设置内存限制：65536
编译中...
编译完成
设置测试点数量：10
设置每个测试点号
开始评测： 2019-07-15 19:36:42
开始评测1 - 5测试点
开始评测6 - 10测试点
评测完成！
##1  : Memory Limit Exceeded   usetime:0   ms  runttime:0   ms  usememory:391852kb  ExitCode:0x103
##2  : Memory Limit Exceeded   usetime:0   ms  runttime:0   ms  usememory:391852kb  ExitCode:0x103
##3  : Memory Limit Exceeded   usetime:0   ms  runttime:0   ms  usememory:391852kb  ExitCode:0x103
##4  : Memory Limit Exceeded   usetime:0   ms  runttime:0   ms  usememory:391852kb  ExitCode:0x103
##5  : Memory Limit Exceeded   usetime:0   ms  runttime:0   ms  usememory:391852kb  ExitCode:0x103
##6  : Memory Limit Exceeded   usetime:0   ms  runttime:0   ms  usememory:391852kb  ExitCode:0x103
##7  : Memory Limit Exceeded   usetime:0   ms  runttime:0   ms  usememory:391852kb  ExitCode:0x103
##8  : Memory Limit Exceeded   usetime:0   ms  runttime:0   ms  usememory:391852kb  ExitCode:0x103
##9  : Memory Limit Exceeded   usetime:0   ms  runttime:0   ms  usememory:391856kb  ExitCode:0x103
##10 : Memory Limit Exceeded   usetime:0   ms  runttime:0   ms  usememory:391852kb  ExitCode:0x103
Judge Over, Memory Limit Exceeded   usetime:0   ms  usememory:391856kb
评测总耗时：24ms

