C++|肖江|1037|2|1000|65536|1&2&3&4&5&6&7&8&9&10
运行ID:96  用户:肖江  题号:1037 语言:C++
SQLException in c:\users\dell\desktop\newjudger\sejudger\sejudger\function_mysql.cpp (mysql_connect) on line 32
Too many connections (MySQL error code: 1040 , SQLState: HY000 )
SQLException in c:\users\dell\desktop\newjudger\sejudger\sejudger\function_mysql.cpp (mysql_connect) on line 32
Too many connections (MySQL error code: 1040 , SQLState: HY000 )
SQLException in c:\users\dell\desktop\newjudger\sejudger\sejudger\function_mysql.cpp (mysql_set_oj_allRun) on line 86
 (MySQL error code: 0 , SQLState: 00000 )
评测机文件路径：D:\OpenJudge\Judge\SEJudger.exe
评测机：SEJudger

SQLException in c:\users\dell\desktop\newjudger\sejudger\sejudger\function_mysql.cpp (mysql_connect) on line 32
Too many connections (MySQL error code: 1040 , SQLState: HY000 )
SQLException in c:\users\dell\desktop\newjudger\sejudger\sejudger\function_mysql.cpp (mysql_set_judgeStatus) on line 136
 (MySQL error code: 0 , SQLState: 00000 )
Compiling[96]...
Compilation successful
SQLException in c:\users\dell\desktop\newjudger\sejudger\sejudger\function_mysql.cpp (mysql_connect) on line 32
Too many connections (MySQL error code: 1040 , SQLState: HY000 )
SQLException in c:\users\dell\desktop\newjudger\sejudger\sejudger\function_mysql.cpp (mysql_set_judgeStatus) on line 136
 (MySQL error code: 0 , SQLState: 00000 )
Finish[96][01]: timeUsed:   0 ms  memoryUsed: 4312 kb  status:4 [Correct], exitcode:0
Finish[96][02]: timeUsed:   0 ms  memoryUsed: 3876 kb  status:4 [Correct], exitcode:0
Finish[96][03]: timeUsed:   0 ms  memoryUsed: 3872 kb  status:4 [Correct], exitcode:0
Finish[96][04]: timeUsed:   0 ms  memoryUsed: 3872 kb  status:4 [Correct], exitcode:0
Finish[96][05]: timeUsed:   0 ms  memoryUsed: 3876 kb  status:4 [Correct], exitcode:0
Finish[96][06]: timeUsed:   0 ms  memoryUsed: 3876 kb  status:4 [Correct], exitcode:0
Finish[96][07]: timeUsed:   0 ms  memoryUsed: 3876 kb  status:4 [Correct], exitcode:0
Finish[96][08]: timeUsed:   0 ms  memoryUsed: 3876 kb  status:4 [Correct], exitcode:0
Finish[96][09]: timeUsed:   0 ms  memoryUsed: 3872 kb  status:4 [Correct], exitcode:0
Finish[96][10]: timeUsed:   0 ms  memoryUsed: 3876 kb  status:4 [Correct], exitcode:0
SQLException in c:\users\dell\desktop\newjudger\sejudger\sejudger\function_mysql.cpp (mysql_connect) on line 32
Too many connections (MySQL error code: 1040 , SQLState: HY000 )
SQLException in c:\users\dell\desktop\newjudger\sejudger\sejudger\function_mysql.cpp (mysql_set_judgeData) on line 161
 (MySQL error code: 0 , SQLState: 00000 )
