C++|肖江|1000|2|1000|65536|1&2&3&4&5&6&7&8&9&10
运行ID:189 用户:肖江  题号:1000 语言:C++
评测机文件路径：D:\OpenJudge\Judge\SEJudger.exe
评测机：SEJudger

Compiling[189]...
Compilation successful
InjectAPIHookDll OK, dwProcessId[16868]
Special Judge UsedTime: 21
Finish[189][01]: timeUsed:  31 ms  memoryUsed: 6104 kb  status:4 [Correct], exitcode:0
InjectAPIHookDll OK, dwProcessId[9024]
Special Judge UsedTime: 21
Finish[189][02]: timeUsed:   0 ms  memoryUsed: 6100 kb  status:4 [Correct], exitcode:0
InjectAPIHookDll OK, dwProcessId[6552]
Special Judge UsedTime: 21
Finish[189][03]: timeUsed:  15 ms  memoryUsed: 6096 kb  status:4 [Correct], exitcode:0
InjectAPIHookDll OK, dwProcessId[20368]
Special Judge UsedTime: 22
Finish[189][04]: timeUsed:   0 ms  memoryUsed: 6108 kb  status:4 [Correct], exitcode:0
InjectAPIHookDll OK, dwProcessId[19568]
Special Judge UsedTime: 22
Finish[189][05]: timeUsed:   0 ms  memoryUsed: 6100 kb  status:4 [Correct], exitcode:0
InjectAPIHookDll OK, dwProcessId[19648]
Special Judge UsedTime: 23
Finish[189][06]: timeUsed:  15 ms  memoryUsed: 6100 kb  status:4 [Correct], exitcode:0
InjectAPIHookDll OK, dwProcessId[3152]
Special Judge UsedTime: 24
Finish[189][07]: timeUsed:   0 ms  memoryUsed: 6096 kb  status:4 [Correct], exitcode:0
InjectAPIHookDll OK, dwProcessId[12620]
Special Judge UsedTime: 23
Finish[189][08]: timeUsed:  31 ms  memoryUsed: 6096 kb  status:4 [Correct], exitcode:0
InjectAPIHookDll OK, dwProcessId[19448]
Special Judge UsedTime: 23
Finish[189][09]: timeUsed:   0 ms  memoryUsed: 6216 kb  status:4 [Correct], exitcode:0
InjectAPIHookDll OK, dwProcessId[19756]
Special Judge UsedTime: 23
Finish[189][10]: timeUsed:   0 ms  memoryUsed: 6224 kb  status:4 [Correct], exitcode:0
