C++|肖江|1000|2|1000|65536|1&2&3&4&5&6&7&8&9&10
运行ID:318 用户:肖江  题号:1000 语言:C++
评测机文件路径：D:\OpenJudge\Judge\SEJudger.exe
评测机：SEJudger

Compiling[318]...
Compilation successful
InjectAPIHookDll OK, dwProcessId[3712]
1
--------------------------------
PeakWorkingSetSize				3428
WorkingSetSize					20
QuotaPeakPagedPoolUsage			45
QuotaPagedPoolUsage				0
QuotaPeakNonPagedPoolUsage		6
QuotaNonPagedPoolUsage			0
PagefileUsage					64
PeakPagefileUsage				972
--------------------------------
Special Judge UsedTime: 110 ms
Finish[318][01]: timeUsed:   0 ms  memoryUsed:  972 kb  status:4 [Correct], exitcode:0
Judge Used Time:321 ms

InjectAPIHookDll OK, dwProcessId[23088]
1
--------------------------------
PeakWorkingSetSize				3428
WorkingSetSize					20
QuotaPeakPagedPoolUsage			45
QuotaPagedPoolUsage				0
QuotaPeakNonPagedPoolUsage		6
QuotaNonPagedPoolUsage			0
PagefileUsage					64
PeakPagefileUsage				968
--------------------------------
Special Judge UsedTime: 109 ms
Finish[318][02]: timeUsed:   0 ms  memoryUsed:  968 kb  status:4 [Correct], exitcode:0
Judge Used Time:316 ms

InjectAPIHookDll OK, dwProcessId[6216]
1
--------------------------------
PeakWorkingSetSize				3428
WorkingSetSize					20
QuotaPeakPagedPoolUsage			45
QuotaPagedPoolUsage				0
QuotaPeakNonPagedPoolUsage		6
QuotaNonPagedPoolUsage			0
PagefileUsage					64
PeakPagefileUsage				972
--------------------------------
Special Judge UsedTime: 110 ms
Finish[318][03]: timeUsed:  15 ms  memoryUsed:  972 kb  status:4 [Correct], exitcode:0
Judge Used Time:319 ms

InjectAPIHookDll OK, dwProcessId[6372]
1
--------------------------------
PeakWorkingSetSize				3428
WorkingSetSize					20
QuotaPeakPagedPoolUsage			45
QuotaPagedPoolUsage				0
QuotaPeakNonPagedPoolUsage		6
QuotaNonPagedPoolUsage			0
PagefileUsage					64
PeakPagefileUsage				976
--------------------------------
Special Judge UsedTime: 35 ms
Finish[318][04]: timeUsed:   0 ms  memoryUsed:  976 kb  status:4 [Correct], exitcode:0
Judge Used Time:243 ms

InjectAPIHookDll OK, dwProcessId[23112]
1
--------------------------------
PeakWorkingSetSize				3428
WorkingSetSize					20
QuotaPeakPagedPoolUsage			45
QuotaPagedPoolUsage				0
QuotaPeakNonPagedPoolUsage		6
QuotaNonPagedPoolUsage			0
PagefileUsage					64
PeakPagefileUsage				972
--------------------------------
Special Judge UsedTime: 111 ms
Finish[318][05]: timeUsed:  15 ms  memoryUsed:  972 kb  status:4 [Correct], exitcode:0
Judge Used Time:322 ms

InjectAPIHookDll OK, dwProcessId[13440]
1
--------------------------------
PeakWorkingSetSize				3428
WorkingSetSize					20
QuotaPeakPagedPoolUsage			45
QuotaPagedPoolUsage				0
QuotaPeakNonPagedPoolUsage		6
QuotaNonPagedPoolUsage			0
PagefileUsage					64
PeakPagefileUsage				972
--------------------------------
Special Judge UsedTime: 111 ms
Finish[318][06]: timeUsed:   0 ms  memoryUsed:  972 kb  status:4 [Correct], exitcode:0
Judge Used Time:318 ms

InjectAPIHookDll OK, dwProcessId[10852]
1
--------------------------------
PeakWorkingSetSize				3428
WorkingSetSize					20
QuotaPeakPagedPoolUsage			53
QuotaPagedPoolUsage				0
QuotaPeakNonPagedPoolUsage		6
QuotaNonPagedPoolUsage			0
PagefileUsage					64
PeakPagefileUsage				972
--------------------------------
Special Judge UsedTime: 112 ms
Finish[318][07]: timeUsed:   0 ms  memoryUsed:  972 kb  status:4 [Correct], exitcode:0
Judge Used Time:319 ms

InjectAPIHookDll OK, dwProcessId[15956]
1
--------------------------------
PeakWorkingSetSize				3428
WorkingSetSize					20
QuotaPeakPagedPoolUsage			53
QuotaPagedPoolUsage				0
QuotaPeakNonPagedPoolUsage		6
QuotaNonPagedPoolUsage			0
PagefileUsage					64
PeakPagefileUsage				972
--------------------------------
Special Judge UsedTime: 23 ms
Finish[318][08]: timeUsed:   0 ms  memoryUsed:  972 kb  status:4 [Correct], exitcode:0
Judge Used Time:181 ms

InjectAPIHookDll OK, dwProcessId[12940]
1
--------------------------------
PeakWorkingSetSize				3428
WorkingSetSize					20
QuotaPeakPagedPoolUsage			53
QuotaPagedPoolUsage				0
QuotaPeakNonPagedPoolUsage		6
QuotaNonPagedPoolUsage			0
PagefileUsage					64
PeakPagefileUsage				972
--------------------------------
Special Judge UsedTime: 112 ms
Finish[318][09]: timeUsed:   0 ms  memoryUsed:  972 kb  status:4 [Correct], exitcode:0
Judge Used Time:304 ms

InjectAPIHookDll OK, dwProcessId[13492]
1
--------------------------------
PeakWorkingSetSize				3428
WorkingSetSize					20
QuotaPeakPagedPoolUsage			53
QuotaPagedPoolUsage				0
QuotaPeakNonPagedPoolUsage		6
QuotaNonPagedPoolUsage			0
PagefileUsage					64
PeakPagefileUsage				972
--------------------------------
Special Judge UsedTime: 110 ms
Finish[318][10]: timeUsed:   0 ms  memoryUsed:  972 kb  status:4 [Correct], exitcode:0
Judge Used Time:319 ms

