C++|肖江|1000|2|1000|65536|1&2&3&4&5&6&7&8&9&10
运行ID:169 用户:肖江  题号:1000 语言:C++
评测机文件路径：D:\OpenJudge\Judge\SE_Judger.exe
评测机：SE_Judger

设置评测模式：2
设置运行ID：169
设置题号：1000
设置时间限制：1000
设置内存限制：65536
编译中...
编译完成
设置测试点数量：10
设置每个测试点号
开始评测： 2019-08-15 02:44:52
开始评测1 - 5测试点
@超时重测[1] ： 测试点1
@超时重测[1] ： 测试点2
@超时重测[1] ： 测试点3
@超时重测[1] ： 测试点4
@超时重测[1] ： 测试点5
开始评测6 - 10测试点
评测完成！
##1  : Memory Limit Exceeded   usetime:265 ms  runttime:340 ms  usememory:67136kb  ExitCode:0x103
##2  : Memory Limit Exceeded   usetime:281 ms  runttime:373 ms  usememory:66736kb  ExitCode:0x103
##3  : Memory Limit Exceeded   usetime:296 ms  runttime:362 ms  usememory:65848kb  ExitCode:0x103
##4  : Memory Limit Exceeded   usetime:312 ms  runttime:362 ms  usememory:66304kb  ExitCode:0x103
##5  : Memory Limit Exceeded   usetime:234 ms  runttime:350 ms  usememory:66588kb  ExitCode:0x103
##6  : Memory Limit Exceeded   usetime:421 ms  runttime:570 ms  usememory:65592kb  ExitCode:0x103
##7  : Memory Limit Exceeded   usetime:437 ms  runttime:584 ms  usememory:66040kb  ExitCode:0x103
##8  : Memory Limit Exceeded   usetime:406 ms  runttime:585 ms  usememory:66768kb  ExitCode:0x103
##9  : Memory Limit Exceeded   usetime:390 ms  runttime:571 ms  usememory:66304kb  ExitCode:0x103
##10 : Memory Limit Exceeded   usetime:375 ms  runttime:581 ms  usememory:65996kb  ExitCode:0x103
Judge Over, Memory Limit Exceeded   usetime:437 ms  usememory:67136kb
评测总耗时：4456ms

文件被占用，正在尝试删除...
文件被占用，正在尝试删除...
文件被占用，正在尝试删除...
文件被占用，正在尝试删除...
文件被占用，正在尝试删除...
文件被占用，正在尝试删除...
文件被占用，正在尝试删除...
文件被占用，正在尝试删除...
文件被占用，正在尝试删除...
文件被占用，正在尝试删除...
文件被占用，正在尝试删除...
文件被占用，正在尝试删除...
文件被占用，正在尝试删除...
文件被占用，正在尝试删除...
文件被占用，正在尝试删除...
文件被占用，正在尝试删除...
文件被占用，正在尝试删除...
文件被占用，正在尝试删除...
文件被占用，正在尝试删除...
文件被占用，正在尝试删除...
文件被占用，正在尝试删除...
文件被占用，正在尝试删除...
文件被占用，正在尝试删除...
文件被占用，正在尝试删除...
文件被占用，正在尝试删除...
文件被占用，正在尝试删除...
文件被占用，正在尝试删除...
文件被占用，正在尝试删除...
文件被占用，正在尝试删除...
文件被占用，正在尝试删除...
文件被占用，正在尝试删除...
文件被占用，正在尝试删除...
文件被占用，正在尝试删除...
文件被占用，正在尝试删除...
文件被占用，正在尝试删除...
文件被占用，正在尝试删除...
文件被占用，正在尝试删除...
文件被占用，正在尝试删除...
文件被占用，正在尝试删除...
文件被占用，正在尝试删除...
文件被占用，正在尝试删除...
文件被占用，正在尝试删除...
文件被占用，正在尝试删除...
文件被占用，正在尝试删除...
文件被占用，正在尝试删除...
文件被占用，正在尝试删除...
文件被占用，正在尝试删除...
文件被占用，正在尝试删除...
文件被占用，正在尝试删除...
文件被占用，正在尝试删除...
文件被占用，正在尝试删除...
文件被占用，正在尝试删除...
文件被占用，正在尝试删除...
文件被占用，正在尝试删除...
文件被占用，正在尝试删除...
文件被占用，正在尝试删除...
文件被占用，正在尝试删除...
文件被占用，正在尝试删除...
文件被占用，正在尝试删除...
文件被占用，正在尝试删除...
文件被占用，正在尝试删除...
文件被占用，正在尝试删除...
文件被占用，正在尝试删除...
文件被占用，正在尝试删除...
文件被占用，正在尝试删除...
文件被占用，正在尝试删除...
文件被占用，正在尝试删除...
文件被占用，正在尝试删除...
文件被占用，正在尝试删除...
文件被占用，正在尝试删除...
文件被占用，正在尝试删除...
文件被占用，正在尝试删除...
文件被占用，正在尝试删除...
文件被占用，正在尝试删除...
文件被占用，正在尝试删除...
文件被占用，正在尝试删除...
文件被占用，正在尝试删除...
