C++|肖江|1011|2|1000|65536|1&2&3&4&5&6&7&8
运行ID:45  用户:肖江  题号:1011 语言:C++
评测机文件路径：D:\OpenJudge\Judge\SEJudger_Contest.exe
评测机：SEJudger_Contest

Compiling[45]...
Compilation successful
InjectAPIHookDll OK, dwProcessId[23212]
--------------------------------
PeakWorkingSetSize				3544
WorkingSetSize					20
QuotaPeakPagedPoolUsage			45
QuotaPagedPoolUsage				0
QuotaPeakNonPagedPoolUsage		8
QuotaNonPagedPoolUsage			0
PagefileUsage					64
PeakPagefileUsage				1120
--------------------------------
Special Judge UsedTime: 11
Finish[45][01]: timeUsed:   0 ms  memoryUsed: 1120 kb  status:4 [Correct], exitcode:0
InjectAPIHookDll OK, dwProcessId[24800]
--------------------------------
PeakWorkingSetSize				3548
WorkingSetSize					20
QuotaPeakPagedPoolUsage			45
QuotaPagedPoolUsage				0
QuotaPeakNonPagedPoolUsage		6
QuotaNonPagedPoolUsage			0
PagefileUsage					64
PeakPagefileUsage				1116
--------------------------------
Special Judge UsedTime: 11
Finish[45][02]: timeUsed:   0 ms  memoryUsed: 1116 kb  status:4 [Correct], exitcode:0
InjectAPIHookDll OK, dwProcessId[12344]
--------------------------------
PeakWorkingSetSize				3532
WorkingSetSize					20
QuotaPeakPagedPoolUsage			45
QuotaPagedPoolUsage				0
QuotaPeakNonPagedPoolUsage		6
QuotaNonPagedPoolUsage			0
PagefileUsage					64
PeakPagefileUsage				1104
--------------------------------
Special Judge UsedTime: 10
Finish[45][03]: timeUsed:   0 ms  memoryUsed: 1104 kb  status:4 [Correct], exitcode:0
InjectAPIHookDll OK, dwProcessId[5420]
--------------------------------
PeakWorkingSetSize				3536
WorkingSetSize					20
QuotaPeakPagedPoolUsage			45
QuotaPagedPoolUsage				0
QuotaPeakNonPagedPoolUsage		6
QuotaNonPagedPoolUsage			0
PagefileUsage					64
PeakPagefileUsage				1108
--------------------------------
Special Judge UsedTime: 11
Finish[45][04]: timeUsed:  15 ms  memoryUsed: 1108 kb  status:4 [Correct], exitcode:0
InjectAPIHookDll OK, dwProcessId[22752]
--------------------------------
PeakWorkingSetSize				3536
WorkingSetSize					20
QuotaPeakPagedPoolUsage			45
QuotaPagedPoolUsage				0
QuotaPeakNonPagedPoolUsage		6
QuotaNonPagedPoolUsage			0
PagefileUsage					64
PeakPagefileUsage				1108
--------------------------------
Special Judge UsedTime: 13
Finish[45][05]: timeUsed:   0 ms  memoryUsed: 1108 kb  status:4 [Correct], exitcode:0
InjectAPIHookDll OK, dwProcessId[25380]
--------------------------------
PeakWorkingSetSize				3548
WorkingSetSize					20
QuotaPeakPagedPoolUsage			45
QuotaPagedPoolUsage				0
QuotaPeakNonPagedPoolUsage		6
QuotaNonPagedPoolUsage			0
PagefileUsage					64
PeakPagefileUsage				1128
--------------------------------
Special Judge UsedTime: 13
Finish[45][06]: timeUsed:   0 ms  memoryUsed: 1128 kb  status:4 [Correct], exitcode:0
InjectAPIHookDll OK, dwProcessId[21584]
--------------------------------
PeakWorkingSetSize				3548
WorkingSetSize					20
QuotaPeakPagedPoolUsage			45
QuotaPagedPoolUsage				0
QuotaPeakNonPagedPoolUsage		6
QuotaNonPagedPoolUsage			0
PagefileUsage					64
PeakPagefileUsage				1112
--------------------------------
Special Judge UsedTime: 14
Finish[45][07]: timeUsed:   0 ms  memoryUsed: 1112 kb  status:4 [Correct], exitcode:0
InjectAPIHookDll OK, dwProcessId[23996]
--------------------------------
PeakWorkingSetSize				3536
WorkingSetSize					20
QuotaPeakPagedPoolUsage			45
QuotaPagedPoolUsage				0
QuotaPeakNonPagedPoolUsage		6
QuotaNonPagedPoolUsage			0
PagefileUsage					64
PeakPagefileUsage				1112
--------------------------------
Special Judge UsedTime: 10
Finish[45][08]: timeUsed:  46 ms  memoryUsed: 1112 kb  status:4 [Correct], exitcode:0
