C++|肖江|1005|2|1000|65536|1&2&3&4&5&6&7&8&9&10
运行ID:157 用户:肖江  题号:1005 语言:C++
评测机文件路径：D:\OpenJudge\Judge\SE_JudgerContest.exe
评测机：SE_JudgerContest

设置评测模式：2
设置运行ID：157
设置题号：1005
设置时间限制：1000
设置内存限制：65536
编译中...
编译完成
设置测试点数量：10
设置每个测试点号
开始评测： 2019-07-15 20:07:14
开始评测1 - 5测试点
开始评测6 - 10测试点
评测完成！
##1  : Wrong Answer            usetime:0   ms  runttime:70  ms  usememory:684  kb  ExitCode:0x0
##2  : Wrong Answer            usetime:0   ms  runttime:70  ms  usememory:684  kb  ExitCode:0x0
##3  : Wrong Answer            usetime:0   ms  runttime:87  ms  usememory:680  kb  ExitCode:0x0
##4  : Wrong Answer            usetime:0   ms  runttime:66  ms  usememory:688  kb  ExitCode:0x0
##5  : Wrong Answer            usetime:15  ms  runttime:69  ms  usememory:688  kb  ExitCode:0x0
##6  : Wrong Answer            usetime:0   ms  runttime:96  ms  usememory:684  kb  ExitCode:0x0
##7  : Wrong Answer            usetime:0   ms  runttime:87  ms  usememory:688  kb  ExitCode:0x0
##8  : Wrong Answer            usetime:0   ms  runttime:121 ms  usememory:684  kb  ExitCode:0x0
##9  : Wrong Answer            usetime:0   ms  runttime:93  ms  usememory:688  kb  ExitCode:0x0
##10 : Wrong Answer            usetime:0   ms  runttime:93  ms  usememory:684  kb  ExitCode:0x0
Judge Over, Wrong Answer            usetime:15  ms  usememory:688  kb
评测总耗时：357ms

