Python|肖江|1000|2|1000|65536|1&2&3&4&5&6&7&8&9&10
运行ID:253 用户:肖江  题号:1000 语言:Python
评测机文件路径：D:\OpenJudge\Judge\SEJudger.exe
评测机：SEJudger

Compiling[253]...
Compilation successful
CreateRemoteThread error 87
InjectAPIHookDll Error, dwProcessId[4820]
--------------------------------
PeakWorkingSetSize				9548
WorkingSetSize					28
QuotaPeakPagedPoolUsage			120
QuotaPagedPoolUsage				0
QuotaPeakNonPagedPoolUsage		9
QuotaNonPagedPoolUsage			0
PagefileUsage					72
PeakPagefileUsage				4124
--------------------------------
Special Judge UsedTime: 18
Finish[253][01]: timeUsed:  46 ms  memoryUsed: 4124 kb  status:4 [Correct], exitcode:0
CreateRemoteThread error 87
InjectAPIHookDll Error, dwProcessId[33916]
--------------------------------
PeakWorkingSetSize				9516
WorkingSetSize					32
QuotaPeakPagedPoolUsage			120
QuotaPagedPoolUsage				0
QuotaPeakNonPagedPoolUsage		9
QuotaNonPagedPoolUsage			0
PagefileUsage					76
PeakPagefileUsage				4128
--------------------------------
Special Judge UsedTime: 18
Finish[253][02]: timeUsed:  31 ms  memoryUsed: 4128 kb  status:4 [Correct], exitcode:0
CreateRemoteThread error 87
InjectAPIHookDll Error, dwProcessId[3400]
--------------------------------
PeakWorkingSetSize				9616
WorkingSetSize					32
QuotaPeakPagedPoolUsage			120
QuotaPagedPoolUsage				0
QuotaPeakNonPagedPoolUsage		9
QuotaNonPagedPoolUsage			0
PagefileUsage					76
PeakPagefileUsage				4172
--------------------------------
Special Judge UsedTime: 19
Finish[253][03]: timeUsed:   0 ms  memoryUsed: 4172 kb  status:4 [Correct], exitcode:0
CreateRemoteThread error 87
InjectAPIHookDll Error, dwProcessId[11668]
--------------------------------
PeakWorkingSetSize				9556
WorkingSetSize					32
QuotaPeakPagedPoolUsage			120
QuotaPagedPoolUsage				0
QuotaPeakNonPagedPoolUsage		9
QuotaNonPagedPoolUsage			0
PagefileUsage					76
PeakPagefileUsage				4136
--------------------------------
Special Judge UsedTime: 18
Finish[253][04]: timeUsed:  31 ms  memoryUsed: 4136 kb  status:4 [Correct], exitcode:0
CreateRemoteThread error 87
InjectAPIHookDll Error, dwProcessId[1324]
--------------------------------
PeakWorkingSetSize				9592
WorkingSetSize					32
QuotaPeakPagedPoolUsage			120
QuotaPagedPoolUsage				0
QuotaPeakNonPagedPoolUsage		9
QuotaNonPagedPoolUsage			0
PagefileUsage					76
PeakPagefileUsage				4168
--------------------------------
Special Judge UsedTime: 20
Finish[253][05]: timeUsed:  46 ms  memoryUsed: 4168 kb  status:4 [Correct], exitcode:0
CreateRemoteThread error 87
InjectAPIHookDll Error, dwProcessId[26644]
--------------------------------
PeakWorkingSetSize				9552
WorkingSetSize					32
QuotaPeakPagedPoolUsage			120
QuotaPagedPoolUsage				0
QuotaPeakNonPagedPoolUsage		9
QuotaNonPagedPoolUsage			0
PagefileUsage					76
PeakPagefileUsage				4132
--------------------------------
Special Judge UsedTime: 18
Finish[253][06]: timeUsed:  15 ms  memoryUsed: 4132 kb  status:4 [Correct], exitcode:0
CreateRemoteThread error 87
InjectAPIHookDll Error, dwProcessId[8204]
--------------------------------
PeakWorkingSetSize				9544
WorkingSetSize					32
QuotaPeakPagedPoolUsage			120
QuotaPagedPoolUsage				0
QuotaPeakNonPagedPoolUsage		9
QuotaNonPagedPoolUsage			0
PagefileUsage					76
PeakPagefileUsage				4140
--------------------------------
Special Judge UsedTime: 17
Finish[253][07]: timeUsed:  15 ms  memoryUsed: 4140 kb  status:4 [Correct], exitcode:0
CreateRemoteThread error 87
InjectAPIHookDll Error, dwProcessId[32520]
--------------------------------
PeakWorkingSetSize				9600
WorkingSetSize					32
QuotaPeakPagedPoolUsage			120
QuotaPagedPoolUsage				0
QuotaPeakNonPagedPoolUsage		9
QuotaNonPagedPoolUsage			0
PagefileUsage					76
PeakPagefileUsage				4172
--------------------------------
Special Judge UsedTime: 17
Finish[253][08]: timeUsed:   0 ms  memoryUsed: 4172 kb  status:4 [Correct], exitcode:0
CreateRemoteThread error 87
InjectAPIHookDll Error, dwProcessId[11120]
--------------------------------
PeakWorkingSetSize				9552
WorkingSetSize					32
QuotaPeakPagedPoolUsage			120
QuotaPagedPoolUsage				0
QuotaPeakNonPagedPoolUsage		9
QuotaNonPagedPoolUsage			0
PagefileUsage					76
PeakPagefileUsage				4128
--------------------------------
Special Judge UsedTime: 17
Finish[253][09]: timeUsed:  15 ms  memoryUsed: 4128 kb  status:4 [Correct], exitcode:0
CreateRemoteThread error 87
InjectAPIHookDll Error, dwProcessId[12056]
--------------------------------
PeakWorkingSetSize				9512
WorkingSetSize					32
QuotaPeakPagedPoolUsage			120
QuotaPagedPoolUsage				0
QuotaPeakNonPagedPoolUsage		9
QuotaNonPagedPoolUsage			0
PagefileUsage					76
PeakPagefileUsage				4140
--------------------------------
Special Judge UsedTime: 17
Finish[253][10]: timeUsed:  46 ms  memoryUsed: 4140 kb  status:4 [Correct], exitcode:0
