Python|肖江|1000|2|1000|65536|1&2&3&4&5&6&7&8&9&10
运行ID:270 用户:肖江  题号:1000 语言:Python
评测机文件路径：D:\OpenJudge\Judge\SEJudger.exe
评测机：SEJudger

Compiling[270]...
Compilation successful
CreateRemoteThread error 87
InjectAPIHookDll Error, dwProcessId[10488]
--------------------------------
PeakWorkingSetSize				9560
WorkingSetSize					32
QuotaPeakPagedPoolUsage			120
QuotaPagedPoolUsage				0
QuotaPeakNonPagedPoolUsage		9
QuotaNonPagedPoolUsage			0
PagefileUsage					76
PeakPagefileUsage				4172
--------------------------------
Special Judge UsedTime: 46
Finish[270][01]: timeUsed:  46 ms  memoryUsed: 4172 kb  status:4 [Correct], exitcode:0
CreateRemoteThread error 87
InjectAPIHookDll Error, dwProcessId[10464]
--------------------------------
PeakWorkingSetSize				9540
WorkingSetSize					32
QuotaPeakPagedPoolUsage			120
QuotaPagedPoolUsage				0
QuotaPeakNonPagedPoolUsage		9
QuotaNonPagedPoolUsage			0
PagefileUsage					76
PeakPagefileUsage				4152
--------------------------------
Special Judge UsedTime: 56
Finish[270][02]: timeUsed:  15 ms  memoryUsed: 4152 kb  status:4 [Correct], exitcode:0
CreateRemoteThread error 87
InjectAPIHookDll Error, dwProcessId[19076]
--------------------------------
PeakWorkingSetSize				9552
WorkingSetSize					32
QuotaPeakPagedPoolUsage			120
QuotaPagedPoolUsage				0
QuotaPeakNonPagedPoolUsage		9
QuotaNonPagedPoolUsage			0
PagefileUsage					76
PeakPagefileUsage				4148
--------------------------------
Special Judge UsedTime: 51
Finish[270][03]: timeUsed:  46 ms  memoryUsed: 4148 kb  status:4 [Correct], exitcode:0
CreateRemoteThread error 87
InjectAPIHookDll Error, dwProcessId[9812]
--------------------------------
PeakWorkingSetSize				9548
WorkingSetSize					32
QuotaPeakPagedPoolUsage			120
QuotaPagedPoolUsage				0
QuotaPeakNonPagedPoolUsage		9
QuotaNonPagedPoolUsage			0
PagefileUsage					76
PeakPagefileUsage				4128
--------------------------------
Special Judge UsedTime: 48
Finish[270][04]: timeUsed:  15 ms  memoryUsed: 4128 kb  status:4 [Correct], exitcode:0
CreateRemoteThread error 87
InjectAPIHookDll Error, dwProcessId[8856]
--------------------------------
PeakWorkingSetSize				9516
WorkingSetSize					32
QuotaPeakPagedPoolUsage			120
QuotaPagedPoolUsage				0
QuotaPeakNonPagedPoolUsage		9
QuotaNonPagedPoolUsage			0
PagefileUsage					76
PeakPagefileUsage				4156
--------------------------------
Special Judge UsedTime: 59
Finish[270][05]: timeUsed:  46 ms  memoryUsed: 4156 kb  status:4 [Correct], exitcode:0
CreateRemoteThread error 87
InjectAPIHookDll Error, dwProcessId[19100]
--------------------------------
PeakWorkingSetSize				9588
WorkingSetSize					32
QuotaPeakPagedPoolUsage			120
QuotaPagedPoolUsage				0
QuotaPeakNonPagedPoolUsage		9
QuotaNonPagedPoolUsage			0
PagefileUsage					76
PeakPagefileUsage				4156
--------------------------------
Special Judge UsedTime: 73
Finish[270][06]: timeUsed:  31 ms  memoryUsed: 4156 kb  status:4 [Correct], exitcode:0
CreateRemoteThread error 87
InjectAPIHookDll Error, dwProcessId[18540]
--------------------------------
PeakWorkingSetSize				9564
WorkingSetSize					32
QuotaPeakPagedPoolUsage			120
QuotaPagedPoolUsage				0
QuotaPeakNonPagedPoolUsage		9
QuotaNonPagedPoolUsage			0
PagefileUsage					76
PeakPagefileUsage				4176
--------------------------------
Special Judge UsedTime: 60
Finish[270][07]: timeUsed:  31 ms  memoryUsed: 4176 kb  status:4 [Correct], exitcode:0
CreateRemoteThread error 87
InjectAPIHookDll Error, dwProcessId[16856]
--------------------------------
PeakWorkingSetSize				9564
WorkingSetSize					32
QuotaPeakPagedPoolUsage			120
QuotaPagedPoolUsage				0
QuotaPeakNonPagedPoolUsage		9
QuotaNonPagedPoolUsage			0
PagefileUsage					76
PeakPagefileUsage				4188
--------------------------------
Special Judge UsedTime: 48
Finish[270][08]: timeUsed:  31 ms  memoryUsed: 4188 kb  status:4 [Correct], exitcode:0
CreateRemoteThread error 87
InjectAPIHookDll Error, dwProcessId[21056]
--------------------------------
PeakWorkingSetSize				9524
WorkingSetSize					32
QuotaPeakPagedPoolUsage			120
QuotaPagedPoolUsage				0
QuotaPeakNonPagedPoolUsage		9
QuotaNonPagedPoolUsage			0
PagefileUsage					76
PeakPagefileUsage				4148
--------------------------------
Special Judge UsedTime: 43
Finish[270][09]: timeUsed:  15 ms  memoryUsed: 4148 kb  status:4 [Correct], exitcode:0
CreateRemoteThread error 87
InjectAPIHookDll Error, dwProcessId[16168]
--------------------------------
PeakWorkingSetSize				9576
WorkingSetSize					32
QuotaPeakPagedPoolUsage			120
QuotaPagedPoolUsage				0
QuotaPeakNonPagedPoolUsage		9
QuotaNonPagedPoolUsage			0
PagefileUsage					76
PeakPagefileUsage				4152
--------------------------------
Special Judge UsedTime: 39
Finish[270][10]: timeUsed:  31 ms  memoryUsed: 4152 kb  status:4 [Correct], exitcode:0
