Python|肖江|1000|2|1000|65536|1&2&3&4&5&6&7&8&9&10
运行ID:114 用户:肖江  题号:1000 语言:Python
SQLException in c:\users\dell\desktop\newjudger\sejudger\sejudger\function_mysql.cpp (mysql_connect) on line 32
Too many connections (MySQL error code: 1040 , SQLState: HY000 )
SQLException in c:\users\dell\desktop\newjudger\sejudger\sejudger\function_mysql.cpp (mysql_connect) on line 32
Too many connections (MySQL error code: 1040 , SQLState: HY000 )
SQLException in c:\users\dell\desktop\newjudger\sejudger\sejudger\function_mysql.cpp (mysql_set_oj_allRun) on line 86
 (MySQL error code: 0 , SQLState: 00000 )
评测机文件路径：D:\OpenJudge\Judge\SEJudger.exe
评测机：SEJudger

SQLException in c:\users\dell\desktop\newjudger\sejudger\sejudger\function_mysql.cpp (mysql_connect) on line 32
Too many connections (MySQL error code: 1040 , SQLState: HY000 )
SQLException in c:\users\dell\desktop\newjudger\sejudger\sejudger\function_mysql.cpp (mysql_set_judgeStatus) on line 136
 (MySQL error code: 0 , SQLState: 00000 )
Compiling[114]...
Compilation successful
SQLException in c:\users\dell\desktop\newjudger\sejudger\sejudger\function_mysql.cpp (mysql_connect) on line 32
Too many connections (MySQL error code: 1040 , SQLState: HY000 )
SQLException in c:\users\dell\desktop\newjudger\sejudger\sejudger\function_mysql.cpp (mysql_set_judgeStatus) on line 136
 (MySQL error code: 0 , SQLState: 00000 )
Finish[114][01]: timeUsed:  15 ms  memoryUsed:13672 kb  status:9 [Runtime Error], exitcode:1
Finish[114][02]: timeUsed:  31 ms  memoryUsed:13668 kb  status:9 [Runtime Error], exitcode:1
Finish[114][03]: timeUsed:   0 ms  memoryUsed:13708 kb  status:9 [Runtime Error], exitcode:1
Finish[114][04]: timeUsed:   0 ms  memoryUsed:13696 kb  status:9 [Runtime Error], exitcode:1
Finish[114][05]: timeUsed:  46 ms  memoryUsed:13604 kb  status:9 [Runtime Error], exitcode:1
Finish[114][06]: timeUsed:  31 ms  memoryUsed:13616 kb  status:9 [Runtime Error], exitcode:1
Finish[114][07]: timeUsed:  46 ms  memoryUsed:13680 kb  status:9 [Runtime Error], exitcode:1
Finish[114][08]: timeUsed:  31 ms  memoryUsed:13664 kb  status:9 [Runtime Error], exitcode:1
Finish[114][09]: timeUsed:  31 ms  memoryUsed:13664 kb  status:9 [Runtime Error], exitcode:1
Finish[114][10]: timeUsed:  78 ms  memoryUsed:13636 kb  status:9 [Runtime Error], exitcode:1
SQLException in c:\users\dell\desktop\newjudger\sejudger\sejudger\function_mysql.cpp (mysql_connect) on line 32
Too many connections (MySQL error code: 1040 , SQLState: HY000 )
SQLException in c:\users\dell\desktop\newjudger\sejudger\sejudger\function_mysql.cpp (mysql_set_judgeData) on line 161
 (MySQL error code: 0 , SQLState: 00000 )
