Gcc|肖江|1044|2|1000|65536|1&2&3&4&5&6&7&8&9&10
运行ID:161 用户:肖江  题号:1044 语言:Gcc
评测机文件路径：D:\OpenJudge\Judge\SEJudger.exe
评测机：SEJudger

Compiling[161]...
Compilation successful
InjectAPIHookDll OK, dwProcessId[29544]
Special Judge UsedTime: 18
Finish[161][01]: timeUsed:   0 ms  memoryUsed: 3940 kb  status:4 [Correct], exitcode:0
InjectAPIHookDll OK, dwProcessId[14012]
Special Judge UsedTime: 19
Finish[161][02]: timeUsed:   0 ms  memoryUsed: 3936 kb  status:4 [Correct], exitcode:0
InjectAPIHookDll OK, dwProcessId[1076]
Special Judge UsedTime: 18
Finish[161][03]: timeUsed:  15 ms  memoryUsed: 3940 kb  status:4 [Correct], exitcode:0
InjectAPIHookDll OK, dwProcessId[19888]
Special Judge UsedTime: 18
Finish[161][04]: timeUsed:   0 ms  memoryUsed: 3940 kb  status:4 [Correct], exitcode:0
InjectAPIHookDll OK, dwProcessId[21896]
Special Judge UsedTime: 18
Finish[161][05]: timeUsed:   0 ms  memoryUsed: 3940 kb  status:4 [Correct], exitcode:0
InjectAPIHookDll OK, dwProcessId[8956]
Special Judge UsedTime: 18
Finish[161][06]: timeUsed:  15 ms  memoryUsed: 3944 kb  status:4 [Correct], exitcode:0
InjectAPIHookDll OK, dwProcessId[3312]
Special Judge UsedTime: 19
Finish[161][07]: timeUsed:   0 ms  memoryUsed: 3940 kb  status:4 [Correct], exitcode:0
InjectAPIHookDll OK, dwProcessId[25624]
Special Judge UsedTime: 17
Finish[161][08]: timeUsed:   0 ms  memoryUsed: 3936 kb  status:4 [Correct], exitcode:0
InjectAPIHookDll OK, dwProcessId[25628]
Special Judge UsedTime: 20
Finish[161][09]: timeUsed:  15 ms  memoryUsed: 3936 kb  status:4 [Correct], exitcode:0
InjectAPIHookDll OK, dwProcessId[23244]
Special Judge UsedTime: 22
Finish[161][10]: timeUsed:   0 ms  memoryUsed: 3936 kb  status:4 [Correct], exitcode:0
