Python|肖江|1038|2|1000|65536|1&2&3&4&5&6&7&8&9&10
运行ID:98  用户:肖江  题号:1038 语言:Python
SQLException in c:\users\dell\desktop\newjudger\sejudger\sejudger\function_mysql.cpp (mysql_connect) on line 32
Too many connections (MySQL error code: 1040 , SQLState: HY000 )
SQLException in c:\users\dell\desktop\newjudger\sejudger\sejudger\function_mysql.cpp (mysql_connect) on line 32
Too many connections (MySQL error code: 1040 , SQLState: HY000 )
SQLException in c:\users\dell\desktop\newjudger\sejudger\sejudger\function_mysql.cpp (mysql_set_oj_allRun) on line 86
 (MySQL error code: 0 , SQLState: 00000 )
评测机文件路径：D:\OpenJudge\Judge\SEJudger.exe
评测机：SEJudger

SQLException in c:\users\dell\desktop\newjudger\sejudger\sejudger\function_mysql.cpp (mysql_connect) on line 32
Too many connections (MySQL error code: 1040 , SQLState: HY000 )
SQLException in c:\users\dell\desktop\newjudger\sejudger\sejudger\function_mysql.cpp (mysql_set_judgeStatus) on line 136
 (MySQL error code: 0 , SQLState: 00000 )
Compiling[98]...
Compilation successful
SQLException in c:\users\dell\desktop\newjudger\sejudger\sejudger\function_mysql.cpp (mysql_connect) on line 32
Too many connections (MySQL error code: 1040 , SQLState: HY000 )
SQLException in c:\users\dell\desktop\newjudger\sejudger\sejudger\function_mysql.cpp (mysql_set_judgeStatus) on line 136
 (MySQL error code: 0 , SQLState: 00000 )
Finish[98][01]: timeUsed:  31 ms  memoryUsed:13944 kb  status:8 [Wrong Answer], exitcode:0
Finish[98][02]: timeUsed:  46 ms  memoryUsed:14020 kb  status:8 [Wrong Answer], exitcode:0
Finish[98][03]: timeUsed:  31 ms  memoryUsed:13960 kb  status:8 [Wrong Answer], exitcode:0
Finish[98][04]: timeUsed:  46 ms  memoryUsed:13964 kb  status:8 [Wrong Answer], exitcode:0
Finish[98][05]: timeUsed:  15 ms  memoryUsed:14012 kb  status:8 [Wrong Answer], exitcode:0
Finish[98][06]: timeUsed:  31 ms  memoryUsed:13980 kb  status:8 [Wrong Answer], exitcode:0
Finish[98][07]: timeUsed:   0 ms  memoryUsed:13944 kb  status:8 [Wrong Answer], exitcode:0
Finish[98][08]: timeUsed:  15 ms  memoryUsed:13932 kb  status:8 [Wrong Answer], exitcode:0
Finish[98][09]: timeUsed:  15 ms  memoryUsed:13948 kb  status:8 [Wrong Answer], exitcode:0
Finish[98][10]: timeUsed:  31 ms  memoryUsed:13968 kb  status:8 [Wrong Answer], exitcode:0
SQLException in c:\users\dell\desktop\newjudger\sejudger\sejudger\function_mysql.cpp (mysql_connect) on line 32
Too many connections (MySQL error code: 1040 , SQLState: HY000 )
SQLException in c:\users\dell\desktop\newjudger\sejudger\sejudger\function_mysql.cpp (mysql_set_judgeData) on line 161
 (MySQL error code: 0 , SQLState: 00000 )
