Gcc|肖江|1000|2|1000|65536|1&2&3&4&5&6&7&8&9&10
运行ID:212 用户:肖江  题号:1000 语言:Gcc
评测机文件路径：D:\OpenJudge\Judge\SEJudger_Contest.exe
评测机：SEJudger_Contest

Compiling[212]...
Compilation successful
InjectAPIHookDll OK, dwProcessId[24072]
--------------------------------
PeakWorkingSetSize				3876
WorkingSetSize					20
QuotaPeakPagedPoolUsage			61
QuotaPagedPoolUsage				0
QuotaPeakNonPagedPoolUsage		8
QuotaNonPagedPoolUsage			0
PagefileUsage					68
PeakPagefileUsage				1160
--------------------------------
Special Judge UsedTime: 20
Finish[212][01]: timeUsed:   0 ms  memoryUsed: 1160 kb  status:4 [Correct], exitcode:0
InjectAPIHookDll OK, dwProcessId[25536]
--------------------------------
PeakWorkingSetSize				3876
WorkingSetSize					20
QuotaPeakPagedPoolUsage			53
QuotaPagedPoolUsage				0
QuotaPeakNonPagedPoolUsage		8
QuotaNonPagedPoolUsage			0
PagefileUsage					64
PeakPagefileUsage				1156
--------------------------------
Special Judge UsedTime: 19
Finish[212][02]: timeUsed:   0 ms  memoryUsed: 1156 kb  status:4 [Correct], exitcode:0
InjectAPIHookDll OK, dwProcessId[24012]
--------------------------------
PeakWorkingSetSize				3876
WorkingSetSize					20
QuotaPeakPagedPoolUsage			61
QuotaPagedPoolUsage				0
QuotaPeakNonPagedPoolUsage		8
QuotaNonPagedPoolUsage			0
PagefileUsage					64
PeakPagefileUsage				1160
--------------------------------
Special Judge UsedTime: 22
Finish[212][03]: timeUsed:  15 ms  memoryUsed: 1160 kb  status:4 [Correct], exitcode:0
InjectAPIHookDll OK, dwProcessId[26384]
--------------------------------
PeakWorkingSetSize				3876
WorkingSetSize					20
QuotaPeakPagedPoolUsage			61
QuotaPagedPoolUsage				0
QuotaPeakNonPagedPoolUsage		8
QuotaNonPagedPoolUsage			0
PagefileUsage					64
PeakPagefileUsage				1156
--------------------------------
Special Judge UsedTime: 19
Finish[212][04]: timeUsed:   0 ms  memoryUsed: 1156 kb  status:4 [Correct], exitcode:0
InjectAPIHookDll OK, dwProcessId[14448]
--------------------------------
PeakWorkingSetSize				3880
WorkingSetSize					20
QuotaPeakPagedPoolUsage			61
QuotaPagedPoolUsage				0
QuotaPeakNonPagedPoolUsage		8
QuotaNonPagedPoolUsage			0
PagefileUsage					64
PeakPagefileUsage				1164
--------------------------------
Special Judge UsedTime: 20
Finish[212][05]: timeUsed:   0 ms  memoryUsed: 1164 kb  status:4 [Correct], exitcode:0
InjectAPIHookDll OK, dwProcessId[25456]
--------------------------------
PeakWorkingSetSize				3876
WorkingSetSize					20
QuotaPeakPagedPoolUsage			61
QuotaPagedPoolUsage				0
QuotaPeakNonPagedPoolUsage		8
QuotaNonPagedPoolUsage			0
PagefileUsage					64
PeakPagefileUsage				1156
--------------------------------
Special Judge UsedTime: 20
Finish[212][06]: timeUsed:   0 ms  memoryUsed: 1156 kb  status:4 [Correct], exitcode:0
InjectAPIHookDll OK, dwProcessId[22292]
--------------------------------
PeakWorkingSetSize				3876
WorkingSetSize					20
QuotaPeakPagedPoolUsage			61
QuotaPagedPoolUsage				0
QuotaPeakNonPagedPoolUsage		8
QuotaNonPagedPoolUsage			0
PagefileUsage					64
PeakPagefileUsage				1156
--------------------------------
Special Judge UsedTime: 22
Finish[212][07]: timeUsed:  15 ms  memoryUsed: 1156 kb  status:4 [Correct], exitcode:0
InjectAPIHookDll OK, dwProcessId[24700]
--------------------------------
PeakWorkingSetSize				3876
WorkingSetSize					20
QuotaPeakPagedPoolUsage			61
QuotaPagedPoolUsage				0
QuotaPeakNonPagedPoolUsage		8
QuotaNonPagedPoolUsage			0
PagefileUsage					64
PeakPagefileUsage				1160
--------------------------------
Special Judge UsedTime: 25
Finish[212][08]: timeUsed:   0 ms  memoryUsed: 1160 kb  status:4 [Correct], exitcode:0
InjectAPIHookDll OK, dwProcessId[19972]
--------------------------------
PeakWorkingSetSize				3876
WorkingSetSize					20
QuotaPeakPagedPoolUsage			61
QuotaPagedPoolUsage				0
QuotaPeakNonPagedPoolUsage		8
QuotaNonPagedPoolUsage			0
PagefileUsage					64
PeakPagefileUsage				1156
--------------------------------
Special Judge UsedTime: 21
Finish[212][09]: timeUsed:  15 ms  memoryUsed: 1156 kb  status:4 [Correct], exitcode:0
InjectAPIHookDll OK, dwProcessId[148]
--------------------------------
PeakWorkingSetSize				3876
WorkingSetSize					20
QuotaPeakPagedPoolUsage			61
QuotaPagedPoolUsage				0
QuotaPeakNonPagedPoolUsage		8
QuotaNonPagedPoolUsage			0
PagefileUsage					64
PeakPagefileUsage				1156
--------------------------------
Special Judge UsedTime: 23
Finish[212][10]: timeUsed:   0 ms  memoryUsed: 1156 kb  status:4 [Correct], exitcode:0
