C++|肖江|1013|2|1000|65536|1&2&3&4&5&6&7&8&9&10
运行ID:17  用户:肖江  题号:1013 语言:C++
SQLException in c:\users\dell\desktop\newjudger\sejudger\sejudger\function_mysql.cpp (mysql_set_oj_allRun) on line 86
 (MySQL error code: 0 , SQLState: 00000 )
评测机文件路径：D:\OpenJudge\Judge\SEJudger.exe
评测机：SEJudger

SQLException in c:\users\dell\desktop\newjudger\sejudger\sejudger\function_mysql.cpp (mysql_set_judgeStatus) on line 136
 (MySQL error code: 0 , SQLState: 00000 )
Compiling[17]...
Compilation successful
SQLException in c:\users\dell\desktop\newjudger\sejudger\sejudger\function_mysql.cpp (mysql_set_judgeStatus) on line 136
 (MySQL error code: 0 , SQLState: 00000 )
Finish[17][01]: timeUsed:   0 ms  memoryUsed: 3856 kb  status:4 [Correct], exitcode:0
Finish[17][02]: timeUsed:   0 ms  memoryUsed: 3412 kb  status:4 [Correct], exitcode:0
Finish[17][03]: timeUsed:  15 ms  memoryUsed: 3408 kb  status:4 [Correct], exitcode:0
Finish[17][04]: timeUsed:   0 ms  memoryUsed: 3408 kb  status:4 [Correct], exitcode:0
Finish[17][05]: timeUsed:   0 ms  memoryUsed: 3408 kb  status:4 [Correct], exitcode:0
Finish[17][06]: timeUsed:   0 ms  memoryUsed: 3408 kb  status:4 [Correct], exitcode:0
Finish[17][07]: timeUsed:   0 ms  memoryUsed: 3412 kb  status:4 [Correct], exitcode:0
Finish[17][08]: timeUsed:   0 ms  memoryUsed: 3408 kb  status:4 [Correct], exitcode:0
Finish[17][09]: timeUsed:   0 ms  memoryUsed: 3412 kb  status:4 [Correct], exitcode:0
Finish[17][10]: timeUsed:   0 ms  memoryUsed: 3412 kb  status:4 [Correct], exitcode:0
SQLException in c:\users\dell\desktop\newjudger\sejudger\sejudger\function_mysql.cpp (mysql_set_judgeData) on line 161
 (MySQL error code: 0 , SQLState: 00000 )
