C++|肖江|1000|1|1000|65536|1&2&3&4&5&6&7&8&9&10
运行ID:232 用户:肖江  题号:1000 语言:C++
评测机文件路径：D:\OpenJudge\Judge\SEJudger_Contest.exe
评测机：SEJudger_Contest

Compiling[232]...
Compilation successful
InjectAPIHookDll OK, dwProcessId[24664]
--------------------------------
PeakWorkingSetSize				3812
WorkingSetSize					20
QuotaPeakPagedPoolUsage			46
QuotaPagedPoolUsage				0
QuotaPeakNonPagedPoolUsage		8
QuotaNonPagedPoolUsage			0
PagefileUsage					64
PeakPagefileUsage				1188
--------------------------------
Special Judge UsedTime: 17
Finish[232][01]: timeUsed:   0 ms  memoryUsed: 1188 kb  status:4 [Correct], exitcode:0
InjectAPIHookDll OK, dwProcessId[7156]
--------------------------------
PeakWorkingSetSize				3456
WorkingSetSize					20
QuotaPeakPagedPoolUsage			45
QuotaPagedPoolUsage				0
QuotaPeakNonPagedPoolUsage		6
QuotaNonPagedPoolUsage			0
PagefileUsage					64
PeakPagefileUsage				1116
--------------------------------
Special Judge UsedTime: 20
Finish[232][02]: timeUsed:   0 ms  memoryUsed: 1116 kb  status:4 [Correct], exitcode:0
InjectAPIHookDll OK, dwProcessId[13452]
--------------------------------
PeakWorkingSetSize				3456
WorkingSetSize					20
QuotaPeakPagedPoolUsage			45
QuotaPagedPoolUsage				0
QuotaPeakNonPagedPoolUsage		6
QuotaNonPagedPoolUsage			0
PagefileUsage					64
PeakPagefileUsage				1108
--------------------------------
Special Judge UsedTime: 20
Finish[232][03]: timeUsed:   0 ms  memoryUsed: 1108 kb  status:4 [Correct], exitcode:0
InjectAPIHookDll OK, dwProcessId[13332]
--------------------------------
PeakWorkingSetSize				3456
WorkingSetSize					20
QuotaPeakPagedPoolUsage			45
QuotaPagedPoolUsage				0
QuotaPeakNonPagedPoolUsage		6
QuotaNonPagedPoolUsage			0
PagefileUsage					64
PeakPagefileUsage				1108
--------------------------------
Special Judge UsedTime: 23
Finish[232][04]: timeUsed:   0 ms  memoryUsed: 1108 kb  status:4 [Correct], exitcode:0
InjectAPIHookDll OK, dwProcessId[18848]
--------------------------------
PeakWorkingSetSize				3468
WorkingSetSize					20
QuotaPeakPagedPoolUsage			45
QuotaPagedPoolUsage				0
QuotaPeakNonPagedPoolUsage		6
QuotaNonPagedPoolUsage			0
PagefileUsage					64
PeakPagefileUsage				1136
--------------------------------
Special Judge UsedTime: 17
Finish[232][05]: timeUsed:   0 ms  memoryUsed: 1136 kb  status:4 [Correct], exitcode:0
InjectAPIHookDll OK, dwProcessId[19740]
--------------------------------
PeakWorkingSetSize				3472
WorkingSetSize					20
QuotaPeakPagedPoolUsage			45
QuotaPagedPoolUsage				0
QuotaPeakNonPagedPoolUsage		6
QuotaNonPagedPoolUsage			0
PagefileUsage					64
PeakPagefileUsage				1124
--------------------------------
Special Judge UsedTime: 19
Finish[232][06]: timeUsed:  31 ms  memoryUsed: 1124 kb  status:4 [Correct], exitcode:0
InjectAPIHookDll OK, dwProcessId[25988]
--------------------------------
PeakWorkingSetSize				3468
WorkingSetSize					20
QuotaPeakPagedPoolUsage			45
QuotaPagedPoolUsage				0
QuotaPeakNonPagedPoolUsage		6
QuotaNonPagedPoolUsage			0
PagefileUsage					64
PeakPagefileUsage				1124
--------------------------------
Special Judge UsedTime: 20
Finish[232][07]: timeUsed:  31 ms  memoryUsed: 1124 kb  status:4 [Correct], exitcode:0
InjectAPIHookDll OK, dwProcessId[3944]
--------------------------------
PeakWorkingSetSize				3456
WorkingSetSize					20
QuotaPeakPagedPoolUsage			45
QuotaPagedPoolUsage				0
QuotaPeakNonPagedPoolUsage		6
QuotaNonPagedPoolUsage			0
PagefileUsage					64
PeakPagefileUsage				1112
--------------------------------
Special Judge UsedTime: 20
Finish[232][08]: timeUsed:   0 ms  memoryUsed: 1112 kb  status:4 [Correct], exitcode:0
InjectAPIHookDll OK, dwProcessId[3472]
--------------------------------
PeakWorkingSetSize				3456
WorkingSetSize					20
QuotaPeakPagedPoolUsage			45
QuotaPagedPoolUsage				0
QuotaPeakNonPagedPoolUsage		6
QuotaNonPagedPoolUsage			0
PagefileUsage					64
PeakPagefileUsage				1108
--------------------------------
Special Judge UsedTime: 17
Finish[232][09]: timeUsed:  15 ms  memoryUsed: 1108 kb  status:4 [Correct], exitcode:0
InjectAPIHookDll OK, dwProcessId[10596]
--------------------------------
PeakWorkingSetSize				3468
WorkingSetSize					20
QuotaPeakPagedPoolUsage			45
QuotaPagedPoolUsage				0
QuotaPeakNonPagedPoolUsage		6
QuotaNonPagedPoolUsage			0
PagefileUsage					64
PeakPagefileUsage				1136
--------------------------------
Special Judge UsedTime: 13
Finish[232][10]: timeUsed:  15 ms  memoryUsed: 1136 kb  status:4 [Correct], exitcode:0
