C++|肖江|1000|2|1000|65536|1&2&3&4&5&6&7&8&9&10
运行ID:151 用户:肖江  题号:1000 语言:C++
评测机文件路径：D:\OpenJudge\Judge\SEJudger_Contest.exe
评测机：SEJudger_Contest

Compiling[151]...
Compilation successful
InjectAPIHookDll OK, dwProcessId[20460]
--------------------------------
PeakWorkingSetSize				3800
WorkingSetSize					20
QuotaPeakPagedPoolUsage			54
QuotaPagedPoolUsage				0
QuotaPeakNonPagedPoolUsage		6
QuotaNonPagedPoolUsage			0
PagefileUsage					64
PeakPagefileUsage				1176
--------------------------------
Special Judge UsedTime: 15
Finish[151][01]: timeUsed:  15 ms  memoryUsed: 1176 kb  status:4 [Correct], exitcode:0
InjectAPIHookDll OK, dwProcessId[11200]
--------------------------------
PeakWorkingSetSize				3468
WorkingSetSize					20
QuotaPeakPagedPoolUsage			53
QuotaPagedPoolUsage				0
QuotaPeakNonPagedPoolUsage		6
QuotaNonPagedPoolUsage			0
PagefileUsage					64
PeakPagefileUsage				1120
--------------------------------
Special Judge UsedTime: 14
Finish[151][02]: timeUsed:   0 ms  memoryUsed: 1120 kb  status:8 [Wrong Answer], exitcode:0
InjectAPIHookDll OK, dwProcessId[12584]
--------------------------------
PeakWorkingSetSize				3456
WorkingSetSize					20
QuotaPeakPagedPoolUsage			53
QuotaPagedPoolUsage				0
QuotaPeakNonPagedPoolUsage		6
QuotaNonPagedPoolUsage			0
PagefileUsage					64
PeakPagefileUsage				1108
--------------------------------
Special Judge UsedTime: 14
Finish[151][03]: timeUsed:  15 ms  memoryUsed: 1108 kb  status:8 [Wrong Answer], exitcode:0
InjectAPIHookDll OK, dwProcessId[4736]
--------------------------------
PeakWorkingSetSize				3468
WorkingSetSize					20
QuotaPeakPagedPoolUsage			53
QuotaPagedPoolUsage				0
QuotaPeakNonPagedPoolUsage		6
QuotaNonPagedPoolUsage			0
PagefileUsage					64
PeakPagefileUsage				1116
--------------------------------
Special Judge UsedTime: 13
Finish[151][04]: timeUsed:   0 ms  memoryUsed: 1116 kb  status:8 [Wrong Answer], exitcode:0
InjectAPIHookDll OK, dwProcessId[17900]
--------------------------------
PeakWorkingSetSize				3452
WorkingSetSize					20
QuotaPeakPagedPoolUsage			53
QuotaPagedPoolUsage				0
QuotaPeakNonPagedPoolUsage		6
QuotaNonPagedPoolUsage			0
PagefileUsage					64
PeakPagefileUsage				1108
--------------------------------
Special Judge UsedTime: 15
Finish[151][05]: timeUsed:   0 ms  memoryUsed: 1108 kb  status:8 [Wrong Answer], exitcode:0
InjectAPIHookDll OK, dwProcessId[14000]
--------------------------------
PeakWorkingSetSize				3464
WorkingSetSize					20
QuotaPeakPagedPoolUsage			53
QuotaPagedPoolUsage				0
QuotaPeakNonPagedPoolUsage		6
QuotaNonPagedPoolUsage			0
PagefileUsage					64
PeakPagefileUsage				1124
--------------------------------
Special Judge UsedTime: 20
Finish[151][06]: timeUsed:   0 ms  memoryUsed: 1124 kb  status:8 [Wrong Answer], exitcode:0
InjectAPIHookDll OK, dwProcessId[15080]
--------------------------------
PeakWorkingSetSize				3456
WorkingSetSize					20
QuotaPeakPagedPoolUsage			53
QuotaPagedPoolUsage				0
QuotaPeakNonPagedPoolUsage		6
QuotaNonPagedPoolUsage			0
PagefileUsage					64
PeakPagefileUsage				1112
--------------------------------
Special Judge UsedTime: 15
Finish[151][07]: timeUsed:   0 ms  memoryUsed: 1112 kb  status:8 [Wrong Answer], exitcode:0
InjectAPIHookDll OK, dwProcessId[2884]
--------------------------------
PeakWorkingSetSize				3468
WorkingSetSize					20
QuotaPeakPagedPoolUsage			53
QuotaPagedPoolUsage				0
QuotaPeakNonPagedPoolUsage		6
QuotaNonPagedPoolUsage			0
PagefileUsage					64
PeakPagefileUsage				1120
--------------------------------
Special Judge UsedTime: 20
Finish[151][08]: timeUsed:   0 ms  memoryUsed: 1120 kb  status:8 [Wrong Answer], exitcode:0
InjectAPIHookDll OK, dwProcessId[19160]
--------------------------------
PeakWorkingSetSize				3468
WorkingSetSize					20
QuotaPeakPagedPoolUsage			53
QuotaPagedPoolUsage				0
QuotaPeakNonPagedPoolUsage		6
QuotaNonPagedPoolUsage			0
PagefileUsage					64
PeakPagefileUsage				1120
--------------------------------
Special Judge UsedTime: 15
Finish[151][09]: timeUsed:   0 ms  memoryUsed: 1120 kb  status:8 [Wrong Answer], exitcode:0
InjectAPIHookDll OK, dwProcessId[5352]
--------------------------------
PeakWorkingSetSize				3456
WorkingSetSize					20
QuotaPeakPagedPoolUsage			53
QuotaPagedPoolUsage				0
QuotaPeakNonPagedPoolUsage		6
QuotaNonPagedPoolUsage			0
PagefileUsage					64
PeakPagefileUsage				1108
--------------------------------
Special Judge UsedTime: 14
Finish[151][10]: timeUsed:  15 ms  memoryUsed: 1108 kb  status:8 [Wrong Answer], exitcode:0
