C++|肖江|1000|2|1000|65536|1&2&3&4&5&6&7&8&9&10
运行ID:152 用户:肖江  题号:1000 语言:C++
评测机文件路径：D:\OpenJudge\Judge\SE_Judger.exe
评测机：SE_Judger

设置评测模式：2
设置运行ID：152
设置题号：1000
设置时间限制：1000
设置内存限制：65536
编译中...
编译完成
设置测试点数量：10
设置每个测试点号
开始评测： 2019-07-15 21:15:28
开始评测1 - 5测试点
开始评测6 - 10测试点
评测完成！
##1  : Accepted                usetime:0   ms  runttime:43  ms  usememory:640  kb  ExitCode:0x0
##2  : Accepted                usetime:0   ms  runttime:44  ms  usememory:640  kb  ExitCode:0x0
##3  : Accepted                usetime:0   ms  runttime:44  ms  usememory:640  kb  ExitCode:0x0
##4  : Accepted                usetime:0   ms  runttime:43  ms  usememory:644  kb  ExitCode:0x0
##5  : Accepted                usetime:0   ms  runttime:43  ms  usememory:644  kb  ExitCode:0x0
##6  : Accepted                usetime:0   ms  runttime:54  ms  usememory:640  kb  ExitCode:0x0
##7  : Accepted                usetime:0   ms  runttime:43  ms  usememory:640  kb  ExitCode:0x0
##8  : Accepted                usetime:0   ms  runttime:44  ms  usememory:644  kb  ExitCode:0x0
##9  : Accepted                usetime:0   ms  runttime:43  ms  usememory:640  kb  ExitCode:0x0
##10 : Accepted                usetime:0   ms  runttime:43  ms  usememory:644  kb  ExitCode:0x0
Judge Over, Accepted                usetime:0   ms  usememory:644  kb
评测总耗时：113ms

