C++|肖江|1019|2|1000|65536|1&2&3&4&5&6&7&8&9&10
运行ID:51  用户:肖江  题号:1019 语言:C++
SQLException in c:\users\dell\desktop\newjudger\sejudger\sejudger\function_mysql.cpp (mysql_set_oj_allRun) on line 86
 (MySQL error code: 0 , SQLState: 00000 )
评测机文件路径：D:\OpenJudge\Judge\SEJudger.exe
评测机：SEJudger

SQLException in c:\users\dell\desktop\newjudger\sejudger\sejudger\function_mysql.cpp (mysql_set_judgeStatus) on line 136
 (MySQL error code: 0 , SQLState: 00000 )
Compiling[51]...
Compilation successful
SQLException in c:\users\dell\desktop\newjudger\sejudger\sejudger\function_mysql.cpp (mysql_set_judgeStatus) on line 136
 (MySQL error code: 0 , SQLState: 00000 )
Finish[51][01]: timeUsed:   0 ms  memoryUsed: 3892 kb  status:4 [Correct], exitcode:0
Finish[51][02]: timeUsed:  15 ms  memoryUsed: 3476 kb  status:4 [Correct], exitcode:0
Finish[51][03]: timeUsed:   0 ms  memoryUsed: 3472 kb  status:4 [Correct], exitcode:0
Finish[51][04]: timeUsed:   0 ms  memoryUsed: 3472 kb  status:4 [Correct], exitcode:0
Finish[51][05]: timeUsed:   0 ms  memoryUsed: 3472 kb  status:4 [Correct], exitcode:0
Finish[51][06]: timeUsed:   0 ms  memoryUsed: 3472 kb  status:4 [Correct], exitcode:0
Finish[51][07]: timeUsed:  15 ms  memoryUsed: 3472 kb  status:4 [Correct], exitcode:0
Finish[51][08]: timeUsed:   0 ms  memoryUsed: 3468 kb  status:4 [Correct], exitcode:0
Finish[51][09]: timeUsed:   0 ms  memoryUsed: 3472 kb  status:4 [Correct], exitcode:0
Finish[51][10]: timeUsed:   0 ms  memoryUsed: 3472 kb  status:4 [Correct], exitcode:0
SQLException in c:\users\dell\desktop\newjudger\sejudger\sejudger\function_mysql.cpp (mysql_set_judgeData) on line 161
 (MySQL error code: 0 , SQLState: 00000 )
