Gcc|肖江|1000|2|1000|65536|1&2&3&4&5&6&7&8&9&10
运行ID:117 用户:肖江  题号:1000 语言:Gcc
评测机文件路径：D:\OpenJudge\Judge\SEJudger.exe
评测机：SEJudger

Compiling[117]...
Compilation successful
InjectAPIHookDll OK, dwProcessId[3300]
--------------------------------
PeakWorkingSetSize				3912
WorkingSetSize					20
QuotaPeakPagedPoolUsage			53
QuotaPagedPoolUsage				0
QuotaPeakNonPagedPoolUsage		8
QuotaNonPagedPoolUsage			0
PagefileUsage					64
PeakPagefileUsage				1184
--------------------------------
Special Judge UsedTime: 17
Finish[117][01]: timeUsed:  15 ms  memoryUsed: 1184 kb  status:4 [Correct], exitcode:0
InjectAPIHookDll OK, dwProcessId[24432]
--------------------------------
PeakWorkingSetSize				3556
WorkingSetSize					20
QuotaPeakPagedPoolUsage			51
QuotaPagedPoolUsage				0
QuotaPeakNonPagedPoolUsage		6
QuotaNonPagedPoolUsage			0
PagefileUsage					64
PeakPagefileUsage				1112
--------------------------------
Special Judge UsedTime: 16
Finish[117][02]: timeUsed:   0 ms  memoryUsed: 1112 kb  status:4 [Correct], exitcode:0
InjectAPIHookDll OK, dwProcessId[8372]
--------------------------------
PeakWorkingSetSize				3556
WorkingSetSize					20
QuotaPeakPagedPoolUsage			51
QuotaPagedPoolUsage				0
QuotaPeakNonPagedPoolUsage		6
QuotaNonPagedPoolUsage			0
PagefileUsage					64
PeakPagefileUsage				1112
--------------------------------
Special Judge UsedTime: 16
Finish[117][03]: timeUsed:   0 ms  memoryUsed: 1112 kb  status:4 [Correct], exitcode:0
InjectAPIHookDll OK, dwProcessId[17356]
--------------------------------
PeakWorkingSetSize				3556
WorkingSetSize					20
QuotaPeakPagedPoolUsage			51
QuotaPagedPoolUsage				0
QuotaPeakNonPagedPoolUsage		6
QuotaNonPagedPoolUsage			0
PagefileUsage					64
PeakPagefileUsage				1116
--------------------------------
Special Judge UsedTime: 15
Finish[117][04]: timeUsed:   0 ms  memoryUsed: 1116 kb  status:4 [Correct], exitcode:0
InjectAPIHookDll OK, dwProcessId[21100]
--------------------------------
PeakWorkingSetSize				3568
WorkingSetSize					20
QuotaPeakPagedPoolUsage			51
QuotaPagedPoolUsage				0
QuotaPeakNonPagedPoolUsage		6
QuotaNonPagedPoolUsage			0
PagefileUsage					64
PeakPagefileUsage				1124
--------------------------------
Special Judge UsedTime: 15
Finish[117][05]: timeUsed:   0 ms  memoryUsed: 1124 kb  status:4 [Correct], exitcode:0
InjectAPIHookDll OK, dwProcessId[25888]
--------------------------------
PeakWorkingSetSize				3564
WorkingSetSize					20
QuotaPeakPagedPoolUsage			51
QuotaPagedPoolUsage				0
QuotaPeakNonPagedPoolUsage		6
QuotaNonPagedPoolUsage			0
PagefileUsage					64
PeakPagefileUsage				1128
--------------------------------
Special Judge UsedTime: 16
Finish[117][06]: timeUsed:   0 ms  memoryUsed: 1128 kb  status:4 [Correct], exitcode:0
InjectAPIHookDll OK, dwProcessId[26156]
--------------------------------
PeakWorkingSetSize				3564
WorkingSetSize					20
QuotaPeakPagedPoolUsage			51
QuotaPagedPoolUsage				0
QuotaPeakNonPagedPoolUsage		6
QuotaNonPagedPoolUsage			0
PagefileUsage					64
PeakPagefileUsage				1132
--------------------------------
Special Judge UsedTime: 18
Finish[117][07]: timeUsed:   0 ms  memoryUsed: 1132 kb  status:4 [Correct], exitcode:0
InjectAPIHookDll OK, dwProcessId[24740]
--------------------------------
PeakWorkingSetSize				3560
WorkingSetSize					20
QuotaPeakPagedPoolUsage			51
QuotaPagedPoolUsage				0
QuotaPeakNonPagedPoolUsage		6
QuotaNonPagedPoolUsage			0
PagefileUsage					64
PeakPagefileUsage				1116
--------------------------------
Special Judge UsedTime: 17
Finish[117][08]: timeUsed:   0 ms  memoryUsed: 1116 kb  status:4 [Correct], exitcode:0
InjectAPIHookDll OK, dwProcessId[26884]
--------------------------------
PeakWorkingSetSize				3556
WorkingSetSize					20
QuotaPeakPagedPoolUsage			51
QuotaPagedPoolUsage				0
QuotaPeakNonPagedPoolUsage		6
QuotaNonPagedPoolUsage			0
PagefileUsage					64
PeakPagefileUsage				1116
--------------------------------
Special Judge UsedTime: 15
Finish[117][09]: timeUsed:   0 ms  memoryUsed: 1116 kb  status:4 [Correct], exitcode:0
InjectAPIHookDll OK, dwProcessId[15728]
--------------------------------
PeakWorkingSetSize				3556
WorkingSetSize					20
QuotaPeakPagedPoolUsage			51
QuotaPagedPoolUsage				0
QuotaPeakNonPagedPoolUsage		6
QuotaNonPagedPoolUsage			0
PagefileUsage					64
PeakPagefileUsage				1116
--------------------------------
Special Judge UsedTime: 16
Finish[117][10]: timeUsed:  15 ms  memoryUsed: 1116 kb  status:4 [Correct], exitcode:0
