C++|肖江|1000|2|1000|65536|1&2&3&4&5&6&7&8&9&10
运行ID:173 用户:肖江  题号:1000 语言:C++
评测机文件路径：D:\OpenJudge\Judge\SEJudger_Contest.exe
评测机：SEJudger_Contest

Compiling[173]...
Compilation successful
InjectAPIHookDll OK, dwProcessId[21944]
--------------------------------
PeakWorkingSetSize				363408
WorkingSetSize					363404
QuotaPeakPagedPoolUsage			54
QuotaPagedPoolUsage				38
QuotaPeakNonPagedPoolUsage		10
QuotaNonPagedPoolUsage			10
PagefileUsage					372496
PeakPagefileUsage				372496
--------------------------------
--------------------------------
PeakWorkingSetSize				363424
WorkingSetSize					20
QuotaPeakPagedPoolUsage			54
QuotaPagedPoolUsage				0
QuotaPeakNonPagedPoolUsage		10
QuotaNonPagedPoolUsage			0
PagefileUsage					64
PeakPagefileUsage				372532
--------------------------------
Finish[173][01]: timeUsed:1000 ms  memoryUsed:372532 kb  status:7 [Memory Limit Exceeded], exitcode:1
InjectAPIHookDll OK, dwProcessId[6316]
--------------------------------
PeakWorkingSetSize				366180
WorkingSetSize					366176
QuotaPeakPagedPoolUsage			53
QuotaPagedPoolUsage				37
QuotaPeakNonPagedPoolUsage		10
QuotaNonPagedPoolUsage			10
PagefileUsage					375312
PeakPagefileUsage				375312
--------------------------------
--------------------------------
PeakWorkingSetSize				366200
WorkingSetSize					20
QuotaPeakPagedPoolUsage			53
QuotaPagedPoolUsage				0
QuotaPeakNonPagedPoolUsage		10
QuotaNonPagedPoolUsage			0
PagefileUsage					64
PeakPagefileUsage				375348
--------------------------------
Finish[173][02]: timeUsed:1046 ms  memoryUsed:375348 kb  status:7 [Memory Limit Exceeded], exitcode:1
InjectAPIHookDll OK, dwProcessId[14840]
--------------------------------
PeakWorkingSetSize				373424
WorkingSetSize					373420
QuotaPeakPagedPoolUsage			53
QuotaPagedPoolUsage				37
QuotaPeakNonPagedPoolUsage		10
QuotaNonPagedPoolUsage			10
PagefileUsage					382700
PeakPagefileUsage				382700
--------------------------------
--------------------------------
PeakWorkingSetSize				373444
WorkingSetSize					20
QuotaPeakPagedPoolUsage			53
QuotaPagedPoolUsage				0
QuotaPeakNonPagedPoolUsage		10
QuotaNonPagedPoolUsage			0
PagefileUsage					64
PeakPagefileUsage				382700
--------------------------------
Finish[173][03]: timeUsed:1015 ms  memoryUsed:382700 kb  status:7 [Memory Limit Exceeded], exitcode:1
InjectAPIHookDll OK, dwProcessId[22280]
--------------------------------
PeakWorkingSetSize				372824
WorkingSetSize					372820
QuotaPeakPagedPoolUsage			53
QuotaPagedPoolUsage				37
QuotaPeakNonPagedPoolUsage		10
QuotaNonPagedPoolUsage			10
PagefileUsage					382540
PeakPagefileUsage				382540
--------------------------------
--------------------------------
PeakWorkingSetSize				372844
WorkingSetSize					20
QuotaPeakPagedPoolUsage			53
QuotaPagedPoolUsage				0
QuotaPeakNonPagedPoolUsage		10
QuotaNonPagedPoolUsage			0
PagefileUsage					64
PeakPagefileUsage				382584
--------------------------------
Finish[173][04]: timeUsed:1015 ms  memoryUsed:382584 kb  status:7 [Memory Limit Exceeded], exitcode:1
InjectAPIHookDll OK, dwProcessId[20220]
--------------------------------
PeakWorkingSetSize				371660
WorkingSetSize					371656
QuotaPeakPagedPoolUsage			53
QuotaPagedPoolUsage				37
QuotaPeakNonPagedPoolUsage		10
QuotaNonPagedPoolUsage			10
PagefileUsage					381136
PeakPagefileUsage				381136
--------------------------------
--------------------------------
PeakWorkingSetSize				371660
WorkingSetSize					20
QuotaPeakPagedPoolUsage			53
QuotaPagedPoolUsage				0
QuotaPeakNonPagedPoolUsage		10
QuotaNonPagedPoolUsage			0
PagefileUsage					64
PeakPagefileUsage				381136
--------------------------------
Finish[173][05]: timeUsed:1046 ms  memoryUsed:381136 kb  status:7 [Memory Limit Exceeded], exitcode:1
InjectAPIHookDll OK, dwProcessId[19440]
--------------------------------
PeakWorkingSetSize				356828
WorkingSetSize					356824
QuotaPeakPagedPoolUsage			53
QuotaPagedPoolUsage				37
QuotaPeakNonPagedPoolUsage		9
QuotaNonPagedPoolUsage			9
PagefileUsage					365920
PeakPagefileUsage				365920
--------------------------------
--------------------------------
PeakWorkingSetSize				356828
WorkingSetSize					20
QuotaPeakPagedPoolUsage			53
QuotaPagedPoolUsage				0
QuotaPeakNonPagedPoolUsage		9
QuotaNonPagedPoolUsage			0
PagefileUsage					64
PeakPagefileUsage				365920
--------------------------------
Finish[173][06]: timeUsed:1031 ms  memoryUsed:365920 kb  status:7 [Memory Limit Exceeded], exitcode:1
InjectAPIHookDll OK, dwProcessId[2788]
--------------------------------
PeakWorkingSetSize				379596
WorkingSetSize					379592
QuotaPeakPagedPoolUsage			53
QuotaPagedPoolUsage				37
QuotaPeakNonPagedPoolUsage		10
QuotaNonPagedPoolUsage			10
PagefileUsage					388996
PeakPagefileUsage				388996
--------------------------------
Reset Judge TimeLimit
--------------------------------
PeakWorkingSetSize				743848
WorkingSetSize					743844
QuotaPeakPagedPoolUsage			53
QuotaPagedPoolUsage				37
QuotaPeakNonPagedPoolUsage		13
QuotaNonPagedPoolUsage			13
PagefileUsage					765040
PeakPagefileUsage				765040
--------------------------------
--------------------------------
PeakWorkingSetSize				743848
WorkingSetSize					20
QuotaPeakPagedPoolUsage			53
QuotaPagedPoolUsage				0
QuotaPeakNonPagedPoolUsage		13
QuotaNonPagedPoolUsage			0
PagefileUsage					64
PeakPagefileUsage				765040
--------------------------------
Finish[173][07]: timeUsed:1953 ms  memoryUsed:765040 kb  status:7 [Memory Limit Exceeded], exitcode:1
InjectAPIHookDll OK, dwProcessId[9360]
--------------------------------
PeakWorkingSetSize				354032
WorkingSetSize					354028
QuotaPeakPagedPoolUsage			53
QuotaPagedPoolUsage				37
QuotaPeakNonPagedPoolUsage		9
QuotaNonPagedPoolUsage			9
PagefileUsage					362888
PeakPagefileUsage				362888
--------------------------------
--------------------------------
PeakWorkingSetSize				354032
WorkingSetSize					20
QuotaPeakPagedPoolUsage			53
QuotaPagedPoolUsage				0
QuotaPeakNonPagedPoolUsage		9
QuotaNonPagedPoolUsage			0
PagefileUsage					64
PeakPagefileUsage				362888
--------------------------------
Finish[173][08]: timeUsed:1000 ms  memoryUsed:362888 kb  status:7 [Memory Limit Exceeded], exitcode:1
InjectAPIHookDll OK, dwProcessId[20084]
--------------------------------
PeakWorkingSetSize				347672
WorkingSetSize					347668
QuotaPeakPagedPoolUsage			53
QuotaPagedPoolUsage				37
QuotaPeakNonPagedPoolUsage		9
QuotaNonPagedPoolUsage			9
PagefileUsage					356248
PeakPagefileUsage				356248
--------------------------------
--------------------------------
PeakWorkingSetSize				347672
WorkingSetSize					20
QuotaPeakPagedPoolUsage			53
QuotaPagedPoolUsage				0
QuotaPeakNonPagedPoolUsage		9
QuotaNonPagedPoolUsage			0
PagefileUsage					64
PeakPagefileUsage				356248
--------------------------------
Finish[173][09]: timeUsed:1031 ms  memoryUsed:356248 kb  status:7 [Memory Limit Exceeded], exitcode:1
InjectAPIHookDll OK, dwProcessId[6860]
--------------------------------
PeakWorkingSetSize				373268
WorkingSetSize					373264
QuotaPeakPagedPoolUsage			53
QuotaPagedPoolUsage				37
QuotaPeakNonPagedPoolUsage		10
QuotaNonPagedPoolUsage			10
PagefileUsage					382852
PeakPagefileUsage				382852
--------------------------------
Reset Judge TimeLimit
--------------------------------
PeakWorkingSetSize				722260
WorkingSetSize					722256
QuotaPeakPagedPoolUsage			53
QuotaPagedPoolUsage				37
QuotaPeakNonPagedPoolUsage		12
QuotaNonPagedPoolUsage			12
PagefileUsage					742640
PeakPagefileUsage				742640
--------------------------------
--------------------------------
PeakWorkingSetSize				722280
WorkingSetSize					20
QuotaPeakPagedPoolUsage			53
QuotaPagedPoolUsage				0
QuotaPeakNonPagedPoolUsage		12
QuotaNonPagedPoolUsage			0
PagefileUsage					64
PeakPagefileUsage				742640
--------------------------------
Finish[173][10]: timeUsed:2000 ms  memoryUsed:742640 kb  status:7 [Memory Limit Exceeded], exitcode:1
