C++|肖江|1000|2|1000|65536|1&2&3&4&5&6&7&8&9&10
运行ID:183 用户:肖江  题号:1000 语言:C++
评测机文件路径：D:\OpenJudge\Judge\SEJudger.exe
评测机：SEJudger

Compiling[183]...
Compilation successful
InjectAPIHookDll OK, dwProcessId[2012]
Special Judge UsedTime: 35
Finish[183][01]: timeUsed:   0 ms  memoryUsed: 3408 kb  status:4 [Correct], exitcode:0
InjectAPIHookDll OK, dwProcessId[32444]
Special Judge UsedTime: 24
Finish[183][02]: timeUsed:   0 ms  memoryUsed: 3404 kb  status:4 [Correct], exitcode:0
InjectAPIHookDll OK, dwProcessId[28992]
Special Judge UsedTime: 24
Finish[183][03]: timeUsed:   0 ms  memoryUsed: 3408 kb  status:4 [Correct], exitcode:0
InjectAPIHookDll OK, dwProcessId[26156]
Special Judge UsedTime: 21
Finish[183][04]: timeUsed:   0 ms  memoryUsed: 3408 kb  status:4 [Correct], exitcode:0
InjectAPIHookDll OK, dwProcessId[28516]
Special Judge UsedTime: 23
Finish[183][05]: timeUsed:   0 ms  memoryUsed: 3412 kb  status:4 [Correct], exitcode:0
InjectAPIHookDll OK, dwProcessId[12328]
Special Judge UsedTime: 27
Finish[183][06]: timeUsed:   0 ms  memoryUsed: 3404 kb  status:4 [Correct], exitcode:0
InjectAPIHookDll OK, dwProcessId[10280]
Special Judge UsedTime: 26
Finish[183][07]: timeUsed:   0 ms  memoryUsed: 3412 kb  status:4 [Correct], exitcode:0
InjectAPIHookDll OK, dwProcessId[21496]
Special Judge UsedTime: 24
Finish[183][08]: timeUsed:   0 ms  memoryUsed: 3408 kb  status:4 [Correct], exitcode:0
InjectAPIHookDll OK, dwProcessId[11532]
Special Judge UsedTime: 26
Finish[183][09]: timeUsed:   0 ms  memoryUsed: 3408 kb  status:4 [Correct], exitcode:0
InjectAPIHookDll OK, dwProcessId[27652]
Special Judge UsedTime: 24
Finish[183][10]: timeUsed:   0 ms  memoryUsed: 3404 kb  status:4 [Correct], exitcode:0
