C++|吴泽|1011|2|1000|65536|1&2&3&4&5&6&7&8
运行ID:46  用户:吴泽  题号:1011 语言:C++
评测机文件路径：D:\OpenJudge\Judge\SEJudger_Contest.exe
评测机：SEJudger_Contest

Compiling[46]...
Compilation successful
InjectAPIHookDll OK, dwProcessId[8048]
--------------------------------
PeakWorkingSetSize				3536
WorkingSetSize					20
QuotaPeakPagedPoolUsage			45
QuotaPagedPoolUsage				0
QuotaPeakNonPagedPoolUsage		9
QuotaNonPagedPoolUsage			0
PagefileUsage					64
PeakPagefileUsage				1108
--------------------------------
Special Judge UsedTime: 11
Finish[46][01]: timeUsed:  15 ms  memoryUsed: 1108 kb  status:4 [Correct], exitcode:0
InjectAPIHookDll OK, dwProcessId[20072]
--------------------------------
PeakWorkingSetSize				3536
WorkingSetSize					20
QuotaPeakPagedPoolUsage			45
QuotaPagedPoolUsage				0
QuotaPeakNonPagedPoolUsage		6
QuotaNonPagedPoolUsage			0
PagefileUsage					64
PeakPagefileUsage				1108
--------------------------------
Special Judge UsedTime: 10
Finish[46][02]: timeUsed:  15 ms  memoryUsed: 1108 kb  status:4 [Correct], exitcode:0
InjectAPIHookDll OK, dwProcessId[8384]
--------------------------------
PeakWorkingSetSize				3536
WorkingSetSize					20
QuotaPeakPagedPoolUsage			45
QuotaPagedPoolUsage				0
QuotaPeakNonPagedPoolUsage		6
QuotaNonPagedPoolUsage			0
PagefileUsage					64
PeakPagefileUsage				1108
--------------------------------
Special Judge UsedTime: 9
Finish[46][03]: timeUsed:   0 ms  memoryUsed: 1108 kb  status:4 [Correct], exitcode:0
InjectAPIHookDll OK, dwProcessId[22804]
--------------------------------
PeakWorkingSetSize				3548
WorkingSetSize					20
QuotaPeakPagedPoolUsage			45
QuotaPagedPoolUsage				0
QuotaPeakNonPagedPoolUsage		6
QuotaNonPagedPoolUsage			0
PagefileUsage					64
PeakPagefileUsage				1136
--------------------------------
Special Judge UsedTime: 10
Finish[46][04]: timeUsed:   0 ms  memoryUsed: 1136 kb  status:4 [Correct], exitcode:0
InjectAPIHookDll OK, dwProcessId[26056]
--------------------------------
PeakWorkingSetSize				3544
WorkingSetSize					20
QuotaPeakPagedPoolUsage			45
QuotaPagedPoolUsage				0
QuotaPeakNonPagedPoolUsage		6
QuotaNonPagedPoolUsage			0
PagefileUsage					64
PeakPagefileUsage				1124
--------------------------------
Special Judge UsedTime: 9
Finish[46][05]: timeUsed:   0 ms  memoryUsed: 1124 kb  status:4 [Correct], exitcode:0
InjectAPIHookDll OK, dwProcessId[25184]
--------------------------------
PeakWorkingSetSize				3536
WorkingSetSize					20
QuotaPeakPagedPoolUsage			45
QuotaPagedPoolUsage				0
QuotaPeakNonPagedPoolUsage		6
QuotaNonPagedPoolUsage			0
PagefileUsage					64
PeakPagefileUsage				1112
--------------------------------
Special Judge UsedTime: 24
Finish[46][06]: timeUsed:   0 ms  memoryUsed: 1112 kb  status:4 [Correct], exitcode:0
InjectAPIHookDll OK, dwProcessId[25000]
--------------------------------
PeakWorkingSetSize				3536
WorkingSetSize					20
QuotaPeakPagedPoolUsage			45
QuotaPagedPoolUsage				0
QuotaPeakNonPagedPoolUsage		6
QuotaNonPagedPoolUsage			0
PagefileUsage					64
PeakPagefileUsage				1112
--------------------------------
Special Judge UsedTime: 10
Finish[46][07]: timeUsed:   0 ms  memoryUsed: 1112 kb  status:4 [Correct], exitcode:0
InjectAPIHookDll OK, dwProcessId[24656]
--------------------------------
PeakWorkingSetSize				3548
WorkingSetSize					20
QuotaPeakPagedPoolUsage			45
QuotaPagedPoolUsage				0
QuotaPeakNonPagedPoolUsage		6
QuotaNonPagedPoolUsage			0
PagefileUsage					64
PeakPagefileUsage				1116
--------------------------------
Special Judge UsedTime: 27
Finish[46][08]: timeUsed:  78 ms  memoryUsed: 1116 kb  status:4 [Correct], exitcode:0
