Java|吴泽|1000|2|1000|65536|1&2&3&4&5&6&7&8&9&10
运行ID:47  用户:吴泽  题号:1000 语言:Java
SQLException in c:\users\dell\desktop\newjudger\sejudger\sejudger\function_mysql.cpp (mysql_set_oj_allRun) on line 86
 (MySQL error code: 0 , SQLState: 00000 )
评测机文件路径：D:\OpenJudge\Judge\SEJudger.exe
评测机：SEJudger

SQLException in c:\users\dell\desktop\newjudger\sejudger\sejudger\function_mysql.cpp (mysql_set_judgeStatus) on line 136
 (MySQL error code: 0 , SQLState: 00000 )
Compiling[47]...
Compilation successful
SQLException in c:\users\dell\desktop\newjudger\sejudger\sejudger\function_mysql.cpp (mysql_set_judgeStatus) on line 136
 (MySQL error code: 0 , SQLState: 00000 )
Finish[47][01]: timeUsed: 171 ms  memoryUsed:264536 kb  status:4 [Correct], exitcode:0
Finish[47][02]: timeUsed: 171 ms  memoryUsed:264580 kb  status:4 [Correct], exitcode:0
Finish[47][03]: timeUsed: 171 ms  memoryUsed:264604 kb  status:4 [Correct], exitcode:0
Finish[47][04]: timeUsed: 156 ms  memoryUsed:264516 kb  status:4 [Correct], exitcode:0
Finish[47][05]: timeUsed: 187 ms  memoryUsed:264588 kb  status:4 [Correct], exitcode:0
Finish[47][06]: timeUsed: 140 ms  memoryUsed:264496 kb  status:4 [Correct], exitcode:0
Finish[47][07]: timeUsed: 171 ms  memoryUsed:264652 kb  status:4 [Correct], exitcode:0
Finish[47][08]: timeUsed: 109 ms  memoryUsed:264812 kb  status:4 [Correct], exitcode:0
Finish[47][09]: timeUsed: 109 ms  memoryUsed:264604 kb  status:4 [Correct], exitcode:0
Finish[47][10]: timeUsed: 140 ms  memoryUsed:264544 kb  status:4 [Correct], exitcode:0
SQLException in c:\users\dell\desktop\newjudger\sejudger\sejudger\function_mysql.cpp (mysql_set_judgeData) on line 161
 (MySQL error code: 0 , SQLState: 00000 )
