Java|吴泽的父亲|1018|2|1000|65536|1&2&3&4&5
运行ID:43  用户:吴泽的父亲 题号:1018 语言:Java
评测机文件路径：D:\OpenJudge\Judge\SEJudger_Contest.exe
评测机：SEJudger_Contest

Compiling[43]...
Compilation successful
CreateRemoteThread error 87
InjectAPIHookDll Error, dwProcessId[2728]
--------------------------------
PeakWorkingSetSize				22648
WorkingSetSize					20
QuotaPeakPagedPoolUsage			168
QuotaPagedPoolUsage				0
QuotaPeakNonPagedPoolUsage		18
QuotaNonPagedPoolUsage			0
PagefileUsage					60
PeakPagefileUsage				241824
--------------------------------
Special Judge UsedTime: 17
Finish[43][01]: timeUsed: 187 ms  memoryUsed:241824 kb  status:4 [Correct], exitcode:0
CreateRemoteThread error 87
InjectAPIHookDll Error, dwProcessId[12460]
--------------------------------
PeakWorkingSetSize				22796
WorkingSetSize					20
QuotaPeakPagedPoolUsage			168
QuotaPagedPoolUsage				0
QuotaPeakNonPagedPoolUsage		18
QuotaNonPagedPoolUsage			0
PagefileUsage					60
PeakPagefileUsage				241836
--------------------------------
Special Judge UsedTime: 12
Finish[43][02]: timeUsed: 171 ms  memoryUsed:241836 kb  status:4 [Correct], exitcode:0
CreateRemoteThread error 87
InjectAPIHookDll Error, dwProcessId[22232]
--------------------------------
PeakWorkingSetSize				26384
WorkingSetSize					20
QuotaPeakPagedPoolUsage			168
QuotaPagedPoolUsage				0
QuotaPeakNonPagedPoolUsage		18
QuotaNonPagedPoolUsage			0
PagefileUsage					60
PeakPagefileUsage				244204
--------------------------------
Special Judge UsedTime: 12
Finish[43][03]: timeUsed: 156 ms  memoryUsed:244204 kb  status:4 [Correct], exitcode:0
CreateRemoteThread error 87
InjectAPIHookDll Error, dwProcessId[21804]
--------------------------------
PeakWorkingSetSize				35072
WorkingSetSize					20
QuotaPeakPagedPoolUsage			168
QuotaPagedPoolUsage				0
QuotaPeakNonPagedPoolUsage		18
QuotaNonPagedPoolUsage			0
PagefileUsage					60
PeakPagefileUsage				246348
--------------------------------
Special Judge UsedTime: 11
Finish[43][04]: timeUsed: 296 ms  memoryUsed:246348 kb  status:4 [Correct], exitcode:0
CreateRemoteThread error 87
InjectAPIHookDll Error, dwProcessId[5148]
--------------------------------
PeakWorkingSetSize				22748
WorkingSetSize					20
QuotaPeakPagedPoolUsage			168
QuotaPagedPoolUsage				0
QuotaPeakNonPagedPoolUsage		18
QuotaNonPagedPoolUsage			0
PagefileUsage					60
PeakPagefileUsage				241904
--------------------------------
Special Judge UsedTime: 12
Finish[43][05]: timeUsed: 109 ms  memoryUsed:241904 kb  status:4 [Correct], exitcode:0
