C++|肖江|1011|2|1000|65536|1&2&3&4&5&6&7&8
运行ID:12  用户:肖江  题号:1011 语言:C++
SQLException in c:\users\dell\desktop\newjudger\sejudger\sejudger\function_mysql.cpp (mysql_set_oj_allRun) on line 86
 (MySQL error code: 0 , SQLState: 00000 )
评测机文件路径：D:\OpenJudge\Judge\SEJudger.exe
评测机：SEJudger

SQLException in c:\users\dell\desktop\newjudger\sejudger\sejudger\function_mysql.cpp (mysql_set_judgeStatus) on line 136
 (MySQL error code: 0 , SQLState: 00000 )
Compiling[12]...
Compilation successful
SQLException in c:\users\dell\desktop\newjudger\sejudger\sejudger\function_mysql.cpp (mysql_set_judgeStatus) on line 136
 (MySQL error code: 0 , SQLState: 00000 )
Finish[12][01]: timeUsed:  15 ms  memoryUsed: 3996 kb  status:4 [Correct], exitcode:0
Finish[12][02]: timeUsed:   0 ms  memoryUsed: 3536 kb  status:4 [Correct], exitcode:0
Finish[12][03]: timeUsed:   0 ms  memoryUsed: 3540 kb  status:4 [Correct], exitcode:0
Finish[12][04]: timeUsed:   0 ms  memoryUsed: 3536 kb  status:4 [Correct], exitcode:0
Finish[12][05]: timeUsed:   0 ms  memoryUsed: 3540 kb  status:4 [Correct], exitcode:0
Finish[12][06]: timeUsed:   0 ms  memoryUsed: 3540 kb  status:4 [Correct], exitcode:0
Finish[12][07]: timeUsed:  15 ms  memoryUsed: 3536 kb  status:4 [Correct], exitcode:0
Finish[12][08]: timeUsed:  93 ms  memoryUsed: 3540 kb  status:4 [Correct], exitcode:0
SQLException in c:\users\dell\desktop\newjudger\sejudger\sejudger\function_mysql.cpp (mysql_set_judgeData) on line 161
 (MySQL error code: 0 , SQLState: 00000 )
