Gcc|肖江|1043|2|1000|65536|1&2&3&4&5&6
运行ID:162 用户:肖江  题号:1043 语言:Gcc
评测机文件路径：D:\OpenJudge\Judge\SEJudger.exe
评测机：SEJudger

Compiling[162]...
Compilation successful
InjectAPIHookDll OK, dwProcessId[9844]
--------------------------------
PeakWorkingSetSize				3896
WorkingSetSize					20
QuotaPeakPagedPoolUsage			53
QuotaPagedPoolUsage				0
QuotaPeakNonPagedPoolUsage		8
QuotaNonPagedPoolUsage			0
PagefileUsage					64
PeakPagefileUsage				1176
--------------------------------
Special Judge UsedTime: 10
Finish[162][01]: timeUsed:   0 ms  memoryUsed: 1176 kb  status:4 [Correct], exitcode:0
InjectAPIHookDll OK, dwProcessId[25464]
--------------------------------
PeakWorkingSetSize				3564
WorkingSetSize					20
QuotaPeakPagedPoolUsage			51
QuotaPagedPoolUsage				0
QuotaPeakNonPagedPoolUsage		6
QuotaNonPagedPoolUsage			0
PagefileUsage					64
PeakPagefileUsage				1136
--------------------------------
Special Judge UsedTime: 10
Finish[162][02]: timeUsed:   0 ms  memoryUsed: 1136 kb  status:4 [Correct], exitcode:0
InjectAPIHookDll OK, dwProcessId[1600]
--------------------------------
PeakWorkingSetSize				3552
WorkingSetSize					20
QuotaPeakPagedPoolUsage			51
QuotaPagedPoolUsage				0
QuotaPeakNonPagedPoolUsage		6
QuotaNonPagedPoolUsage			0
PagefileUsage					64
PeakPagefileUsage				1116
--------------------------------
Special Judge UsedTime: 12
Finish[162][03]: timeUsed:  15 ms  memoryUsed: 1116 kb  status:4 [Correct], exitcode:0
InjectAPIHookDll OK, dwProcessId[3272]
--------------------------------
PeakWorkingSetSize				3552
WorkingSetSize					20
QuotaPeakPagedPoolUsage			51
QuotaPagedPoolUsage				0
QuotaPeakNonPagedPoolUsage		6
QuotaNonPagedPoolUsage			0
PagefileUsage					64
PeakPagefileUsage				1112
--------------------------------
Special Judge UsedTime: 14
Finish[162][04]: timeUsed:   0 ms  memoryUsed: 1112 kb  status:4 [Correct], exitcode:0
InjectAPIHookDll OK, dwProcessId[16156]
--------------------------------
PeakWorkingSetSize				3552
WorkingSetSize					20
QuotaPeakPagedPoolUsage			51
QuotaPagedPoolUsage				0
QuotaPeakNonPagedPoolUsage		6
QuotaNonPagedPoolUsage			0
PagefileUsage					64
PeakPagefileUsage				1112
--------------------------------
Special Judge UsedTime: 12
Finish[162][05]: timeUsed:   0 ms  memoryUsed: 1112 kb  status:4 [Correct], exitcode:0
InjectAPIHookDll OK, dwProcessId[10732]
--------------------------------
PeakWorkingSetSize				3552
WorkingSetSize					20
QuotaPeakPagedPoolUsage			51
QuotaPagedPoolUsage				0
QuotaPeakNonPagedPoolUsage		6
QuotaNonPagedPoolUsage			0
PagefileUsage					64
PeakPagefileUsage				1116
--------------------------------
Special Judge UsedTime: 13
Finish[162][06]: timeUsed:   0 ms  memoryUsed: 1116 kb  status:4 [Correct], exitcode:0
