Python|肖江|1021|2|1000|65536|1&2&3&4&5&6&7&8&9&10&11&12&13&14&15&16&17&18&19&20&21&22&23&24&25&26&27&28&29&30&31&32&33&34&35
运行ID:53  用户:肖江  题号:1021 语言:Python
评测机文件路径：D:\OpenJudge\Judge\SEJudger.exe
评测机：SEJudger

Compiling[53]...
Compilation successful
Special Judge UsedTime: 10
Finish[53][01]: timeUsed:  15 ms  memoryUsed:13920 kb  status:4 [Correct], exitcode:0
Special Judge UsedTime: 13
Finish[53][02]: timeUsed:  31 ms  memoryUsed:14000 kb  status:4 [Correct], exitcode:0
Special Judge UsedTime: 11
Finish[53][03]: timeUsed:  31 ms  memoryUsed:14004 kb  status:4 [Correct], exitcode:0
Special Judge UsedTime: 12
Finish[53][04]: timeUsed:  15 ms  memoryUsed:14000 kb  status:4 [Correct], exitcode:0
Special Judge UsedTime: 13
Finish[53][05]: timeUsed:  15 ms  memoryUsed:14036 kb  status:4 [Correct], exitcode:0
Special Judge UsedTime: 13
Finish[53][06]: timeUsed:  46 ms  memoryUsed:13988 kb  status:4 [Correct], exitcode:0
Special Judge UsedTime: 13
Finish[53][07]: timeUsed:  31 ms  memoryUsed:14064 kb  status:4 [Correct], exitcode:0
Special Judge UsedTime: 12
Finish[53][08]: timeUsed:  31 ms  memoryUsed:13992 kb  status:4 [Correct], exitcode:0
Special Judge UsedTime: 13
Finish[53][09]: timeUsed:  15 ms  memoryUsed:13968 kb  status:4 [Correct], exitcode:0
Special Judge UsedTime: 14
Finish[53][10]: timeUsed:  31 ms  memoryUsed:14008 kb  status:4 [Correct], exitcode:0
Special Judge UsedTime: 13
Finish[53][11]: timeUsed:   0 ms  memoryUsed:13972 kb  status:4 [Correct], exitcode:0
Special Judge UsedTime: 11
Finish[53][12]: timeUsed:  31 ms  memoryUsed:14064 kb  status:4 [Correct], exitcode:0
Special Judge UsedTime: 11
Finish[53][13]: timeUsed:   0 ms  memoryUsed:14040 kb  status:4 [Correct], exitcode:0
Special Judge UsedTime: 12
Finish[53][14]: timeUsed:  15 ms  memoryUsed:14036 kb  status:4 [Correct], exitcode:0
Special Judge UsedTime: 11
Finish[53][15]: timeUsed:   0 ms  memoryUsed:13928 kb  status:4 [Correct], exitcode:0
Special Judge UsedTime: 10
Finish[53][16]: timeUsed:  31 ms  memoryUsed:13988 kb  status:4 [Correct], exitcode:0
Special Judge UsedTime: 11
Finish[53][17]: timeUsed:   0 ms  memoryUsed:14024 kb  status:4 [Correct], exitcode:0
Special Judge UsedTime: 10
Finish[53][18]: timeUsed:  46 ms  memoryUsed:14016 kb  status:4 [Correct], exitcode:0
Special Judge UsedTime: 11
Finish[53][19]: timeUsed:  15 ms  memoryUsed:13976 kb  status:4 [Correct], exitcode:0
Special Judge UsedTime: 11
Finish[53][20]: timeUsed:   0 ms  memoryUsed:13988 kb  status:4 [Correct], exitcode:0
Special Judge UsedTime: 14
Finish[53][21]: timeUsed:   0 ms  memoryUsed:13972 kb  status:4 [Correct], exitcode:0
Special Judge UsedTime: 13
Finish[53][22]: timeUsed:   0 ms  memoryUsed:14092 kb  status:4 [Correct], exitcode:0
Special Judge UsedTime: 15
Finish[53][23]: timeUsed:   0 ms  memoryUsed:14060 kb  status:4 [Correct], exitcode:0
Special Judge UsedTime: 11
Finish[53][24]: timeUsed:  31 ms  memoryUsed:14068 kb  status:4 [Correct], exitcode:0
Special Judge UsedTime: 11
Finish[53][25]: timeUsed:  15 ms  memoryUsed:14036 kb  status:4 [Correct], exitcode:0
Special Judge UsedTime: 11
Finish[53][26]: timeUsed:  31 ms  memoryUsed:14016 kb  status:4 [Correct], exitcode:0
Special Judge UsedTime: 13
Finish[53][27]: timeUsed:  31 ms  memoryUsed:13956 kb  status:4 [Correct], exitcode:0
Special Judge UsedTime: 11
Finish[53][28]: timeUsed:   0 ms  memoryUsed:13956 kb  status:4 [Correct], exitcode:0
Special Judge UsedTime: 11
Finish[53][29]: timeUsed:  15 ms  memoryUsed:13980 kb  status:4 [Correct], exitcode:0
Special Judge UsedTime: 11
Finish[53][30]: timeUsed:  15 ms  memoryUsed:14060 kb  status:4 [Correct], exitcode:0
Special Judge UsedTime: 11
Finish[53][31]: timeUsed:   0 ms  memoryUsed:14032 kb  status:4 [Correct], exitcode:0
Special Judge UsedTime: 11
Finish[53][32]: timeUsed:  15 ms  memoryUsed:13980 kb  status:4 [Correct], exitcode:0
Special Judge UsedTime: 11
Finish[53][33]: timeUsed:  31 ms  memoryUsed:14056 kb  status:4 [Correct], exitcode:0
Special Judge UsedTime: 10
Finish[53][34]: timeUsed:  46 ms  memoryUsed:14064 kb  status:4 [Correct], exitcode:0
Special Judge UsedTime: 12
Finish[53][35]: timeUsed:  15 ms  memoryUsed:13980 kb  status:4 [Correct], exitcode:0
