C++|肖江|1000|2|1000|65536|1&2&3&4&5&6&7&8&9&10
运行ID:316 用户:肖江  题号:1000 语言:C++
评测机文件路径：D:\OpenJudge\Judge\SEJudger.exe
评测机：SEJudger

Compiling[316]...
Compilation successful
InjectAPIHookDll OK, dwProcessId[24136]
--------------------------------
PeakWorkingSetSize				3812
WorkingSetSize					20
QuotaPeakPagedPoolUsage			54
QuotaPagedPoolUsage				0
QuotaPeakNonPagedPoolUsage		8
QuotaNonPagedPoolUsage			0
PagefileUsage					64
PeakPagefileUsage				1444
--------------------------------
Special Judge UsedTime: 36 ms
Finish[316][01]: timeUsed:  31 ms  memoryUsed: 1444 kb  status:4 [Correct], exitcode:0
Judge Used Time:191 ms

InjectAPIHookDll OK, dwProcessId[22384]
--------------------------------
PeakWorkingSetSize				3464
WorkingSetSize					20
QuotaPeakPagedPoolUsage			53
QuotaPagedPoolUsage				0
QuotaPeakNonPagedPoolUsage		6
QuotaNonPagedPoolUsage			0
PagefileUsage					64
PeakPagefileUsage				1124
--------------------------------
Special Judge UsedTime: 25 ms
Finish[316][02]: timeUsed:   0 ms  memoryUsed: 1124 kb  status:4 [Correct], exitcode:0
Judge Used Time:60 ms

InjectAPIHookDll OK, dwProcessId[21028]
--------------------------------
PeakWorkingSetSize				3464
WorkingSetSize					20
QuotaPeakPagedPoolUsage			53
QuotaPagedPoolUsage				0
QuotaPeakNonPagedPoolUsage		6
QuotaNonPagedPoolUsage			0
PagefileUsage					64
PeakPagefileUsage				1124
--------------------------------
Special Judge UsedTime: 20 ms
Finish[316][03]: timeUsed:   0 ms  memoryUsed: 1124 kb  status:4 [Correct], exitcode:0
Judge Used Time:46 ms

InjectAPIHookDll OK, dwProcessId[2548]
--------------------------------
PeakWorkingSetSize				3464
WorkingSetSize					20
QuotaPeakPagedPoolUsage			53
QuotaPagedPoolUsage				0
QuotaPeakNonPagedPoolUsage		6
QuotaNonPagedPoolUsage			0
PagefileUsage					64
PeakPagefileUsage				1120
--------------------------------
Special Judge UsedTime: 20 ms
Finish[316][04]: timeUsed:   0 ms  memoryUsed: 1120 kb  status:4 [Correct], exitcode:0
Judge Used Time:43 ms

InjectAPIHookDll OK, dwProcessId[17004]
--------------------------------
PeakWorkingSetSize				3464
WorkingSetSize					20
QuotaPeakPagedPoolUsage			53
QuotaPagedPoolUsage				0
QuotaPeakNonPagedPoolUsage		6
QuotaNonPagedPoolUsage			0
PagefileUsage					64
PeakPagefileUsage				1124
--------------------------------
Special Judge UsedTime: 22 ms
Finish[316][05]: timeUsed:   0 ms  memoryUsed: 1124 kb  status:4 [Correct], exitcode:0
Judge Used Time:42 ms

InjectAPIHookDll OK, dwProcessId[13372]
--------------------------------
PeakWorkingSetSize				3456
WorkingSetSize					20
QuotaPeakPagedPoolUsage			53
QuotaPagedPoolUsage				0
QuotaPeakNonPagedPoolUsage		6
QuotaNonPagedPoolUsage			0
PagefileUsage					64
PeakPagefileUsage				1120
--------------------------------
Special Judge UsedTime: 20 ms
Finish[316][06]: timeUsed:   0 ms  memoryUsed: 1120 kb  status:4 [Correct], exitcode:0
Judge Used Time:42 ms

InjectAPIHookDll OK, dwProcessId[15564]
--------------------------------
PeakWorkingSetSize				3456
WorkingSetSize					20
QuotaPeakPagedPoolUsage			53
QuotaPagedPoolUsage				0
QuotaPeakNonPagedPoolUsage		6
QuotaNonPagedPoolUsage			0
PagefileUsage					64
PeakPagefileUsage				1116
--------------------------------
Special Judge UsedTime: 14 ms
Finish[316][07]: timeUsed:   0 ms  memoryUsed: 1116 kb  status:4 [Correct], exitcode:0
Judge Used Time:34 ms

InjectAPIHookDll OK, dwProcessId[24044]
--------------------------------
PeakWorkingSetSize				3464
WorkingSetSize					20
QuotaPeakPagedPoolUsage			53
QuotaPagedPoolUsage				0
QuotaPeakNonPagedPoolUsage		6
QuotaNonPagedPoolUsage			0
PagefileUsage					64
PeakPagefileUsage				1124
--------------------------------
Special Judge UsedTime: 14 ms
Finish[316][08]: timeUsed:   0 ms  memoryUsed: 1124 kb  status:4 [Correct], exitcode:0
Judge Used Time:39 ms

InjectAPIHookDll OK, dwProcessId[1644]
--------------------------------
PeakWorkingSetSize				3456
WorkingSetSize					20
QuotaPeakPagedPoolUsage			53
QuotaPagedPoolUsage				0
QuotaPeakNonPagedPoolUsage		6
QuotaNonPagedPoolUsage			0
PagefileUsage					64
PeakPagefileUsage				1116
--------------------------------
Special Judge UsedTime: 15 ms
Finish[316][09]: timeUsed:   0 ms  memoryUsed: 1116 kb  status:4 [Correct], exitcode:0
Judge Used Time:38 ms

InjectAPIHookDll OK, dwProcessId[18064]
--------------------------------
PeakWorkingSetSize				3464
WorkingSetSize					20
QuotaPeakPagedPoolUsage			53
QuotaPagedPoolUsage				0
QuotaPeakNonPagedPoolUsage		6
QuotaNonPagedPoolUsage			0
PagefileUsage					64
PeakPagefileUsage				1124
--------------------------------
Special Judge UsedTime: 16 ms
Finish[316][10]: timeUsed:   0 ms  memoryUsed: 1124 kb  status:4 [Correct], exitcode:0
Judge Used Time:34 ms

