C++|肖江|1000|2|1000|65536|1&2&3&4&5&6&7&8&9&10
运行ID:146 用户:肖江  题号:1000 语言:C++
评测机文件路径：D:\OpenJudge\Judge\SEJudger_Contest.exe
评测机：SEJudger_Contest

Compiling[146]...
Compilation successful
InjectAPIHookDll OK, dwProcessId[7328]
--------------------------------
PeakWorkingSetSize				3836
WorkingSetSize					20
QuotaPeakPagedPoolUsage			46
QuotaPagedPoolUsage				0
QuotaPeakNonPagedPoolUsage		6
QuotaNonPagedPoolUsage			0
PagefileUsage					64
PeakPagefileUsage				1176
--------------------------------
Finish[146][01]: timeUsed:   0 ms  memoryUsed: 1176 kb  status:9 [Runtime Error], exitcode:-1073741676
InjectAPIHookDll OK, dwProcessId[8340]
--------------------------------
PeakWorkingSetSize				3456
WorkingSetSize					20
QuotaPeakPagedPoolUsage			45
QuotaPagedPoolUsage				0
QuotaPeakNonPagedPoolUsage		6
QuotaNonPagedPoolUsage			0
PagefileUsage					64
PeakPagefileUsage				1112
--------------------------------
Special Judge UsedTime: 14
Finish[146][02]: timeUsed:   0 ms  memoryUsed: 1112 kb  status:8 [Wrong Answer], exitcode:0
InjectAPIHookDll OK, dwProcessId[9388]
--------------------------------
PeakWorkingSetSize				3456
WorkingSetSize					20
QuotaPeakPagedPoolUsage			45
QuotaPagedPoolUsage				0
QuotaPeakNonPagedPoolUsage		6
QuotaNonPagedPoolUsage			0
PagefileUsage					64
PeakPagefileUsage				1112
--------------------------------
Special Judge UsedTime: 14
Finish[146][03]: timeUsed:   0 ms  memoryUsed: 1112 kb  status:8 [Wrong Answer], exitcode:0
InjectAPIHookDll OK, dwProcessId[10200]
--------------------------------
PeakWorkingSetSize				3468
WorkingSetSize					20
QuotaPeakPagedPoolUsage			45
QuotaPagedPoolUsage				0
QuotaPeakNonPagedPoolUsage		6
QuotaNonPagedPoolUsage			0
PagefileUsage					64
PeakPagefileUsage				1124
--------------------------------
Special Judge UsedTime: 13
Finish[146][04]: timeUsed:   0 ms  memoryUsed: 1124 kb  status:8 [Wrong Answer], exitcode:0
InjectAPIHookDll OK, dwProcessId[20680]
--------------------------------
PeakWorkingSetSize				3456
WorkingSetSize					20
QuotaPeakPagedPoolUsage			45
QuotaPagedPoolUsage				0
QuotaPeakNonPagedPoolUsage		6
QuotaNonPagedPoolUsage			0
PagefileUsage					64
PeakPagefileUsage				1116
--------------------------------
Special Judge UsedTime: 14
Finish[146][05]: timeUsed:  15 ms  memoryUsed: 1116 kb  status:8 [Wrong Answer], exitcode:0
InjectAPIHookDll OK, dwProcessId[18324]
--------------------------------
PeakWorkingSetSize				3460
WorkingSetSize					20
QuotaPeakPagedPoolUsage			45
QuotaPagedPoolUsage				0
QuotaPeakNonPagedPoolUsage		6
QuotaNonPagedPoolUsage			0
PagefileUsage					64
PeakPagefileUsage				1116
--------------------------------
Special Judge UsedTime: 19
Finish[146][06]: timeUsed:   0 ms  memoryUsed: 1116 kb  status:8 [Wrong Answer], exitcode:0
InjectAPIHookDll OK, dwProcessId[15696]
--------------------------------
PeakWorkingSetSize				3464
WorkingSetSize					20
QuotaPeakPagedPoolUsage			45
QuotaPagedPoolUsage				0
QuotaPeakNonPagedPoolUsage		6
QuotaNonPagedPoolUsage			0
PagefileUsage					64
PeakPagefileUsage				1136
--------------------------------
Special Judge UsedTime: 19
Finish[146][07]: timeUsed:   0 ms  memoryUsed: 1136 kb  status:8 [Wrong Answer], exitcode:0
InjectAPIHookDll OK, dwProcessId[3348]
--------------------------------
PeakWorkingSetSize				3468
WorkingSetSize					20
QuotaPeakPagedPoolUsage			45
QuotaPagedPoolUsage				0
QuotaPeakNonPagedPoolUsage		6
QuotaNonPagedPoolUsage			0
PagefileUsage					64
PeakPagefileUsage				1124
--------------------------------
Special Judge UsedTime: 18
Finish[146][08]: timeUsed:   0 ms  memoryUsed: 1124 kb  status:8 [Wrong Answer], exitcode:0
InjectAPIHookDll OK, dwProcessId[21048]
--------------------------------
PeakWorkingSetSize				3468
WorkingSetSize					20
QuotaPeakPagedPoolUsage			45
QuotaPagedPoolUsage				0
QuotaPeakNonPagedPoolUsage		6
QuotaNonPagedPoolUsage			0
PagefileUsage					64
PeakPagefileUsage				1124
--------------------------------
Special Judge UsedTime: 14
Finish[146][09]: timeUsed:  31 ms  memoryUsed: 1124 kb  status:8 [Wrong Answer], exitcode:0
InjectAPIHookDll OK, dwProcessId[21792]
--------------------------------
PeakWorkingSetSize				3468
WorkingSetSize					20
QuotaPeakPagedPoolUsage			45
QuotaPagedPoolUsage				0
QuotaPeakNonPagedPoolUsage		6
QuotaNonPagedPoolUsage			0
PagefileUsage					64
PeakPagefileUsage				1136
--------------------------------
Special Judge UsedTime: 15
Finish[146][10]: timeUsed:   0 ms  memoryUsed: 1136 kb  status:8 [Wrong Answer], exitcode:0
