C++|肖江|1026|2|1000|65536|1&2&3&4&5&6&7&8&9&10&11&12&13&14&15
运行ID:78  用户:肖江  题号:1026 语言:C++
SQLException in c:\users\dell\desktop\newjudger\sejudger\sejudger\function_mysql.cpp (mysql_connect) on line 32
Too many connections (MySQL error code: 1040 , SQLState: HY000 )
SQLException in c:\users\dell\desktop\newjudger\sejudger\sejudger\function_mysql.cpp (mysql_connect) on line 32
Too many connections (MySQL error code: 1040 , SQLState: HY000 )
SQLException in c:\users\dell\desktop\newjudger\sejudger\sejudger\function_mysql.cpp (mysql_set_oj_allRun) on line 86
 (MySQL error code: 0 , SQLState: 00000 )
评测机文件路径：D:\OpenJudge\Judge\SEJudger.exe
评测机：SEJudger

SQLException in c:\users\dell\desktop\newjudger\sejudger\sejudger\function_mysql.cpp (mysql_connect) on line 32
Too many connections (MySQL error code: 1040 , SQLState: HY000 )
SQLException in c:\users\dell\desktop\newjudger\sejudger\sejudger\function_mysql.cpp (mysql_set_judgeStatus) on line 136
 (MySQL error code: 0 , SQLState: 00000 )
Compiling[78]...
Compilation successful
SQLException in c:\users\dell\desktop\newjudger\sejudger\sejudger\function_mysql.cpp (mysql_connect) on line 32
Too many connections (MySQL error code: 1040 , SQLState: HY000 )
SQLException in c:\users\dell\desktop\newjudger\sejudger\sejudger\function_mysql.cpp (mysql_set_judgeStatus) on line 136
 (MySQL error code: 0 , SQLState: 00000 )
Finish[78][01]: timeUsed:  15 ms  memoryUsed: 4172 kb  status:4 [Correct], exitcode:0
Finish[78][02]: timeUsed:   0 ms  memoryUsed: 3716 kb  status:4 [Correct], exitcode:0
Finish[78][03]: timeUsed:   0 ms  memoryUsed: 3720 kb  status:4 [Correct], exitcode:0
Finish[78][04]: timeUsed:   0 ms  memoryUsed: 3728 kb  status:4 [Correct], exitcode:0
Finish[78][05]: timeUsed:   0 ms  memoryUsed: 3724 kb  status:4 [Correct], exitcode:0
Finish[78][06]: timeUsed:  15 ms  memoryUsed: 3724 kb  status:4 [Correct], exitcode:0
Finish[78][07]: timeUsed:   0 ms  memoryUsed: 3724 kb  status:4 [Correct], exitcode:0
Finish[78][08]: timeUsed:   0 ms  memoryUsed: 3724 kb  status:4 [Correct], exitcode:0
Finish[78][09]: timeUsed:   0 ms  memoryUsed: 3716 kb  status:4 [Correct], exitcode:0
Finish[78][10]: timeUsed: 312 ms  memoryUsed: 3724 kb  status:4 [Correct], exitcode:0
Finish[78][11]: timeUsed:   0 ms  memoryUsed: 3728 kb  status:4 [Correct], exitcode:0
Finish[78][12]: timeUsed:  15 ms  memoryUsed: 3728 kb  status:4 [Correct], exitcode:0
Finish[78][13]: timeUsed:   0 ms  memoryUsed: 3732 kb  status:4 [Correct], exitcode:0
Finish[78][14]: timeUsed:   0 ms  memoryUsed: 3728 kb  status:4 [Correct], exitcode:0
Finish[78][15]: timeUsed:   0 ms  memoryUsed: 3728 kb  status:4 [Correct], exitcode:0
SQLException in c:\users\dell\desktop\newjudger\sejudger\sejudger\function_mysql.cpp (mysql_connect) on line 32
Too many connections (MySQL error code: 1040 , SQLState: HY000 )
SQLException in c:\users\dell\desktop\newjudger\sejudger\sejudger\function_mysql.cpp (mysql_set_judgeData) on line 161
 (MySQL error code: 0 , SQLState: 00000 )
