Java|肖江|1025|2|1000|65536|1&2&3&4&5&6&7&8&9&10
运行ID:76  用户:肖江  题号:1025 语言:Java
SQLException in c:\users\dell\desktop\newjudger\sejudger\sejudger\function_mysql.cpp (mysql_connect) on line 32
Too many connections (MySQL error code: 1040 , SQLState: HY000 )
SQLException in c:\users\dell\desktop\newjudger\sejudger\sejudger\function_mysql.cpp (mysql_connect) on line 32
Too many connections (MySQL error code: 1040 , SQLState: HY000 )
SQLException in c:\users\dell\desktop\newjudger\sejudger\sejudger\function_mysql.cpp (mysql_set_oj_allRun) on line 86
 (MySQL error code: 0 , SQLState: 00000 )
评测机文件路径：D:\OpenJudge\Judge\SEJudger.exe
评测机：SEJudger

SQLException in c:\users\dell\desktop\newjudger\sejudger\sejudger\function_mysql.cpp (mysql_connect) on line 32
Too many connections (MySQL error code: 1040 , SQLState: HY000 )
SQLException in c:\users\dell\desktop\newjudger\sejudger\sejudger\function_mysql.cpp (mysql_set_judgeStatus) on line 136
 (MySQL error code: 0 , SQLState: 00000 )
Compiling[76]...
Compilation successful
SQLException in c:\users\dell\desktop\newjudger\sejudger\sejudger\function_mysql.cpp (mysql_connect) on line 32
Too many connections (MySQL error code: 1040 , SQLState: HY000 )
SQLException in c:\users\dell\desktop\newjudger\sejudger\sejudger\function_mysql.cpp (mysql_set_judgeStatus) on line 136
 (MySQL error code: 0 , SQLState: 00000 )
Finish[76][01]: timeUsed: 109 ms  memoryUsed:264804 kb  status:4 [Correct], exitcode:0
Finish[76][02]: timeUsed: 156 ms  memoryUsed:264976 kb  status:4 [Correct], exitcode:0
Finish[76][03]: timeUsed: 140 ms  memoryUsed:264836 kb  status:4 [Correct], exitcode:0
Finish[76][04]: timeUsed: 171 ms  memoryUsed:264844 kb  status:4 [Correct], exitcode:0
Finish[76][05]: timeUsed: 125 ms  memoryUsed:264956 kb  status:4 [Correct], exitcode:0
Finish[76][06]: timeUsed: 156 ms  memoryUsed:264856 kb  status:4 [Correct], exitcode:0
Finish[76][07]: timeUsed: 187 ms  memoryUsed:264872 kb  status:4 [Correct], exitcode:0
Finish[76][08]: timeUsed: 109 ms  memoryUsed:264928 kb  status:4 [Correct], exitcode:0
Finish[76][09]: timeUsed: 265 ms  memoryUsed:265020 kb  status:4 [Correct], exitcode:0
Finish[76][10]: timeUsed: 125 ms  memoryUsed:264648 kb  status:4 [Correct], exitcode:0
SQLException in c:\users\dell\desktop\newjudger\sejudger\sejudger\function_mysql.cpp (mysql_connect) on line 32
Too many connections (MySQL error code: 1040 , SQLState: HY000 )
SQLException in c:\users\dell\desktop\newjudger\sejudger\sejudger\function_mysql.cpp (mysql_set_judgeData) on line 161
 (MySQL error code: 0 , SQLState: 00000 )
