G++|肖江|1000|2|1000|65536|1&2&3&4&5&6&7&8&9&10
运行ID:203 用户:肖江  题号:1000 语言:G++
评测机文件路径：D:\OpenJudge\Judge\SEJudger.exe
评测机：SEJudger

Compiling[203]...
Compilation successful
InjectAPIHookDll OK, dwProcessId[10208]
Finish[203][01]: timeUsed:  15 ms  memoryUsed: 4992 kb  status:9 [Runtime Error], exitcode:3
InjectAPIHookDll OK, dwProcessId[13352]
Finish[203][02]: timeUsed:  15 ms  memoryUsed: 4984 kb  status:9 [Runtime Error], exitcode:3
InjectAPIHookDll OK, dwProcessId[19304]
Finish[203][03]: timeUsed:  15 ms  memoryUsed: 4984 kb  status:9 [Runtime Error], exitcode:3
InjectAPIHookDll OK, dwProcessId[15196]
Finish[203][04]: timeUsed:   0 ms  memoryUsed: 4984 kb  status:9 [Runtime Error], exitcode:3
InjectAPIHookDll OK, dwProcessId[7864]
Finish[203][05]: timeUsed:  15 ms  memoryUsed: 5008 kb  status:9 [Runtime Error], exitcode:3
InjectAPIHookDll OK, dwProcessId[19892]
Finish[203][06]: timeUsed:   0 ms  memoryUsed: 5016 kb  status:9 [Runtime Error], exitcode:3
InjectAPIHookDll OK, dwProcessId[2092]
Finish[203][07]: timeUsed:   0 ms  memoryUsed: 4984 kb  status:9 [Runtime Error], exitcode:3
InjectAPIHookDll OK, dwProcessId[14440]
Finish[203][08]: timeUsed:   0 ms  memoryUsed: 4984 kb  status:9 [Runtime Error], exitcode:3
InjectAPIHookDll OK, dwProcessId[11956]
Finish[203][09]: timeUsed:   0 ms  memoryUsed: 4992 kb  status:9 [Runtime Error], exitcode:3
InjectAPIHookDll OK, dwProcessId[6100]
Finish[203][10]: timeUsed:  15 ms  memoryUsed: 4996 kb  status:9 [Runtime Error], exitcode:3
