G++|肖江|1042|2|1000|65536|1&2&3&4&5&6&7&8&9&10
运行ID:112 用户:肖江  题号:1042 语言:G++
SQLException in c:\users\dell\desktop\newjudger\sejudger\sejudger\function_mysql.cpp (mysql_connect) on line 32
Too many connections (MySQL error code: 1040 , SQLState: HY000 )
SQLException in c:\users\dell\desktop\newjudger\sejudger\sejudger\function_mysql.cpp (mysql_connect) on line 32
Too many connections (MySQL error code: 1040 , SQLState: HY000 )
SQLException in c:\users\dell\desktop\newjudger\sejudger\sejudger\function_mysql.cpp (mysql_set_oj_allRun) on line 86
 (MySQL error code: 0 , SQLState: 00000 )
评测机文件路径：D:\OpenJudge\Judge\SEJudger.exe
评测机：SEJudger

SQLException in c:\users\dell\desktop\newjudger\sejudger\sejudger\function_mysql.cpp (mysql_connect) on line 32
Too many connections (MySQL error code: 1040 , SQLState: HY000 )
SQLException in c:\users\dell\desktop\newjudger\sejudger\sejudger\function_mysql.cpp (mysql_set_judgeStatus) on line 136
 (MySQL error code: 0 , SQLState: 00000 )
Compiling[112]...
Compilation successful
SQLException in c:\users\dell\desktop\newjudger\sejudger\sejudger\function_mysql.cpp (mysql_connect) on line 32
Too many connections (MySQL error code: 1040 , SQLState: HY000 )
SQLException in c:\users\dell\desktop\newjudger\sejudger\sejudger\function_mysql.cpp (mysql_set_judgeStatus) on line 136
 (MySQL error code: 0 , SQLState: 00000 )
Finish[112][01]: timeUsed:   0 ms  memoryUsed:391944 kb  status:7 [Memory Limit Exceeded], exitcode:0
Finish[112][02]: timeUsed:   0 ms  memoryUsed:391944 kb  status:7 [Memory Limit Exceeded], exitcode:0
Finish[112][03]: timeUsed:   0 ms  memoryUsed:391944 kb  status:7 [Memory Limit Exceeded], exitcode:0
Finish[112][04]: timeUsed:   0 ms  memoryUsed:391944 kb  status:7 [Memory Limit Exceeded], exitcode:0
Finish[112][05]: timeUsed:   0 ms  memoryUsed:391944 kb  status:7 [Memory Limit Exceeded], exitcode:0
Finish[112][06]: timeUsed:   0 ms  memoryUsed:391944 kb  status:7 [Memory Limit Exceeded], exitcode:0
Finish[112][07]: timeUsed:   0 ms  memoryUsed:391944 kb  status:7 [Memory Limit Exceeded], exitcode:0
Finish[112][08]: timeUsed:   0 ms  memoryUsed:391944 kb  status:7 [Memory Limit Exceeded], exitcode:0
Finish[112][09]: timeUsed:   0 ms  memoryUsed:391944 kb  status:7 [Memory Limit Exceeded], exitcode:0
Finish[112][10]: timeUsed:   0 ms  memoryUsed:391944 kb  status:7 [Memory Limit Exceeded], exitcode:0
SQLException in c:\users\dell\desktop\newjudger\sejudger\sejudger\function_mysql.cpp (mysql_connect) on line 32
Too many connections (MySQL error code: 1040 , SQLState: HY000 )
SQLException in c:\users\dell\desktop\newjudger\sejudger\sejudger\function_mysql.cpp (mysql_set_judgeData) on line 161
 (MySQL error code: 0 , SQLState: 00000 )
