A-bcalsusifnsnsaisa4miasd
1-23abcasdasdfgsgsdg45tgsafs
5634csdfsdtsdrthjiuifbu-i
A-bcalsusifnsnsaisa4miasd
1-23abcasdasdfgsgsdg45tgsafs
5634csdfsdtsdrthjiuifbu-i
Abcalsusinsai-a423dmiasdi
1-3abcasdasgsgsdg45tgsafsd
5634csdfsdtsdrthjihuia-dfbui
1-12318212387123671246124678
Abchnasduyyuaytybuhinmiog
Abcniujoi4345fybnjkmkui-kmj
Abcjuift34323-2uyihgjoihiug
Abcalsusinsai-a423dmiasdi
1-3abcasdasgsgsdg45tgsafsd
A-bcalsusifnsnsaisa4miasd
1-23abcasdasdfgsgsdg45tgsafs
5634csdfsdtsdrthjiuifbu-i
Abcalsusinsai-a423dmiasdi
1-3abcasdasgsgsdg45tgsafsd
5634csdfsdtsdrthjihuia-dfbui
A-casdj45645hjuyweqyuasdfhda
A-bcalsusifnsnsaisa4miasd
1-23abcasdasdfgsgsdg45tgsafs
5634csdfsdtsdrthjiuifbu-i
Abcalsusinsai-a423dmiasdi
1-3abcasdasgsgsdg45tgsafsd
5634csdfsdtsdrthjihuia-dfbui
A-casdj45645hjuyweqyuasdfhda
Abchnasduyyuaytybuhinmiog
Abcniujoi4345fybnjkmkui-kmj
Abcjuift34323-2uyihgjoihiug
Abchnasduyyuaytybuhinmiog
1-2-3-4-5-6-7-8-9-0
A-bcalsusifnsnsaisa4miasd
1-23abcasdasdfgsgsdg45tgsafs
5634csdfsdtsdrthjiuifbu-i
Abcalsusinsai-a423dmiasdi
1-3abcasdasgsgsdg45tgsafsd
5634csdfsdtsdrthjihuia-dfbui
A-casdj45645hjuyweqyuasdfhda
Abchnasduyyuaytybuhinmiog
Abcniujoi4345fybnjkmkui-kmj
A-b-c-d-f-y-ty-s
Abcjuift34323-2uyihgjoihiug
Kiasdhuiasdfghuiasdhuasd
K-iasdhuiasdfghuiasdhuasd
Abcjuift34323-2uyihgjoihiug
Abcjuift34323-2uyihgjoihiug
Kiasdhuiasdfghuiasdhuasd
K-iasdhuiasdfghuiasdhuasd
Kiasdhuiasdfghuiasdhuasd-2
5634csdfsdtsdrthjihuia-dfbui
A-casdj45645hjuyweqyuasdfhda
A-bcalsusifnsnsaisa4miasd
1-23abcasdasdfgsgsdg45tgsafs
5634csdfsdtsdrthjiuifbu-i
Abcalsusinsai-a423dmiasdi
A-bcalsusifnsnsaisa4miasd
1-23abcasdasdfgsgsdg45tgsafs
5634csdfsdtsdrthjiuifbu-i
Abcalsusinsai-a423dmiasdi
1-3abcasdasgsgsdg45tgsafsd
5634csdfsdtsdrthjihuia-dfbui
A-casdj45645hjuyweqyuasdfhda
Abchnasduyyuaytybuhinmiog
Abcniujoi4345fybnjkmkui-kmj
Kiasdhuiasdfghuiasdhuasd
K-iasdhuiasdfghuiasdhuasd
Kiasdhuiasdfghuiasdhuasd-2
Abcjuift34323-2uyihgjoihiug
Abcjuift34323-2uyihgjoihiug
Abcjuift34323-2uyihgjoihiug
Kiasdhuiasdfghuiasdhuasd
K-iasdhuiasdfghuiasdhuasd
1-3abcasdasgsgsdg45tgsafsd
5634csdfsdtsdrthjihuia-dfbui
A-casdj45645hjuyweqyuasdfhda
Abchnasduyyuaytybuhinmiog
Abcniujoi4345fybnjkmkui-kmj
Abcjuift34323-2uyihgjoihiug
Abcniujoi4345fybnjkmkui-kmj
Abcjuift34323-2uyihgjoihiug
K-iasdhuiasdfghuiasdhuasd
Kiasdhuiasdfghuiasdhuasd-2
Abchnasduyyuaytybuhinmiog
Abcniujoi4345fybnjkmkui-kmj
Abcjuift34323-2uyihgjoihiug
Kiasdhuiasdfghuiasdhuasd
K-iasdhuiasdfghuiasdhuasd
Kiasdhuiasdfghuiasdhuasd-2
Abcniujoi4345fybnjkmkui-kmj
Abcjuift34323-2uyihgjoihiug
Abcniujoi4345fybnjkmkui-kmj
Abcjuift34323-2uyihgjoihiug
Kiasdhuiasdfghuiasdhuasd-2
Kiasdhuiasdfghuiasdhuasd
K-iasdhuiasdfghuiasdhuasd
Kiasdhuiasdfghuiasdhuasd-2
